[0.488s] Invoking command in '/home/wuling/hpc/ros2_learn/town_ws/src/village_li': PYTHONPATH=/home/wuling/hpc/ros2_learn/town_ws/build/village_li/prefix_override:/home/wuling/hpc/ros2_learn/town_ws/install/village_li/lib/python3.10/site-packages:${PYTHONPATH} /usr/bin/python3 setup.py egg_info --egg-base ../../build/village_li build --build-base /home/wuling/hpc/ros2_learn/town_ws/build/village_li/build install --record /home/wuling/hpc/ros2_learn/town_ws/build/village_li/install.log --install-scripts $base/lib/village_li --single-version-externally-managed
[0.632s] /usr/lib/python3/dist-packages/setuptools/dist.py:723: UserWarning: Usage of dash-separated 'script-dir' will not be supported in future versions. Please use the underscore name 'script_dir' instead
[0.632s]   warnings.warn(
[0.637s] running egg_info
[0.637s] writing ../../build/village_li/village_li.egg-info/PKG-INFO
[0.637s] writing dependency_links to ../../build/village_li/village_li.egg-info/dependency_links.txt
[0.637s] writing entry points to ../../build/village_li/village_li.egg-info/entry_points.txt
[0.638s] writing requirements to ../../build/village_li/village_li.egg-info/requires.txt
[0.638s] writing top-level names to ../../build/village_li/village_li.egg-info/top_level.txt
[0.639s] reading manifest file '../../build/village_li/village_li.egg-info/SOURCES.txt'
[0.639s] writing manifest file '../../build/village_li/village_li.egg-info/SOURCES.txt'
[0.639s] running build
[0.640s] running build_py
[0.640s] running install
[0.640s] /usr/lib/python3/dist-packages/setuptools/command/install.py:34: SetuptoolsDeprecationWarning: setup.py install is deprecated. Use build and pip and other standards-based tools.
[0.640s]   warnings.warn(
[0.640s] running install_lib
[0.641s] creating /home/wuling/hpc/ros2_learn/town_ws/install/village_li/lib/python3.10/site-packages/village_li
[0.641s] copying /home/wuling/hpc/ros2_learn/town_ws/build/village_li/build/lib/village_li/li4.py -> /home/wuling/hpc/ros2_learn/town_ws/install/village_li/lib/python3.10/site-packages/village_li
[0.641s] copying /home/wuling/hpc/ros2_learn/town_ws/build/village_li/build/lib/village_li/__init__.py -> /home/wuling/hpc/ros2_learn/town_ws/install/village_li/lib/python3.10/site-packages/village_li
[0.641s] byte-compiling /home/wuling/hpc/ros2_learn/town_ws/install/village_li/lib/python3.10/site-packages/village_li/li4.py to li4.cpython-310.pyc
[0.641s] byte-compiling /home/wuling/hpc/ros2_learn/town_ws/install/village_li/lib/python3.10/site-packages/village_li/__init__.py to __init__.cpython-310.pyc
[0.641s] running install_data
[0.642s] running install_egg_info
[0.643s] Copying ../../build/village_li/village_li.egg-info to /home/wuling/hpc/ros2_learn/town_ws/install/village_li/lib/python3.10/site-packages/village_li-0.0.0-py3.10.egg-info
[0.644s] running install_scripts
[0.656s] Installing li4_node script to /home/wuling/hpc/ros2_learn/town_ws/install/village_li/lib/village_li
[0.656s] writing list of installed files to '/home/wuling/hpc/ros2_learn/town_ws/build/village_li/install.log'
[0.669s] Invoked command in '/home/wuling/hpc/ros2_learn/town_ws/src/village_li' returned '0': PYTHONPATH=/home/wuling/hpc/ros2_learn/town_ws/build/village_li/prefix_override:/home/wuling/hpc/ros2_learn/town_ws/install/village_li/lib/python3.10/site-packages:${PYTHONPATH} /usr/bin/python3 setup.py egg_info --egg-base ../../build/village_li build --build-base /home/wuling/hpc/ros2_learn/town_ws/build/village_li/build install --record /home/wuling/hpc/ros2_learn/town_ws/build/village_li/install.log --install-scripts $base/lib/village_li --single-version-externally-managed
