[0.243s] DEBUG:colcon:Command line arguments: ['/usr/bin/colcon', 'build', '--packages-select', 'village_zhang']
[0.244s] DEBUG:colcon:Parsed command line arguments: Namespace(log_base=None, log_level=None, verb_name='build', build_base='build', install_base='install', merge_install=False, symlink_install=False, test_result_base=None, continue_on_error=False, executor='parallel', parallel_workers=24, event_handlers=None, ignore_user_meta=False, metas=['./colcon.meta'], base_paths=['.'], packages_ignore=None, packages_ignore_regex=None, paths=None, packages_up_to=None, packages_up_to_regex=None, packages_above=None, packages_above_and_dependencies=None, packages_above_depth=None, packages_select_by_dep=None, packages_skip_by_dep=None, packages_skip_up_to=None, packages_select_build_failed=False, packages_skip_build_finished=False, packages_select_test_failures=False, packages_skip_test_passed=False, packages_select=['village_zhang'], packages_skip=None, packages_select_regex=None, packages_skip_regex=None, packages_start=None, packages_end=None, allow_overriding=[], cmake_args=None, cmake_target=None, cmake_target_skip_unavailable=False, cmake_clean_cache=False, cmake_clean_first=False, cmake_force_configure=False, ament_cmake_args=None, catkin_cmake_args=None, catkin_skip_building_tests=False, mixin_files=None, mixin=None, verb_parser=<colcon_mixin.mixin.mixin_argument.MixinArgumentDecorator object at 0x7fe3e7805420>, verb_extension=<colcon_core.verb.build.BuildVerb object at 0x7fe3e7804d90>, main=<bound method BuildVerb.main of <colcon_core.verb.build.BuildVerb object at 0x7fe3e7804d90>>, mixin_verb=('build',))
[0.258s] Level 1:colcon.colcon_core.package_discovery:discover_packages(colcon_meta) check parameters
[0.258s] Level 1:colcon.colcon_core.package_discovery:discover_packages(recursive) check parameters
[0.258s] Level 1:colcon.colcon_core.package_discovery:discover_packages(ignore) check parameters
[0.258s] Level 1:colcon.colcon_core.package_discovery:discover_packages(path) check parameters
[0.258s] Level 1:colcon.colcon_core.package_discovery:discover_packages(colcon_meta) discover
[0.258s] Level 1:colcon.colcon_core.package_discovery:discover_packages(recursive) discover
[0.258s] INFO:colcon.colcon_core.package_discovery:Crawling recursively for packages in '/home/wuling/hpc/ros2_learn/town_ws'
[0.258s] Level 1:colcon.colcon_core.package_identification:_identify(.) by extensions ['ignore', 'ignore_ament_install']
[0.258s] Level 1:colcon.colcon_core.package_identification:_identify(.) by extension 'ignore'
[0.258s] Level 1:colcon.colcon_core.package_identification:_identify(.) by extension 'ignore_ament_install'
[0.258s] Level 1:colcon.colcon_core.package_identification:_identify(.) by extensions ['colcon_pkg']
[0.258s] Level 1:colcon.colcon_core.package_identification:_identify(.) by extension 'colcon_pkg'
[0.258s] Level 1:colcon.colcon_core.package_identification:_identify(.) by extensions ['colcon_meta']
[0.258s] Level 1:colcon.colcon_core.package_identification:_identify(.) by extension 'colcon_meta'
[0.258s] Level 1:colcon.colcon_core.package_identification:_identify(.) by extensions ['ros']
[0.258s] Level 1:colcon.colcon_core.package_identification:_identify(.) by extension 'ros'
[0.265s] Level 1:colcon.colcon_core.package_identification:_identify(.) by extensions ['cmake', 'python']
[0.265s] Level 1:colcon.colcon_core.package_identification:_identify(.) by extension 'cmake'
[0.266s] Level 1:colcon.colcon_core.package_identification:_identify(.) by extension 'python'
[0.266s] Level 1:colcon.colcon_core.package_identification:_identify(.) by extensions ['python_setup_py']
[0.266s] Level 1:colcon.colcon_core.package_identification:_identify(.) by extension 'python_setup_py'
[0.266s] Level 1:colcon.colcon_core.package_identification:_identify(build) by extensions ['ignore', 'ignore_ament_install']
[0.266s] Level 1:colcon.colcon_core.package_identification:_identify(build) by extension 'ignore'
[0.266s] Level 1:colcon.colcon_core.package_identification:_identify(build) ignored
[0.266s] Level 1:colcon.colcon_core.package_identification:_identify(install) by extensions ['ignore', 'ignore_ament_install']
[0.266s] Level 1:colcon.colcon_core.package_identification:_identify(install) by extension 'ignore'
[0.266s] Level 1:colcon.colcon_core.package_identification:_identify(install) ignored
[0.266s] Level 1:colcon.colcon_core.package_identification:_identify(log) by extensions ['ignore', 'ignore_ament_install']
[0.266s] Level 1:colcon.colcon_core.package_identification:_identify(log) by extension 'ignore'
[0.266s] Level 1:colcon.colcon_core.package_identification:_identify(log) ignored
[0.266s] Level 1:colcon.colcon_core.package_identification:_identify(src) by extensions ['ignore', 'ignore_ament_install']
[0.266s] Level 1:colcon.colcon_core.package_identification:_identify(src) by extension 'ignore'
[0.266s] Level 1:colcon.colcon_core.package_identification:_identify(src) by extension 'ignore_ament_install'
[0.266s] Level 1:colcon.colcon_core.package_identification:_identify(src) by extensions ['colcon_pkg']
[0.266s] Level 1:colcon.colcon_core.package_identification:_identify(src) by extension 'colcon_pkg'
[0.266s] Level 1:colcon.colcon_core.package_identification:_identify(src) by extensions ['colcon_meta']
[0.266s] Level 1:colcon.colcon_core.package_identification:_identify(src) by extension 'colcon_meta'
[0.266s] Level 1:colcon.colcon_core.package_identification:_identify(src) by extensions ['ros']
[0.266s] Level 1:colcon.colcon_core.package_identification:_identify(src) by extension 'ros'
[0.266s] Level 1:colcon.colcon_core.package_identification:_identify(src) by extensions ['cmake', 'python']
[0.266s] Level 1:colcon.colcon_core.package_identification:_identify(src) by extension 'cmake'
[0.266s] Level 1:colcon.colcon_core.package_identification:_identify(src) by extension 'python'
[0.266s] Level 1:colcon.colcon_core.package_identification:_identify(src) by extensions ['python_setup_py']
[0.266s] Level 1:colcon.colcon_core.package_identification:_identify(src) by extension 'python_setup_py'
[0.266s] Level 1:colcon.colcon_core.package_identification:_identify(src/village_interface) by extensions ['ignore', 'ignore_ament_install']
[0.266s] Level 1:colcon.colcon_core.package_identification:_identify(src/village_interface) by extension 'ignore'
[0.266s] Level 1:colcon.colcon_core.package_identification:_identify(src/village_interface) by extension 'ignore_ament_install'
[0.266s] Level 1:colcon.colcon_core.package_identification:_identify(src/village_interface) by extensions ['colcon_pkg']
[0.266s] Level 1:colcon.colcon_core.package_identification:_identify(src/village_interface) by extension 'colcon_pkg'
[0.266s] Level 1:colcon.colcon_core.package_identification:_identify(src/village_interface) by extensions ['colcon_meta']
[0.266s] Level 1:colcon.colcon_core.package_identification:_identify(src/village_interface) by extension 'colcon_meta'
[0.267s] Level 1:colcon.colcon_core.package_identification:_identify(src/village_interface) by extensions ['ros']
[0.267s] Level 1:colcon.colcon_core.package_identification:_identify(src/village_interface) by extension 'ros'
[0.268s] DEBUG:colcon.colcon_core.package_identification:Package 'src/village_interface' with type 'ros.ament_cmake' and name 'village_interface'
[0.268s] Level 1:colcon.colcon_core.package_identification:_identify(src/village_li) by extensions ['ignore', 'ignore_ament_install']
[0.268s] Level 1:colcon.colcon_core.package_identification:_identify(src/village_li) by extension 'ignore'
[0.268s] Level 1:colcon.colcon_core.package_identification:_identify(src/village_li) by extension 'ignore_ament_install'
[0.268s] Level 1:colcon.colcon_core.package_identification:_identify(src/village_li) by extensions ['colcon_pkg']
[0.268s] Level 1:colcon.colcon_core.package_identification:_identify(src/village_li) by extension 'colcon_pkg'
[0.269s] Level 1:colcon.colcon_core.package_identification:_identify(src/village_li) by extensions ['colcon_meta']
[0.269s] Level 1:colcon.colcon_core.package_identification:_identify(src/village_li) by extension 'colcon_meta'
[0.269s] Level 1:colcon.colcon_core.package_identification:_identify(src/village_li) by extensions ['ros']
[0.269s] Level 1:colcon.colcon_core.package_identification:_identify(src/village_li) by extension 'ros'
[0.269s] DEBUG:colcon.colcon_core.package_identification:Package 'src/village_li' with type 'ros.ament_python' and name 'village_li'
[0.269s] Level 1:colcon.colcon_core.package_identification:_identify(src/village_wang) by extensions ['ignore', 'ignore_ament_install']
[0.269s] Level 1:colcon.colcon_core.package_identification:_identify(src/village_wang) by extension 'ignore'
[0.269s] Level 1:colcon.colcon_core.package_identification:_identify(src/village_wang) by extension 'ignore_ament_install'
[0.269s] Level 1:colcon.colcon_core.package_identification:_identify(src/village_wang) by extensions ['colcon_pkg']
[0.269s] Level 1:colcon.colcon_core.package_identification:_identify(src/village_wang) by extension 'colcon_pkg'
[0.269s] Level 1:colcon.colcon_core.package_identification:_identify(src/village_wang) by extensions ['colcon_meta']
[0.269s] Level 1:colcon.colcon_core.package_identification:_identify(src/village_wang) by extension 'colcon_meta'
[0.269s] Level 1:colcon.colcon_core.package_identification:_identify(src/village_wang) by extensions ['ros']
[0.269s] Level 1:colcon.colcon_core.package_identification:_identify(src/village_wang) by extension 'ros'
[0.270s] DEBUG:colcon.colcon_core.package_identification:Package 'src/village_wang' with type 'ros.ament_cmake' and name 'village_wang'
[0.270s] Level 1:colcon.colcon_core.package_identification:_identify(src/village_zhang) by extensions ['ignore', 'ignore_ament_install']
[0.270s] Level 1:colcon.colcon_core.package_identification:_identify(src/village_zhang) by extension 'ignore'
[0.270s] Level 1:colcon.colcon_core.package_identification:_identify(src/village_zhang) by extension 'ignore_ament_install'
[0.270s] Level 1:colcon.colcon_core.package_identification:_identify(src/village_zhang) by extensions ['colcon_pkg']
[0.270s] Level 1:colcon.colcon_core.package_identification:_identify(src/village_zhang) by extension 'colcon_pkg'
[0.270s] Level 1:colcon.colcon_core.package_identification:_identify(src/village_zhang) by extensions ['colcon_meta']
[0.270s] Level 1:colcon.colcon_core.package_identification:_identify(src/village_zhang) by extension 'colcon_meta'
[0.270s] Level 1:colcon.colcon_core.package_identification:_identify(src/village_zhang) by extensions ['ros']
[0.270s] Level 1:colcon.colcon_core.package_identification:_identify(src/village_zhang) by extension 'ros'
[0.271s] DEBUG:colcon.colcon_core.package_identification:Package 'src/village_zhang' with type 'ros.ament_cmake' and name 'village_zhang'
[0.271s] Level 1:colcon.colcon_core.package_discovery:discover_packages(recursive) using defaults
[0.271s] Level 1:colcon.colcon_core.package_discovery:discover_packages(ignore) discover
[0.271s] Level 1:colcon.colcon_core.package_discovery:discover_packages(ignore) using defaults
[0.271s] Level 1:colcon.colcon_core.package_discovery:discover_packages(path) discover
[0.271s] Level 1:colcon.colcon_core.package_discovery:discover_packages(path) using defaults
[0.286s] INFO:colcon.colcon_core.package_selection:Skipping not selected package 'village_interface' in 'src/village_interface'
[0.286s] INFO:colcon.colcon_core.package_selection:Skipping not selected package 'village_li' in 'src/village_li'
[0.286s] INFO:colcon.colcon_core.package_selection:Skipping not selected package 'village_wang' in 'src/village_wang'
[0.287s] Level 1:colcon.colcon_core.package_discovery:discover_packages(prefix_path) check parameters
[0.287s] Level 1:colcon.colcon_core.package_discovery:discover_packages(prefix_path) discover
[0.289s] DEBUG:colcon.colcon_installed_package_information.package_discovery:Found 344 installed packages in /opt/ros/humble
[0.290s] Level 1:colcon.colcon_core.package_discovery:discover_packages(prefix_path) using defaults
[0.335s] Level 5:colcon.colcon_core.verb:set package 'village_zhang' build argument 'cmake_args' from command line to 'None'
[0.335s] Level 5:colcon.colcon_core.verb:set package 'village_zhang' build argument 'cmake_target' from command line to 'None'
[0.335s] Level 5:colcon.colcon_core.verb:set package 'village_zhang' build argument 'cmake_target_skip_unavailable' from command line to 'False'
[0.335s] Level 5:colcon.colcon_core.verb:set package 'village_zhang' build argument 'cmake_clean_cache' from command line to 'False'
[0.335s] Level 5:colcon.colcon_core.verb:set package 'village_zhang' build argument 'cmake_clean_first' from command line to 'False'
[0.335s] Level 5:colcon.colcon_core.verb:set package 'village_zhang' build argument 'cmake_force_configure' from command line to 'False'
[0.335s] Level 5:colcon.colcon_core.verb:set package 'village_zhang' build argument 'ament_cmake_args' from command line to 'None'
[0.335s] Level 5:colcon.colcon_core.verb:set package 'village_zhang' build argument 'catkin_cmake_args' from command line to 'None'
[0.335s] Level 5:colcon.colcon_core.verb:set package 'village_zhang' build argument 'catkin_skip_building_tests' from command line to 'False'
[0.336s] DEBUG:colcon.colcon_core.verb:Building package 'village_zhang' with the following arguments: {'ament_cmake_args': None, 'build_base': '/home/wuling/hpc/ros2_learn/town_ws/build/village_zhang', 'catkin_cmake_args': None, 'catkin_skip_building_tests': False, 'cmake_args': None, 'cmake_clean_cache': False, 'cmake_clean_first': False, 'cmake_force_configure': False, 'cmake_target': None, 'cmake_target_skip_unavailable': False, 'install_base': '/home/wuling/hpc/ros2_learn/town_ws/install/village_zhang', 'merge_install': False, 'path': '/home/wuling/hpc/ros2_learn/town_ws/src/village_zhang', 'symlink_install': False, 'test_result_base': None}
[0.336s] INFO:colcon.colcon_core.executor:Executing jobs using 'parallel' executor
[0.338s] DEBUG:colcon.colcon_parallel_executor.executor.parallel:run_until_complete
[0.338s] INFO:colcon.colcon_ros.task.ament_cmake.build:Building ROS package in '/home/wuling/hpc/ros2_learn/town_ws/src/village_zhang' with build type 'ament_cmake'
[0.339s] INFO:colcon.colcon_cmake.task.cmake.build:Building CMake package in '/home/wuling/hpc/ros2_learn/town_ws/src/village_zhang'
[0.341s] INFO:colcon.colcon_core.plugin_system:Skipping extension 'colcon_core.shell.bat': Not used on non-Windows systems
[0.341s] INFO:colcon.colcon_core.shell:Skip shell extension 'powershell' for command environment: Not usable outside of PowerShell
[0.341s] DEBUG:colcon.colcon_core.shell:Skip shell extension 'dsv' for command environment
[0.347s] DEBUG:colcon.colcon_core.event_handler.log_command:Invoking command in '/home/wuling/hpc/ros2_learn/town_ws/build/village_zhang': AMENT_PREFIX_PATH=/home/wuling/hpc/ros2_learn/town_ws/install/village_interface:${AMENT_PREFIX_PATH} CMAKE_PREFIX_PATH=/home/wuling/hpc/ros2_learn/town_ws/install/village_interface:/opt/ros/humble LD_LIBRARY_PATH=/home/wuling/hpc/ros2_learn/town_ws/install/village_interface/lib:${LD_LIBRARY_PATH} PYTHONPATH=/home/wuling/hpc/ros2_learn/town_ws/install/village_interface/local/lib/python3.10/dist-packages:${PYTHONPATH} /usr/bin/cmake --build /home/wuling/hpc/ros2_learn/town_ws/build/village_zhang -- -j24 -l24
[2.328s] DEBUG:colcon.colcon_core.event_handler.log_command:Invoked command in '/home/wuling/hpc/ros2_learn/town_ws/build/village_zhang' returned '0': AMENT_PREFIX_PATH=/home/wuling/hpc/ros2_learn/town_ws/install/village_interface:${AMENT_PREFIX_PATH} CMAKE_PREFIX_PATH=/home/wuling/hpc/ros2_learn/town_ws/install/village_interface:/opt/ros/humble LD_LIBRARY_PATH=/home/wuling/hpc/ros2_learn/town_ws/install/village_interface/lib:${LD_LIBRARY_PATH} PYTHONPATH=/home/wuling/hpc/ros2_learn/town_ws/install/village_interface/local/lib/python3.10/dist-packages:${PYTHONPATH} /usr/bin/cmake --build /home/wuling/hpc/ros2_learn/town_ws/build/village_zhang -- -j24 -l24
[2.343s] DEBUG:colcon.colcon_core.event_handler.log_command:Invoking command in '/home/wuling/hpc/ros2_learn/town_ws/build/village_zhang': AMENT_PREFIX_PATH=/home/wuling/hpc/ros2_learn/town_ws/install/village_interface:${AMENT_PREFIX_PATH} CMAKE_PREFIX_PATH=/home/wuling/hpc/ros2_learn/town_ws/install/village_interface:/opt/ros/humble LD_LIBRARY_PATH=/home/wuling/hpc/ros2_learn/town_ws/install/village_interface/lib:${LD_LIBRARY_PATH} PYTHONPATH=/home/wuling/hpc/ros2_learn/town_ws/install/village_interface/local/lib/python3.10/dist-packages:${PYTHONPATH} /usr/bin/cmake --install /home/wuling/hpc/ros2_learn/town_ws/build/village_zhang
[2.348s] Level 1:colcon.colcon_core.environment:create_environment_scripts_only(village_zhang)
[2.349s] DEBUG:colcon.colcon_core.event_handler.log_command:Invoked command in '/home/wuling/hpc/ros2_learn/town_ws/build/village_zhang' returned '0': AMENT_PREFIX_PATH=/home/wuling/hpc/ros2_learn/town_ws/install/village_interface:${AMENT_PREFIX_PATH} CMAKE_PREFIX_PATH=/home/wuling/hpc/ros2_learn/town_ws/install/village_interface:/opt/ros/humble LD_LIBRARY_PATH=/home/wuling/hpc/ros2_learn/town_ws/install/village_interface/lib:${LD_LIBRARY_PATH} PYTHONPATH=/home/wuling/hpc/ros2_learn/town_ws/install/village_interface/local/lib/python3.10/dist-packages:${PYTHONPATH} /usr/bin/cmake --install /home/wuling/hpc/ros2_learn/town_ws/build/village_zhang
[2.351s] Level 1:colcon.colcon_core.environment:checking '/home/wuling/hpc/ros2_learn/town_ws/install/village_zhang' for CMake module files
[2.351s] Level 1:colcon.colcon_core.environment:checking '/home/wuling/hpc/ros2_learn/town_ws/install/village_zhang' for CMake config files
[2.352s] Level 1:colcon.colcon_core.shell:create_environment_hook('village_zhang', 'cmake_prefix_path')
[2.352s] INFO:colcon.colcon_core.shell:Creating environment hook '/home/wuling/hpc/ros2_learn/town_ws/install/village_zhang/share/village_zhang/hook/cmake_prefix_path.ps1'
[2.353s] INFO:colcon.colcon_core.shell:Creating environment descriptor '/home/wuling/hpc/ros2_learn/town_ws/install/village_zhang/share/village_zhang/hook/cmake_prefix_path.dsv'
[2.353s] INFO:colcon.colcon_core.shell:Creating environment hook '/home/wuling/hpc/ros2_learn/town_ws/install/village_zhang/share/village_zhang/hook/cmake_prefix_path.sh'
[2.354s] Level 1:colcon.colcon_core.environment:checking '/home/wuling/hpc/ros2_learn/town_ws/install/village_zhang/lib'
[2.354s] Level 1:colcon.colcon_core.environment:checking '/home/wuling/hpc/ros2_learn/town_ws/install/village_zhang/bin'
[2.354s] Level 1:colcon.colcon_core.environment:checking '/home/wuling/hpc/ros2_learn/town_ws/install/village_zhang/lib/pkgconfig/village_zhang.pc'
[2.354s] Level 1:colcon.colcon_core.environment:checking '/home/wuling/hpc/ros2_learn/town_ws/install/village_zhang/lib/python3.10/site-packages'
[2.354s] Level 1:colcon.colcon_core.environment:checking '/home/wuling/hpc/ros2_learn/town_ws/install/village_zhang/bin'
[2.355s] INFO:colcon.colcon_core.shell:Creating package script '/home/wuling/hpc/ros2_learn/town_ws/install/village_zhang/share/village_zhang/package.ps1'
[2.356s] INFO:colcon.colcon_core.shell:Creating package descriptor '/home/wuling/hpc/ros2_learn/town_ws/install/village_zhang/share/village_zhang/package.dsv'
[2.356s] INFO:colcon.colcon_core.shell:Creating package script '/home/wuling/hpc/ros2_learn/town_ws/install/village_zhang/share/village_zhang/package.sh'
[2.357s] INFO:colcon.colcon_core.shell:Creating package script '/home/wuling/hpc/ros2_learn/town_ws/install/village_zhang/share/village_zhang/package.bash'
[2.357s] INFO:colcon.colcon_core.shell:Creating package script '/home/wuling/hpc/ros2_learn/town_ws/install/village_zhang/share/village_zhang/package.zsh'
[2.357s] Level 1:colcon.colcon_core.environment:create_file_with_runtime_dependencies(/home/wuling/hpc/ros2_learn/town_ws/install/village_zhang/share/colcon-core/packages/village_zhang)
[2.371s] Level 1:colcon.colcon_core.environment:create_environment_scripts_only(village_zhang)
[2.373s] Level 1:colcon.colcon_core.environment:checking '/home/wuling/hpc/ros2_learn/town_ws/install/village_zhang' for CMake module files
[2.374s] Level 1:colcon.colcon_core.environment:checking '/home/wuling/hpc/ros2_learn/town_ws/install/village_zhang' for CMake config files
[2.374s] Level 1:colcon.colcon_core.shell:create_environment_hook('village_zhang', 'cmake_prefix_path')
[2.376s] INFO:colcon.colcon_core.shell:Creating environment hook '/home/wuling/hpc/ros2_learn/town_ws/install/village_zhang/share/village_zhang/hook/cmake_prefix_path.ps1'
[2.376s] INFO:colcon.colcon_core.shell:Creating environment descriptor '/home/wuling/hpc/ros2_learn/town_ws/install/village_zhang/share/village_zhang/hook/cmake_prefix_path.dsv'
[2.377s] INFO:colcon.colcon_core.shell:Creating environment hook '/home/wuling/hpc/ros2_learn/town_ws/install/village_zhang/share/village_zhang/hook/cmake_prefix_path.sh'
[2.377s] Level 1:colcon.colcon_core.environment:checking '/home/wuling/hpc/ros2_learn/town_ws/install/village_zhang/lib'
[2.377s] Level 1:colcon.colcon_core.environment:checking '/home/wuling/hpc/ros2_learn/town_ws/install/village_zhang/bin'
[2.377s] Level 1:colcon.colcon_core.environment:checking '/home/wuling/hpc/ros2_learn/town_ws/install/village_zhang/lib/pkgconfig/village_zhang.pc'
[2.378s] Level 1:colcon.colcon_core.environment:checking '/home/wuling/hpc/ros2_learn/town_ws/install/village_zhang/lib/python3.10/site-packages'
[2.378s] Level 1:colcon.colcon_core.environment:checking '/home/wuling/hpc/ros2_learn/town_ws/install/village_zhang/bin'
[2.379s] INFO:colcon.colcon_core.shell:Creating package script '/home/wuling/hpc/ros2_learn/town_ws/install/village_zhang/share/village_zhang/package.ps1'
[2.380s] INFO:colcon.colcon_core.shell:Creating package descriptor '/home/wuling/hpc/ros2_learn/town_ws/install/village_zhang/share/village_zhang/package.dsv'
[2.380s] INFO:colcon.colcon_core.shell:Creating package script '/home/wuling/hpc/ros2_learn/town_ws/install/village_zhang/share/village_zhang/package.sh'
[2.381s] INFO:colcon.colcon_core.shell:Creating package script '/home/wuling/hpc/ros2_learn/town_ws/install/village_zhang/share/village_zhang/package.bash'
[2.381s] INFO:colcon.colcon_core.shell:Creating package script '/home/wuling/hpc/ros2_learn/town_ws/install/village_zhang/share/village_zhang/package.zsh'
[2.381s] Level 1:colcon.colcon_core.environment:create_file_with_runtime_dependencies(/home/wuling/hpc/ros2_learn/town_ws/install/village_zhang/share/colcon-core/packages/village_zhang)
[2.382s] DEBUG:colcon.colcon_parallel_executor.executor.parallel:closing loop
[2.382s] DEBUG:colcon.colcon_parallel_executor.executor.parallel:loop closed
[2.382s] DEBUG:colcon.colcon_parallel_executor.executor.parallel:run_until_complete finished with '0'
[2.382s] DEBUG:colcon.colcon_core.event_reactor:joining thread
[2.385s] INFO:colcon.colcon_core.plugin_system:Skipping extension 'colcon_notification.desktop_notification.notify_send': Could not find 'notify-send'
[2.385s] INFO:colcon.colcon_core.plugin_system:Skipping extension 'colcon_notification.desktop_notification.terminal_notifier': Not used on non-Darwin systems
[2.385s] INFO:colcon.colcon_core.plugin_system:Skipping extension 'colcon_notification.desktop_notification.win32': Not used on non-Windows systems
[2.385s] INFO:colcon.colcon_notification.desktop_notification:Sending desktop notification using 'notify2'
[2.387s] DEBUG:colcon.colcon_notification.desktop_notification.notify2:Failed to initialize notify2: org.freedesktop.DBus.Error.Spawn.ExecFailed: /usr/bin/dbus-launch terminated abnormally without any error message
[2.387s] DEBUG:colcon.colcon_core.event_reactor:joined thread
[2.389s] INFO:colcon.colcon_core.shell:Creating prefix script '/home/wuling/hpc/ros2_learn/town_ws/install/local_setup.ps1'
[2.390s] INFO:colcon.colcon_core.shell:Creating prefix util module '/home/wuling/hpc/ros2_learn/town_ws/install/_local_setup_util_ps1.py'
[2.391s] INFO:colcon.colcon_core.shell:Creating prefix chain script '/home/wuling/hpc/ros2_learn/town_ws/install/setup.ps1'
[2.393s] INFO:colcon.colcon_core.shell:Creating prefix script '/home/wuling/hpc/ros2_learn/town_ws/install/local_setup.sh'
[2.393s] INFO:colcon.colcon_core.shell:Creating prefix util module '/home/wuling/hpc/ros2_learn/town_ws/install/_local_setup_util_sh.py'
[2.394s] INFO:colcon.colcon_core.shell:Creating prefix chain script '/home/wuling/hpc/ros2_learn/town_ws/install/setup.sh'
[2.395s] INFO:colcon.colcon_core.shell:Creating prefix script '/home/wuling/hpc/ros2_learn/town_ws/install/local_setup.bash'
[2.395s] INFO:colcon.colcon_core.shell:Creating prefix chain script '/home/wuling/hpc/ros2_learn/town_ws/install/setup.bash'
[2.397s] INFO:colcon.colcon_core.shell:Creating prefix script '/home/wuling/hpc/ros2_learn/town_ws/install/local_setup.zsh'
[2.397s] INFO:colcon.colcon_core.shell:Creating prefix chain script '/home/wuling/hpc/ros2_learn/town_ws/install/setup.zsh'
