[0.243s] DEBUG:colcon:Command line arguments: ['/usr/bin/colcon', 'build', '--packages-select', 'village_wang']
[0.243s] DEBUG:colcon:Parsed command line arguments: Namespace(log_base=None, log_level=None, verb_name='build', build_base='build', install_base='install', merge_install=False, symlink_install=False, test_result_base=None, continue_on_error=False, executor='parallel', parallel_workers=24, event_handlers=None, ignore_user_meta=False, metas=['./colcon.meta'], base_paths=['.'], packages_ignore=None, packages_ignore_regex=None, paths=None, packages_up_to=None, packages_up_to_regex=None, packages_above=None, packages_above_and_dependencies=None, packages_above_depth=None, packages_select_by_dep=None, packages_skip_by_dep=None, packages_skip_up_to=None, packages_select_build_failed=False, packages_skip_build_finished=False, packages_select_test_failures=False, packages_skip_test_passed=False, packages_select=['village_wang'], packages_skip=None, packages_select_regex=None, packages_skip_regex=None, packages_start=None, packages_end=None, allow_overriding=[], cmake_args=None, cmake_target=None, cmake_target_skip_unavailable=False, cmake_clean_cache=False, cmake_clean_first=False, cmake_force_configure=False, ament_cmake_args=None, catkin_cmake_args=None, catkin_skip_building_tests=False, mixin_files=None, mixin=None, verb_parser=<colcon_mixin.mixin.mixin_argument.MixinArgumentDecorator object at 0x7fdd9b2ad840>, verb_extension=<colcon_core.verb.build.BuildVerb object at 0x7fdd9b2ad1b0>, main=<bound method BuildVerb.main of <colcon_core.verb.build.BuildVerb object at 0x7fdd9b2ad1b0>>, mixin_verb=('build',))
[0.257s] Level 1:colcon.colcon_core.package_discovery:discover_packages(colcon_meta) check parameters
[0.257s] Level 1:colcon.colcon_core.package_discovery:discover_packages(recursive) check parameters
[0.257s] Level 1:colcon.colcon_core.package_discovery:discover_packages(ignore) check parameters
[0.257s] Level 1:colcon.colcon_core.package_discovery:discover_packages(path) check parameters
[0.257s] Level 1:colcon.colcon_core.package_discovery:discover_packages(colcon_meta) discover
[0.257s] Level 1:colcon.colcon_core.package_discovery:discover_packages(recursive) discover
[0.257s] INFO:colcon.colcon_core.package_discovery:Crawling recursively for packages in '/home/wuling/hpc/ros2_learn/town_ws'
[0.257s] Level 1:colcon.colcon_core.package_identification:_identify(.) by extensions ['ignore', 'ignore_ament_install']
[0.257s] Level 1:colcon.colcon_core.package_identification:_identify(.) by extension 'ignore'
[0.257s] Level 1:colcon.colcon_core.package_identification:_identify(.) by extension 'ignore_ament_install'
[0.257s] Level 1:colcon.colcon_core.package_identification:_identify(.) by extensions ['colcon_pkg']
[0.257s] Level 1:colcon.colcon_core.package_identification:_identify(.) by extension 'colcon_pkg'
[0.257s] Level 1:colcon.colcon_core.package_identification:_identify(.) by extensions ['colcon_meta']
[0.257s] Level 1:colcon.colcon_core.package_identification:_identify(.) by extension 'colcon_meta'
[0.257s] Level 1:colcon.colcon_core.package_identification:_identify(.) by extensions ['ros']
[0.257s] Level 1:colcon.colcon_core.package_identification:_identify(.) by extension 'ros'
[0.265s] Level 1:colcon.colcon_core.package_identification:_identify(.) by extensions ['cmake', 'python']
[0.265s] Level 1:colcon.colcon_core.package_identification:_identify(.) by extension 'cmake'
[0.265s] Level 1:colcon.colcon_core.package_identification:_identify(.) by extension 'python'
[0.265s] Level 1:colcon.colcon_core.package_identification:_identify(.) by extensions ['python_setup_py']
[0.265s] Level 1:colcon.colcon_core.package_identification:_identify(.) by extension 'python_setup_py'
[0.265s] Level 1:colcon.colcon_core.package_identification:_identify(build) by extensions ['ignore', 'ignore_ament_install']
[0.265s] Level 1:colcon.colcon_core.package_identification:_identify(build) by extension 'ignore'
[0.265s] Level 1:colcon.colcon_core.package_identification:_identify(build) ignored
[0.265s] Level 1:colcon.colcon_core.package_identification:_identify(install) by extensions ['ignore', 'ignore_ament_install']
[0.265s] Level 1:colcon.colcon_core.package_identification:_identify(install) by extension 'ignore'
[0.265s] Level 1:colcon.colcon_core.package_identification:_identify(install) ignored
[0.265s] Level 1:colcon.colcon_core.package_identification:_identify(log) by extensions ['ignore', 'ignore_ament_install']
[0.265s] Level 1:colcon.colcon_core.package_identification:_identify(log) by extension 'ignore'
[0.265s] Level 1:colcon.colcon_core.package_identification:_identify(log) ignored
[0.265s] Level 1:colcon.colcon_core.package_identification:_identify(src) by extensions ['ignore', 'ignore_ament_install']
[0.265s] Level 1:colcon.colcon_core.package_identification:_identify(src) by extension 'ignore'
[0.265s] Level 1:colcon.colcon_core.package_identification:_identify(src) by extension 'ignore_ament_install'
[0.265s] Level 1:colcon.colcon_core.package_identification:_identify(src) by extensions ['colcon_pkg']
[0.265s] Level 1:colcon.colcon_core.package_identification:_identify(src) by extension 'colcon_pkg'
[0.265s] Level 1:colcon.colcon_core.package_identification:_identify(src) by extensions ['colcon_meta']
[0.265s] Level 1:colcon.colcon_core.package_identification:_identify(src) by extension 'colcon_meta'
[0.265s] Level 1:colcon.colcon_core.package_identification:_identify(src) by extensions ['ros']
[0.265s] Level 1:colcon.colcon_core.package_identification:_identify(src) by extension 'ros'
[0.265s] Level 1:colcon.colcon_core.package_identification:_identify(src) by extensions ['cmake', 'python']
[0.265s] Level 1:colcon.colcon_core.package_identification:_identify(src) by extension 'cmake'
[0.265s] Level 1:colcon.colcon_core.package_identification:_identify(src) by extension 'python'
[0.265s] Level 1:colcon.colcon_core.package_identification:_identify(src) by extensions ['python_setup_py']
[0.265s] Level 1:colcon.colcon_core.package_identification:_identify(src) by extension 'python_setup_py'
[0.266s] Level 1:colcon.colcon_core.package_identification:_identify(src/village_interface) by extensions ['ignore', 'ignore_ament_install']
[0.266s] Level 1:colcon.colcon_core.package_identification:_identify(src/village_interface) by extension 'ignore'
[0.266s] Level 1:colcon.colcon_core.package_identification:_identify(src/village_interface) by extension 'ignore_ament_install'
[0.266s] Level 1:colcon.colcon_core.package_identification:_identify(src/village_interface) by extensions ['colcon_pkg']
[0.266s] Level 1:colcon.colcon_core.package_identification:_identify(src/village_interface) by extension 'colcon_pkg'
[0.266s] Level 1:colcon.colcon_core.package_identification:_identify(src/village_interface) by extensions ['colcon_meta']
[0.266s] Level 1:colcon.colcon_core.package_identification:_identify(src/village_interface) by extension 'colcon_meta'
[0.266s] Level 1:colcon.colcon_core.package_identification:_identify(src/village_interface) by extensions ['ros']
[0.266s] Level 1:colcon.colcon_core.package_identification:_identify(src/village_interface) by extension 'ros'
[0.267s] DEBUG:colcon.colcon_core.package_identification:Package 'src/village_interface' with type 'ros.ament_cmake' and name 'village_interface'
[0.267s] Level 1:colcon.colcon_core.package_identification:_identify(src/village_li) by extensions ['ignore', 'ignore_ament_install']
[0.267s] Level 1:colcon.colcon_core.package_identification:_identify(src/village_li) by extension 'ignore'
[0.267s] Level 1:colcon.colcon_core.package_identification:_identify(src/village_li) by extension 'ignore_ament_install'
[0.267s] Level 1:colcon.colcon_core.package_identification:_identify(src/village_li) by extensions ['colcon_pkg']
[0.267s] Level 1:colcon.colcon_core.package_identification:_identify(src/village_li) by extension 'colcon_pkg'
[0.268s] Level 1:colcon.colcon_core.package_identification:_identify(src/village_li) by extensions ['colcon_meta']
[0.268s] Level 1:colcon.colcon_core.package_identification:_identify(src/village_li) by extension 'colcon_meta'
[0.268s] Level 1:colcon.colcon_core.package_identification:_identify(src/village_li) by extensions ['ros']
[0.268s] Level 1:colcon.colcon_core.package_identification:_identify(src/village_li) by extension 'ros'
[0.268s] DEBUG:colcon.colcon_core.package_identification:Package 'src/village_li' with type 'ros.ament_python' and name 'village_li'
[0.268s] Level 1:colcon.colcon_core.package_identification:_identify(src/village_wang) by extensions ['ignore', 'ignore_ament_install']
[0.268s] Level 1:colcon.colcon_core.package_identification:_identify(src/village_wang) by extension 'ignore'
[0.268s] Level 1:colcon.colcon_core.package_identification:_identify(src/village_wang) by extension 'ignore_ament_install'
[0.268s] Level 1:colcon.colcon_core.package_identification:_identify(src/village_wang) by extensions ['colcon_pkg']
[0.268s] Level 1:colcon.colcon_core.package_identification:_identify(src/village_wang) by extension 'colcon_pkg'
[0.268s] Level 1:colcon.colcon_core.package_identification:_identify(src/village_wang) by extensions ['colcon_meta']
[0.268s] Level 1:colcon.colcon_core.package_identification:_identify(src/village_wang) by extension 'colcon_meta'
[0.268s] Level 1:colcon.colcon_core.package_identification:_identify(src/village_wang) by extensions ['ros']
[0.268s] Level 1:colcon.colcon_core.package_identification:_identify(src/village_wang) by extension 'ros'
[0.269s] DEBUG:colcon.colcon_core.package_identification:Package 'src/village_wang' with type 'ros.ament_cmake' and name 'village_wang'
[0.269s] Level 1:colcon.colcon_core.package_discovery:discover_packages(recursive) using defaults
[0.269s] Level 1:colcon.colcon_core.package_discovery:discover_packages(ignore) discover
[0.269s] Level 1:colcon.colcon_core.package_discovery:discover_packages(ignore) using defaults
[0.269s] Level 1:colcon.colcon_core.package_discovery:discover_packages(path) discover
[0.269s] Level 1:colcon.colcon_core.package_discovery:discover_packages(path) using defaults
[0.284s] INFO:colcon.colcon_core.package_selection:Skipping not selected package 'village_interface' in 'src/village_interface'
[0.284s] INFO:colcon.colcon_core.package_selection:Skipping not selected package 'village_li' in 'src/village_li'
[0.285s] Level 1:colcon.colcon_core.package_discovery:discover_packages(prefix_path) check parameters
[0.285s] Level 1:colcon.colcon_core.package_discovery:discover_packages(prefix_path) discover
[0.287s] DEBUG:colcon.colcon_installed_package_information.package_discovery:Found 344 installed packages in /opt/ros/humble
[0.288s] Level 1:colcon.colcon_core.package_discovery:discover_packages(prefix_path) using defaults
[0.332s] Level 5:colcon.colcon_core.verb:set package 'village_wang' build argument 'cmake_args' from command line to 'None'
[0.332s] Level 5:colcon.colcon_core.verb:set package 'village_wang' build argument 'cmake_target' from command line to 'None'
[0.332s] Level 5:colcon.colcon_core.verb:set package 'village_wang' build argument 'cmake_target_skip_unavailable' from command line to 'False'
[0.332s] Level 5:colcon.colcon_core.verb:set package 'village_wang' build argument 'cmake_clean_cache' from command line to 'False'
[0.332s] Level 5:colcon.colcon_core.verb:set package 'village_wang' build argument 'cmake_clean_first' from command line to 'False'
[0.332s] Level 5:colcon.colcon_core.verb:set package 'village_wang' build argument 'cmake_force_configure' from command line to 'False'
[0.332s] Level 5:colcon.colcon_core.verb:set package 'village_wang' build argument 'ament_cmake_args' from command line to 'None'
[0.332s] Level 5:colcon.colcon_core.verb:set package 'village_wang' build argument 'catkin_cmake_args' from command line to 'None'
[0.332s] Level 5:colcon.colcon_core.verb:set package 'village_wang' build argument 'catkin_skip_building_tests' from command line to 'False'
[0.332s] DEBUG:colcon.colcon_core.verb:Building package 'village_wang' with the following arguments: {'ament_cmake_args': None, 'build_base': '/home/wuling/hpc/ros2_learn/town_ws/build/village_wang', 'catkin_cmake_args': None, 'catkin_skip_building_tests': False, 'cmake_args': None, 'cmake_clean_cache': False, 'cmake_clean_first': False, 'cmake_force_configure': False, 'cmake_target': None, 'cmake_target_skip_unavailable': False, 'install_base': '/home/wuling/hpc/ros2_learn/town_ws/install/village_wang', 'merge_install': False, 'path': '/home/wuling/hpc/ros2_learn/town_ws/src/village_wang', 'symlink_install': False, 'test_result_base': None}
[0.333s] INFO:colcon.colcon_core.executor:Executing jobs using 'parallel' executor
[0.335s] DEBUG:colcon.colcon_parallel_executor.executor.parallel:run_until_complete
[0.335s] INFO:colcon.colcon_ros.task.ament_cmake.build:Building ROS package in '/home/wuling/hpc/ros2_learn/town_ws/src/village_wang' with build type 'ament_cmake'
[0.335s] INFO:colcon.colcon_cmake.task.cmake.build:Building CMake package in '/home/wuling/hpc/ros2_learn/town_ws/src/village_wang'
[0.338s] INFO:colcon.colcon_core.plugin_system:Skipping extension 'colcon_core.shell.bat': Not used on non-Windows systems
[0.338s] INFO:colcon.colcon_core.shell:Skip shell extension 'powershell' for command environment: Not usable outside of PowerShell
[0.338s] DEBUG:colcon.colcon_core.shell:Skip shell extension 'dsv' for command environment
[0.344s] DEBUG:colcon.colcon_core.event_handler.log_command:Invoking command in '/home/wuling/hpc/ros2_learn/town_ws/build/village_wang': AMENT_PREFIX_PATH=/home/wuling/hpc/ros2_learn/town_ws/install/village_interface:${AMENT_PREFIX_PATH} CMAKE_PREFIX_PATH=/home/wuling/hpc/ros2_learn/town_ws/install/village_interface:/opt/ros/humble LD_LIBRARY_PATH=/home/wuling/hpc/ros2_learn/town_ws/install/village_interface/lib:${LD_LIBRARY_PATH} PYTHONPATH=/home/wuling/hpc/ros2_learn/town_ws/install/village_interface/local/lib/python3.10/dist-packages:${PYTHONPATH} /usr/bin/cmake --build /home/wuling/hpc/ros2_learn/town_ws/build/village_wang -- -j24 -l24
[5.505s] DEBUG:colcon.colcon_core.event_handler.log_command:Invoked command in '/home/wuling/hpc/ros2_learn/town_ws/build/village_wang' returned '0': AMENT_PREFIX_PATH=/home/wuling/hpc/ros2_learn/town_ws/install/village_interface:${AMENT_PREFIX_PATH} CMAKE_PREFIX_PATH=/home/wuling/hpc/ros2_learn/town_ws/install/village_interface:/opt/ros/humble LD_LIBRARY_PATH=/home/wuling/hpc/ros2_learn/town_ws/install/village_interface/lib:${LD_LIBRARY_PATH} PYTHONPATH=/home/wuling/hpc/ros2_learn/town_ws/install/village_interface/local/lib/python3.10/dist-packages:${PYTHONPATH} /usr/bin/cmake --build /home/wuling/hpc/ros2_learn/town_ws/build/village_wang -- -j24 -l24
[5.523s] DEBUG:colcon.colcon_core.event_handler.log_command:Invoking command in '/home/wuling/hpc/ros2_learn/town_ws/build/village_wang': AMENT_PREFIX_PATH=/home/wuling/hpc/ros2_learn/town_ws/install/village_interface:${AMENT_PREFIX_PATH} CMAKE_PREFIX_PATH=/home/wuling/hpc/ros2_learn/town_ws/install/village_interface:/opt/ros/humble LD_LIBRARY_PATH=/home/wuling/hpc/ros2_learn/town_ws/install/village_interface/lib:${LD_LIBRARY_PATH} PYTHONPATH=/home/wuling/hpc/ros2_learn/town_ws/install/village_interface/local/lib/python3.10/dist-packages:${PYTHONPATH} /usr/bin/cmake --install /home/wuling/hpc/ros2_learn/town_ws/build/village_wang
[5.536s] Level 1:colcon.colcon_core.environment:create_environment_scripts_only(village_wang)
[5.536s] DEBUG:colcon.colcon_core.event_handler.log_command:Invoked command in '/home/wuling/hpc/ros2_learn/town_ws/build/village_wang' returned '0': AMENT_PREFIX_PATH=/home/wuling/hpc/ros2_learn/town_ws/install/village_interface:${AMENT_PREFIX_PATH} CMAKE_PREFIX_PATH=/home/wuling/hpc/ros2_learn/town_ws/install/village_interface:/opt/ros/humble LD_LIBRARY_PATH=/home/wuling/hpc/ros2_learn/town_ws/install/village_interface/lib:${LD_LIBRARY_PATH} PYTHONPATH=/home/wuling/hpc/ros2_learn/town_ws/install/village_interface/local/lib/python3.10/dist-packages:${PYTHONPATH} /usr/bin/cmake --install /home/wuling/hpc/ros2_learn/town_ws/build/village_wang
[5.539s] Level 1:colcon.colcon_core.environment:checking '/home/wuling/hpc/ros2_learn/town_ws/install/village_wang' for CMake module files
[5.539s] Level 1:colcon.colcon_core.environment:checking '/home/wuling/hpc/ros2_learn/town_ws/install/village_wang' for CMake config files
[5.539s] Level 1:colcon.colcon_core.shell:create_environment_hook('village_wang', 'cmake_prefix_path')
[5.540s] INFO:colcon.colcon_core.shell:Creating environment hook '/home/wuling/hpc/ros2_learn/town_ws/install/village_wang/share/village_wang/hook/cmake_prefix_path.ps1'
[5.540s] INFO:colcon.colcon_core.shell:Creating environment descriptor '/home/wuling/hpc/ros2_learn/town_ws/install/village_wang/share/village_wang/hook/cmake_prefix_path.dsv'
[5.541s] INFO:colcon.colcon_core.shell:Creating environment hook '/home/wuling/hpc/ros2_learn/town_ws/install/village_wang/share/village_wang/hook/cmake_prefix_path.sh'
[5.541s] Level 1:colcon.colcon_core.environment:checking '/home/wuling/hpc/ros2_learn/town_ws/install/village_wang/lib'
[5.541s] Level 1:colcon.colcon_core.environment:checking '/home/wuling/hpc/ros2_learn/town_ws/install/village_wang/bin'
[5.541s] Level 1:colcon.colcon_core.environment:checking '/home/wuling/hpc/ros2_learn/town_ws/install/village_wang/lib/pkgconfig/village_wang.pc'
[5.542s] Level 1:colcon.colcon_core.environment:checking '/home/wuling/hpc/ros2_learn/town_ws/install/village_wang/lib/python3.10/site-packages'
[5.542s] Level 1:colcon.colcon_core.environment:checking '/home/wuling/hpc/ros2_learn/town_ws/install/village_wang/bin'
[5.542s] INFO:colcon.colcon_core.shell:Creating package script '/home/wuling/hpc/ros2_learn/town_ws/install/village_wang/share/village_wang/package.ps1'
[5.543s] INFO:colcon.colcon_core.shell:Creating package descriptor '/home/wuling/hpc/ros2_learn/town_ws/install/village_wang/share/village_wang/package.dsv'
[5.543s] INFO:colcon.colcon_core.shell:Creating package script '/home/wuling/hpc/ros2_learn/town_ws/install/village_wang/share/village_wang/package.sh'
[5.544s] INFO:colcon.colcon_core.shell:Creating package script '/home/wuling/hpc/ros2_learn/town_ws/install/village_wang/share/village_wang/package.bash'
[5.544s] INFO:colcon.colcon_core.shell:Creating package script '/home/wuling/hpc/ros2_learn/town_ws/install/village_wang/share/village_wang/package.zsh'
[5.544s] Level 1:colcon.colcon_core.environment:create_file_with_runtime_dependencies(/home/wuling/hpc/ros2_learn/town_ws/install/village_wang/share/colcon-core/packages/village_wang)
[5.569s] Level 1:colcon.colcon_core.environment:create_environment_scripts_only(village_wang)
[5.572s] Level 1:colcon.colcon_core.environment:checking '/home/wuling/hpc/ros2_learn/town_ws/install/village_wang' for CMake module files
[5.573s] Level 1:colcon.colcon_core.environment:checking '/home/wuling/hpc/ros2_learn/town_ws/install/village_wang' for CMake config files
[5.573s] Level 1:colcon.colcon_core.shell:create_environment_hook('village_wang', 'cmake_prefix_path')
[5.575s] INFO:colcon.colcon_core.shell:Creating environment hook '/home/wuling/hpc/ros2_learn/town_ws/install/village_wang/share/village_wang/hook/cmake_prefix_path.ps1'
[5.575s] INFO:colcon.colcon_core.shell:Creating environment descriptor '/home/wuling/hpc/ros2_learn/town_ws/install/village_wang/share/village_wang/hook/cmake_prefix_path.dsv'
[5.576s] INFO:colcon.colcon_core.shell:Creating environment hook '/home/wuling/hpc/ros2_learn/town_ws/install/village_wang/share/village_wang/hook/cmake_prefix_path.sh'
[5.576s] Level 1:colcon.colcon_core.environment:checking '/home/wuling/hpc/ros2_learn/town_ws/install/village_wang/lib'
[5.576s] Level 1:colcon.colcon_core.environment:checking '/home/wuling/hpc/ros2_learn/town_ws/install/village_wang/bin'
[5.576s] Level 1:colcon.colcon_core.environment:checking '/home/wuling/hpc/ros2_learn/town_ws/install/village_wang/lib/pkgconfig/village_wang.pc'
[5.576s] Level 1:colcon.colcon_core.environment:checking '/home/wuling/hpc/ros2_learn/town_ws/install/village_wang/lib/python3.10/site-packages'
[5.577s] Level 1:colcon.colcon_core.environment:checking '/home/wuling/hpc/ros2_learn/town_ws/install/village_wang/bin'
[5.578s] INFO:colcon.colcon_core.shell:Creating package script '/home/wuling/hpc/ros2_learn/town_ws/install/village_wang/share/village_wang/package.ps1'
[5.578s] INFO:colcon.colcon_core.shell:Creating package descriptor '/home/wuling/hpc/ros2_learn/town_ws/install/village_wang/share/village_wang/package.dsv'
[5.578s] INFO:colcon.colcon_core.shell:Creating package script '/home/wuling/hpc/ros2_learn/town_ws/install/village_wang/share/village_wang/package.sh'
[5.579s] INFO:colcon.colcon_core.shell:Creating package script '/home/wuling/hpc/ros2_learn/town_ws/install/village_wang/share/village_wang/package.bash'
[5.579s] INFO:colcon.colcon_core.shell:Creating package script '/home/wuling/hpc/ros2_learn/town_ws/install/village_wang/share/village_wang/package.zsh'
[5.579s] Level 1:colcon.colcon_core.environment:create_file_with_runtime_dependencies(/home/wuling/hpc/ros2_learn/town_ws/install/village_wang/share/colcon-core/packages/village_wang)
[5.579s] DEBUG:colcon.colcon_parallel_executor.executor.parallel:closing loop
[5.579s] DEBUG:colcon.colcon_parallel_executor.executor.parallel:loop closed
[5.579s] DEBUG:colcon.colcon_parallel_executor.executor.parallel:run_until_complete finished with '0'
[5.580s] DEBUG:colcon.colcon_core.event_reactor:joining thread
[5.584s] INFO:colcon.colcon_core.plugin_system:Skipping extension 'colcon_notification.desktop_notification.notify_send': Could not find 'notify-send'
[5.585s] INFO:colcon.colcon_core.plugin_system:Skipping extension 'colcon_notification.desktop_notification.terminal_notifier': Not used on non-Darwin systems
[5.585s] INFO:colcon.colcon_core.plugin_system:Skipping extension 'colcon_notification.desktop_notification.win32': Not used on non-Windows systems
[5.585s] INFO:colcon.colcon_notification.desktop_notification:Sending desktop notification using 'notify2'
[5.587s] DEBUG:colcon.colcon_notification.desktop_notification.notify2:Failed to initialize notify2: org.freedesktop.DBus.Error.Spawn.ExecFailed: /usr/bin/dbus-launch terminated abnormally without any error message
[5.587s] DEBUG:colcon.colcon_core.event_reactor:joined thread
[5.589s] INFO:colcon.colcon_core.shell:Creating prefix script '/home/wuling/hpc/ros2_learn/town_ws/install/local_setup.ps1'
[5.590s] INFO:colcon.colcon_core.shell:Creating prefix util module '/home/wuling/hpc/ros2_learn/town_ws/install/_local_setup_util_ps1.py'
[5.591s] INFO:colcon.colcon_core.shell:Creating prefix chain script '/home/wuling/hpc/ros2_learn/town_ws/install/setup.ps1'
[5.592s] INFO:colcon.colcon_core.shell:Creating prefix script '/home/wuling/hpc/ros2_learn/town_ws/install/local_setup.sh'
[5.593s] INFO:colcon.colcon_core.shell:Creating prefix util module '/home/wuling/hpc/ros2_learn/town_ws/install/_local_setup_util_sh.py'
[5.593s] INFO:colcon.colcon_core.shell:Creating prefix chain script '/home/wuling/hpc/ros2_learn/town_ws/install/setup.sh'
[5.594s] INFO:colcon.colcon_core.shell:Creating prefix script '/home/wuling/hpc/ros2_learn/town_ws/install/local_setup.bash'
[5.594s] INFO:colcon.colcon_core.shell:Creating prefix chain script '/home/wuling/hpc/ros2_learn/town_ws/install/setup.bash'
[5.595s] INFO:colcon.colcon_core.shell:Creating prefix script '/home/wuling/hpc/ros2_learn/town_ws/install/local_setup.zsh'
[5.595s] INFO:colcon.colcon_core.shell:Creating prefix chain script '/home/wuling/hpc/ros2_learn/town_ws/install/setup.zsh'
