[  2%] Built target village_interface__cpp
[ 12%] Built target village_interface__rosidl_generator_c
[ 12%] Built target ament_cmake_python_copy_village_interface
[ 23%] Built target village_interface__rosidl_typesupport_cpp
[ 34%] Built target village_interface__rosidl_typesupport_introspection_cpp
[ 46%] Built target village_interface__rosidl_typesupport_introspection_c
[ 63%] Built target village_interface__rosidl_typesupport_c
[ 65%] Built target village_interface__rosidl_typesupport_fastrtps_cpp
[ 76%] Built target village_interface__rosidl_typesupport_fastrtps_c
[ 76%] Built target village_interface
[ 78%] Built target village_interface__py
[ 87%] Built target village_interface__rosidl_generator_py
[ 95%] Built target village_interface__rosidl_typesupport_c__pyext
[ 95%] Built target village_interface__rosidl_typesupport_introspection_c__pyext
[100%] Built target village_interface__rosidl_typesupport_fastrtps_c__pyext
running egg_info
writing village_interface.egg-info/PKG-INFO
writing dependency_links to village_interface.egg-info/dependency_links.txt
writing top-level names to village_interface.egg-info/top_level.txt
reading manifest file 'village_interface.egg-info/SOURCES.txt'
writing manifest file 'village_interface.egg-info/SOURCES.txt'
[100%] Built target ament_cmake_python_build_village_interface_egg
-- Install configuration: ""
-- Up-to-date: /home/wuling/hpc/ros2_learn/town_ws/install/village_interface/share/ament_index/resource_index/rosidl_interfaces/village_interface
-- Up-to-date: /home/wuling/hpc/ros2_learn/town_ws/install/village_interface/include/village_interface/village_interface
-- Up-to-date: /home/wuling/hpc/ros2_learn/town_ws/install/village_interface/include/village_interface/village_interface/srv
-- Up-to-date: /home/wuling/hpc/ros2_learn/town_ws/install/village_interface/include/village_interface/village_interface/srv/borrow_money.h
-- Up-to-date: /home/wuling/hpc/ros2_learn/town_ws/install/village_interface/include/village_interface/village_interface/srv/sell_novel.h
-- Up-to-date: /home/wuling/hpc/ros2_learn/town_ws/install/village_interface/include/village_interface/village_interface/srv/detail
-- Up-to-date: /home/wuling/hpc/ros2_learn/town_ws/install/village_interface/include/village_interface/village_interface/srv/detail/borrow_money__functions.c
-- Up-to-date: /home/wuling/hpc/ros2_learn/town_ws/install/village_interface/include/village_interface/village_interface/srv/detail/borrow_money__struct.h
-- Up-to-date: /home/wuling/hpc/ros2_learn/town_ws/install/village_interface/include/village_interface/village_interface/srv/detail/sell_novel__functions.h
-- Up-to-date: /home/wuling/hpc/ros2_learn/town_ws/install/village_interface/include/village_interface/village_interface/srv/detail/sell_novel__functions.c
-- Up-to-date: /home/wuling/hpc/ros2_learn/town_ws/install/village_interface/include/village_interface/village_interface/srv/detail/sell_novel__struct.h
-- Up-to-date: /home/wuling/hpc/ros2_learn/town_ws/install/village_interface/include/village_interface/village_interface/srv/detail/borrow_money__type_support.h
-- Up-to-date: /home/wuling/hpc/ros2_learn/town_ws/install/village_interface/include/village_interface/village_interface/srv/detail/sell_novel__type_support.h
-- Up-to-date: /home/wuling/hpc/ros2_learn/town_ws/install/village_interface/include/village_interface/village_interface/srv/detail/borrow_money__functions.h
-- Up-to-date: /home/wuling/hpc/ros2_learn/town_ws/install/village_interface/include/village_interface/village_interface/msg
-- Up-to-date: /home/wuling/hpc/ros2_learn/town_ws/install/village_interface/include/village_interface/village_interface/msg/rosidl_generator_c__visibility_control.h
-- Up-to-date: /home/wuling/hpc/ros2_learn/town_ws/install/village_interface/include/village_interface/village_interface/msg/detail
-- Up-to-date: /home/wuling/hpc/ros2_learn/town_ws/install/village_interface/include/village_interface/village_interface/msg/detail/novel__functions.c
-- Up-to-date: /home/wuling/hpc/ros2_learn/town_ws/install/village_interface/include/village_interface/village_interface/msg/detail/novel__functions.h
-- Up-to-date: /home/wuling/hpc/ros2_learn/town_ws/install/village_interface/include/village_interface/village_interface/msg/detail/novel__struct.h
-- Up-to-date: /home/wuling/hpc/ros2_learn/town_ws/install/village_interface/include/village_interface/village_interface/msg/detail/novel__type_support.h
-- Up-to-date: /home/wuling/hpc/ros2_learn/town_ws/install/village_interface/include/village_interface/village_interface/msg/novel.h
-- Up-to-date: /home/wuling/hpc/ros2_learn/town_ws/install/village_interface/share/village_interface/environment/library_path.sh
-- Up-to-date: /home/wuling/hpc/ros2_learn/town_ws/install/village_interface/share/village_interface/environment/library_path.dsv
-- Up-to-date: /home/wuling/hpc/ros2_learn/town_ws/install/village_interface/lib/libvillage_interface__rosidl_generator_c.so
-- Up-to-date: /home/wuling/hpc/ros2_learn/town_ws/install/village_interface/include/village_interface/village_interface
-- Up-to-date: /home/wuling/hpc/ros2_learn/town_ws/install/village_interface/include/village_interface/village_interface/srv
-- Up-to-date: /home/wuling/hpc/ros2_learn/town_ws/install/village_interface/include/village_interface/village_interface/srv/detail
-- Up-to-date: /home/wuling/hpc/ros2_learn/town_ws/install/village_interface/include/village_interface/village_interface/srv/detail/sell_novel__rosidl_typesupport_fastrtps_c.h
-- Up-to-date: /home/wuling/hpc/ros2_learn/town_ws/install/village_interface/include/village_interface/village_interface/srv/detail/borrow_money__rosidl_typesupport_fastrtps_c.h
-- Up-to-date: /home/wuling/hpc/ros2_learn/town_ws/install/village_interface/include/village_interface/village_interface/msg
-- Up-to-date: /home/wuling/hpc/ros2_learn/town_ws/install/village_interface/include/village_interface/village_interface/msg/rosidl_typesupport_fastrtps_c__visibility_control.h
-- Up-to-date: /home/wuling/hpc/ros2_learn/town_ws/install/village_interface/include/village_interface/village_interface/msg/detail
-- Up-to-date: /home/wuling/hpc/ros2_learn/town_ws/install/village_interface/include/village_interface/village_interface/msg/detail/novel__rosidl_typesupport_fastrtps_c.h
-- Up-to-date: /home/wuling/hpc/ros2_learn/town_ws/install/village_interface/lib/libvillage_interface__rosidl_typesupport_fastrtps_c.so
-- Up-to-date: /home/wuling/hpc/ros2_learn/town_ws/install/village_interface/include/village_interface/village_interface
-- Up-to-date: /home/wuling/hpc/ros2_learn/town_ws/install/village_interface/include/village_interface/village_interface/srv
-- Up-to-date: /home/wuling/hpc/ros2_learn/town_ws/install/village_interface/include/village_interface/village_interface/srv/sell_novel.hpp
-- Up-to-date: /home/wuling/hpc/ros2_learn/town_ws/install/village_interface/include/village_interface/village_interface/srv/borrow_money.hpp
-- Up-to-date: /home/wuling/hpc/ros2_learn/town_ws/install/village_interface/include/village_interface/village_interface/srv/detail
-- Up-to-date: /home/wuling/hpc/ros2_learn/town_ws/install/village_interface/include/village_interface/village_interface/srv/detail/borrow_money__builder.hpp
-- Up-to-date: /home/wuling/hpc/ros2_learn/town_ws/install/village_interface/include/village_interface/village_interface/srv/detail/borrow_money__traits.hpp
-- Up-to-date: /home/wuling/hpc/ros2_learn/town_ws/install/village_interface/include/village_interface/village_interface/srv/detail/sell_novel__struct.hpp
-- Up-to-date: /home/wuling/hpc/ros2_learn/town_ws/install/village_interface/include/village_interface/village_interface/srv/detail/borrow_money__struct.hpp
-- Up-to-date: /home/wuling/hpc/ros2_learn/town_ws/install/village_interface/include/village_interface/village_interface/srv/detail/sell_novel__builder.hpp
-- Up-to-date: /home/wuling/hpc/ros2_learn/town_ws/install/village_interface/include/village_interface/village_interface/srv/detail/sell_novel__traits.hpp
-- Up-to-date: /home/wuling/hpc/ros2_learn/town_ws/install/village_interface/include/village_interface/village_interface/msg
-- Up-to-date: /home/wuling/hpc/ros2_learn/town_ws/install/village_interface/include/village_interface/village_interface/msg/novel.hpp
-- Up-to-date: /home/wuling/hpc/ros2_learn/town_ws/install/village_interface/include/village_interface/village_interface/msg/detail
-- Up-to-date: /home/wuling/hpc/ros2_learn/town_ws/install/village_interface/include/village_interface/village_interface/msg/detail/novel__traits.hpp
-- Up-to-date: /home/wuling/hpc/ros2_learn/town_ws/install/village_interface/include/village_interface/village_interface/msg/detail/novel__struct.hpp
-- Up-to-date: /home/wuling/hpc/ros2_learn/town_ws/install/village_interface/include/village_interface/village_interface/msg/detail/novel__builder.hpp
-- Up-to-date: /home/wuling/hpc/ros2_learn/town_ws/install/village_interface/include/village_interface/village_interface
-- Up-to-date: /home/wuling/hpc/ros2_learn/town_ws/install/village_interface/include/village_interface/village_interface/srv
-- Up-to-date: /home/wuling/hpc/ros2_learn/town_ws/install/village_interface/include/village_interface/village_interface/srv/detail
-- Up-to-date: /home/wuling/hpc/ros2_learn/town_ws/install/village_interface/include/village_interface/village_interface/srv/detail/borrow_money__rosidl_typesupport_fastrtps_cpp.hpp
-- Up-to-date: /home/wuling/hpc/ros2_learn/town_ws/install/village_interface/include/village_interface/village_interface/srv/detail/sell_novel__rosidl_typesupport_fastrtps_cpp.hpp
-- Up-to-date: /home/wuling/hpc/ros2_learn/town_ws/install/village_interface/include/village_interface/village_interface/srv/detail/dds_fastrtps
-- Up-to-date: /home/wuling/hpc/ros2_learn/town_ws/install/village_interface/include/village_interface/village_interface/msg
-- Up-to-date: /home/wuling/hpc/ros2_learn/town_ws/install/village_interface/include/village_interface/village_interface/msg/rosidl_typesupport_fastrtps_cpp__visibility_control.h
-- Up-to-date: /home/wuling/hpc/ros2_learn/town_ws/install/village_interface/include/village_interface/village_interface/msg/detail
-- Up-to-date: /home/wuling/hpc/ros2_learn/town_ws/install/village_interface/include/village_interface/village_interface/msg/detail/novel__rosidl_typesupport_fastrtps_cpp.hpp
-- Up-to-date: /home/wuling/hpc/ros2_learn/town_ws/install/village_interface/include/village_interface/village_interface/msg/detail/dds_fastrtps
-- Up-to-date: /home/wuling/hpc/ros2_learn/town_ws/install/village_interface/lib/libvillage_interface__rosidl_typesupport_fastrtps_cpp.so
-- Up-to-date: /home/wuling/hpc/ros2_learn/town_ws/install/village_interface/include/village_interface/village_interface
-- Up-to-date: /home/wuling/hpc/ros2_learn/town_ws/install/village_interface/include/village_interface/village_interface/srv
-- Up-to-date: /home/wuling/hpc/ros2_learn/town_ws/install/village_interface/include/village_interface/village_interface/srv/detail
-- Up-to-date: /home/wuling/hpc/ros2_learn/town_ws/install/village_interface/include/village_interface/village_interface/srv/detail/sell_novel__rosidl_typesupport_introspection_c.h
-- Up-to-date: /home/wuling/hpc/ros2_learn/town_ws/install/village_interface/include/village_interface/village_interface/srv/detail/borrow_money__type_support.c
-- Up-to-date: /home/wuling/hpc/ros2_learn/town_ws/install/village_interface/include/village_interface/village_interface/srv/detail/sell_novel__type_support.c
-- Up-to-date: /home/wuling/hpc/ros2_learn/town_ws/install/village_interface/include/village_interface/village_interface/srv/detail/borrow_money__rosidl_typesupport_introspection_c.h
-- Up-to-date: /home/wuling/hpc/ros2_learn/town_ws/install/village_interface/include/village_interface/village_interface/msg
-- Up-to-date: /home/wuling/hpc/ros2_learn/town_ws/install/village_interface/include/village_interface/village_interface/msg/detail
-- Up-to-date: /home/wuling/hpc/ros2_learn/town_ws/install/village_interface/include/village_interface/village_interface/msg/detail/novel__type_support.c
-- Up-to-date: /home/wuling/hpc/ros2_learn/town_ws/install/village_interface/include/village_interface/village_interface/msg/detail/novel__rosidl_typesupport_introspection_c.h
-- Up-to-date: /home/wuling/hpc/ros2_learn/town_ws/install/village_interface/include/village_interface/village_interface/msg/rosidl_typesupport_introspection_c__visibility_control.h
-- Up-to-date: /home/wuling/hpc/ros2_learn/town_ws/install/village_interface/lib/libvillage_interface__rosidl_typesupport_introspection_c.so
-- Up-to-date: /home/wuling/hpc/ros2_learn/town_ws/install/village_interface/lib/libvillage_interface__rosidl_typesupport_c.so
-- Up-to-date: /home/wuling/hpc/ros2_learn/town_ws/install/village_interface/include/village_interface/village_interface
-- Up-to-date: /home/wuling/hpc/ros2_learn/town_ws/install/village_interface/include/village_interface/village_interface/srv
-- Up-to-date: /home/wuling/hpc/ros2_learn/town_ws/install/village_interface/include/village_interface/village_interface/srv/detail
-- Up-to-date: /home/wuling/hpc/ros2_learn/town_ws/install/village_interface/include/village_interface/village_interface/srv/detail/sell_novel__rosidl_typesupport_introspection_cpp.hpp
-- Up-to-date: /home/wuling/hpc/ros2_learn/town_ws/install/village_interface/include/village_interface/village_interface/srv/detail/borrow_money__rosidl_typesupport_introspection_cpp.hpp
-- Up-to-date: /home/wuling/hpc/ros2_learn/town_ws/install/village_interface/include/village_interface/village_interface/srv/detail/sell_novel__type_support.cpp
-- Up-to-date: /home/wuling/hpc/ros2_learn/town_ws/install/village_interface/include/village_interface/village_interface/srv/detail/borrow_money__type_support.cpp
-- Up-to-date: /home/wuling/hpc/ros2_learn/town_ws/install/village_interface/include/village_interface/village_interface/msg
-- Up-to-date: /home/wuling/hpc/ros2_learn/town_ws/install/village_interface/include/village_interface/village_interface/msg/detail
-- Up-to-date: /home/wuling/hpc/ros2_learn/town_ws/install/village_interface/include/village_interface/village_interface/msg/detail/novel__rosidl_typesupport_introspection_cpp.hpp
-- Up-to-date: /home/wuling/hpc/ros2_learn/town_ws/install/village_interface/include/village_interface/village_interface/msg/detail/novel__type_support.cpp
-- Up-to-date: /home/wuling/hpc/ros2_learn/town_ws/install/village_interface/lib/libvillage_interface__rosidl_typesupport_introspection_cpp.so
-- Up-to-date: /home/wuling/hpc/ros2_learn/town_ws/install/village_interface/lib/libvillage_interface__rosidl_typesupport_cpp.so
-- Up-to-date: /home/wuling/hpc/ros2_learn/town_ws/install/village_interface/share/village_interface/environment/pythonpath.sh
-- Up-to-date: /home/wuling/hpc/ros2_learn/town_ws/install/village_interface/share/village_interface/environment/pythonpath.dsv
-- Up-to-date: /home/wuling/hpc/ros2_learn/town_ws/install/village_interface/local/lib/python3.10/dist-packages/village_interface-0.0.0-py3.10.egg-info
-- Installing: /home/wuling/hpc/ros2_learn/town_ws/install/village_interface/local/lib/python3.10/dist-packages/village_interface-0.0.0-py3.10.egg-info/top_level.txt
-- Installing: /home/wuling/hpc/ros2_learn/town_ws/install/village_interface/local/lib/python3.10/dist-packages/village_interface-0.0.0-py3.10.egg-info/dependency_links.txt
-- Installing: /home/wuling/hpc/ros2_learn/town_ws/install/village_interface/local/lib/python3.10/dist-packages/village_interface-0.0.0-py3.10.egg-info/PKG-INFO
-- Installing: /home/wuling/hpc/ros2_learn/town_ws/install/village_interface/local/lib/python3.10/dist-packages/village_interface-0.0.0-py3.10.egg-info/SOURCES.txt
-- Up-to-date: /home/wuling/hpc/ros2_learn/town_ws/install/village_interface/local/lib/python3.10/dist-packages/village_interface
-- Up-to-date: /home/wuling/hpc/ros2_learn/town_ws/install/village_interface/local/lib/python3.10/dist-packages/village_interface/_village_interface_s.ep.rosidl_typesupport_c.c
-- Up-to-date: /home/wuling/hpc/ros2_learn/town_ws/install/village_interface/local/lib/python3.10/dist-packages/village_interface/village_interface_s__rosidl_typesupport_introspection_c.cpython-310-x86_64-linux-gnu.so
-- Up-to-date: /home/wuling/hpc/ros2_learn/town_ws/install/village_interface/local/lib/python3.10/dist-packages/village_interface/srv
-- Up-to-date: /home/wuling/hpc/ros2_learn/town_ws/install/village_interface/local/lib/python3.10/dist-packages/village_interface/srv/_borrow_money_s.c
-- Up-to-date: /home/wuling/hpc/ros2_learn/town_ws/install/village_interface/local/lib/python3.10/dist-packages/village_interface/srv/_sell_novel.py
-- Up-to-date: /home/wuling/hpc/ros2_learn/town_ws/install/village_interface/local/lib/python3.10/dist-packages/village_interface/srv/_borrow_money.py
-- Up-to-date: /home/wuling/hpc/ros2_learn/town_ws/install/village_interface/local/lib/python3.10/dist-packages/village_interface/srv/__init__.py
-- Up-to-date: /home/wuling/hpc/ros2_learn/town_ws/install/village_interface/local/lib/python3.10/dist-packages/village_interface/srv/_sell_novel_s.c
-- Up-to-date: /home/wuling/hpc/ros2_learn/town_ws/install/village_interface/local/lib/python3.10/dist-packages/village_interface/libvillage_interface__rosidl_generator_py.so
-- Up-to-date: /home/wuling/hpc/ros2_learn/town_ws/install/village_interface/local/lib/python3.10/dist-packages/village_interface/village_interface_s__rosidl_typesupport_c.cpython-310-x86_64-linux-gnu.so
-- Up-to-date: /home/wuling/hpc/ros2_learn/town_ws/install/village_interface/local/lib/python3.10/dist-packages/village_interface/_village_interface_s.ep.rosidl_typesupport_fastrtps_c.c
-- Up-to-date: /home/wuling/hpc/ros2_learn/town_ws/install/village_interface/local/lib/python3.10/dist-packages/village_interface/__init__.py
-- Up-to-date: /home/wuling/hpc/ros2_learn/town_ws/install/village_interface/local/lib/python3.10/dist-packages/village_interface/msg
-- Up-to-date: /home/wuling/hpc/ros2_learn/town_ws/install/village_interface/local/lib/python3.10/dist-packages/village_interface/msg/_novel_s.c
-- Up-to-date: /home/wuling/hpc/ros2_learn/town_ws/install/village_interface/local/lib/python3.10/dist-packages/village_interface/msg/_novel.py
-- Up-to-date: /home/wuling/hpc/ros2_learn/town_ws/install/village_interface/local/lib/python3.10/dist-packages/village_interface/msg/__init__.py
-- Up-to-date: /home/wuling/hpc/ros2_learn/town_ws/install/village_interface/local/lib/python3.10/dist-packages/village_interface/_village_interface_s.ep.rosidl_typesupport_introspection_c.c
-- Up-to-date: /home/wuling/hpc/ros2_learn/town_ws/install/village_interface/local/lib/python3.10/dist-packages/village_interface/village_interface_s__rosidl_typesupport_fastrtps_c.cpython-310-x86_64-linux-gnu.so
Listing '/home/wuling/hpc/ros2_learn/town_ws/install/village_interface/local/lib/python3.10/dist-packages/village_interface'...
Listing '/home/wuling/hpc/ros2_learn/town_ws/install/village_interface/local/lib/python3.10/dist-packages/village_interface/msg'...
Listing '/home/wuling/hpc/ros2_learn/town_ws/install/village_interface/local/lib/python3.10/dist-packages/village_interface/srv'...
-- Up-to-date: /home/wuling/hpc/ros2_learn/town_ws/install/village_interface/local/lib/python3.10/dist-packages/village_interface/village_interface_s__rosidl_typesupport_fastrtps_c.cpython-310-x86_64-linux-gnu.so
-- Up-to-date: /home/wuling/hpc/ros2_learn/town_ws/install/village_interface/local/lib/python3.10/dist-packages/village_interface/village_interface_s__rosidl_typesupport_introspection_c.cpython-310-x86_64-linux-gnu.so
-- Up-to-date: /home/wuling/hpc/ros2_learn/town_ws/install/village_interface/local/lib/python3.10/dist-packages/village_interface/village_interface_s__rosidl_typesupport_c.cpython-310-x86_64-linux-gnu.so
-- Up-to-date: /home/wuling/hpc/ros2_learn/town_ws/install/village_interface/lib/libvillage_interface__rosidl_generator_py.so
-- Up-to-date: /home/wuling/hpc/ros2_learn/town_ws/install/village_interface/share/village_interface/msg/Novel.idl
-- Up-to-date: /home/wuling/hpc/ros2_learn/town_ws/install/village_interface/share/village_interface/srv/BorrowMoney.idl
-- Up-to-date: /home/wuling/hpc/ros2_learn/town_ws/install/village_interface/share/village_interface/srv/SellNovel.idl
-- Up-to-date: /home/wuling/hpc/ros2_learn/town_ws/install/village_interface/share/village_interface/msg/Novel.msg
-- Up-to-date: /home/wuling/hpc/ros2_learn/town_ws/install/village_interface/share/village_interface/srv/BorrowMoney.srv
-- Up-to-date: /home/wuling/hpc/ros2_learn/town_ws/install/village_interface/share/village_interface/srv/BorrowMoney_Request.msg
-- Up-to-date: /home/wuling/hpc/ros2_learn/town_ws/install/village_interface/share/village_interface/srv/BorrowMoney_Response.msg
-- Up-to-date: /home/wuling/hpc/ros2_learn/town_ws/install/village_interface/share/village_interface/srv/SellNovel.srv
-- Up-to-date: /home/wuling/hpc/ros2_learn/town_ws/install/village_interface/share/village_interface/srv/SellNovel_Request.msg
-- Up-to-date: /home/wuling/hpc/ros2_learn/town_ws/install/village_interface/share/village_interface/srv/SellNovel_Response.msg
-- Up-to-date: /home/wuling/hpc/ros2_learn/town_ws/install/village_interface/share/ament_index/resource_index/package_run_dependencies/village_interface
-- Up-to-date: /home/wuling/hpc/ros2_learn/town_ws/install/village_interface/share/ament_index/resource_index/parent_prefix_path/village_interface
-- Up-to-date: /home/wuling/hpc/ros2_learn/town_ws/install/village_interface/share/village_interface/environment/ament_prefix_path.sh
-- Up-to-date: /home/wuling/hpc/ros2_learn/town_ws/install/village_interface/share/village_interface/environment/ament_prefix_path.dsv
-- Up-to-date: /home/wuling/hpc/ros2_learn/town_ws/install/village_interface/share/village_interface/environment/path.sh
-- Up-to-date: /home/wuling/hpc/ros2_learn/town_ws/install/village_interface/share/village_interface/environment/path.dsv
-- Up-to-date: /home/wuling/hpc/ros2_learn/town_ws/install/village_interface/share/village_interface/local_setup.bash
-- Up-to-date: /home/wuling/hpc/ros2_learn/town_ws/install/village_interface/share/village_interface/local_setup.sh
-- Up-to-date: /home/wuling/hpc/ros2_learn/town_ws/install/village_interface/share/village_interface/local_setup.zsh
-- Up-to-date: /home/wuling/hpc/ros2_learn/town_ws/install/village_interface/share/village_interface/local_setup.dsv
-- Installing: /home/wuling/hpc/ros2_learn/town_ws/install/village_interface/share/village_interface/package.dsv
-- Up-to-date: /home/wuling/hpc/ros2_learn/town_ws/install/village_interface/share/ament_index/resource_index/packages/village_interface
-- Up-to-date: /home/wuling/hpc/ros2_learn/town_ws/install/village_interface/share/village_interface/cmake/export_village_interface__rosidl_generator_cExport.cmake
-- Up-to-date: /home/wuling/hpc/ros2_learn/town_ws/install/village_interface/share/village_interface/cmake/export_village_interface__rosidl_generator_cExport-noconfig.cmake
-- Up-to-date: /home/wuling/hpc/ros2_learn/town_ws/install/village_interface/share/village_interface/cmake/export_village_interface__rosidl_typesupport_fastrtps_cExport.cmake
-- Up-to-date: /home/wuling/hpc/ros2_learn/town_ws/install/village_interface/share/village_interface/cmake/export_village_interface__rosidl_typesupport_fastrtps_cExport-noconfig.cmake
-- Up-to-date: /home/wuling/hpc/ros2_learn/town_ws/install/village_interface/share/village_interface/cmake/export_village_interface__rosidl_generator_cppExport.cmake
-- Up-to-date: /home/wuling/hpc/ros2_learn/town_ws/install/village_interface/share/village_interface/cmake/export_village_interface__rosidl_typesupport_fastrtps_cppExport.cmake
-- Up-to-date: /home/wuling/hpc/ros2_learn/town_ws/install/village_interface/share/village_interface/cmake/export_village_interface__rosidl_typesupport_fastrtps_cppExport-noconfig.cmake
-- Up-to-date: /home/wuling/hpc/ros2_learn/town_ws/install/village_interface/share/village_interface/cmake/village_interface__rosidl_typesupport_introspection_cExport.cmake
-- Up-to-date: /home/wuling/hpc/ros2_learn/town_ws/install/village_interface/share/village_interface/cmake/village_interface__rosidl_typesupport_introspection_cExport-noconfig.cmake
-- Up-to-date: /home/wuling/hpc/ros2_learn/town_ws/install/village_interface/share/village_interface/cmake/village_interface__rosidl_typesupport_cExport.cmake
-- Up-to-date: /home/wuling/hpc/ros2_learn/town_ws/install/village_interface/share/village_interface/cmake/village_interface__rosidl_typesupport_cExport-noconfig.cmake
-- Up-to-date: /home/wuling/hpc/ros2_learn/town_ws/install/village_interface/share/village_interface/cmake/village_interface__rosidl_typesupport_introspection_cppExport.cmake
-- Up-to-date: /home/wuling/hpc/ros2_learn/town_ws/install/village_interface/share/village_interface/cmake/village_interface__rosidl_typesupport_introspection_cppExport-noconfig.cmake
-- Up-to-date: /home/wuling/hpc/ros2_learn/town_ws/install/village_interface/share/village_interface/cmake/village_interface__rosidl_typesupport_cppExport.cmake
-- Up-to-date: /home/wuling/hpc/ros2_learn/town_ws/install/village_interface/share/village_interface/cmake/village_interface__rosidl_typesupport_cppExport-noconfig.cmake
-- Up-to-date: /home/wuling/hpc/ros2_learn/town_ws/install/village_interface/share/village_interface/cmake/export_village_interface__rosidl_generator_pyExport.cmake
-- Up-to-date: /home/wuling/hpc/ros2_learn/town_ws/install/village_interface/share/village_interface/cmake/export_village_interface__rosidl_generator_pyExport-noconfig.cmake
-- Up-to-date: /home/wuling/hpc/ros2_learn/town_ws/install/village_interface/share/village_interface/cmake/rosidl_cmake-extras.cmake
-- Up-to-date: /home/wuling/hpc/ros2_learn/town_ws/install/village_interface/share/village_interface/cmake/ament_cmake_export_dependencies-extras.cmake
-- Up-to-date: /home/wuling/hpc/ros2_learn/town_ws/install/village_interface/share/village_interface/cmake/ament_cmake_export_include_directories-extras.cmake
-- Up-to-date: /home/wuling/hpc/ros2_learn/town_ws/install/village_interface/share/village_interface/cmake/ament_cmake_export_libraries-extras.cmake
-- Up-to-date: /home/wuling/hpc/ros2_learn/town_ws/install/village_interface/share/village_interface/cmake/ament_cmake_export_targets-extras.cmake
-- Up-to-date: /home/wuling/hpc/ros2_learn/town_ws/install/village_interface/share/village_interface/cmake/rosidl_cmake_export_typesupport_targets-extras.cmake
-- Up-to-date: /home/wuling/hpc/ros2_learn/town_ws/install/village_interface/share/village_interface/cmake/rosidl_cmake_export_typesupport_libraries-extras.cmake
-- Up-to-date: /home/wuling/hpc/ros2_learn/town_ws/install/village_interface/share/village_interface/cmake/village_interfaceConfig.cmake
-- Up-to-date: /home/wuling/hpc/ros2_learn/town_ws/install/village_interface/share/village_interface/cmake/village_interfaceConfig-version.cmake
-- Up-to-date: /home/wuling/hpc/ros2_learn/town_ws/install/village_interface/share/village_interface/package.xml
