[0.009s] Invoking command in '/home/wuling/hpc/ros2_learn/town_ws/build/village_interface': CMAKE_PREFIX_PATH=${CMAKE_PREFIX_PATH}:/home/wuling/hpc/ros2_learn/town_ws/install/village_li:/opt/ros/humble /usr/bin/cmake --build /home/wuling/hpc/ros2_learn/town_ws/build/village_interface -- -j24 -l24
[0.028s] -- Found ament_cmake: 1.3.5 (/opt/ros/humble/share/ament_cmake/cmake)
[0.144s] -- Found sensor_msgs: 4.2.3 (/opt/ros/humble/share/sensor_msgs/cmake)
[0.167s] -- Found rosidl_generator_c: 3.1.5 (/opt/ros/humble/share/rosidl_generator_c/cmake)
[0.169s] -- Found rosidl_adapter: 3.1.5 (/opt/ros/humble/share/rosidl_adapter/cmake)
[0.174s] -- Found rosidl_generator_cpp: 3.1.5 (/opt/ros/humble/share/rosidl_generator_cpp/cmake)
[0.184s] -- Using all available rosidl_typesupport_c: rosidl_typesupport_fastrtps_c;rosidl_typesupport_introspection_c
[0.198s] -- Using all available rosidl_typesupport_cpp: rosidl_typesupport_fastrtps_cpp;rosidl_typesupport_introspection_cpp
[0.323s] -- Found rosidl_default_generators: 1.2.0 (/opt/ros/humble/share/rosidl_default_generators/cmake)
[0.327s] -- Found ament_lint_auto: 0.12.7 (/opt/ros/humble/share/ament_lint_auto/cmake)
[0.509s] -- Found ament_cmake_ros: 0.10.0 (/opt/ros/humble/share/ament_cmake_ros/cmake)
[0.845s] -- Using all available rosidl_typesupport_c: rosidl_typesupport_fastrtps_c;rosidl_typesupport_introspection_c
[0.992s] -- Using all available rosidl_typesupport_cpp: rosidl_typesupport_fastrtps_cpp;rosidl_typesupport_introspection_cpp
[1.009s] -- Found python_cmake_module: 0.10.0 (/opt/ros/humble/share/python_cmake_module/cmake)
[1.024s] -- Using PYTHON_EXECUTABLE: /usr/bin/python3
[1.024s] -- Using PYTHON_INCLUDE_DIRS: /usr/include/python3.10
[1.024s] -- Using PYTHON_LIBRARIES: /usr/lib/x86_64-linux-gnu/libpython3.10.so
[1.074s] -- Added test 'lint_cmake' to check CMake code style
[1.075s] -- Added test 'xmllint' to check XML markup files
[1.078s] -- Configuring done
[1.100s] -- Generating done
[1.101s] -- Build files have been written to: /home/wuling/hpc/ros2_learn/town_ws/build/village_interface
[1.115s] [  2%] [34m[1mGenerating C code for ROS interfaces[0m
[1.120s] [  4%] [34m[1mGenerating C++ code for ROS interfaces[0m
[1.126s] [  4%] Built target ament_cmake_python_copy_village_interface
[1.287s] running egg_info
[1.288s] writing village_interface.egg-info/PKG-INFO
[1.288s] writing dependency_links to village_interface.egg-info/dependency_links.txt
[1.288s] writing top-level names to village_interface.egg-info/top_level.txt
[1.289s] reading manifest file 'village_interface.egg-info/SOURCES.txt'
[1.290s] writing manifest file 'village_interface.egg-info/SOURCES.txt'
[1.305s] [  4%] Built target ament_cmake_python_build_village_interface_egg
[1.410s] [  4%] Built target village_interface__cpp
[1.417s] [ 10%] [34m[1mGenerating C++ introspection for ROS interfaces[0m
[1.417s] [ 10%] [34m[1mGenerating C++ type support for eProsima Fast-RTPS[0m
[1.417s] [ 10%] [34m[1mGenerating C++ type support dispatch for ROS interfaces[0m
[1.452s] [35m[1mConsolidate compiler generated dependencies of target village_interface__rosidl_generator_c[0m
[1.459s] [ 12%] [32mBuilding C object CMakeFiles/village_interface__rosidl_generator_c.dir/rosidl_generator_c/village_interface/msg/detail/novel__functions.c.o[0m
[1.461s] [ 14%] [32mBuilding C object CMakeFiles/village_interface__rosidl_generator_c.dir/rosidl_generator_c/village_interface/srv/detail/borrow_money__functions.c.o[0m
[1.461s] [ 17%] [32mBuilding C object CMakeFiles/village_interface__rosidl_generator_c.dir/rosidl_generator_c/village_interface/srv/detail/sell_novel__functions.c.o[0m
[1.503s] [ 19%] [32m[1mLinking C shared library libvillage_interface__rosidl_generator_c.so[0m
[1.526s] [ 19%] Built target village_interface__rosidl_generator_c
[1.532s] [ 23%] [34m[1mGenerating C type support for eProsima Fast-RTPS[0m
[1.532s] [ 23%] [34m[1mGenerating C type support dispatch for ROS interfaces[0m
[1.533s] [ 25%] [34m[1mGenerating C introspection for ROS interfaces[0m
[1.640s] [35m[1mConsolidate compiler generated dependencies of target village_interface__rosidl_typesupport_cpp[0m
[1.647s] [ 29%] [32mBuilding CXX object CMakeFiles/village_interface__rosidl_typesupport_cpp.dir/rosidl_typesupport_cpp/village_interface/srv/borrow_money__type_support.cpp.o[0m
[1.647s] [ 29%] [32mBuilding CXX object CMakeFiles/village_interface__rosidl_typesupport_cpp.dir/rosidl_typesupport_cpp/village_interface/srv/sell_novel__type_support.cpp.o[0m
[1.647s] [ 31%] [32mBuilding CXX object CMakeFiles/village_interface__rosidl_typesupport_cpp.dir/rosidl_typesupport_cpp/village_interface/msg/novel__type_support.cpp.o[0m
[1.670s] [35m[1mConsolidate compiler generated dependencies of target village_interface__rosidl_typesupport_introspection_cpp[0m
[1.679s] [ 34%] [32mBuilding CXX object CMakeFiles/village_interface__rosidl_typesupport_introspection_cpp.dir/rosidl_typesupport_introspection_cpp/village_interface/msg/detail/novel__type_support.cpp.o[0m
[1.679s] [ 36%] [32mBuilding CXX object CMakeFiles/village_interface__rosidl_typesupport_introspection_cpp.dir/rosidl_typesupport_introspection_cpp/village_interface/srv/detail/sell_novel__type_support.cpp.o[0m
[1.680s] [ 38%] [32mBuilding CXX object CMakeFiles/village_interface__rosidl_typesupport_introspection_cpp.dir/rosidl_typesupport_introspection_cpp/village_interface/srv/detail/borrow_money__type_support.cpp.o[0m
[1.770s] [35m[1mConsolidate compiler generated dependencies of target village_interface__rosidl_typesupport_c[0m
[1.778s] [ 42%] [32mBuilding CXX object CMakeFiles/village_interface__rosidl_typesupport_c.dir/rosidl_typesupport_c/village_interface/srv/sell_novel__type_support.cpp.o[0m
[1.778s] [ 42%] [32mBuilding CXX object CMakeFiles/village_interface__rosidl_typesupport_c.dir/rosidl_typesupport_c/village_interface/msg/novel__type_support.cpp.o[0m
[1.778s] [ 44%] [32mBuilding CXX object CMakeFiles/village_interface__rosidl_typesupport_c.dir/rosidl_typesupport_c/village_interface/srv/borrow_money__type_support.cpp.o[0m
[1.807s] [ 46%] [32m[1mLinking CXX shared library libvillage_interface__rosidl_typesupport_c.so[0m
[1.824s] [35m[1mConsolidate compiler generated dependencies of target village_interface__rosidl_typesupport_introspection_c[0m
[1.833s] [ 51%] [32mBuilding C object CMakeFiles/village_interface__rosidl_typesupport_introspection_c.dir/rosidl_typesupport_introspection_c/village_interface/msg/detail/novel__type_support.c.o[0m
[1.833s] [ 51%] [32mBuilding C object CMakeFiles/village_interface__rosidl_typesupport_introspection_c.dir/rosidl_typesupport_introspection_c/village_interface/srv/detail/sell_novel__type_support.c.o[0m
[1.834s] [ 53%] [32mBuilding C object CMakeFiles/village_interface__rosidl_typesupport_introspection_c.dir/rosidl_typesupport_introspection_c/village_interface/srv/detail/borrow_money__type_support.c.o[0m
[1.839s] [ 53%] Built target village_interface__rosidl_typesupport_c
[1.842s] [35m[1mConsolidate compiler generated dependencies of target village_interface__rosidl_typesupport_fastrtps_cpp[0m
[1.853s] [ 59%] [32mBuilding CXX object CMakeFiles/village_interface__rosidl_typesupport_fastrtps_cpp.dir/rosidl_typesupport_fastrtps_cpp/village_interface/msg/detail/dds_fastrtps/novel__type_support.cpp.o[0m
[1.853s] [ 59%] [32mBuilding CXX object CMakeFiles/village_interface__rosidl_typesupport_fastrtps_cpp.dir/rosidl_typesupport_fastrtps_cpp/village_interface/srv/detail/dds_fastrtps/sell_novel__type_support.cpp.o[0m
[1.853s] [ 59%] [32mBuilding CXX object CMakeFiles/village_interface__rosidl_typesupport_fastrtps_cpp.dir/rosidl_typesupport_fastrtps_cpp/village_interface/srv/detail/dds_fastrtps/borrow_money__type_support.cpp.o[0m
[1.865s] [ 61%] [32m[1mLinking C shared library libvillage_interface__rosidl_typesupport_introspection_c.so[0m
[1.887s] [ 61%] Built target village_interface__rosidl_typesupport_introspection_c
[1.910s] [ 63%] [32m[1mLinking CXX shared library libvillage_interface__rosidl_typesupport_cpp.so[0m
[1.927s] [ 65%] [32m[1mLinking CXX shared library libvillage_interface__rosidl_typesupport_introspection_cpp.so[0m
[1.935s] [ 65%] Built target village_interface__rosidl_typesupport_cpp
[1.935s] [35m[1mConsolidate compiler generated dependencies of target village_interface__rosidl_typesupport_fastrtps_c[0m
[1.943s] [ 70%] [32mBuilding CXX object CMakeFiles/village_interface__rosidl_typesupport_fastrtps_c.dir/rosidl_typesupport_fastrtps_c/village_interface/msg/detail/novel__type_support_c.cpp.o[0m
[1.943s] [ 70%] [32mBuilding CXX object CMakeFiles/village_interface__rosidl_typesupport_fastrtps_c.dir/rosidl_typesupport_fastrtps_c/village_interface/srv/detail/borrow_money__type_support_c.cpp.o[0m
[1.944s] [ 72%] [32mBuilding CXX object CMakeFiles/village_interface__rosidl_typesupport_fastrtps_c.dir/rosidl_typesupport_fastrtps_c/village_interface/srv/detail/sell_novel__type_support_c.cpp.o[0m
[1.974s] [ 72%] Built target village_interface__rosidl_typesupport_introspection_cpp
[2.191s] [ 74%] [32m[1mLinking CXX shared library libvillage_interface__rosidl_typesupport_fastrtps_cpp.so[0m
[2.234s] [ 74%] Built target village_interface__rosidl_typesupport_fastrtps_cpp
[2.248s] [ 76%] [32m[1mLinking CXX shared library libvillage_interface__rosidl_typesupport_fastrtps_c.so[0m
[2.308s] [ 76%] Built target village_interface__rosidl_typesupport_fastrtps_c
[2.317s] [ 76%] Built target village_interface
[2.330s] [ 78%] [34m[1mGenerating Python code for ROS interfaces[0m
[2.825s] [ 78%] Built target village_interface__py
[2.830s] [35m[1mConsolidate compiler generated dependencies of target village_interface__rosidl_generator_py[0m
[2.837s] [ 80%] [32mBuilding C object CMakeFiles/village_interface__rosidl_generator_py.dir/rosidl_generator_py/village_interface/msg/_novel_s.c.o[0m
[2.837s] [ 82%] [32mBuilding C object CMakeFiles/village_interface__rosidl_generator_py.dir/rosidl_generator_py/village_interface/srv/_sell_novel_s.c.o[0m
[2.838s] [ 85%] [32mBuilding C object CMakeFiles/village_interface__rosidl_generator_py.dir/rosidl_generator_py/village_interface/srv/_borrow_money_s.c.o[0m
[2.914s] [ 87%] [32m[1mLinking C shared library rosidl_generator_py/village_interface/libvillage_interface__rosidl_generator_py.so[0m
[2.946s] [ 87%] Built target village_interface__rosidl_generator_py
[2.951s] [35m[1mConsolidate compiler generated dependencies of target village_interface__rosidl_typesupport_introspection_c__pyext[0m
[2.951s] [35m[1mConsolidate compiler generated dependencies of target village_interface__rosidl_typesupport_fastrtps_c__pyext[0m
[2.952s] [35m[1mConsolidate compiler generated dependencies of target village_interface__rosidl_typesupport_c__pyext[0m
[2.958s] [ 91%] [32mBuilding C object CMakeFiles/village_interface__rosidl_typesupport_introspection_c__pyext.dir/rosidl_generator_py/village_interface/_village_interface_s.ep.rosidl_typesupport_introspection_c.c.o[0m
[2.958s] [ 91%] [32mBuilding C object CMakeFiles/village_interface__rosidl_typesupport_fastrtps_c__pyext.dir/rosidl_generator_py/village_interface/_village_interface_s.ep.rosidl_typesupport_fastrtps_c.c.o[0m
[2.958s] [ 93%] [32mBuilding C object CMakeFiles/village_interface__rosidl_typesupport_c__pyext.dir/rosidl_generator_py/village_interface/_village_interface_s.ep.rosidl_typesupport_c.c.o[0m
[3.026s] [ 95%] [32m[1mLinking C shared library rosidl_generator_py/village_interface/village_interface_s__rosidl_typesupport_c.cpython-310-x86_64-linux-gnu.so[0m
[3.040s] [ 97%] [32m[1mLinking C shared library rosidl_generator_py/village_interface/village_interface_s__rosidl_typesupport_introspection_c.cpython-310-x86_64-linux-gnu.so[0m
[3.049s] [ 97%] Built target village_interface__rosidl_typesupport_c__pyext
[3.060s] [100%] [32m[1mLinking C shared library rosidl_generator_py/village_interface/village_interface_s__rosidl_typesupport_fastrtps_c.cpython-310-x86_64-linux-gnu.so[0m
[3.073s] [100%] Built target village_interface__rosidl_typesupport_introspection_c__pyext
[3.088s] [100%] Built target village_interface__rosidl_typesupport_fastrtps_c__pyext
[3.094s] Invoked command in '/home/wuling/hpc/ros2_learn/town_ws/build/village_interface' returned '0': CMAKE_PREFIX_PATH=${CMAKE_PREFIX_PATH}:/home/wuling/hpc/ros2_learn/town_ws/install/village_li:/opt/ros/humble /usr/bin/cmake --build /home/wuling/hpc/ros2_learn/town_ws/build/village_interface -- -j24 -l24
[3.146s] Invoking command in '/home/wuling/hpc/ros2_learn/town_ws/build/village_interface': CMAKE_PREFIX_PATH=${CMAKE_PREFIX_PATH}:/home/wuling/hpc/ros2_learn/town_ws/install/village_li:/opt/ros/humble /usr/bin/cmake --install /home/wuling/hpc/ros2_learn/town_ws/build/village_interface
[3.150s] -- Install configuration: ""
[3.150s] -- Installing: /home/wuling/hpc/ros2_learn/town_ws/install/village_interface/share/ament_index/resource_index/rosidl_interfaces/village_interface
[3.150s] -- Up-to-date: /home/wuling/hpc/ros2_learn/town_ws/install/village_interface/include/village_interface/village_interface
[3.150s] -- Up-to-date: /home/wuling/hpc/ros2_learn/town_ws/install/village_interface/include/village_interface/village_interface/srv
[3.150s] -- Installing: /home/wuling/hpc/ros2_learn/town_ws/install/village_interface/include/village_interface/village_interface/srv/borrow_money.h
[3.150s] -- Installing: /home/wuling/hpc/ros2_learn/town_ws/install/village_interface/include/village_interface/village_interface/srv/sell_novel.h
[3.150s] -- Up-to-date: /home/wuling/hpc/ros2_learn/town_ws/install/village_interface/include/village_interface/village_interface/srv/detail
[3.150s] -- Installing: /home/wuling/hpc/ros2_learn/town_ws/install/village_interface/include/village_interface/village_interface/srv/detail/borrow_money__functions.c
[3.150s] -- Installing: /home/wuling/hpc/ros2_learn/town_ws/install/village_interface/include/village_interface/village_interface/srv/detail/borrow_money__struct.h
[3.151s] -- Installing: /home/wuling/hpc/ros2_learn/town_ws/install/village_interface/include/village_interface/village_interface/srv/detail/sell_novel__functions.h
[3.151s] -- Installing: /home/wuling/hpc/ros2_learn/town_ws/install/village_interface/include/village_interface/village_interface/srv/detail/sell_novel__functions.c
[3.151s] -- Installing: /home/wuling/hpc/ros2_learn/town_ws/install/village_interface/include/village_interface/village_interface/srv/detail/sell_novel__struct.h
[3.151s] -- Installing: /home/wuling/hpc/ros2_learn/town_ws/install/village_interface/include/village_interface/village_interface/srv/detail/borrow_money__type_support.h
[3.151s] -- Installing: /home/wuling/hpc/ros2_learn/town_ws/install/village_interface/include/village_interface/village_interface/srv/detail/sell_novel__type_support.h
[3.151s] -- Installing: /home/wuling/hpc/ros2_learn/town_ws/install/village_interface/include/village_interface/village_interface/srv/detail/borrow_money__functions.h
[3.151s] -- Up-to-date: /home/wuling/hpc/ros2_learn/town_ws/install/village_interface/include/village_interface/village_interface/msg
[3.151s] -- Up-to-date: /home/wuling/hpc/ros2_learn/town_ws/install/village_interface/include/village_interface/village_interface/msg/rosidl_generator_c__visibility_control.h
[3.151s] -- Up-to-date: /home/wuling/hpc/ros2_learn/town_ws/install/village_interface/include/village_interface/village_interface/msg/detail
[3.151s] -- Installing: /home/wuling/hpc/ros2_learn/town_ws/install/village_interface/include/village_interface/village_interface/msg/detail/novel__functions.c
[3.151s] -- Installing: /home/wuling/hpc/ros2_learn/town_ws/install/village_interface/include/village_interface/village_interface/msg/detail/novel__functions.h
[3.151s] -- Installing: /home/wuling/hpc/ros2_learn/town_ws/install/village_interface/include/village_interface/village_interface/msg/detail/novel__struct.h
[3.151s] -- Installing: /home/wuling/hpc/ros2_learn/town_ws/install/village_interface/include/village_interface/village_interface/msg/detail/novel__type_support.h
[3.152s] -- Installing: /home/wuling/hpc/ros2_learn/town_ws/install/village_interface/include/village_interface/village_interface/msg/novel.h
[3.152s] -- Up-to-date: /home/wuling/hpc/ros2_learn/town_ws/install/village_interface/share/village_interface/environment/library_path.sh
[3.152s] -- Installing: /home/wuling/hpc/ros2_learn/town_ws/install/village_interface/share/village_interface/environment/library_path.dsv
[3.152s] -- Installing: /home/wuling/hpc/ros2_learn/town_ws/install/village_interface/lib/libvillage_interface__rosidl_generator_c.so
[3.152s] -- Set runtime path of "/home/wuling/hpc/ros2_learn/town_ws/install/village_interface/lib/libvillage_interface__rosidl_generator_c.so" to ""
[3.152s] -- Up-to-date: /home/wuling/hpc/ros2_learn/town_ws/install/village_interface/include/village_interface/village_interface
[3.152s] -- Up-to-date: /home/wuling/hpc/ros2_learn/town_ws/install/village_interface/include/village_interface/village_interface/srv
[3.152s] -- Up-to-date: /home/wuling/hpc/ros2_learn/town_ws/install/village_interface/include/village_interface/village_interface/srv/detail
[3.152s] -- Installing: /home/wuling/hpc/ros2_learn/town_ws/install/village_interface/include/village_interface/village_interface/srv/detail/sell_novel__rosidl_typesupport_fastrtps_c.h
[3.152s] -- Installing: /home/wuling/hpc/ros2_learn/town_ws/install/village_interface/include/village_interface/village_interface/srv/detail/borrow_money__rosidl_typesupport_fastrtps_c.h
[3.152s] -- Up-to-date: /home/wuling/hpc/ros2_learn/town_ws/install/village_interface/include/village_interface/village_interface/msg
[3.152s] -- Up-to-date: /home/wuling/hpc/ros2_learn/town_ws/install/village_interface/include/village_interface/village_interface/msg/rosidl_typesupport_fastrtps_c__visibility_control.h
[3.152s] -- Up-to-date: /home/wuling/hpc/ros2_learn/town_ws/install/village_interface/include/village_interface/village_interface/msg/detail
[3.153s] -- Installing: /home/wuling/hpc/ros2_learn/town_ws/install/village_interface/include/village_interface/village_interface/msg/detail/novel__rosidl_typesupport_fastrtps_c.h
[3.153s] -- Installing: /home/wuling/hpc/ros2_learn/town_ws/install/village_interface/lib/libvillage_interface__rosidl_typesupport_fastrtps_c.so
[3.153s] -- Set runtime path of "/home/wuling/hpc/ros2_learn/town_ws/install/village_interface/lib/libvillage_interface__rosidl_typesupport_fastrtps_c.so" to ""
[3.153s] -- Up-to-date: /home/wuling/hpc/ros2_learn/town_ws/install/village_interface/include/village_interface/village_interface
[3.153s] -- Up-to-date: /home/wuling/hpc/ros2_learn/town_ws/install/village_interface/include/village_interface/village_interface/srv
[3.153s] -- Installing: /home/wuling/hpc/ros2_learn/town_ws/install/village_interface/include/village_interface/village_interface/srv/sell_novel.hpp
[3.153s] -- Installing: /home/wuling/hpc/ros2_learn/town_ws/install/village_interface/include/village_interface/village_interface/srv/borrow_money.hpp
[3.153s] -- Up-to-date: /home/wuling/hpc/ros2_learn/town_ws/install/village_interface/include/village_interface/village_interface/srv/detail
[3.153s] -- Installing: /home/wuling/hpc/ros2_learn/town_ws/install/village_interface/include/village_interface/village_interface/srv/detail/borrow_money__builder.hpp
[3.153s] -- Installing: /home/wuling/hpc/ros2_learn/town_ws/install/village_interface/include/village_interface/village_interface/srv/detail/borrow_money__traits.hpp
[3.153s] -- Installing: /home/wuling/hpc/ros2_learn/town_ws/install/village_interface/include/village_interface/village_interface/srv/detail/sell_novel__struct.hpp
[3.153s] -- Installing: /home/wuling/hpc/ros2_learn/town_ws/install/village_interface/include/village_interface/village_interface/srv/detail/borrow_money__struct.hpp
[3.153s] -- Installing: /home/wuling/hpc/ros2_learn/town_ws/install/village_interface/include/village_interface/village_interface/srv/detail/sell_novel__builder.hpp
[3.154s] -- Installing: /home/wuling/hpc/ros2_learn/town_ws/install/village_interface/include/village_interface/village_interface/srv/detail/sell_novel__traits.hpp
[3.154s] -- Up-to-date: /home/wuling/hpc/ros2_learn/town_ws/install/village_interface/include/village_interface/village_interface/msg
[3.154s] -- Installing: /home/wuling/hpc/ros2_learn/town_ws/install/village_interface/include/village_interface/village_interface/msg/novel.hpp
[3.154s] -- Up-to-date: /home/wuling/hpc/ros2_learn/town_ws/install/village_interface/include/village_interface/village_interface/msg/detail
[3.154s] -- Installing: /home/wuling/hpc/ros2_learn/town_ws/install/village_interface/include/village_interface/village_interface/msg/detail/novel__traits.hpp
[3.154s] -- Installing: /home/wuling/hpc/ros2_learn/town_ws/install/village_interface/include/village_interface/village_interface/msg/detail/novel__struct.hpp
[3.154s] -- Installing: /home/wuling/hpc/ros2_learn/town_ws/install/village_interface/include/village_interface/village_interface/msg/detail/novel__builder.hpp
[3.154s] -- Up-to-date: /home/wuling/hpc/ros2_learn/town_ws/install/village_interface/include/village_interface/village_interface
[3.154s] -- Up-to-date: /home/wuling/hpc/ros2_learn/town_ws/install/village_interface/include/village_interface/village_interface/srv
[3.154s] -- Up-to-date: /home/wuling/hpc/ros2_learn/town_ws/install/village_interface/include/village_interface/village_interface/srv/detail
[3.154s] -- Installing: /home/wuling/hpc/ros2_learn/town_ws/install/village_interface/include/village_interface/village_interface/srv/detail/borrow_money__rosidl_typesupport_fastrtps_cpp.hpp
[3.155s] -- Installing: /home/wuling/hpc/ros2_learn/town_ws/install/village_interface/include/village_interface/village_interface/srv/detail/sell_novel__rosidl_typesupport_fastrtps_cpp.hpp
[3.155s] -- Up-to-date: /home/wuling/hpc/ros2_learn/town_ws/install/village_interface/include/village_interface/village_interface/srv/detail/dds_fastrtps
[3.155s] -- Up-to-date: /home/wuling/hpc/ros2_learn/town_ws/install/village_interface/include/village_interface/village_interface/msg
[3.155s] -- Up-to-date: /home/wuling/hpc/ros2_learn/town_ws/install/village_interface/include/village_interface/village_interface/msg/rosidl_typesupport_fastrtps_cpp__visibility_control.h
[3.155s] -- Up-to-date: /home/wuling/hpc/ros2_learn/town_ws/install/village_interface/include/village_interface/village_interface/msg/detail
[3.155s] -- Installing: /home/wuling/hpc/ros2_learn/town_ws/install/village_interface/include/village_interface/village_interface/msg/detail/novel__rosidl_typesupport_fastrtps_cpp.hpp
[3.155s] -- Up-to-date: /home/wuling/hpc/ros2_learn/town_ws/install/village_interface/include/village_interface/village_interface/msg/detail/dds_fastrtps
[3.155s] -- Installing: /home/wuling/hpc/ros2_learn/town_ws/install/village_interface/lib/libvillage_interface__rosidl_typesupport_fastrtps_cpp.so
[3.155s] -- Set runtime path of "/home/wuling/hpc/ros2_learn/town_ws/install/village_interface/lib/libvillage_interface__rosidl_typesupport_fastrtps_cpp.so" to ""
[3.155s] -- Up-to-date: /home/wuling/hpc/ros2_learn/town_ws/install/village_interface/include/village_interface/village_interface
[3.155s] -- Up-to-date: /home/wuling/hpc/ros2_learn/town_ws/install/village_interface/include/village_interface/village_interface/srv
[3.156s] -- Up-to-date: /home/wuling/hpc/ros2_learn/town_ws/install/village_interface/include/village_interface/village_interface/srv/detail
[3.156s] -- Installing: /home/wuling/hpc/ros2_learn/town_ws/install/village_interface/include/village_interface/village_interface/srv/detail/sell_novel__rosidl_typesupport_introspection_c.h
[3.156s] -- Installing: /home/wuling/hpc/ros2_learn/town_ws/install/village_interface/include/village_interface/village_interface/srv/detail/borrow_money__type_support.c
[3.156s] -- Installing: /home/wuling/hpc/ros2_learn/town_ws/install/village_interface/include/village_interface/village_interface/srv/detail/sell_novel__type_support.c
[3.156s] -- Installing: /home/wuling/hpc/ros2_learn/town_ws/install/village_interface/include/village_interface/village_interface/srv/detail/borrow_money__rosidl_typesupport_introspection_c.h
[3.156s] -- Up-to-date: /home/wuling/hpc/ros2_learn/town_ws/install/village_interface/include/village_interface/village_interface/msg
[3.156s] -- Up-to-date: /home/wuling/hpc/ros2_learn/town_ws/install/village_interface/include/village_interface/village_interface/msg/detail
[3.156s] -- Installing: /home/wuling/hpc/ros2_learn/town_ws/install/village_interface/include/village_interface/village_interface/msg/detail/novel__type_support.c
[3.156s] -- Installing: /home/wuling/hpc/ros2_learn/town_ws/install/village_interface/include/village_interface/village_interface/msg/detail/novel__rosidl_typesupport_introspection_c.h
[3.156s] -- Up-to-date: /home/wuling/hpc/ros2_learn/town_ws/install/village_interface/include/village_interface/village_interface/msg/rosidl_typesupport_introspection_c__visibility_control.h
[3.156s] -- Installing: /home/wuling/hpc/ros2_learn/town_ws/install/village_interface/lib/libvillage_interface__rosidl_typesupport_introspection_c.so
[3.156s] -- Set runtime path of "/home/wuling/hpc/ros2_learn/town_ws/install/village_interface/lib/libvillage_interface__rosidl_typesupport_introspection_c.so" to ""
[3.156s] -- Installing: /home/wuling/hpc/ros2_learn/town_ws/install/village_interface/lib/libvillage_interface__rosidl_typesupport_c.so
[3.156s] -- Set runtime path of "/home/wuling/hpc/ros2_learn/town_ws/install/village_interface/lib/libvillage_interface__rosidl_typesupport_c.so" to ""
[3.156s] -- Up-to-date: /home/wuling/hpc/ros2_learn/town_ws/install/village_interface/include/village_interface/village_interface
[3.157s] -- Up-to-date: /home/wuling/hpc/ros2_learn/town_ws/install/village_interface/include/village_interface/village_interface/srv
[3.157s] -- Up-to-date: /home/wuling/hpc/ros2_learn/town_ws/install/village_interface/include/village_interface/village_interface/srv/detail
[3.157s] -- Installing: /home/wuling/hpc/ros2_learn/town_ws/install/village_interface/include/village_interface/village_interface/srv/detail/sell_novel__rosidl_typesupport_introspection_cpp.hpp
[3.157s] -- Installing: /home/wuling/hpc/ros2_learn/town_ws/install/village_interface/include/village_interface/village_interface/srv/detail/borrow_money__rosidl_typesupport_introspection_cpp.hpp
[3.157s] -- Installing: /home/wuling/hpc/ros2_learn/town_ws/install/village_interface/include/village_interface/village_interface/srv/detail/sell_novel__type_support.cpp
[3.157s] -- Installing: /home/wuling/hpc/ros2_learn/town_ws/install/village_interface/include/village_interface/village_interface/srv/detail/borrow_money__type_support.cpp
[3.157s] -- Up-to-date: /home/wuling/hpc/ros2_learn/town_ws/install/village_interface/include/village_interface/village_interface/msg
[3.157s] -- Up-to-date: /home/wuling/hpc/ros2_learn/town_ws/install/village_interface/include/village_interface/village_interface/msg/detail
[3.157s] -- Installing: /home/wuling/hpc/ros2_learn/town_ws/install/village_interface/include/village_interface/village_interface/msg/detail/novel__rosidl_typesupport_introspection_cpp.hpp
[3.157s] -- Installing: /home/wuling/hpc/ros2_learn/town_ws/install/village_interface/include/village_interface/village_interface/msg/detail/novel__type_support.cpp
[3.157s] -- Installing: /home/wuling/hpc/ros2_learn/town_ws/install/village_interface/lib/libvillage_interface__rosidl_typesupport_introspection_cpp.so
[3.157s] -- Set runtime path of "/home/wuling/hpc/ros2_learn/town_ws/install/village_interface/lib/libvillage_interface__rosidl_typesupport_introspection_cpp.so" to ""
[3.157s] -- Installing: /home/wuling/hpc/ros2_learn/town_ws/install/village_interface/lib/libvillage_interface__rosidl_typesupport_cpp.so
[3.157s] -- Set runtime path of "/home/wuling/hpc/ros2_learn/town_ws/install/village_interface/lib/libvillage_interface__rosidl_typesupport_cpp.so" to ""
[3.157s] -- Up-to-date: /home/wuling/hpc/ros2_learn/town_ws/install/village_interface/share/village_interface/environment/pythonpath.sh
[3.157s] -- Installing: /home/wuling/hpc/ros2_learn/town_ws/install/village_interface/share/village_interface/environment/pythonpath.dsv
[3.158s] -- Up-to-date: /home/wuling/hpc/ros2_learn/town_ws/install/village_interface/local/lib/python3.10/dist-packages/village_interface-0.0.0-py3.10.egg-info
[3.158s] -- Installing: /home/wuling/hpc/ros2_learn/town_ws/install/village_interface/local/lib/python3.10/dist-packages/village_interface-0.0.0-py3.10.egg-info/top_level.txt
[3.158s] -- Installing: /home/wuling/hpc/ros2_learn/town_ws/install/village_interface/local/lib/python3.10/dist-packages/village_interface-0.0.0-py3.10.egg-info/dependency_links.txt
[3.158s] -- Installing: /home/wuling/hpc/ros2_learn/town_ws/install/village_interface/local/lib/python3.10/dist-packages/village_interface-0.0.0-py3.10.egg-info/PKG-INFO
[3.158s] -- Installing: /home/wuling/hpc/ros2_learn/town_ws/install/village_interface/local/lib/python3.10/dist-packages/village_interface-0.0.0-py3.10.egg-info/SOURCES.txt
[3.158s] -- Up-to-date: /home/wuling/hpc/ros2_learn/town_ws/install/village_interface/local/lib/python3.10/dist-packages/village_interface
[3.158s] -- Installing: /home/wuling/hpc/ros2_learn/town_ws/install/village_interface/local/lib/python3.10/dist-packages/village_interface/_village_interface_s.ep.rosidl_typesupport_c.c
[3.158s] -- Installing: /home/wuling/hpc/ros2_learn/town_ws/install/village_interface/local/lib/python3.10/dist-packages/village_interface/village_interface_s__rosidl_typesupport_introspection_c.cpython-310-x86_64-linux-gnu.so
[3.158s] -- Up-to-date: /home/wuling/hpc/ros2_learn/town_ws/install/village_interface/local/lib/python3.10/dist-packages/village_interface/srv
[3.158s] -- Installing: /home/wuling/hpc/ros2_learn/town_ws/install/village_interface/local/lib/python3.10/dist-packages/village_interface/srv/_borrow_money_s.c
[3.158s] -- Installing: /home/wuling/hpc/ros2_learn/town_ws/install/village_interface/local/lib/python3.10/dist-packages/village_interface/srv/_sell_novel.py
[3.158s] -- Installing: /home/wuling/hpc/ros2_learn/town_ws/install/village_interface/local/lib/python3.10/dist-packages/village_interface/srv/_borrow_money.py
[3.158s] -- Installing: /home/wuling/hpc/ros2_learn/town_ws/install/village_interface/local/lib/python3.10/dist-packages/village_interface/srv/__init__.py
[3.158s] -- Installing: /home/wuling/hpc/ros2_learn/town_ws/install/village_interface/local/lib/python3.10/dist-packages/village_interface/srv/_sell_novel_s.c
[3.158s] -- Installing: /home/wuling/hpc/ros2_learn/town_ws/install/village_interface/local/lib/python3.10/dist-packages/village_interface/libvillage_interface__rosidl_generator_py.so
[3.158s] -- Installing: /home/wuling/hpc/ros2_learn/town_ws/install/village_interface/local/lib/python3.10/dist-packages/village_interface/village_interface_s__rosidl_typesupport_c.cpython-310-x86_64-linux-gnu.so
[3.158s] -- Installing: /home/wuling/hpc/ros2_learn/town_ws/install/village_interface/local/lib/python3.10/dist-packages/village_interface/_village_interface_s.ep.rosidl_typesupport_fastrtps_c.c
[3.159s] -- Installing: /home/wuling/hpc/ros2_learn/town_ws/install/village_interface/local/lib/python3.10/dist-packages/village_interface/__init__.py
[3.159s] -- Up-to-date: /home/wuling/hpc/ros2_learn/town_ws/install/village_interface/local/lib/python3.10/dist-packages/village_interface/msg
[3.159s] -- Installing: /home/wuling/hpc/ros2_learn/town_ws/install/village_interface/local/lib/python3.10/dist-packages/village_interface/msg/_novel_s.c
[3.159s] -- Installing: /home/wuling/hpc/ros2_learn/town_ws/install/village_interface/local/lib/python3.10/dist-packages/village_interface/msg/_novel.py
[3.159s] -- Installing: /home/wuling/hpc/ros2_learn/town_ws/install/village_interface/local/lib/python3.10/dist-packages/village_interface/msg/__init__.py
[3.159s] -- Installing: /home/wuling/hpc/ros2_learn/town_ws/install/village_interface/local/lib/python3.10/dist-packages/village_interface/_village_interface_s.ep.rosidl_typesupport_introspection_c.c
[3.159s] -- Installing: /home/wuling/hpc/ros2_learn/town_ws/install/village_interface/local/lib/python3.10/dist-packages/village_interface/village_interface_s__rosidl_typesupport_fastrtps_c.cpython-310-x86_64-linux-gnu.so
[3.180s] Listing '/home/wuling/hpc/ros2_learn/town_ws/install/village_interface/local/lib/python3.10/dist-packages/village_interface'...
[3.180s] Compiling '/home/wuling/hpc/ros2_learn/town_ws/install/village_interface/local/lib/python3.10/dist-packages/village_interface/__init__.py'...
[3.180s] Listing '/home/wuling/hpc/ros2_learn/town_ws/install/village_interface/local/lib/python3.10/dist-packages/village_interface/msg'...
[3.180s] Compiling '/home/wuling/hpc/ros2_learn/town_ws/install/village_interface/local/lib/python3.10/dist-packages/village_interface/msg/__init__.py'...
[3.180s] Compiling '/home/wuling/hpc/ros2_learn/town_ws/install/village_interface/local/lib/python3.10/dist-packages/village_interface/msg/_novel.py'...
[3.180s] Listing '/home/wuling/hpc/ros2_learn/town_ws/install/village_interface/local/lib/python3.10/dist-packages/village_interface/srv'...
[3.181s] Compiling '/home/wuling/hpc/ros2_learn/town_ws/install/village_interface/local/lib/python3.10/dist-packages/village_interface/srv/__init__.py'...
[3.181s] Compiling '/home/wuling/hpc/ros2_learn/town_ws/install/village_interface/local/lib/python3.10/dist-packages/village_interface/srv/_borrow_money.py'...
[3.181s] Compiling '/home/wuling/hpc/ros2_learn/town_ws/install/village_interface/local/lib/python3.10/dist-packages/village_interface/srv/_sell_novel.py'...
[3.183s] -- Installing: /home/wuling/hpc/ros2_learn/town_ws/install/village_interface/local/lib/python3.10/dist-packages/village_interface/village_interface_s__rosidl_typesupport_fastrtps_c.cpython-310-x86_64-linux-gnu.so
[3.183s] -- Set runtime path of "/home/wuling/hpc/ros2_learn/town_ws/install/village_interface/local/lib/python3.10/dist-packages/village_interface/village_interface_s__rosidl_typesupport_fastrtps_c.cpython-310-x86_64-linux-gnu.so" to ""
[3.183s] -- Installing: /home/wuling/hpc/ros2_learn/town_ws/install/village_interface/local/lib/python3.10/dist-packages/village_interface/village_interface_s__rosidl_typesupport_introspection_c.cpython-310-x86_64-linux-gnu.so
[3.183s] -- Set runtime path of "/home/wuling/hpc/ros2_learn/town_ws/install/village_interface/local/lib/python3.10/dist-packages/village_interface/village_interface_s__rosidl_typesupport_introspection_c.cpython-310-x86_64-linux-gnu.so" to ""
[3.183s] -- Installing: /home/wuling/hpc/ros2_learn/town_ws/install/village_interface/local/lib/python3.10/dist-packages/village_interface/village_interface_s__rosidl_typesupport_c.cpython-310-x86_64-linux-gnu.so
[3.183s] -- Set runtime path of "/home/wuling/hpc/ros2_learn/town_ws/install/village_interface/local/lib/python3.10/dist-packages/village_interface/village_interface_s__rosidl_typesupport_c.cpython-310-x86_64-linux-gnu.so" to ""
[3.183s] -- Installing: /home/wuling/hpc/ros2_learn/town_ws/install/village_interface/lib/libvillage_interface__rosidl_generator_py.so
[3.184s] -- Set runtime path of "/home/wuling/hpc/ros2_learn/town_ws/install/village_interface/lib/libvillage_interface__rosidl_generator_py.so" to ""
[3.184s] -- Up-to-date: /home/wuling/hpc/ros2_learn/town_ws/install/village_interface/share/village_interface/msg/Novel.idl
[3.184s] -- Up-to-date: /home/wuling/hpc/ros2_learn/town_ws/install/village_interface/share/village_interface/srv/BorrowMoney.idl
[3.184s] -- Installing: /home/wuling/hpc/ros2_learn/town_ws/install/village_interface/share/village_interface/srv/SellNovel.idl
[3.184s] -- Up-to-date: /home/wuling/hpc/ros2_learn/town_ws/install/village_interface/share/village_interface/msg/Novel.msg
[3.184s] -- Up-to-date: /home/wuling/hpc/ros2_learn/town_ws/install/village_interface/share/village_interface/srv/BorrowMoney.srv
[3.184s] -- Up-to-date: /home/wuling/hpc/ros2_learn/town_ws/install/village_interface/share/village_interface/srv/BorrowMoney_Request.msg
[3.184s] -- Up-to-date: /home/wuling/hpc/ros2_learn/town_ws/install/village_interface/share/village_interface/srv/BorrowMoney_Response.msg
[3.184s] -- Installing: /home/wuling/hpc/ros2_learn/town_ws/install/village_interface/share/village_interface/srv/SellNovel.srv
[3.184s] -- Installing: /home/wuling/hpc/ros2_learn/town_ws/install/village_interface/share/village_interface/srv/SellNovel_Request.msg
[3.184s] -- Installing: /home/wuling/hpc/ros2_learn/town_ws/install/village_interface/share/village_interface/srv/SellNovel_Response.msg
[3.185s] -- Up-to-date: /home/wuling/hpc/ros2_learn/town_ws/install/village_interface/share/ament_index/resource_index/package_run_dependencies/village_interface
[3.185s] -- Installing: /home/wuling/hpc/ros2_learn/town_ws/install/village_interface/share/ament_index/resource_index/parent_prefix_path/village_interface
[3.185s] -- Up-to-date: /home/wuling/hpc/ros2_learn/town_ws/install/village_interface/share/village_interface/environment/ament_prefix_path.sh
[3.185s] -- Installing: /home/wuling/hpc/ros2_learn/town_ws/install/village_interface/share/village_interface/environment/ament_prefix_path.dsv
[3.185s] -- Up-to-date: /home/wuling/hpc/ros2_learn/town_ws/install/village_interface/share/village_interface/environment/path.sh
[3.185s] -- Installing: /home/wuling/hpc/ros2_learn/town_ws/install/village_interface/share/village_interface/environment/path.dsv
[3.185s] -- Up-to-date: /home/wuling/hpc/ros2_learn/town_ws/install/village_interface/share/village_interface/local_setup.bash
[3.185s] -- Up-to-date: /home/wuling/hpc/ros2_learn/town_ws/install/village_interface/share/village_interface/local_setup.sh
[3.185s] -- Up-to-date: /home/wuling/hpc/ros2_learn/town_ws/install/village_interface/share/village_interface/local_setup.zsh
[3.185s] -- Installing: /home/wuling/hpc/ros2_learn/town_ws/install/village_interface/share/village_interface/local_setup.dsv
[3.185s] -- Installing: /home/wuling/hpc/ros2_learn/town_ws/install/village_interface/share/village_interface/package.dsv
[3.185s] -- Up-to-date: /home/wuling/hpc/ros2_learn/town_ws/install/village_interface/share/ament_index/resource_index/packages/village_interface
[3.186s] -- Up-to-date: /home/wuling/hpc/ros2_learn/town_ws/install/village_interface/share/village_interface/cmake/export_village_interface__rosidl_generator_cExport.cmake
[3.186s] -- Up-to-date: /home/wuling/hpc/ros2_learn/town_ws/install/village_interface/share/village_interface/cmake/export_village_interface__rosidl_generator_cExport-noconfig.cmake
[3.186s] -- Up-to-date: /home/wuling/hpc/ros2_learn/town_ws/install/village_interface/share/village_interface/cmake/export_village_interface__rosidl_typesupport_fastrtps_cExport.cmake
[3.186s] -- Up-to-date: /home/wuling/hpc/ros2_learn/town_ws/install/village_interface/share/village_interface/cmake/export_village_interface__rosidl_typesupport_fastrtps_cExport-noconfig.cmake
[3.186s] -- Up-to-date: /home/wuling/hpc/ros2_learn/town_ws/install/village_interface/share/village_interface/cmake/export_village_interface__rosidl_generator_cppExport.cmake
[3.186s] -- Up-to-date: /home/wuling/hpc/ros2_learn/town_ws/install/village_interface/share/village_interface/cmake/export_village_interface__rosidl_typesupport_fastrtps_cppExport.cmake
[3.186s] -- Up-to-date: /home/wuling/hpc/ros2_learn/town_ws/install/village_interface/share/village_interface/cmake/export_village_interface__rosidl_typesupport_fastrtps_cppExport-noconfig.cmake
[3.186s] -- Up-to-date: /home/wuling/hpc/ros2_learn/town_ws/install/village_interface/share/village_interface/cmake/village_interface__rosidl_typesupport_introspection_cExport.cmake
[3.186s] -- Up-to-date: /home/wuling/hpc/ros2_learn/town_ws/install/village_interface/share/village_interface/cmake/village_interface__rosidl_typesupport_introspection_cExport-noconfig.cmake
[3.186s] -- Up-to-date: /home/wuling/hpc/ros2_learn/town_ws/install/village_interface/share/village_interface/cmake/village_interface__rosidl_typesupport_cExport.cmake
[3.187s] -- Up-to-date: /home/wuling/hpc/ros2_learn/town_ws/install/village_interface/share/village_interface/cmake/village_interface__rosidl_typesupport_cExport-noconfig.cmake
[3.187s] -- Up-to-date: /home/wuling/hpc/ros2_learn/town_ws/install/village_interface/share/village_interface/cmake/village_interface__rosidl_typesupport_introspection_cppExport.cmake
[3.187s] -- Up-to-date: /home/wuling/hpc/ros2_learn/town_ws/install/village_interface/share/village_interface/cmake/village_interface__rosidl_typesupport_introspection_cppExport-noconfig.cmake
[3.188s] -- Up-to-date: /home/wuling/hpc/ros2_learn/town_ws/install/village_interface/share/village_interface/cmake/village_interface__rosidl_typesupport_cppExport.cmake
[3.188s] -- Up-to-date: /home/wuling/hpc/ros2_learn/town_ws/install/village_interface/share/village_interface/cmake/village_interface__rosidl_typesupport_cppExport-noconfig.cmake
[3.188s] -- Up-to-date: /home/wuling/hpc/ros2_learn/town_ws/install/village_interface/share/village_interface/cmake/export_village_interface__rosidl_generator_pyExport.cmake
[3.188s] -- Up-to-date: /home/wuling/hpc/ros2_learn/town_ws/install/village_interface/share/village_interface/cmake/export_village_interface__rosidl_generator_pyExport-noconfig.cmake
[3.188s] -- Installing: /home/wuling/hpc/ros2_learn/town_ws/install/village_interface/share/village_interface/cmake/rosidl_cmake-extras.cmake
[3.189s] -- Up-to-date: /home/wuling/hpc/ros2_learn/town_ws/install/village_interface/share/village_interface/cmake/ament_cmake_export_dependencies-extras.cmake
[3.189s] -- Up-to-date: /home/wuling/hpc/ros2_learn/town_ws/install/village_interface/share/village_interface/cmake/ament_cmake_export_include_directories-extras.cmake
[3.189s] -- Up-to-date: /home/wuling/hpc/ros2_learn/town_ws/install/village_interface/share/village_interface/cmake/ament_cmake_export_libraries-extras.cmake
[3.190s] -- Up-to-date: /home/wuling/hpc/ros2_learn/town_ws/install/village_interface/share/village_interface/cmake/ament_cmake_export_targets-extras.cmake
[3.190s] -- Up-to-date: /home/wuling/hpc/ros2_learn/town_ws/install/village_interface/share/village_interface/cmake/rosidl_cmake_export_typesupport_targets-extras.cmake
[3.190s] -- Up-to-date: /home/wuling/hpc/ros2_learn/town_ws/install/village_interface/share/village_interface/cmake/rosidl_cmake_export_typesupport_libraries-extras.cmake
[3.190s] -- Up-to-date: /home/wuling/hpc/ros2_learn/town_ws/install/village_interface/share/village_interface/cmake/village_interfaceConfig.cmake
[3.190s] -- Up-to-date: /home/wuling/hpc/ros2_learn/town_ws/install/village_interface/share/village_interface/cmake/village_interfaceConfig-version.cmake
[3.190s] -- Up-to-date: /home/wuling/hpc/ros2_learn/town_ws/install/village_interface/share/village_interface/package.xml
[3.191s] Invoked command in '/home/wuling/hpc/ros2_learn/town_ws/build/village_interface' returned '0': CMAKE_PREFIX_PATH=${CMAKE_PREFIX_PATH}:/home/wuling/hpc/ros2_learn/town_ws/install/village_li:/opt/ros/humble /usr/bin/cmake --install /home/wuling/hpc/ros2_learn/town_ws/build/village_interface
