[0.170s] Invoking command in '/home/wuling/hpc/ros2_learn/town_ws/build/village_wang': CMAKE_PREFIX_PATH=${CMAKE_PREFIX_PATH}:/home/wuling/hpc/ros2_learn/town_ws/install/village_li:/opt/ros/humble /usr/bin/cmake --build /home/wuling/hpc/ros2_learn/town_ws/build/village_wang -- -j24 -l24
[0.193s] [35m[1mConsolidate compiler generated dependencies of target wang2_node[0m
[0.202s] [ 50%] [32mBuilding CXX object CMakeFiles/wang2_node.dir/src/wang2.cpp.o[0m
[1.598s] [100%] [32m[1mLinking CXX executable wang2_node[0m
[1.654s] [100%] Built target wang2_node
[1.659s] Invoked command in '/home/wuling/hpc/ros2_learn/town_ws/build/village_wang' returned '0': CMAKE_PREFIX_PATH=${CMAKE_PREFIX_PATH}:/home/wuling/hpc/ros2_learn/town_ws/install/village_li:/opt/ros/humble /usr/bin/cmake --build /home/wuling/hpc/ros2_learn/town_ws/build/village_wang -- -j24 -l24
[1.680s] Invoking command in '/home/wuling/hpc/ros2_learn/town_ws/build/village_wang': CMAKE_PREFIX_PATH=${CMAKE_PREFIX_PATH}:/home/wuling/hpc/ros2_learn/town_ws/install/village_li:/opt/ros/humble /usr/bin/cmake --install /home/wuling/hpc/ros2_learn/town_ws/build/village_wang
[1.688s] -- Install configuration: ""
[1.688s] -- Up-to-date: /home/wuling/hpc/ros2_learn/town_ws/install/village_wang/share/ament_index/resource_index/package_run_dependencies/village_wang
[1.688s] -- Up-to-date: /home/wuling/hpc/ros2_learn/town_ws/install/village_wang/share/ament_index/resource_index/parent_prefix_path/village_wang
[1.688s] -- Up-to-date: /home/wuling/hpc/ros2_learn/town_ws/install/village_wang/share/village_wang/environment/ament_prefix_path.sh
[1.688s] -- Up-to-date: /home/wuling/hpc/ros2_learn/town_ws/install/village_wang/share/village_wang/environment/ament_prefix_path.dsv
[1.689s] -- Up-to-date: /home/wuling/hpc/ros2_learn/town_ws/install/village_wang/share/village_wang/environment/path.sh
[1.689s] -- Up-to-date: /home/wuling/hpc/ros2_learn/town_ws/install/village_wang/share/village_wang/environment/path.dsv
[1.689s] -- Up-to-date: /home/wuling/hpc/ros2_learn/town_ws/install/village_wang/share/village_wang/local_setup.bash
[1.689s] -- Up-to-date: /home/wuling/hpc/ros2_learn/town_ws/install/village_wang/share/village_wang/local_setup.sh
[1.689s] -- Up-to-date: /home/wuling/hpc/ros2_learn/town_ws/install/village_wang/share/village_wang/local_setup.zsh
[1.689s] -- Up-to-date: /home/wuling/hpc/ros2_learn/town_ws/install/village_wang/share/village_wang/local_setup.dsv
[1.689s] -- Installing: /home/wuling/hpc/ros2_learn/town_ws/install/village_wang/share/village_wang/package.dsv
[1.689s] -- Up-to-date: /home/wuling/hpc/ros2_learn/town_ws/install/village_wang/share/ament_index/resource_index/packages/village_wang
[1.689s] -- Up-to-date: /home/wuling/hpc/ros2_learn/town_ws/install/village_wang/share/village_wang/cmake/village_wangConfig.cmake
[1.689s] -- Up-to-date: /home/wuling/hpc/ros2_learn/town_ws/install/village_wang/share/village_wang/cmake/village_wangConfig-version.cmake
[1.689s] -- Up-to-date: /home/wuling/hpc/ros2_learn/town_ws/install/village_wang/share/village_wang/package.xml
[1.690s] -- Installing: /home/wuling/hpc/ros2_learn/town_ws/install/village_wang/lib/village_wang/wang2_node
[1.690s] -- Set runtime path of "/home/wuling/hpc/ros2_learn/town_ws/install/village_wang/lib/village_wang/wang2_node" to ""
[1.695s] Invoked command in '/home/wuling/hpc/ros2_learn/town_ws/build/village_wang' returned '0': CMAKE_PREFIX_PATH=${CMAKE_PREFIX_PATH}:/home/wuling/hpc/ros2_learn/town_ws/install/village_li:/opt/ros/humble /usr/bin/cmake --install /home/wuling/hpc/ros2_learn/town_ws/build/village_wang
