[0.164s] Invoking command in '/home/wuling/hpc/ros2_learn/town_ws/build/village_wang': CMAKE_PREFIX_PATH=/opt/ros/humble /usr/bin/cmake /home/wuling/hpc/ros2_learn/town_ws/src/village_wang -DCMAKE_INSTALL_PREFIX=/home/wuling/hpc/ros2_learn/town_ws/install/village_wang
[0.236s] -- The C compiler identification is GNU 11.4.0
[0.297s] -- The CXX compiler identification is GNU 11.4.0
[0.304s] -- Detecting C compiler ABI info
[0.346s] -- Detecting C compiler ABI info - done
[0.350s] -- Check for working C compiler: /usr/bin/cc - skipped
[0.350s] -- Detecting C compile features
[0.350s] -- Detecting C compile features - done
[0.352s] -- Detecting CXX compiler ABI info
[0.392s] -- Detecting CXX compiler ABI info - done
[0.396s] -- Check for working CXX compiler: /usr/bin/c++ - skipped
[0.396s] -- Detecting CXX compile features
[0.397s] -- Detecting CXX compile features - done
[0.399s] -- Found ament_cmake: 1.3.5 (/opt/ros/humble/share/ament_cmake/cmake)
[0.508s] -- Found Python3: /usr/bin/python3.10 (found version "3.10.12") found components: Interpreter 
[0.567s] -- Found rclcpp: 16.0.5 (/opt/ros/humble/share/rclcpp/cmake)
[0.597s] -- Found rosidl_generator_c: 3.1.5 (/opt/ros/humble/share/rosidl_generator_c/cmake)
[0.600s] -- Found rosidl_adapter: 3.1.5 (/opt/ros/humble/share/rosidl_adapter/cmake)
[0.606s] -- Found rosidl_generator_cpp: 3.1.5 (/opt/ros/humble/share/rosidl_generator_cpp/cmake)
[0.619s] -- Using all available rosidl_typesupport_c: rosidl_typesupport_fastrtps_c;rosidl_typesupport_introspection_c
[0.637s] -- Using all available rosidl_typesupport_cpp: rosidl_typesupport_fastrtps_cpp;rosidl_typesupport_introspection_cpp
[0.708s] -- Found rmw_implementation_cmake: 6.1.1 (/opt/ros/humble/share/rmw_implementation_cmake/cmake)
[0.711s] -- Found rmw_fastrtps_cpp: 6.2.3 (/opt/ros/humble/share/rmw_fastrtps_cpp/cmake)
[0.780s] -- Found OpenSSL: /usr/lib/x86_64-linux-gnu/libcrypto.so (found version "3.0.2")  
[0.796s] -- Found FastRTPS: /opt/ros/humble/include  
[0.826s] -- Using RMW implementation 'rmw_fastrtps_cpp' as default
[0.833s] -- Looking for pthread.h
[0.880s] -- Looking for pthread.h - found
[0.881s] -- Performing Test CMAKE_HAVE_LIBC_PTHREAD
[0.940s] -- Performing Test CMAKE_HAVE_LIBC_PTHREAD - Success
[0.941s] -- Found Threads: TRUE  
[1.037s] -- Found ament_lint_auto: 0.12.7 (/opt/ros/humble/share/ament_lint_auto/cmake)
[1.085s] -- Added test 'cppcheck' to perform static code analysis on C / C++ code
[1.085s] -- Configured cppcheck include dirs: 
[1.085s] -- Configured cppcheck exclude dirs and/or files: 
[1.085s] -- Added test 'lint_cmake' to check CMake code style
[1.086s] -- Added test 'uncrustify' to check C / C++ code style
[1.086s] -- Configured uncrustify additional arguments: 
[1.087s] -- Added test 'xmllint' to check XML markup files
[1.088s] -- Configuring done
[1.093s] -- Generating done
[1.094s] -- Build files have been written to: /home/wuling/hpc/ros2_learn/town_ws/build/village_wang
[1.099s] Invoked command in '/home/wuling/hpc/ros2_learn/town_ws/build/village_wang' returned '0': CMAKE_PREFIX_PATH=/opt/ros/humble /usr/bin/cmake /home/wuling/hpc/ros2_learn/town_ws/src/village_wang -DCMAKE_INSTALL_PREFIX=/home/wuling/hpc/ros2_learn/town_ws/install/village_wang
[1.101s] Invoking command in '/home/wuling/hpc/ros2_learn/town_ws/build/village_wang': CMAKE_PREFIX_PATH=/opt/ros/humble /usr/bin/cmake --build /home/wuling/hpc/ros2_learn/town_ws/build/village_wang -- -j24 -l24
[1.128s] [ 50%] [32mBuilding CXX object CMakeFiles/wang2_node.dir/src/wang2.cpp.o[0m
[2.469s] [100%] [32m[1mLinking CXX executable wang2_node[0m
[2.554s] [100%] Built target wang2_node
[2.559s] Invoked command in '/home/wuling/hpc/ros2_learn/town_ws/build/village_wang' returned '0': CMAKE_PREFIX_PATH=/opt/ros/humble /usr/bin/cmake --build /home/wuling/hpc/ros2_learn/town_ws/build/village_wang -- -j24 -l24
[2.601s] Invoking command in '/home/wuling/hpc/ros2_learn/town_ws/build/village_wang': CMAKE_PREFIX_PATH=/opt/ros/humble /usr/bin/cmake --install /home/wuling/hpc/ros2_learn/town_ws/build/village_wang
[2.614s] -- Install configuration: ""
[2.614s] -- Installing: /home/wuling/hpc/ros2_learn/town_ws/install/village_wang/share/ament_index/resource_index/package_run_dependencies/village_wang
[2.614s] -- Installing: /home/wuling/hpc/ros2_learn/town_ws/install/village_wang/share/ament_index/resource_index/parent_prefix_path/village_wang
[2.615s] -- Installing: /home/wuling/hpc/ros2_learn/town_ws/install/village_wang/share/village_wang/environment/ament_prefix_path.sh
[2.615s] -- Installing: /home/wuling/hpc/ros2_learn/town_ws/install/village_wang/share/village_wang/environment/ament_prefix_path.dsv
[2.615s] -- Installing: /home/wuling/hpc/ros2_learn/town_ws/install/village_wang/share/village_wang/environment/path.sh
[2.615s] -- Installing: /home/wuling/hpc/ros2_learn/town_ws/install/village_wang/share/village_wang/environment/path.dsv
[2.615s] -- Installing: /home/wuling/hpc/ros2_learn/town_ws/install/village_wang/share/village_wang/local_setup.bash
[2.615s] -- Installing: /home/wuling/hpc/ros2_learn/town_ws/install/village_wang/share/village_wang/local_setup.sh
[2.615s] -- Installing: /home/wuling/hpc/ros2_learn/town_ws/install/village_wang/share/village_wang/local_setup.zsh
[2.616s] -- Installing: /home/wuling/hpc/ros2_learn/town_ws/install/village_wang/share/village_wang/local_setup.dsv
[2.616s] -- Installing: /home/wuling/hpc/ros2_learn/town_ws/install/village_wang/share/village_wang/package.dsv
[2.616s] -- Installing: /home/wuling/hpc/ros2_learn/town_ws/install/village_wang/share/ament_index/resource_index/packages/village_wang
[2.616s] -- Installing: /home/wuling/hpc/ros2_learn/town_ws/install/village_wang/share/village_wang/cmake/village_wangConfig.cmake
[2.616s] -- Installing: /home/wuling/hpc/ros2_learn/town_ws/install/village_wang/share/village_wang/cmake/village_wangConfig-version.cmake
[2.616s] -- Installing: /home/wuling/hpc/ros2_learn/town_ws/install/village_wang/share/village_wang/package.xml
[2.616s] -- Installing: /home/wuling/hpc/ros2_learn/town_ws/install/village_wang/lib/village_wang/wang2_node
[2.616s] -- Set runtime path of "/home/wuling/hpc/ros2_learn/town_ws/install/village_wang/lib/village_wang/wang2_node" to ""
[2.618s] Invoked command in '/home/wuling/hpc/ros2_learn/town_ws/build/village_wang' returned '0': CMAKE_PREFIX_PATH=/opt/ros/humble /usr/bin/cmake --install /home/wuling/hpc/ros2_learn/town_ws/build/village_wang
