[0.938s] Invoking command in '/home/nvidia/workspace/town_ws/src/village_li': PYTHONPATH=/home/nvidia/workspace/town_ws/build/village_li/prefix_override:/home/nvidia/workspace/town_ws/install/village_li/lib/python3.8/site-packages:${PYTHONPATH} /usr/bin/python3 setup.py egg_info --egg-base ../../build/village_li build --build-base /home/nvidia/workspace/town_ws/build/village_li/build install --record /home/nvidia/workspace/town_ws/build/village_li/install.log --install-scripts $base/lib/village_li --single-version-externally-managed
[1.241s] running egg_info
[1.241s] creating ../../build/village_li/village_li.egg-info
[1.242s] writing ../../build/village_li/village_li.egg-info/PKG-INFO
[1.242s] writing dependency_links to ../../build/village_li/village_li.egg-info/dependency_links.txt
[1.242s] writing entry points to ../../build/village_li/village_li.egg-info/entry_points.txt
[1.243s] writing requirements to ../../build/village_li/village_li.egg-info/requires.txt
[1.243s] writing top-level names to ../../build/village_li/village_li.egg-info/top_level.txt
[1.245s] writing manifest file '../../build/village_li/village_li.egg-info/SOURCES.txt'
[1.289s] reading manifest file '../../build/village_li/village_li.egg-info/SOURCES.txt'
[1.289s] writing manifest file '../../build/village_li/village_li.egg-info/SOURCES.txt'
[1.290s] running build
[1.290s] running build_py
[1.290s] creating /home/nvidia/workspace/town_ws/build/village_li/build
[1.290s] creating /home/nvidia/workspace/town_ws/build/village_li/build/lib
[1.290s] creating /home/nvidia/workspace/town_ws/build/village_li/build/lib/village_li
[1.290s] copying village_li/__init__.py -> /home/nvidia/workspace/town_ws/build/village_li/build/lib/village_li
[1.291s] copying village_li/li4.py -> /home/nvidia/workspace/town_ws/build/village_li/build/lib/village_li
[1.291s] running install
[1.292s] running install_lib
[1.293s] creating /home/nvidia/workspace/town_ws/install/village_li/lib/python3.8/site-packages/village_li
[1.293s] copying /home/nvidia/workspace/town_ws/build/village_li/build/lib/village_li/__init__.py -> /home/nvidia/workspace/town_ws/install/village_li/lib/python3.8/site-packages/village_li
[1.294s] copying /home/nvidia/workspace/town_ws/build/village_li/build/lib/village_li/li4.py -> /home/nvidia/workspace/town_ws/install/village_li/lib/python3.8/site-packages/village_li
[1.294s] byte-compiling /home/nvidia/workspace/town_ws/install/village_li/lib/python3.8/site-packages/village_li/__init__.py to __init__.cpython-38.pyc
[1.296s] byte-compiling /home/nvidia/workspace/town_ws/install/village_li/lib/python3.8/site-packages/village_li/li4.py to li4.cpython-38.pyc
[1.296s] running install_data
[1.297s] creating /home/nvidia/workspace/town_ws/install/village_li/share/ament_index
[1.297s] creating /home/nvidia/workspace/town_ws/install/village_li/share/ament_index/resource_index
[1.297s] creating /home/nvidia/workspace/town_ws/install/village_li/share/ament_index/resource_index/packages
[1.298s] copying resource/village_li -> /home/nvidia/workspace/town_ws/install/village_li/share/ament_index/resource_index/packages
[1.298s] copying package.xml -> /home/nvidia/workspace/town_ws/install/village_li/share/village_li
[1.298s] running install_egg_info
[1.301s] Copying ../../build/village_li/village_li.egg-info to /home/nvidia/workspace/town_ws/install/village_li/lib/python3.8/site-packages/village_li-0.0.0-py3.8.egg-info
[1.303s] running install_scripts
[1.331s] Installing li4_node script to /home/nvidia/workspace/town_ws/install/village_li/lib/village_li
[1.332s] writing list of installed files to '/home/nvidia/workspace/town_ws/build/village_li/install.log'
[1.383s] Invoked command in '/home/nvidia/workspace/town_ws/src/village_li' returned '0': PYTHONPATH=/home/nvidia/workspace/town_ws/build/village_li/prefix_override:/home/nvidia/workspace/town_ws/install/village_li/lib/python3.8/site-packages:${PYTHONPATH} /usr/bin/python3 setup.py egg_info --egg-base ../../build/village_li build --build-base /home/nvidia/workspace/town_ws/build/village_li/build install --record /home/nvidia/workspace/town_ws/build/village_li/install.log --install-scripts $base/lib/village_li --single-version-externally-managed
