[0.414s] Invoking command in '/home/wuling/hpc/ros2_learn/town_ws/src/village_li': CMAKE_PREFIX_PATH=/home/wuling/hpc/ros2_learn/town_ws/install/village_interface:/home/wuling/hpc/ros2_learn/town_ws/install/village_wang PYTHONPATH=/home/wuling/hpc/ros2_learn/town_ws/build/village_li/prefix_override:/home/wuling/hpc/ros2_learn/town_ws/install/village_li/lib/python3.10/site-packages:${PYTHONPATH} /usr/bin/python3 setup.py egg_info --egg-base ../../build/village_li build --build-base /home/wuling/hpc/ros2_learn/town_ws/build/village_li/build install --record /home/wuling/hpc/ros2_learn/town_ws/build/village_li/install.log --single-version-externally-managed
[0.591s] running egg_info
[0.592s] writing ../../build/village_li/village_li.egg-info/PKG-INFO
[0.592s] writing dependency_links to ../../build/village_li/village_li.egg-info/dependency_links.txt
[0.592s] writing entry points to ../../build/village_li/village_li.egg-info/entry_points.txt
[0.592s] writing requirements to ../../build/village_li/village_li.egg-info/requires.txt
[0.592s] writing top-level names to ../../build/village_li/village_li.egg-info/top_level.txt
[0.593s] reading manifest file '../../build/village_li/village_li.egg-info/SOURCES.txt'
[0.593s] writing manifest file '../../build/village_li/village_li.egg-info/SOURCES.txt'
[0.593s] running build
[0.593s] running build_py
[0.594s] running install
[0.594s] /usr/lib/python3/dist-packages/setuptools/command/install.py:34: SetuptoolsDeprecationWarning: setup.py install is deprecated. Use build and pip and other standards-based tools.
[0.594s]   warnings.warn(
[0.594s] running install_lib
[0.595s] running install_data
[0.595s] running install_egg_info
[0.596s] removing '/home/wuling/hpc/ros2_learn/town_ws/install/village_li/lib/python3.10/site-packages/village_li-0.0.0-py3.10.egg-info' (and everything under it)
[0.596s] Copying ../../build/village_li/village_li.egg-info to /home/wuling/hpc/ros2_learn/town_ws/install/village_li/lib/python3.10/site-packages/village_li-0.0.0-py3.10.egg-info
[0.597s] running install_scripts
[0.610s] Installing li3_node script to /home/wuling/hpc/ros2_learn/town_ws/install/village_li/lib/village_li
[0.610s] Installing li4_node script to /home/wuling/hpc/ros2_learn/town_ws/install/village_li/lib/village_li
[0.610s] writing list of installed files to '/home/wuling/hpc/ros2_learn/town_ws/build/village_li/install.log'
[0.625s] Invoked command in '/home/wuling/hpc/ros2_learn/town_ws/src/village_li' returned '0': CMAKE_PREFIX_PATH=/home/wuling/hpc/ros2_learn/town_ws/install/village_interface:/home/wuling/hpc/ros2_learn/town_ws/install/village_wang PYTHONPATH=/home/wuling/hpc/ros2_learn/town_ws/build/village_li/prefix_override:/home/wuling/hpc/ros2_learn/town_ws/install/village_li/lib/python3.10/site-packages:${PYTHONPATH} /usr/bin/python3 setup.py egg_info --egg-base ../../build/village_li build --build-base /home/wuling/hpc/ros2_learn/town_ws/build/village_li/build install --record /home/wuling/hpc/ros2_learn/town_ws/build/village_li/install.log --single-version-externally-managed
