[0.009s] Invoking command in '/home/wuling/hpc/ros2_learn/town_ws/build/village_zhang': AMENT_PREFIX_PATH=/home/wuling/hpc/ros2_learn/town_ws/install/village_interface:${AMENT_PREFIX_PATH} CMAKE_PREFIX_PATH=/home/wuling/hpc/ros2_learn/town_ws/install/village_interface:/opt/ros/humble LD_LIBRARY_PATH=/home/wuling/hpc/ros2_learn/town_ws/install/village_interface/lib:${LD_LIBRARY_PATH} PYTHONPATH=/home/wuling/hpc/ros2_learn/town_ws/install/village_interface/local/lib/python3.10/dist-packages:${PYTHONPATH} /usr/bin/cmake --build /home/wuling/hpc/ros2_learn/town_ws/build/village_zhang -- -j24 -l24
[0.033s] [35m[1mConsolidate compiler generated dependencies of target zhang3_node[0m
[0.044s] [ 50%] [32mBuilding CXX object CMakeFiles/zhang3_node.dir/src/zhang3.cpp.o[0m
[1.230s] In file included from [01m[K/opt/ros/humble/include/rclcpp/rclcpp/logging.hpp:24[m[K,
[1.230s]                  from [01m[K/opt/ros/humble/include/rclcpp/rclcpp/client.hpp:40[m[K,
[1.230s]                  from [01m[K/opt/ros/humble/include/rclcpp/rclcpp/callback_group.hpp:24[m[K,
[1.230s]                  from [01m[K/opt/ros/humble/include/rclcpp/rclcpp/any_executable.hpp:20[m[K,
[1.230s]                  from [01m[K/opt/ros/humble/include/rclcpp/rclcpp/memory_strategy.hpp:25[m[K,
[1.230s]                  from [01m[K/opt/ros/humble/include/rclcpp/rclcpp/memory_strategies.hpp:18[m[K,
[1.230s]                  from [01m[K/opt/ros/humble/include/rclcpp/rclcpp/executor_options.hpp:20[m[K,
[1.230s]                  from [01m[K/opt/ros/humble/include/rclcpp/rclcpp/executor.hpp:37[m[K,
[1.230s]                  from [01m[K/opt/ros/humble/include/rclcpp/rclcpp/executors/multi_threaded_executor.hpp:25[m[K,
[1.230s]                  from [01m[K/opt/ros/humble/include/rclcpp/rclcpp/executors.hpp:21[m[K,
[1.230s]                  from [01m[K/opt/ros/humble/include/rclcpp/rclcpp/rclcpp.hpp:155[m[K,
[1.230s]                  from [01m[K/home/wuling/hpc/ros2_learn/town_ws/src/village_zhang/src/zhang3.cpp:1[m[K:
[1.230s] [01m[K/home/wuling/hpc/ros2_learn/town_ws/src/village_zhang/src/zhang3.cpp:[m[K In member function ‘[01m[Kvoid PoorManNode::novels_callback(rclcpp::Client<village_interface::srv::SellNovel>::SharedFuture)[m[K’:
[1.230s] [01m[K/home/wuling/hpc/ros2_learn/town_ws/src/village_zhang/src/zhang3.cpp:17:41:[m[K [01;35m[Kwarning: [m[Kformat ‘[01m[K%d[m[K’ expects argument of type ‘[01m[Kint[m[K’, but argument 5 has type ‘[01m[Kstd::vector<std::__cxx11::basic_string<char> >::size_type[m[K’ {aka ‘[01m[Klong unsigned int[m[K’} [[01;35m[K]8;;https://gcc.gnu.org/onlinedocs/gcc/Warning-Options.html#index-Wformat=-Wformat=]8;;[m[K]
[1.230s]    17 |         RCLCPP_INFO(this->get_logger(), [01;35m[K" Haved received %d chapter novels, now reading novels!"[m[K, [32m[Kresult->novels.size()[m[K);
[1.230s]       |                                         [01;35m[K^~~~~~~~~~~~~~~~~~~~~~~~~~~~~~~~~~~~~~~~~~~~~~~~~~~~~~~~[m[K  [32m[K~~~~~~~~~~~~~~~~~~~~~[m[K
[1.230s]       |                                                                                                                      [32m[K|[m[K
[1.230s]       |                                                                                                                      [32m[Kstd::vector<std::__cxx11::basic_string<char> >::size_type {aka long unsigned int}[m[K
[1.230s] [01m[K/home/wuling/hpc/ros2_learn/town_ws/src/village_zhang/src/zhang3.cpp:17:59:[m[K [01;36m[Knote: [m[Kformat string is defined here
[1.230s]    17 |         RCLCPP_INFO(this->get_logger(), " Haved received [01;36m[K%d[m[K chapter novels, now reading novels!", result->novels.size());
[1.230s]       |                                                          [01;36m[K~^[m[K
[1.230s]       |                                                           [01;36m[K|[m[K
[1.230s]       |                                                           [01;36m[Kint[m[K
[1.230s]       |                                                          [32m[K%ld[m[K
[1.866s] [100%] [32m[1mLinking CXX executable zhang3_node[0m
[1.953s] [100%] Built target zhang3_node
[1.958s] Invoked command in '/home/wuling/hpc/ros2_learn/town_ws/build/village_zhang' returned '0': AMENT_PREFIX_PATH=/home/wuling/hpc/ros2_learn/town_ws/install/village_interface:${AMENT_PREFIX_PATH} CMAKE_PREFIX_PATH=/home/wuling/hpc/ros2_learn/town_ws/install/village_interface:/opt/ros/humble LD_LIBRARY_PATH=/home/wuling/hpc/ros2_learn/town_ws/install/village_interface/lib:${LD_LIBRARY_PATH} PYTHONPATH=/home/wuling/hpc/ros2_learn/town_ws/install/village_interface/local/lib/python3.10/dist-packages:${PYTHONPATH} /usr/bin/cmake --build /home/wuling/hpc/ros2_learn/town_ws/build/village_zhang -- -j24 -l24
[1.976s] Invoking command in '/home/wuling/hpc/ros2_learn/town_ws/build/village_zhang': AMENT_PREFIX_PATH=/home/wuling/hpc/ros2_learn/town_ws/install/village_interface:${AMENT_PREFIX_PATH} CMAKE_PREFIX_PATH=/home/wuling/hpc/ros2_learn/town_ws/install/village_interface:/opt/ros/humble LD_LIBRARY_PATH=/home/wuling/hpc/ros2_learn/town_ws/install/village_interface/lib:${LD_LIBRARY_PATH} PYTHONPATH=/home/wuling/hpc/ros2_learn/town_ws/install/village_interface/local/lib/python3.10/dist-packages:${PYTHONPATH} /usr/bin/cmake --install /home/wuling/hpc/ros2_learn/town_ws/build/village_zhang
[1.981s] -- Install configuration: ""
[1.981s] -- Installing: /home/wuling/hpc/ros2_learn/town_ws/install/village_zhang/lib/village_zhang/zhang3_node
[1.982s] -- Set runtime path of "/home/wuling/hpc/ros2_learn/town_ws/install/village_zhang/lib/village_zhang/zhang3_node" to ""
[1.982s] -- Up-to-date: /home/wuling/hpc/ros2_learn/town_ws/install/village_zhang/share/ament_index/resource_index/package_run_dependencies/village_zhang
[1.982s] -- Up-to-date: /home/wuling/hpc/ros2_learn/town_ws/install/village_zhang/share/ament_index/resource_index/parent_prefix_path/village_zhang
[1.982s] -- Up-to-date: /home/wuling/hpc/ros2_learn/town_ws/install/village_zhang/share/village_zhang/environment/ament_prefix_path.sh
[1.982s] -- Up-to-date: /home/wuling/hpc/ros2_learn/town_ws/install/village_zhang/share/village_zhang/environment/ament_prefix_path.dsv
[1.982s] -- Up-to-date: /home/wuling/hpc/ros2_learn/town_ws/install/village_zhang/share/village_zhang/environment/path.sh
[1.982s] -- Up-to-date: /home/wuling/hpc/ros2_learn/town_ws/install/village_zhang/share/village_zhang/environment/path.dsv
[1.982s] -- Up-to-date: /home/wuling/hpc/ros2_learn/town_ws/install/village_zhang/share/village_zhang/local_setup.bash
[1.982s] -- Up-to-date: /home/wuling/hpc/ros2_learn/town_ws/install/village_zhang/share/village_zhang/local_setup.sh
[1.982s] -- Up-to-date: /home/wuling/hpc/ros2_learn/town_ws/install/village_zhang/share/village_zhang/local_setup.zsh
[1.982s] -- Up-to-date: /home/wuling/hpc/ros2_learn/town_ws/install/village_zhang/share/village_zhang/local_setup.dsv
[1.983s] -- Installing: /home/wuling/hpc/ros2_learn/town_ws/install/village_zhang/share/village_zhang/package.dsv
[1.983s] -- Up-to-date: /home/wuling/hpc/ros2_learn/town_ws/install/village_zhang/share/ament_index/resource_index/packages/village_zhang
[1.983s] -- Up-to-date: /home/wuling/hpc/ros2_learn/town_ws/install/village_zhang/share/village_zhang/cmake/village_zhangConfig.cmake
[1.983s] -- Up-to-date: /home/wuling/hpc/ros2_learn/town_ws/install/village_zhang/share/village_zhang/cmake/village_zhangConfig-version.cmake
[1.983s] -- Up-to-date: /home/wuling/hpc/ros2_learn/town_ws/install/village_zhang/share/village_zhang/package.xml
[1.984s] Invoked command in '/home/wuling/hpc/ros2_learn/town_ws/build/village_zhang' returned '0': AMENT_PREFIX_PATH=/home/wuling/hpc/ros2_learn/town_ws/install/village_interface:${AMENT_PREFIX_PATH} CMAKE_PREFIX_PATH=/home/wuling/hpc/ros2_learn/town_ws/install/village_interface:/opt/ros/humble LD_LIBRARY_PATH=/home/wuling/hpc/ros2_learn/town_ws/install/village_interface/lib:${LD_LIBRARY_PATH} PYTHONPATH=/home/wuling/hpc/ros2_learn/town_ws/install/village_interface/local/lib/python3.10/dist-packages:${PYTHONPATH} /usr/bin/cmake --install /home/wuling/hpc/ros2_learn/town_ws/build/village_zhang
