[0.008s] Invoking command in '/home/wuling/hpc/ros2_learn/town_ws/build/village_wang': CMAKE_PREFIX_PATH=${CMAKE_PREFIX_PATH}:/home/wuling/hpc/ros2_learn/town_ws/install/village_li:/opt/ros/humble /usr/bin/cmake --build /home/wuling/hpc/ros2_learn/town_ws/build/village_wang -- -j24 -l24
[0.027s] -- Found ament_cmake: 1.3.5 (/opt/ros/humble/share/ament_cmake/cmake)
[0.135s] -- Found rclcpp: 16.0.5 (/opt/ros/humble/share/rclcpp/cmake)
[0.163s] -- Found rosidl_generator_c: 3.1.5 (/opt/ros/humble/share/rosidl_generator_c/cmake)
[0.166s] -- Found rosidl_adapter: 3.1.5 (/opt/ros/humble/share/rosidl_adapter/cmake)
[0.171s] -- Found rosidl_generator_cpp: 3.1.5 (/opt/ros/humble/share/rosidl_generator_cpp/cmake)
[0.182s] -- Using all available rosidl_typesupport_c: rosidl_typesupport_fastrtps_c;rosidl_typesupport_introspection_c
[0.197s] -- Using all available rosidl_typesupport_cpp: rosidl_typesupport_fastrtps_cpp;rosidl_typesupport_introspection_cpp
[0.263s] -- Found rmw_implementation_cmake: 6.1.1 (/opt/ros/humble/share/rmw_implementation_cmake/cmake)
[0.265s] -- Found rmw_fastrtps_cpp: 6.2.3 (/opt/ros/humble/share/rmw_fastrtps_cpp/cmake)
[0.353s] -- Using RMW implementation 'rmw_fastrtps_cpp' as default
[0.455s] -- Found ament_lint_auto: 0.12.7 (/opt/ros/humble/share/ament_lint_auto/cmake)
[0.497s] -- Added test 'cppcheck' to perform static code analysis on C / C++ code
[0.497s] -- Configured cppcheck include dirs: 
[0.497s] -- Configured cppcheck exclude dirs and/or files: 
[0.497s] -- Added test 'lint_cmake' to check CMake code style
[0.498s] -- Added test 'uncrustify' to check C / C++ code style
[0.498s] -- Configured uncrustify additional arguments: 
[0.498s] -- Added test 'xmllint' to check XML markup files
[0.499s] -- Configuring done
[0.503s] -- Generating done
[0.504s] -- Build files have been written to: /home/wuling/hpc/ros2_learn/town_ws/build/village_wang
[0.517s] [35m[1mConsolidate compiler generated dependencies of target wang2_node[0m
[0.527s] [ 50%] [32mBuilding CXX object CMakeFiles/wang2_node.dir/src/wang2.cpp.o[0m
[4.893s] [100%] [32m[1mLinking CXX executable wang2_node[0m
[5.119s] [100%] Built target wang2_node
[5.126s] Invoked command in '/home/wuling/hpc/ros2_learn/town_ws/build/village_wang' returned '0': CMAKE_PREFIX_PATH=${CMAKE_PREFIX_PATH}:/home/wuling/hpc/ros2_learn/town_ws/install/village_li:/opt/ros/humble /usr/bin/cmake --build /home/wuling/hpc/ros2_learn/town_ws/build/village_wang -- -j24 -l24
[5.141s] Invoking command in '/home/wuling/hpc/ros2_learn/town_ws/build/village_wang': CMAKE_PREFIX_PATH=${CMAKE_PREFIX_PATH}:/home/wuling/hpc/ros2_learn/town_ws/install/village_li:/opt/ros/humble /usr/bin/cmake --install /home/wuling/hpc/ros2_learn/town_ws/build/village_wang
[5.146s] -- Install configuration: ""
[5.146s] -- Up-to-date: /home/wuling/hpc/ros2_learn/town_ws/install/village_wang/share/ament_index/resource_index/package_run_dependencies/village_wang
[5.146s] -- Installing: /home/wuling/hpc/ros2_learn/town_ws/install/village_wang/share/ament_index/resource_index/parent_prefix_path/village_wang
[5.146s] -- Installing: /home/wuling/hpc/ros2_learn/town_ws/install/village_wang/share/village_wang/environment/ament_prefix_path.sh
[5.146s] -- Installing: /home/wuling/hpc/ros2_learn/town_ws/install/village_wang/share/village_wang/environment/ament_prefix_path.dsv
[5.146s] -- Installing: /home/wuling/hpc/ros2_learn/town_ws/install/village_wang/share/village_wang/environment/path.sh
[5.147s] -- Installing: /home/wuling/hpc/ros2_learn/town_ws/install/village_wang/share/village_wang/environment/path.dsv
[5.147s] -- Up-to-date: /home/wuling/hpc/ros2_learn/town_ws/install/village_wang/share/village_wang/local_setup.bash
[5.147s] -- Up-to-date: /home/wuling/hpc/ros2_learn/town_ws/install/village_wang/share/village_wang/local_setup.sh
[5.147s] -- Up-to-date: /home/wuling/hpc/ros2_learn/town_ws/install/village_wang/share/village_wang/local_setup.zsh
[5.147s] -- Installing: /home/wuling/hpc/ros2_learn/town_ws/install/village_wang/share/village_wang/local_setup.dsv
[5.147s] -- Installing: /home/wuling/hpc/ros2_learn/town_ws/install/village_wang/share/village_wang/package.dsv
[5.147s] -- Up-to-date: /home/wuling/hpc/ros2_learn/town_ws/install/village_wang/share/ament_index/resource_index/packages/village_wang
[5.147s] -- Up-to-date: /home/wuling/hpc/ros2_learn/town_ws/install/village_wang/share/village_wang/cmake/village_wangConfig.cmake
[5.147s] -- Up-to-date: /home/wuling/hpc/ros2_learn/town_ws/install/village_wang/share/village_wang/cmake/village_wangConfig-version.cmake
[5.147s] -- Up-to-date: /home/wuling/hpc/ros2_learn/town_ws/install/village_wang/share/village_wang/package.xml
[5.148s] -- Installing: /home/wuling/hpc/ros2_learn/town_ws/install/village_wang/lib/village_wang/wang2_node
[5.151s] -- Set runtime path of "/home/wuling/hpc/ros2_learn/town_ws/install/village_wang/lib/village_wang/wang2_node" to ""
[5.154s] Invoked command in '/home/wuling/hpc/ros2_learn/town_ws/build/village_wang' returned '0': CMAKE_PREFIX_PATH=${CMAKE_PREFIX_PATH}:/home/wuling/hpc/ros2_learn/town_ws/install/village_li:/opt/ros/humble /usr/bin/cmake --install /home/wuling/hpc/ros2_learn/town_ws/build/village_wang
