[0.008s] Invoking command in '/home/wuling/hpc/ros2_learn/Tutorials/build/my_composition': CMAKE_PREFIX_PATH=/opt/ros/humble /usr/bin/cmake /home/wuling/hpc/ros2_learn/Tutorials/src/my_composition -DCMAKE_INSTALL_PREFIX=/home/wuling/hpc/ros2_learn/Tutorials/install/my_composition
[0.106s] -- The C compiler identification is GNU 11.4.0
[0.184s] -- The CXX compiler identification is GNU 11.4.0
[0.191s] -- Detecting C compiler ABI info
[0.241s] -- Detecting C compiler ABI info - done
[0.245s] -- Check for working C compiler: /usr/bin/cc - skipped
[0.245s] -- Detecting C compile features
[0.245s] -- Detecting C compile features - done
[0.248s] -- Detecting CXX compiler ABI info
[0.305s] -- Detecting CXX compiler ABI info - done
[0.309s] -- Check for working CXX compiler: /usr/bin/c++ - skipped
[0.309s] -- Detecting CXX compile features
[0.310s] -- Detecting CXX compile features - done
[0.312s] -- Found ament_cmake: 1.3.5 (/opt/ros/humble/share/ament_cmake/cmake)
[0.459s] -- Found Python3: /usr/bin/python3.10 (found version "3.10.12") found components: Interpreter 
[0.542s] -- Found rclcpp: 16.0.5 (/opt/ros/humble/share/rclcpp/cmake)
[0.578s] -- Found rosidl_generator_c: 3.1.5 (/opt/ros/humble/share/rosidl_generator_c/cmake)
[0.582s] -- Found rosidl_adapter: 3.1.5 (/opt/ros/humble/share/rosidl_adapter/cmake)
[0.590s] -- Found rosidl_generator_cpp: 3.1.5 (/opt/ros/humble/share/rosidl_generator_cpp/cmake)
[0.600s] -- Using all available rosidl_typesupport_c: rosidl_typesupport_fastrtps_c;rosidl_typesupport_introspection_c
[0.613s] -- Using all available rosidl_typesupport_cpp: rosidl_typesupport_fastrtps_cpp;rosidl_typesupport_introspection_cpp
[0.665s] -- Found rmw_implementation_cmake: 6.1.1 (/opt/ros/humble/share/rmw_implementation_cmake/cmake)
[0.668s] -- Found rmw_fastrtps_cpp: 6.2.3 (/opt/ros/humble/share/rmw_fastrtps_cpp/cmake)
[0.733s] -- Found OpenSSL: /usr/lib/x86_64-linux-gnu/libcrypto.so (found version "3.0.2")  
[0.761s] -- Found FastRTPS: /opt/ros/humble/include  
[0.807s] -- Using RMW implementation 'rmw_fastrtps_cpp' as default
[0.816s] -- Looking for pthread.h
[0.883s] -- Looking for pthread.h - found
[0.883s] -- Performing Test CMAKE_HAVE_LIBC_PTHREAD
[0.946s] -- Performing Test CMAKE_HAVE_LIBC_PTHREAD - Success
[0.947s] -- Found Threads: TRUE  
[1.044s] -- Found std_srvs: 4.2.3 (/opt/ros/humble/share/std_srvs/cmake)
[1.056s] -- Found ament_lint_auto: 0.12.7 (/opt/ros/humble/share/ament_lint_auto/cmake)
[1.129s] -- Added test 'cppcheck' to perform static code analysis on C / C++ code
[1.129s] -- Configured cppcheck include dirs: 
[1.129s] -- Configured cppcheck exclude dirs and/or files: 
[1.130s] -- Added test 'lint_cmake' to check CMake code style
[1.130s] -- Added test 'uncrustify' to check C / C++ code style
[1.131s] -- Configured uncrustify additional arguments: 
[1.131s] -- Added test 'xmllint' to check XML markup files
[1.132s] -- Configuring done
[1.135s] -- Generating done
[1.136s] -- Build files have been written to: /home/wuling/hpc/ros2_learn/Tutorials/build/my_composition
[1.144s] Invoked command in '/home/wuling/hpc/ros2_learn/Tutorials/build/my_composition' returned '0': CMAKE_PREFIX_PATH=/opt/ros/humble /usr/bin/cmake /home/wuling/hpc/ros2_learn/Tutorials/src/my_composition -DCMAKE_INSTALL_PREFIX=/home/wuling/hpc/ros2_learn/Tutorials/install/my_composition
[1.144s] Invoking command in '/home/wuling/hpc/ros2_learn/Tutorials/build/my_composition': CMAKE_PREFIX_PATH=/opt/ros/humble /usr/bin/cmake --build /home/wuling/hpc/ros2_learn/Tutorials/build/my_composition -- -j24 -l24
[1.168s] Invoked command in '/home/wuling/hpc/ros2_learn/Tutorials/build/my_composition' returned '0': CMAKE_PREFIX_PATH=/opt/ros/humble /usr/bin/cmake --build /home/wuling/hpc/ros2_learn/Tutorials/build/my_composition -- -j24 -l24
[1.182s] Invoking command in '/home/wuling/hpc/ros2_learn/Tutorials/build/my_composition': CMAKE_PREFIX_PATH=/opt/ros/humble /usr/bin/cmake --install /home/wuling/hpc/ros2_learn/Tutorials/build/my_composition
[1.185s] -- Install configuration: ""
[1.185s] -- Installing: /home/wuling/hpc/ros2_learn/Tutorials/install/my_composition/share/ament_index/resource_index/package_run_dependencies/my_composition
[1.186s] -- Installing: /home/wuling/hpc/ros2_learn/Tutorials/install/my_composition/share/ament_index/resource_index/parent_prefix_path/my_composition
[1.186s] -- Installing: /home/wuling/hpc/ros2_learn/Tutorials/install/my_composition/share/my_composition/environment/ament_prefix_path.sh
[1.186s] -- Installing: /home/wuling/hpc/ros2_learn/Tutorials/install/my_composition/share/my_composition/environment/ament_prefix_path.dsv
[1.186s] -- Installing: /home/wuling/hpc/ros2_learn/Tutorials/install/my_composition/share/my_composition/environment/path.sh
[1.186s] -- Installing: /home/wuling/hpc/ros2_learn/Tutorials/install/my_composition/share/my_composition/environment/path.dsv
[1.186s] -- Installing: /home/wuling/hpc/ros2_learn/Tutorials/install/my_composition/share/my_composition/local_setup.bash
[1.186s] -- Installing: /home/wuling/hpc/ros2_learn/Tutorials/install/my_composition/share/my_composition/local_setup.sh
[1.186s] -- Installing: /home/wuling/hpc/ros2_learn/Tutorials/install/my_composition/share/my_composition/local_setup.zsh
[1.186s] -- Installing: /home/wuling/hpc/ros2_learn/Tutorials/install/my_composition/share/my_composition/local_setup.dsv
[1.186s] -- Installing: /home/wuling/hpc/ros2_learn/Tutorials/install/my_composition/share/my_composition/package.dsv
[1.186s] -- Installing: /home/wuling/hpc/ros2_learn/Tutorials/install/my_composition/share/ament_index/resource_index/packages/my_composition
[1.186s] -- Installing: /home/wuling/hpc/ros2_learn/Tutorials/install/my_composition/share/my_composition/cmake/my_compositionConfig.cmake
[1.186s] -- Installing: /home/wuling/hpc/ros2_learn/Tutorials/install/my_composition/share/my_composition/cmake/my_compositionConfig-version.cmake
[1.186s] -- Installing: /home/wuling/hpc/ros2_learn/Tutorials/install/my_composition/share/my_composition/package.xml
[1.187s] Invoked command in '/home/wuling/hpc/ros2_learn/Tutorials/build/my_composition' returned '0': CMAKE_PREFIX_PATH=/opt/ros/humble /usr/bin/cmake --install /home/wuling/hpc/ros2_learn/Tutorials/build/my_composition
