[ 50%] [32mBuilding CXX object CMakeFiles/my_node_like_listener_component.dir/src/my_node_like_listener_component.cpp.o[0m
[100%] [32m[1mLinking CXX shared library libmy_node_like_listener_component.so[0m
[100%] Built target my_node_like_listener_component
-- Install configuration: ""
-- Installing: /home/wuling/hpc/ros2_learn/Tutorials/install/my_composition/lib/libmy_node_like_listener_component.so
-- Set runtime path of "/home/wuling/hpc/ros2_learn/Tutorials/install/my_composition/lib/libmy_node_like_listener_component.so" to ""
-- Up-to-date: /home/wuling/hpc/ros2_learn/Tutorials/install/my_composition/share/ament_index/resource_index/package_run_dependencies/my_composition
-- Up-to-date: /home/wuling/hpc/ros2_learn/Tutorials/install/my_composition/share/ament_index/resource_index/parent_prefix_path/my_composition
-- Up-to-date: /home/wuling/hpc/ros2_learn/Tutorials/install/my_composition/share/my_composition/environment/ament_prefix_path.sh
-- Up-to-date: /home/wuling/hpc/ros2_learn/Tutorials/install/my_composition/share/my_composition/environment/ament_prefix_path.dsv
-- Up-to-date: /home/wuling/hpc/ros2_learn/Tutorials/install/my_composition/share/my_composition/environment/path.sh
-- Up-to-date: /home/wuling/hpc/ros2_learn/Tutorials/install/my_composition/share/my_composition/environment/path.dsv
-- Up-to-date: /home/wuling/hpc/ros2_learn/Tutorials/install/my_composition/share/my_composition/local_setup.bash
-- Up-to-date: /home/wuling/hpc/ros2_learn/Tutorials/install/my_composition/share/my_composition/local_setup.sh
-- Up-to-date: /home/wuling/hpc/ros2_learn/Tutorials/install/my_composition/share/my_composition/local_setup.zsh
-- Up-to-date: /home/wuling/hpc/ros2_learn/Tutorials/install/my_composition/share/my_composition/local_setup.dsv
-- Up-to-date: /home/wuling/hpc/ros2_learn/Tutorials/install/my_composition/share/my_composition/package.dsv
-- Up-to-date: /home/wuling/hpc/ros2_learn/Tutorials/install/my_composition/share/ament_index/resource_index/packages/my_composition
-- Up-to-date: /home/wuling/hpc/ros2_learn/Tutorials/install/my_composition/share/ament_index/resource_index/rclcpp_components/my_composition
-- Up-to-date: /home/wuling/hpc/ros2_learn/Tutorials/install/my_composition/share/my_composition/cmake/my_compositionConfig.cmake
-- Up-to-date: /home/wuling/hpc/ros2_learn/Tutorials/install/my_composition/share/my_composition/cmake/my_compositionConfig-version.cmake
-- Up-to-date: /home/wuling/hpc/ros2_learn/Tutorials/install/my_composition/share/my_composition/package.xml
