[0.386s] Invoking command in '/home/wuling/hpc/ros2_learn/town_ws/src/village_li': PYTHONPATH=/home/wuling/hpc/ros2_learn/town_ws/build/village_li/prefix_override:/home/wuling/hpc/ros2_learn/town_ws/install/village_li/lib/python3.10/site-packages:${PYTHONPATH} /usr/bin/python3 setup.py egg_info --egg-base ../../build/village_li build --build-base /home/wuling/hpc/ros2_learn/town_ws/build/village_li/build install --record /home/wuling/hpc/ros2_learn/town_ws/build/village_li/install.log --install-scripts $base/lib/village_li --single-version-externally-managed
[0.528s] /usr/lib/python3/dist-packages/setuptools/dist.py:723: UserWarning: Usage of dash-separated 'script-dir' will not be supported in future versions. Please use the underscore name 'script_dir' instead
[0.528s]   warnings.warn(
[0.533s] running egg_info
[0.533s] writing ../../build/village_li/village_li.egg-info/PKG-INFO
[0.533s] writing dependency_links to ../../build/village_li/village_li.egg-info/dependency_links.txt
[0.533s] writing entry points to ../../build/village_li/village_li.egg-info/entry_points.txt
[0.533s] writing requirements to ../../build/village_li/village_li.egg-info/requires.txt
[0.533s] writing top-level names to ../../build/village_li/village_li.egg-info/top_level.txt
[0.534s] reading manifest file '../../build/village_li/village_li.egg-info/SOURCES.txt'
[0.535s] writing manifest file '../../build/village_li/village_li.egg-info/SOURCES.txt'
[0.535s] running build
[0.535s] running build_py
[0.535s] copying village_li/li4.py -> /home/wuling/hpc/ros2_learn/town_ws/build/village_li/build/lib/village_li
[0.535s] running install
[0.535s] /usr/lib/python3/dist-packages/setuptools/command/install.py:34: SetuptoolsDeprecationWarning: setup.py install is deprecated. Use build and pip and other standards-based tools.
[0.535s]   warnings.warn(
[0.536s] running install_lib
[0.536s] copying /home/wuling/hpc/ros2_learn/town_ws/build/village_li/build/lib/village_li/li4.py -> /home/wuling/hpc/ros2_learn/town_ws/install/village_li/lib/python3.10/site-packages/village_li
[0.536s] byte-compiling /home/wuling/hpc/ros2_learn/town_ws/install/village_li/lib/python3.10/site-packages/village_li/li4.py to li4.cpython-310.pyc
[0.537s] running install_data
[0.537s] running install_egg_info
[0.538s] removing '/home/wuling/hpc/ros2_learn/town_ws/install/village_li/lib/python3.10/site-packages/village_li-0.0.0-py3.10.egg-info' (and everything under it)
[0.539s] Copying ../../build/village_li/village_li.egg-info to /home/wuling/hpc/ros2_learn/town_ws/install/village_li/lib/python3.10/site-packages/village_li-0.0.0-py3.10.egg-info
[0.539s] running install_scripts
[0.551s] Installing li4_node script to /home/wuling/hpc/ros2_learn/town_ws/install/village_li/lib/village_li
[0.551s] writing list of installed files to '/home/wuling/hpc/ros2_learn/town_ws/build/village_li/install.log'
[0.565s] Invoked command in '/home/wuling/hpc/ros2_learn/town_ws/src/village_li' returned '0': PYTHONPATH=/home/wuling/hpc/ros2_learn/town_ws/build/village_li/prefix_override:/home/wuling/hpc/ros2_learn/town_ws/install/village_li/lib/python3.10/site-packages:${PYTHONPATH} /usr/bin/python3 setup.py egg_info --egg-base ../../build/village_li build --build-base /home/wuling/hpc/ros2_learn/town_ws/build/village_li/build install --record /home/wuling/hpc/ros2_learn/town_ws/build/village_li/install.log --install-scripts $base/lib/village_li --single-version-externally-managed
