running egg_info
writing ../../build/village_li/village_li.egg-info/PKG-INFO
writing dependency_links to ../../build/village_li/village_li.egg-info/dependency_links.txt
writing entry points to ../../build/village_li/village_li.egg-info/entry_points.txt
writing requirements to ../../build/village_li/village_li.egg-info/requires.txt
writing top-level names to ../../build/village_li/village_li.egg-info/top_level.txt
reading manifest file '../../build/village_li/village_li.egg-info/SOURCES.txt'
writing manifest file '../../build/village_li/village_li.egg-info/SOURCES.txt'
running build
running build_py
running install
running install_lib
running install_data
creating /home/wuling/hpc/ros2_learn/town_ws/install/village_li/share/village_li/launch
copying launch/villiage.launch.py -> /home/wuling/hpc/ros2_learn/town_ws/install/village_li/share/village_li/launch
running install_egg_info
removing '/home/wuling/hpc/ros2_learn/town_ws/install/village_li/lib/python3.10/site-packages/village_li-0.0.0-py3.10.egg-info' (and everything under it)
Copying ../../build/village_li/village_li.egg-info to /home/wuling/hpc/ros2_learn/town_ws/install/village_li/lib/python3.10/site-packages/village_li-0.0.0-py3.10.egg-info
running install_scripts
Installing li3_node script to /home/wuling/hpc/ros2_learn/town_ws/install/village_li/lib/village_li
Installing li4_node script to /home/wuling/hpc/ros2_learn/town_ws/install/village_li/lib/village_li
writing list of installed files to '/home/wuling/hpc/ros2_learn/town_ws/build/village_li/install.log'
