[0.012s] Invoking command in '/home/wuling/hpc/ros2_learn/town_ws/build/village_interface': CMAKE_PREFIX_PATH=/opt/ros/humble /usr/bin/cmake --build /home/wuling/hpc/ros2_learn/town_ws/build/village_interface -- -j24 -l24
[0.058s] -- Found ament_cmake: 1.3.5 (/opt/ros/humble/share/ament_cmake/cmake)
[0.168s] -- Found sensor_msgs: 4.2.3 (/opt/ros/humble/share/sensor_msgs/cmake)
[0.198s] -- Found rosidl_generator_c: 3.1.5 (/opt/ros/humble/share/rosidl_generator_c/cmake)
[0.200s] -- Found rosidl_adapter: 3.1.5 (/opt/ros/humble/share/rosidl_adapter/cmake)
[0.208s] -- Found rosidl_generator_cpp: 3.1.5 (/opt/ros/humble/share/rosidl_generator_cpp/cmake)
[0.221s] -- Using all available rosidl_typesupport_c: rosidl_typesupport_fastrtps_c;rosidl_typesupport_introspection_c
[0.236s] -- Using all available rosidl_typesupport_cpp: rosidl_typesupport_fastrtps_cpp;rosidl_typesupport_introspection_cpp
[0.360s] -- Found rosidl_default_generators: 1.2.0 (/opt/ros/humble/share/rosidl_default_generators/cmake)
[0.364s] -- Found ament_lint_auto: 0.12.7 (/opt/ros/humble/share/ament_lint_auto/cmake)
[0.589s] -- Found ament_cmake_ros: 0.10.0 (/opt/ros/humble/share/ament_cmake_ros/cmake)
[0.926s] -- Using all available rosidl_typesupport_c: rosidl_typesupport_fastrtps_c;rosidl_typesupport_introspection_c
[1.040s] -- Using all available rosidl_typesupport_cpp: rosidl_typesupport_fastrtps_cpp;rosidl_typesupport_introspection_cpp
[1.059s] -- Found python_cmake_module: 0.10.0 (/opt/ros/humble/share/python_cmake_module/cmake)
[1.079s] -- Using PYTHON_EXECUTABLE: /usr/bin/python3
[1.079s] -- Using PYTHON_INCLUDE_DIRS: /usr/include/python3.10
[1.079s] -- Using PYTHON_LIBRARIES: /usr/lib/x86_64-linux-gnu/libpython3.10.so
[1.108s] -- Added test 'lint_cmake' to check CMake code style
[1.109s] -- Added test 'xmllint' to check XML markup files
[1.113s] -- Configuring done
[1.136s] -- Generating done
[1.137s] -- Build files have been written to: /home/wuling/hpc/ros2_learn/town_ws/build/village_interface
[1.152s] [  2%] [34m[1mGenerating C code for ROS interfaces[0m
[1.156s] [  5%] [34m[1mGenerating C++ code for ROS interfaces[0m
[1.163s] [  5%] Built target ament_cmake_python_copy_village_interface
[1.323s] running egg_info
[1.323s] writing village_interface.egg-info/PKG-INFO
[1.323s] writing dependency_links to village_interface.egg-info/dependency_links.txt
[1.323s] writing top-level names to village_interface.egg-info/top_level.txt
[1.325s] reading manifest file 'village_interface.egg-info/SOURCES.txt'
[1.325s] writing manifest file 'village_interface.egg-info/SOURCES.txt'
[1.343s] [  5%] Built target ament_cmake_python_build_village_interface_egg
[1.396s] [  5%] Built target village_interface__cpp
[1.401s] [  7%] [34m[1mGenerating C++ type support dispatch for ROS interfaces[0m
[1.402s] [ 10%] [34m[1mGenerating C++ type support for eProsima Fast-RTPS[0m
[1.403s] [ 12%] [34m[1mGenerating C++ introspection for ROS interfaces[0m
[1.404s] [35m[1mConsolidate compiler generated dependencies of target village_interface__rosidl_generator_c[0m
[1.412s] [ 17%] [32mBuilding C object CMakeFiles/village_interface__rosidl_generator_c.dir/rosidl_generator_c/village_interface/msg/detail/novel__functions.c.o[0m
[1.412s] [ 17%] [32mBuilding C object CMakeFiles/village_interface__rosidl_generator_c.dir/rosidl_generator_c/village_interface/srv/detail/borrow_money__functions.c.o[0m
[1.487s] [ 20%] [32m[1mLinking C shared library libvillage_interface__rosidl_generator_c.so[0m
[1.526s] [ 20%] Built target village_interface__rosidl_generator_c
[1.532s] [ 23%] [34m[1mGenerating C type support dispatch for ROS interfaces[0m
[1.532s] [ 28%] [34m[1mGenerating C type support for eProsima Fast-RTPS[0m
[1.532s] [ 28%] [34m[1mGenerating C introspection for ROS interfaces[0m
[1.595s] [35m[1mConsolidate compiler generated dependencies of target village_interface__rosidl_typesupport_cpp[0m
[1.602s] [ 30%] [32mBuilding CXX object CMakeFiles/village_interface__rosidl_typesupport_cpp.dir/rosidl_typesupport_cpp/village_interface/msg/novel__type_support.cpp.o[0m
[1.603s] [ 33%] [32mBuilding CXX object CMakeFiles/village_interface__rosidl_typesupport_cpp.dir/rosidl_typesupport_cpp/village_interface/srv/borrow_money__type_support.cpp.o[0m
[1.622s] [35m[1mConsolidate compiler generated dependencies of target village_interface__rosidl_typesupport_introspection_cpp[0m
[1.631s] [ 35%] [32mBuilding CXX object CMakeFiles/village_interface__rosidl_typesupport_introspection_cpp.dir/rosidl_typesupport_introspection_cpp/village_interface/srv/detail/borrow_money__type_support.cpp.o[0m
[1.631s] [ 38%] [32mBuilding CXX object CMakeFiles/village_interface__rosidl_typesupport_introspection_cpp.dir/rosidl_typesupport_introspection_cpp/village_interface/msg/detail/novel__type_support.cpp.o[0m
[1.639s] [35m[1mConsolidate compiler generated dependencies of target village_interface__rosidl_typesupport_fastrtps_cpp[0m
[1.648s] [ 41%] [32mBuilding CXX object CMakeFiles/village_interface__rosidl_typesupport_fastrtps_cpp.dir/rosidl_typesupport_fastrtps_cpp/village_interface/msg/detail/dds_fastrtps/novel__type_support.cpp.o[0m
[1.648s] [ 43%] [32mBuilding CXX object CMakeFiles/village_interface__rosidl_typesupport_fastrtps_cpp.dir/rosidl_typesupport_fastrtps_cpp/village_interface/srv/detail/dds_fastrtps/borrow_money__type_support.cpp.o[0m
[1.785s] [ 46%] [32m[1mLinking CXX shared library libvillage_interface__rosidl_typesupport_cpp.so[0m
[1.803s] [35m[1mConsolidate compiler generated dependencies of target village_interface__rosidl_typesupport_introspection_c[0m
[1.812s] [ 51%] [32mBuilding C object CMakeFiles/village_interface__rosidl_typesupport_introspection_c.dir/rosidl_typesupport_introspection_c/village_interface/msg/detail/novel__type_support.c.o[0m
[1.812s] [ 51%] [32mBuilding C object CMakeFiles/village_interface__rosidl_typesupport_introspection_c.dir/rosidl_typesupport_introspection_c/village_interface/srv/detail/borrow_money__type_support.c.o[0m
[1.812s] [ 51%] Built target village_interface__rosidl_typesupport_cpp
[1.827s] [35m[1mConsolidate compiler generated dependencies of target village_interface__rosidl_typesupport_c[0m
[1.835s] [ 53%] [32mBuilding CXX object CMakeFiles/village_interface__rosidl_typesupport_c.dir/rosidl_typesupport_c/village_interface/srv/borrow_money__type_support.cpp.o[0m
[1.836s] [ 56%] [32mBuilding CXX object CMakeFiles/village_interface__rosidl_typesupport_c.dir/rosidl_typesupport_c/village_interface/msg/novel__type_support.cpp.o[0m
[1.844s] [ 58%] [32m[1mLinking C shared library libvillage_interface__rosidl_typesupport_introspection_c.so[0m
[1.857s] [ 61%] [32m[1mLinking CXX shared library libvillage_interface__rosidl_typesupport_c.so[0m
[1.868s] [ 61%] Built target village_interface__rosidl_typesupport_introspection_c
[1.876s] [35m[1mConsolidate compiler generated dependencies of target village_interface__rosidl_typesupport_fastrtps_c[0m
[1.884s] [ 64%] [32mBuilding CXX object CMakeFiles/village_interface__rosidl_typesupport_fastrtps_c.dir/rosidl_typesupport_fastrtps_c/village_interface/msg/detail/novel__type_support_c.cpp.o[0m
[1.885s] [ 66%] [32mBuilding CXX object CMakeFiles/village_interface__rosidl_typesupport_fastrtps_c.dir/rosidl_typesupport_fastrtps_c/village_interface/srv/detail/borrow_money__type_support_c.cpp.o[0m
[1.888s] [ 66%] Built target village_interface__rosidl_typesupport_c
[1.902s] [ 69%] [32m[1mLinking CXX shared library libvillage_interface__rosidl_typesupport_fastrtps_cpp.so[0m
[1.948s] [ 69%] Built target village_interface__rosidl_typesupport_fastrtps_cpp
[2.000s] [ 71%] [32m[1mLinking CXX shared library libvillage_interface__rosidl_typesupport_introspection_cpp.so[0m
[2.048s] [ 71%] Built target village_interface__rosidl_typesupport_introspection_cpp
[2.072s] [ 74%] [32m[1mLinking CXX shared library libvillage_interface__rosidl_typesupport_fastrtps_c.so[0m
[2.115s] [ 74%] Built target village_interface__rosidl_typesupport_fastrtps_c
[2.126s] [ 74%] Built target village_interface
[2.136s] [ 76%] [34m[1mGenerating Python code for ROS interfaces[0m
[2.486s] [ 76%] Built target village_interface__py
[2.492s] [35m[1mConsolidate compiler generated dependencies of target village_interface__rosidl_generator_py[0m
[2.498s] [ 79%] [32mBuilding C object CMakeFiles/village_interface__rosidl_generator_py.dir/rosidl_generator_py/village_interface/msg/_novel_s.c.o[0m
[2.499s] [ 82%] [32mBuilding C object CMakeFiles/village_interface__rosidl_generator_py.dir/rosidl_generator_py/village_interface/srv/_borrow_money_s.c.o[0m
[2.569s] [ 84%] [32m[1mLinking C shared library rosidl_generator_py/village_interface/libvillage_interface__rosidl_generator_py.so[0m
[2.595s] [ 84%] Built target village_interface__rosidl_generator_py
[2.600s] [35m[1mConsolidate compiler generated dependencies of target village_interface__rosidl_typesupport_c__pyext[0m
[2.600s] [35m[1mConsolidate compiler generated dependencies of target village_interface__rosidl_typesupport_introspection_c__pyext[0m
[2.601s] [35m[1mConsolidate compiler generated dependencies of target village_interface__rosidl_typesupport_fastrtps_c__pyext[0m
[2.607s] [ 87%] [32mBuilding C object CMakeFiles/village_interface__rosidl_typesupport_c__pyext.dir/rosidl_generator_py/village_interface/_village_interface_s.ep.rosidl_typesupport_c.c.o[0m
[2.608s] [ 89%] [32mBuilding C object CMakeFiles/village_interface__rosidl_typesupport_introspection_c__pyext.dir/rosidl_generator_py/village_interface/_village_interface_s.ep.rosidl_typesupport_introspection_c.c.o[0m
[2.609s] [ 92%] [32mBuilding C object CMakeFiles/village_interface__rosidl_typesupport_fastrtps_c__pyext.dir/rosidl_generator_py/village_interface/_village_interface_s.ep.rosidl_typesupport_fastrtps_c.c.o[0m
[2.673s] [ 94%] [32m[1mLinking C shared library rosidl_generator_py/village_interface/village_interface_s__rosidl_typesupport_c.cpython-310-x86_64-linux-gnu.so[0m
[2.679s] [100%] [32m[1mLinking C shared library rosidl_generator_py/village_interface/village_interface_s__rosidl_typesupport_introspection_c.cpython-310-x86_64-linux-gnu.so[0m
[2.679s] [100%] [32m[1mLinking C shared library rosidl_generator_py/village_interface/village_interface_s__rosidl_typesupport_fastrtps_c.cpython-310-x86_64-linux-gnu.so[0m
[2.697s] [100%] Built target village_interface__rosidl_typesupport_c__pyext
[2.700s] [100%] Built target village_interface__rosidl_typesupport_fastrtps_c__pyext
[2.703s] [100%] Built target village_interface__rosidl_typesupport_introspection_c__pyext
[2.709s] Invoked command in '/home/wuling/hpc/ros2_learn/town_ws/build/village_interface' returned '0': CMAKE_PREFIX_PATH=/opt/ros/humble /usr/bin/cmake --build /home/wuling/hpc/ros2_learn/town_ws/build/village_interface -- -j24 -l24
[2.754s] Invoking command in '/home/wuling/hpc/ros2_learn/town_ws/build/village_interface': CMAKE_PREFIX_PATH=/opt/ros/humble /usr/bin/cmake --install /home/wuling/hpc/ros2_learn/town_ws/build/village_interface
[2.758s] -- Install configuration: ""
[2.758s] -- Installing: /home/wuling/hpc/ros2_learn/town_ws/install/village_interface/share/ament_index/resource_index/rosidl_interfaces/village_interface
[2.758s] -- Up-to-date: /home/wuling/hpc/ros2_learn/town_ws/install/village_interface/include/village_interface/village_interface
[2.758s] -- Installing: /home/wuling/hpc/ros2_learn/town_ws/install/village_interface/include/village_interface/village_interface/srv
[2.758s] -- Installing: /home/wuling/hpc/ros2_learn/town_ws/install/village_interface/include/village_interface/village_interface/srv/borrow_money.h
[2.758s] -- Installing: /home/wuling/hpc/ros2_learn/town_ws/install/village_interface/include/village_interface/village_interface/srv/detail
[2.758s] -- Installing: /home/wuling/hpc/ros2_learn/town_ws/install/village_interface/include/village_interface/village_interface/srv/detail/borrow_money__functions.c
[2.758s] -- Installing: /home/wuling/hpc/ros2_learn/town_ws/install/village_interface/include/village_interface/village_interface/srv/detail/borrow_money__struct.h
[2.759s] -- Installing: /home/wuling/hpc/ros2_learn/town_ws/install/village_interface/include/village_interface/village_interface/srv/detail/borrow_money__type_support.h
[2.759s] -- Installing: /home/wuling/hpc/ros2_learn/town_ws/install/village_interface/include/village_interface/village_interface/srv/detail/borrow_money__functions.h
[2.759s] -- Up-to-date: /home/wuling/hpc/ros2_learn/town_ws/install/village_interface/include/village_interface/village_interface/msg
[2.759s] -- Up-to-date: /home/wuling/hpc/ros2_learn/town_ws/install/village_interface/include/village_interface/village_interface/msg/rosidl_generator_c__visibility_control.h
[2.759s] -- Up-to-date: /home/wuling/hpc/ros2_learn/town_ws/install/village_interface/include/village_interface/village_interface/msg/detail
[2.759s] -- Installing: /home/wuling/hpc/ros2_learn/town_ws/install/village_interface/include/village_interface/village_interface/msg/detail/novel__functions.c
[2.759s] -- Installing: /home/wuling/hpc/ros2_learn/town_ws/install/village_interface/include/village_interface/village_interface/msg/detail/novel__functions.h
[2.759s] -- Installing: /home/wuling/hpc/ros2_learn/town_ws/install/village_interface/include/village_interface/village_interface/msg/detail/novel__struct.h
[2.759s] -- Installing: /home/wuling/hpc/ros2_learn/town_ws/install/village_interface/include/village_interface/village_interface/msg/detail/novel__type_support.h
[2.759s] -- Installing: /home/wuling/hpc/ros2_learn/town_ws/install/village_interface/include/village_interface/village_interface/msg/novel.h
[2.759s] -- Up-to-date: /home/wuling/hpc/ros2_learn/town_ws/install/village_interface/share/village_interface/environment/library_path.sh
[2.759s] -- Installing: /home/wuling/hpc/ros2_learn/town_ws/install/village_interface/share/village_interface/environment/library_path.dsv
[2.760s] -- Installing: /home/wuling/hpc/ros2_learn/town_ws/install/village_interface/lib/libvillage_interface__rosidl_generator_c.so
[2.760s] -- Set runtime path of "/home/wuling/hpc/ros2_learn/town_ws/install/village_interface/lib/libvillage_interface__rosidl_generator_c.so" to ""
[2.760s] -- Up-to-date: /home/wuling/hpc/ros2_learn/town_ws/install/village_interface/include/village_interface/village_interface
[2.760s] -- Up-to-date: /home/wuling/hpc/ros2_learn/town_ws/install/village_interface/include/village_interface/village_interface/srv
[2.760s] -- Up-to-date: /home/wuling/hpc/ros2_learn/town_ws/install/village_interface/include/village_interface/village_interface/srv/detail
[2.760s] -- Installing: /home/wuling/hpc/ros2_learn/town_ws/install/village_interface/include/village_interface/village_interface/srv/detail/borrow_money__rosidl_typesupport_fastrtps_c.h
[2.760s] -- Up-to-date: /home/wuling/hpc/ros2_learn/town_ws/install/village_interface/include/village_interface/village_interface/msg
[2.760s] -- Up-to-date: /home/wuling/hpc/ros2_learn/town_ws/install/village_interface/include/village_interface/village_interface/msg/rosidl_typesupport_fastrtps_c__visibility_control.h
[2.760s] -- Up-to-date: /home/wuling/hpc/ros2_learn/town_ws/install/village_interface/include/village_interface/village_interface/msg/detail
[2.760s] -- Installing: /home/wuling/hpc/ros2_learn/town_ws/install/village_interface/include/village_interface/village_interface/msg/detail/novel__rosidl_typesupport_fastrtps_c.h
[2.760s] -- Installing: /home/wuling/hpc/ros2_learn/town_ws/install/village_interface/lib/libvillage_interface__rosidl_typesupport_fastrtps_c.so
[2.761s] -- Set runtime path of "/home/wuling/hpc/ros2_learn/town_ws/install/village_interface/lib/libvillage_interface__rosidl_typesupport_fastrtps_c.so" to ""
[2.761s] -- Up-to-date: /home/wuling/hpc/ros2_learn/town_ws/install/village_interface/include/village_interface/village_interface
[2.761s] -- Up-to-date: /home/wuling/hpc/ros2_learn/town_ws/install/village_interface/include/village_interface/village_interface/srv
[2.761s] -- Installing: /home/wuling/hpc/ros2_learn/town_ws/install/village_interface/include/village_interface/village_interface/srv/borrow_money.hpp
[2.761s] -- Up-to-date: /home/wuling/hpc/ros2_learn/town_ws/install/village_interface/include/village_interface/village_interface/srv/detail
[2.761s] -- Installing: /home/wuling/hpc/ros2_learn/town_ws/install/village_interface/include/village_interface/village_interface/srv/detail/borrow_money__builder.hpp
[2.761s] -- Installing: /home/wuling/hpc/ros2_learn/town_ws/install/village_interface/include/village_interface/village_interface/srv/detail/borrow_money__traits.hpp
[2.761s] -- Installing: /home/wuling/hpc/ros2_learn/town_ws/install/village_interface/include/village_interface/village_interface/srv/detail/borrow_money__struct.hpp
[2.761s] -- Up-to-date: /home/wuling/hpc/ros2_learn/town_ws/install/village_interface/include/village_interface/village_interface/msg
[2.761s] -- Installing: /home/wuling/hpc/ros2_learn/town_ws/install/village_interface/include/village_interface/village_interface/msg/novel.hpp
[2.761s] -- Up-to-date: /home/wuling/hpc/ros2_learn/town_ws/install/village_interface/include/village_interface/village_interface/msg/detail
[2.761s] -- Installing: /home/wuling/hpc/ros2_learn/town_ws/install/village_interface/include/village_interface/village_interface/msg/detail/novel__traits.hpp
[2.761s] -- Installing: /home/wuling/hpc/ros2_learn/town_ws/install/village_interface/include/village_interface/village_interface/msg/detail/novel__struct.hpp
[2.762s] -- Installing: /home/wuling/hpc/ros2_learn/town_ws/install/village_interface/include/village_interface/village_interface/msg/detail/novel__builder.hpp
[2.762s] -- Up-to-date: /home/wuling/hpc/ros2_learn/town_ws/install/village_interface/include/village_interface/village_interface
[2.762s] -- Up-to-date: /home/wuling/hpc/ros2_learn/town_ws/install/village_interface/include/village_interface/village_interface/srv
[2.762s] -- Up-to-date: /home/wuling/hpc/ros2_learn/town_ws/install/village_interface/include/village_interface/village_interface/srv/detail
[2.762s] -- Installing: /home/wuling/hpc/ros2_learn/town_ws/install/village_interface/include/village_interface/village_interface/srv/detail/borrow_money__rosidl_typesupport_fastrtps_cpp.hpp
[2.762s] -- Installing: /home/wuling/hpc/ros2_learn/town_ws/install/village_interface/include/village_interface/village_interface/srv/detail/dds_fastrtps
[2.762s] -- Up-to-date: /home/wuling/hpc/ros2_learn/town_ws/install/village_interface/include/village_interface/village_interface/msg
[2.762s] -- Up-to-date: /home/wuling/hpc/ros2_learn/town_ws/install/village_interface/include/village_interface/village_interface/msg/rosidl_typesupport_fastrtps_cpp__visibility_control.h
[2.762s] -- Up-to-date: /home/wuling/hpc/ros2_learn/town_ws/install/village_interface/include/village_interface/village_interface/msg/detail
[2.762s] -- Installing: /home/wuling/hpc/ros2_learn/town_ws/install/village_interface/include/village_interface/village_interface/msg/detail/novel__rosidl_typesupport_fastrtps_cpp.hpp
[2.762s] -- Up-to-date: /home/wuling/hpc/ros2_learn/town_ws/install/village_interface/include/village_interface/village_interface/msg/detail/dds_fastrtps
[2.762s] -- Installing: /home/wuling/hpc/ros2_learn/town_ws/install/village_interface/lib/libvillage_interface__rosidl_typesupport_fastrtps_cpp.so
[2.762s] -- Set runtime path of "/home/wuling/hpc/ros2_learn/town_ws/install/village_interface/lib/libvillage_interface__rosidl_typesupport_fastrtps_cpp.so" to ""
[2.763s] -- Up-to-date: /home/wuling/hpc/ros2_learn/town_ws/install/village_interface/include/village_interface/village_interface
[2.763s] -- Up-to-date: /home/wuling/hpc/ros2_learn/town_ws/install/village_interface/include/village_interface/village_interface/srv
[2.763s] -- Up-to-date: /home/wuling/hpc/ros2_learn/town_ws/install/village_interface/include/village_interface/village_interface/srv/detail
[2.763s] -- Installing: /home/wuling/hpc/ros2_learn/town_ws/install/village_interface/include/village_interface/village_interface/srv/detail/borrow_money__type_support.c
[2.763s] -- Installing: /home/wuling/hpc/ros2_learn/town_ws/install/village_interface/include/village_interface/village_interface/srv/detail/borrow_money__rosidl_typesupport_introspection_c.h
[2.763s] -- Up-to-date: /home/wuling/hpc/ros2_learn/town_ws/install/village_interface/include/village_interface/village_interface/msg
[2.763s] -- Up-to-date: /home/wuling/hpc/ros2_learn/town_ws/install/village_interface/include/village_interface/village_interface/msg/detail
[2.763s] -- Installing: /home/wuling/hpc/ros2_learn/town_ws/install/village_interface/include/village_interface/village_interface/msg/detail/novel__type_support.c
[2.763s] -- Installing: /home/wuling/hpc/ros2_learn/town_ws/install/village_interface/include/village_interface/village_interface/msg/detail/novel__rosidl_typesupport_introspection_c.h
[2.763s] -- Up-to-date: /home/wuling/hpc/ros2_learn/town_ws/install/village_interface/include/village_interface/village_interface/msg/rosidl_typesupport_introspection_c__visibility_control.h
[2.763s] -- Installing: /home/wuling/hpc/ros2_learn/town_ws/install/village_interface/lib/libvillage_interface__rosidl_typesupport_introspection_c.so
[2.763s] -- Set runtime path of "/home/wuling/hpc/ros2_learn/town_ws/install/village_interface/lib/libvillage_interface__rosidl_typesupport_introspection_c.so" to ""
[2.763s] -- Installing: /home/wuling/hpc/ros2_learn/town_ws/install/village_interface/lib/libvillage_interface__rosidl_typesupport_c.so
[2.763s] -- Set runtime path of "/home/wuling/hpc/ros2_learn/town_ws/install/village_interface/lib/libvillage_interface__rosidl_typesupport_c.so" to ""
[2.763s] -- Up-to-date: /home/wuling/hpc/ros2_learn/town_ws/install/village_interface/include/village_interface/village_interface
[2.763s] -- Up-to-date: /home/wuling/hpc/ros2_learn/town_ws/install/village_interface/include/village_interface/village_interface/srv
[2.764s] -- Up-to-date: /home/wuling/hpc/ros2_learn/town_ws/install/village_interface/include/village_interface/village_interface/srv/detail
[2.764s] -- Installing: /home/wuling/hpc/ros2_learn/town_ws/install/village_interface/include/village_interface/village_interface/srv/detail/borrow_money__rosidl_typesupport_introspection_cpp.hpp
[2.764s] -- Installing: /home/wuling/hpc/ros2_learn/town_ws/install/village_interface/include/village_interface/village_interface/srv/detail/borrow_money__type_support.cpp
[2.764s] -- Up-to-date: /home/wuling/hpc/ros2_learn/town_ws/install/village_interface/include/village_interface/village_interface/msg
[2.764s] -- Up-to-date: /home/wuling/hpc/ros2_learn/town_ws/install/village_interface/include/village_interface/village_interface/msg/detail
[2.764s] -- Installing: /home/wuling/hpc/ros2_learn/town_ws/install/village_interface/include/village_interface/village_interface/msg/detail/novel__rosidl_typesupport_introspection_cpp.hpp
[2.764s] -- Installing: /home/wuling/hpc/ros2_learn/town_ws/install/village_interface/include/village_interface/village_interface/msg/detail/novel__type_support.cpp
[2.764s] -- Installing: /home/wuling/hpc/ros2_learn/town_ws/install/village_interface/lib/libvillage_interface__rosidl_typesupport_introspection_cpp.so
[2.764s] -- Set runtime path of "/home/wuling/hpc/ros2_learn/town_ws/install/village_interface/lib/libvillage_interface__rosidl_typesupport_introspection_cpp.so" to ""
[2.764s] -- Installing: /home/wuling/hpc/ros2_learn/town_ws/install/village_interface/lib/libvillage_interface__rosidl_typesupport_cpp.so
[2.764s] -- Set runtime path of "/home/wuling/hpc/ros2_learn/town_ws/install/village_interface/lib/libvillage_interface__rosidl_typesupport_cpp.so" to ""
[2.764s] -- Up-to-date: /home/wuling/hpc/ros2_learn/town_ws/install/village_interface/share/village_interface/environment/pythonpath.sh
[2.764s] -- Installing: /home/wuling/hpc/ros2_learn/town_ws/install/village_interface/share/village_interface/environment/pythonpath.dsv
[2.764s] -- Up-to-date: /home/wuling/hpc/ros2_learn/town_ws/install/village_interface/local/lib/python3.10/dist-packages/village_interface-0.0.0-py3.10.egg-info
[2.764s] -- Installing: /home/wuling/hpc/ros2_learn/town_ws/install/village_interface/local/lib/python3.10/dist-packages/village_interface-0.0.0-py3.10.egg-info/top_level.txt
[2.764s] -- Installing: /home/wuling/hpc/ros2_learn/town_ws/install/village_interface/local/lib/python3.10/dist-packages/village_interface-0.0.0-py3.10.egg-info/dependency_links.txt
[2.765s] -- Installing: /home/wuling/hpc/ros2_learn/town_ws/install/village_interface/local/lib/python3.10/dist-packages/village_interface-0.0.0-py3.10.egg-info/PKG-INFO
[2.765s] -- Installing: /home/wuling/hpc/ros2_learn/town_ws/install/village_interface/local/lib/python3.10/dist-packages/village_interface-0.0.0-py3.10.egg-info/SOURCES.txt
[2.765s] -- Up-to-date: /home/wuling/hpc/ros2_learn/town_ws/install/village_interface/local/lib/python3.10/dist-packages/village_interface
[2.765s] -- Installing: /home/wuling/hpc/ros2_learn/town_ws/install/village_interface/local/lib/python3.10/dist-packages/village_interface/_village_interface_s.ep.rosidl_typesupport_c.c
[2.765s] -- Installing: /home/wuling/hpc/ros2_learn/town_ws/install/village_interface/local/lib/python3.10/dist-packages/village_interface/village_interface_s__rosidl_typesupport_introspection_c.cpython-310-x86_64-linux-gnu.so
[2.765s] -- Installing: /home/wuling/hpc/ros2_learn/town_ws/install/village_interface/local/lib/python3.10/dist-packages/village_interface/srv
[2.765s] -- Installing: /home/wuling/hpc/ros2_learn/town_ws/install/village_interface/local/lib/python3.10/dist-packages/village_interface/srv/_borrow_money_s.c
[2.765s] -- Installing: /home/wuling/hpc/ros2_learn/town_ws/install/village_interface/local/lib/python3.10/dist-packages/village_interface/srv/_borrow_money.py
[2.765s] -- Installing: /home/wuling/hpc/ros2_learn/town_ws/install/village_interface/local/lib/python3.10/dist-packages/village_interface/srv/__init__.py
[2.765s] -- Installing: /home/wuling/hpc/ros2_learn/town_ws/install/village_interface/local/lib/python3.10/dist-packages/village_interface/libvillage_interface__rosidl_generator_py.so
[2.765s] -- Installing: /home/wuling/hpc/ros2_learn/town_ws/install/village_interface/local/lib/python3.10/dist-packages/village_interface/village_interface_s__rosidl_typesupport_c.cpython-310-x86_64-linux-gnu.so
[2.765s] -- Installing: /home/wuling/hpc/ros2_learn/town_ws/install/village_interface/local/lib/python3.10/dist-packages/village_interface/_village_interface_s.ep.rosidl_typesupport_fastrtps_c.c
[2.765s] -- Installing: /home/wuling/hpc/ros2_learn/town_ws/install/village_interface/local/lib/python3.10/dist-packages/village_interface/__init__.py
[2.765s] -- Up-to-date: /home/wuling/hpc/ros2_learn/town_ws/install/village_interface/local/lib/python3.10/dist-packages/village_interface/msg
[2.765s] -- Installing: /home/wuling/hpc/ros2_learn/town_ws/install/village_interface/local/lib/python3.10/dist-packages/village_interface/msg/_novel_s.c
[2.765s] -- Installing: /home/wuling/hpc/ros2_learn/town_ws/install/village_interface/local/lib/python3.10/dist-packages/village_interface/msg/_novel.py
[2.765s] -- Installing: /home/wuling/hpc/ros2_learn/town_ws/install/village_interface/local/lib/python3.10/dist-packages/village_interface/msg/__init__.py
[2.766s] -- Installing: /home/wuling/hpc/ros2_learn/town_ws/install/village_interface/local/lib/python3.10/dist-packages/village_interface/_village_interface_s.ep.rosidl_typesupport_introspection_c.c
[2.766s] -- Installing: /home/wuling/hpc/ros2_learn/town_ws/install/village_interface/local/lib/python3.10/dist-packages/village_interface/village_interface_s__rosidl_typesupport_fastrtps_c.cpython-310-x86_64-linux-gnu.so
[2.784s] Listing '/home/wuling/hpc/ros2_learn/town_ws/install/village_interface/local/lib/python3.10/dist-packages/village_interface'...
[2.784s] Compiling '/home/wuling/hpc/ros2_learn/town_ws/install/village_interface/local/lib/python3.10/dist-packages/village_interface/__init__.py'...
[2.784s] Listing '/home/wuling/hpc/ros2_learn/town_ws/install/village_interface/local/lib/python3.10/dist-packages/village_interface/msg'...
[2.784s] Compiling '/home/wuling/hpc/ros2_learn/town_ws/install/village_interface/local/lib/python3.10/dist-packages/village_interface/msg/__init__.py'...
[2.784s] Compiling '/home/wuling/hpc/ros2_learn/town_ws/install/village_interface/local/lib/python3.10/dist-packages/village_interface/msg/_novel.py'...
[2.784s] Listing '/home/wuling/hpc/ros2_learn/town_ws/install/village_interface/local/lib/python3.10/dist-packages/village_interface/srv'...
[2.784s] Compiling '/home/wuling/hpc/ros2_learn/town_ws/install/village_interface/local/lib/python3.10/dist-packages/village_interface/srv/__init__.py'...
[2.784s] Compiling '/home/wuling/hpc/ros2_learn/town_ws/install/village_interface/local/lib/python3.10/dist-packages/village_interface/srv/_borrow_money.py'...
[2.787s] -- Installing: /home/wuling/hpc/ros2_learn/town_ws/install/village_interface/local/lib/python3.10/dist-packages/village_interface/village_interface_s__rosidl_typesupport_fastrtps_c.cpython-310-x86_64-linux-gnu.so
[2.787s] -- Set runtime path of "/home/wuling/hpc/ros2_learn/town_ws/install/village_interface/local/lib/python3.10/dist-packages/village_interface/village_interface_s__rosidl_typesupport_fastrtps_c.cpython-310-x86_64-linux-gnu.so" to ""
[2.787s] -- Installing: /home/wuling/hpc/ros2_learn/town_ws/install/village_interface/local/lib/python3.10/dist-packages/village_interface/village_interface_s__rosidl_typesupport_introspection_c.cpython-310-x86_64-linux-gnu.so
[2.787s] -- Set runtime path of "/home/wuling/hpc/ros2_learn/town_ws/install/village_interface/local/lib/python3.10/dist-packages/village_interface/village_interface_s__rosidl_typesupport_introspection_c.cpython-310-x86_64-linux-gnu.so" to ""
[2.787s] -- Installing: /home/wuling/hpc/ros2_learn/town_ws/install/village_interface/local/lib/python3.10/dist-packages/village_interface/village_interface_s__rosidl_typesupport_c.cpython-310-x86_64-linux-gnu.so
[2.787s] -- Set runtime path of "/home/wuling/hpc/ros2_learn/town_ws/install/village_interface/local/lib/python3.10/dist-packages/village_interface/village_interface_s__rosidl_typesupport_c.cpython-310-x86_64-linux-gnu.so" to ""
[2.788s] -- Installing: /home/wuling/hpc/ros2_learn/town_ws/install/village_interface/lib/libvillage_interface__rosidl_generator_py.so
[2.788s] -- Set runtime path of "/home/wuling/hpc/ros2_learn/town_ws/install/village_interface/lib/libvillage_interface__rosidl_generator_py.so" to ""
[2.788s] -- Up-to-date: /home/wuling/hpc/ros2_learn/town_ws/install/village_interface/share/village_interface/msg/Novel.idl
[2.788s] -- Installing: /home/wuling/hpc/ros2_learn/town_ws/install/village_interface/share/village_interface/srv/BorrowMoney.idl
[2.788s] -- Up-to-date: /home/wuling/hpc/ros2_learn/town_ws/install/village_interface/share/village_interface/msg/Novel.msg
[2.788s] -- Installing: /home/wuling/hpc/ros2_learn/town_ws/install/village_interface/share/village_interface/srv/BorrowMoney.srv
[2.788s] -- Installing: /home/wuling/hpc/ros2_learn/town_ws/install/village_interface/share/village_interface/srv/BorrowMoney_Request.msg
[2.788s] -- Installing: /home/wuling/hpc/ros2_learn/town_ws/install/village_interface/share/village_interface/srv/BorrowMoney_Response.msg
[2.788s] -- Up-to-date: /home/wuling/hpc/ros2_learn/town_ws/install/village_interface/share/ament_index/resource_index/package_run_dependencies/village_interface
[2.788s] -- Up-to-date: /home/wuling/hpc/ros2_learn/town_ws/install/village_interface/share/ament_index/resource_index/parent_prefix_path/village_interface
[2.788s] -- Up-to-date: /home/wuling/hpc/ros2_learn/town_ws/install/village_interface/share/village_interface/environment/ament_prefix_path.sh
[2.789s] -- Installing: /home/wuling/hpc/ros2_learn/town_ws/install/village_interface/share/village_interface/environment/ament_prefix_path.dsv
[2.789s] -- Up-to-date: /home/wuling/hpc/ros2_learn/town_ws/install/village_interface/share/village_interface/environment/path.sh
[2.789s] -- Installing: /home/wuling/hpc/ros2_learn/town_ws/install/village_interface/share/village_interface/environment/path.dsv
[2.789s] -- Up-to-date: /home/wuling/hpc/ros2_learn/town_ws/install/village_interface/share/village_interface/local_setup.bash
[2.789s] -- Up-to-date: /home/wuling/hpc/ros2_learn/town_ws/install/village_interface/share/village_interface/local_setup.sh
[2.789s] -- Up-to-date: /home/wuling/hpc/ros2_learn/town_ws/install/village_interface/share/village_interface/local_setup.zsh
[2.789s] -- Installing: /home/wuling/hpc/ros2_learn/town_ws/install/village_interface/share/village_interface/local_setup.dsv
[2.789s] -- Installing: /home/wuling/hpc/ros2_learn/town_ws/install/village_interface/share/village_interface/package.dsv
[2.789s] -- Up-to-date: /home/wuling/hpc/ros2_learn/town_ws/install/village_interface/share/ament_index/resource_index/packages/village_interface
[2.789s] -- Up-to-date: /home/wuling/hpc/ros2_learn/town_ws/install/village_interface/share/village_interface/cmake/export_village_interface__rosidl_generator_cExport.cmake
[2.789s] -- Up-to-date: /home/wuling/hpc/ros2_learn/town_ws/install/village_interface/share/village_interface/cmake/export_village_interface__rosidl_generator_cExport-noconfig.cmake
[2.789s] -- Up-to-date: /home/wuling/hpc/ros2_learn/town_ws/install/village_interface/share/village_interface/cmake/export_village_interface__rosidl_typesupport_fastrtps_cExport.cmake
[2.789s] -- Up-to-date: /home/wuling/hpc/ros2_learn/town_ws/install/village_interface/share/village_interface/cmake/export_village_interface__rosidl_typesupport_fastrtps_cExport-noconfig.cmake
[2.789s] -- Up-to-date: /home/wuling/hpc/ros2_learn/town_ws/install/village_interface/share/village_interface/cmake/export_village_interface__rosidl_generator_cppExport.cmake
[2.789s] -- Up-to-date: /home/wuling/hpc/ros2_learn/town_ws/install/village_interface/share/village_interface/cmake/export_village_interface__rosidl_typesupport_fastrtps_cppExport.cmake
[2.790s] -- Up-to-date: /home/wuling/hpc/ros2_learn/town_ws/install/village_interface/share/village_interface/cmake/export_village_interface__rosidl_typesupport_fastrtps_cppExport-noconfig.cmake
[2.790s] -- Up-to-date: /home/wuling/hpc/ros2_learn/town_ws/install/village_interface/share/village_interface/cmake/village_interface__rosidl_typesupport_introspection_cExport.cmake
[2.791s] -- Up-to-date: /home/wuling/hpc/ros2_learn/town_ws/install/village_interface/share/village_interface/cmake/village_interface__rosidl_typesupport_introspection_cExport-noconfig.cmake
[2.791s] -- Up-to-date: /home/wuling/hpc/ros2_learn/town_ws/install/village_interface/share/village_interface/cmake/village_interface__rosidl_typesupport_cExport.cmake
[2.791s] -- Up-to-date: /home/wuling/hpc/ros2_learn/town_ws/install/village_interface/share/village_interface/cmake/village_interface__rosidl_typesupport_cExport-noconfig.cmake
[2.791s] -- Up-to-date: /home/wuling/hpc/ros2_learn/town_ws/install/village_interface/share/village_interface/cmake/village_interface__rosidl_typesupport_introspection_cppExport.cmake
[2.791s] -- Up-to-date: /home/wuling/hpc/ros2_learn/town_ws/install/village_interface/share/village_interface/cmake/village_interface__rosidl_typesupport_introspection_cppExport-noconfig.cmake
[2.791s] -- Up-to-date: /home/wuling/hpc/ros2_learn/town_ws/install/village_interface/share/village_interface/cmake/village_interface__rosidl_typesupport_cppExport.cmake
[2.791s] -- Up-to-date: /home/wuling/hpc/ros2_learn/town_ws/install/village_interface/share/village_interface/cmake/village_interface__rosidl_typesupport_cppExport-noconfig.cmake
[2.791s] -- Up-to-date: /home/wuling/hpc/ros2_learn/town_ws/install/village_interface/share/village_interface/cmake/export_village_interface__rosidl_generator_pyExport.cmake
[2.791s] -- Up-to-date: /home/wuling/hpc/ros2_learn/town_ws/install/village_interface/share/village_interface/cmake/export_village_interface__rosidl_generator_pyExport-noconfig.cmake
[2.792s] -- Installing: /home/wuling/hpc/ros2_learn/town_ws/install/village_interface/share/village_interface/cmake/rosidl_cmake-extras.cmake
[2.792s] -- Up-to-date: /home/wuling/hpc/ros2_learn/town_ws/install/village_interface/share/village_interface/cmake/ament_cmake_export_dependencies-extras.cmake
[2.792s] -- Up-to-date: /home/wuling/hpc/ros2_learn/town_ws/install/village_interface/share/village_interface/cmake/ament_cmake_export_include_directories-extras.cmake
[2.792s] -- Up-to-date: /home/wuling/hpc/ros2_learn/town_ws/install/village_interface/share/village_interface/cmake/ament_cmake_export_libraries-extras.cmake
[2.792s] -- Up-to-date: /home/wuling/hpc/ros2_learn/town_ws/install/village_interface/share/village_interface/cmake/ament_cmake_export_targets-extras.cmake
[2.792s] -- Up-to-date: /home/wuling/hpc/ros2_learn/town_ws/install/village_interface/share/village_interface/cmake/rosidl_cmake_export_typesupport_targets-extras.cmake
[2.792s] -- Up-to-date: /home/wuling/hpc/ros2_learn/town_ws/install/village_interface/share/village_interface/cmake/rosidl_cmake_export_typesupport_libraries-extras.cmake
[2.792s] -- Up-to-date: /home/wuling/hpc/ros2_learn/town_ws/install/village_interface/share/village_interface/cmake/village_interfaceConfig.cmake
[2.793s] -- Up-to-date: /home/wuling/hpc/ros2_learn/town_ws/install/village_interface/share/village_interface/cmake/village_interfaceConfig-version.cmake
[2.793s] -- Up-to-date: /home/wuling/hpc/ros2_learn/town_ws/install/village_interface/share/village_interface/package.xml
[2.793s] Invoked command in '/home/wuling/hpc/ros2_learn/town_ws/build/village_interface' returned '0': CMAKE_PREFIX_PATH=/opt/ros/humble /usr/bin/cmake --install /home/wuling/hpc/ros2_learn/town_ws/build/village_interface
