[0.010s] Invoking command in '/home/wuling/hpc/ros2_learn/Tutorials/build/my_composition': CMAKE_PREFIX_PATH=${CMAKE_PREFIX_PATH}:/opt/ros/humble /usr/bin/cmake --build /home/wuling/hpc/ros2_learn/Tutorials/build/my_composition -- -j24 -l24
[0.029s] -- Found ament_cmake: 1.3.5 (/opt/ros/humble/share/ament_cmake/cmake)
[0.145s] -- Found rclcpp: 16.0.5 (/opt/ros/humble/share/rclcpp/cmake)
[0.171s] -- Found rosidl_generator_c: 3.1.5 (/opt/ros/humble/share/rosidl_generator_c/cmake)
[0.173s] -- Found rosidl_adapter: 3.1.5 (/opt/ros/humble/share/rosidl_adapter/cmake)
[0.178s] -- Found rosidl_generator_cpp: 3.1.5 (/opt/ros/humble/share/rosidl_generator_cpp/cmake)
[0.187s] -- Using all available rosidl_typesupport_c: rosidl_typesupport_fastrtps_c;rosidl_typesupport_introspection_c
[0.201s] -- Using all available rosidl_typesupport_cpp: rosidl_typesupport_fastrtps_cpp;rosidl_typesupport_introspection_cpp
[0.240s] -- Found rmw_implementation_cmake: 6.1.1 (/opt/ros/humble/share/rmw_implementation_cmake/cmake)
[0.241s] -- Found rmw_fastrtps_cpp: 6.2.3 (/opt/ros/humble/share/rmw_fastrtps_cpp/cmake)
[0.313s] -- Using RMW implementation 'rmw_fastrtps_cpp' as default
[0.397s] -- Found std_srvs: 4.2.3 (/opt/ros/humble/share/std_srvs/cmake)
[0.406s] -- Found rclcpp_components: 16.0.5 (/opt/ros/humble/share/rclcpp_components/cmake)
[0.438s] -- Found ament_lint_auto: 0.12.7 (/opt/ros/humble/share/ament_lint_auto/cmake)
[0.477s] -- Added test 'cppcheck' to perform static code analysis on C / C++ code
[0.478s] -- Configured cppcheck include dirs: /home/wuling/hpc/ros2_learn/Tutorials/src/my_composition/include
[0.478s] -- Configured cppcheck exclude dirs and/or files: 
[0.478s] -- Added test 'lint_cmake' to check CMake code style
[0.478s] -- Added test 'uncrustify' to check C / C++ code style
[0.478s] -- Configured uncrustify additional arguments: 
[0.478s] -- Added test 'xmllint' to check XML markup files
[0.479s] -- Configuring done
[0.480s] [33mCMake Warning (dev) at CMakeLists.txt:20 (add_library):
[0.480s]   Policy CMP0115 is not set: Source file extensions must be explicit.  Run
[0.481s]   "cmake --help-policy CMP0115" for policy details.  Use the cmake_policy
[0.481s]   command to set the policy and suppress this warning.
[0.481s] 
[0.481s]   File:
[0.481s] 
[0.481s]     /home/wuling/hpc/ros2_learn/Tutorials/src/my_composition/src/my_node_like_listener_component.cpp
[0.481s] This warning is for project developers.  Use -Wno-dev to suppress it.
[0.481s] [0m
[0.484s] -- Generating done
[0.484s] -- Build files have been written to: /home/wuling/hpc/ros2_learn/Tutorials/build/my_composition
[0.498s] [35m[1mConsolidate compiler generated dependencies of target my_node_like_listener_component[0m
[0.510s] [ 50%] [32m[1mLinking CXX shared library libmy_node_like_listener_component.so[0m
[0.701s] [100%] Built target my_node_like_listener_component
[0.706s] Invoked command in '/home/wuling/hpc/ros2_learn/Tutorials/build/my_composition' returned '0': CMAKE_PREFIX_PATH=${CMAKE_PREFIX_PATH}:/opt/ros/humble /usr/bin/cmake --build /home/wuling/hpc/ros2_learn/Tutorials/build/my_composition -- -j24 -l24
[0.721s] Invoking command in '/home/wuling/hpc/ros2_learn/Tutorials/build/my_composition': CMAKE_PREFIX_PATH=${CMAKE_PREFIX_PATH}:/opt/ros/humble /usr/bin/cmake --install /home/wuling/hpc/ros2_learn/Tutorials/build/my_composition
[0.725s] -- Install configuration: ""
[0.725s] -- Installing: /home/wuling/hpc/ros2_learn/Tutorials/install/my_composition/lib/libmy_node_like_listener_component.so
[0.729s] -- Set runtime path of "/home/wuling/hpc/ros2_learn/Tutorials/install/my_composition/lib/libmy_node_like_listener_component.so" to ""
[0.729s] -- Up-to-date: /home/wuling/hpc/ros2_learn/Tutorials/install/my_composition/share/ament_index/resource_index/package_run_dependencies/my_composition
[0.729s] -- Up-to-date: /home/wuling/hpc/ros2_learn/Tutorials/install/my_composition/share/ament_index/resource_index/parent_prefix_path/my_composition
[0.729s] -- Up-to-date: /home/wuling/hpc/ros2_learn/Tutorials/install/my_composition/share/my_composition/environment/ament_prefix_path.sh
[0.729s] -- Installing: /home/wuling/hpc/ros2_learn/Tutorials/install/my_composition/share/my_composition/environment/ament_prefix_path.dsv
[0.729s] -- Up-to-date: /home/wuling/hpc/ros2_learn/Tutorials/install/my_composition/share/my_composition/environment/path.sh
[0.729s] -- Installing: /home/wuling/hpc/ros2_learn/Tutorials/install/my_composition/share/my_composition/environment/path.dsv
[0.729s] -- Up-to-date: /home/wuling/hpc/ros2_learn/Tutorials/install/my_composition/share/my_composition/local_setup.bash
[0.729s] -- Up-to-date: /home/wuling/hpc/ros2_learn/Tutorials/install/my_composition/share/my_composition/local_setup.sh
[0.729s] -- Up-to-date: /home/wuling/hpc/ros2_learn/Tutorials/install/my_composition/share/my_composition/local_setup.zsh
[0.729s] -- Installing: /home/wuling/hpc/ros2_learn/Tutorials/install/my_composition/share/my_composition/local_setup.dsv
[0.729s] -- Installing: /home/wuling/hpc/ros2_learn/Tutorials/install/my_composition/share/my_composition/package.dsv
[0.730s] -- Up-to-date: /home/wuling/hpc/ros2_learn/Tutorials/install/my_composition/share/ament_index/resource_index/packages/my_composition
[0.730s] -- Up-to-date: /home/wuling/hpc/ros2_learn/Tutorials/install/my_composition/share/ament_index/resource_index/rclcpp_components/my_composition
[0.730s] -- Up-to-date: /home/wuling/hpc/ros2_learn/Tutorials/install/my_composition/share/my_composition/cmake/my_compositionConfig.cmake
[0.730s] -- Up-to-date: /home/wuling/hpc/ros2_learn/Tutorials/install/my_composition/share/my_composition/cmake/my_compositionConfig-version.cmake
[0.730s] -- Up-to-date: /home/wuling/hpc/ros2_learn/Tutorials/install/my_composition/share/my_composition/package.xml
[0.731s] Invoked command in '/home/wuling/hpc/ros2_learn/Tutorials/build/my_composition' returned '0': CMAKE_PREFIX_PATH=${CMAKE_PREFIX_PATH}:/opt/ros/humble /usr/bin/cmake --install /home/wuling/hpc/ros2_learn/Tutorials/build/my_composition
