-- Found ament_cmake: 1.3.5 (/opt/ros/humble/share/ament_cmake/cmake)
-- Found rclcpp: 16.0.5 (/opt/ros/humble/share/rclcpp/cmake)
-- Found rosidl_generator_c: 3.1.5 (/opt/ros/humble/share/rosidl_generator_c/cmake)
-- Found rosidl_adapter: 3.1.5 (/opt/ros/humble/share/rosidl_adapter/cmake)
-- Found rosidl_generator_cpp: 3.1.5 (/opt/ros/humble/share/rosidl_generator_cpp/cmake)
-- Using all available rosidl_typesupport_c: rosidl_typesupport_fastrtps_c;rosidl_typesupport_introspection_c
-- Using all available rosidl_typesupport_cpp: rosidl_typesupport_fastrtps_cpp;rosidl_typesupport_introspection_cpp
-- Found rmw_implementation_cmake: 6.1.1 (/opt/ros/humble/share/rmw_implementation_cmake/cmake)
-- Found rmw_fastrtps_cpp: 6.2.3 (/opt/ros/humble/share/rmw_fastrtps_cpp/cmake)
-- Using RMW implementation 'rmw_fastrtps_cpp' as default
-- Found village_interface: 0.0.0 (/home/wuling/hpc/ros2_learn/town_ws/install/village_interface/share/village_interface/cmake)
-- Found ament_lint_auto: 0.12.7 (/opt/ros/humble/share/ament_lint_auto/cmake)
-- Added test 'cppcheck' to perform static code analysis on C / C++ code
-- Configured cppcheck include dirs: 
-- Configured cppcheck exclude dirs and/or files: 
-- Added test 'lint_cmake' to check CMake code style
-- Added test 'uncrustify' to check C / C++ code style
-- Configured uncrustify additional arguments: 
-- Added test 'xmllint' to check XML markup files
-- Configuring done
-- Generating done
-- Build files have been written to: /home/wuling/hpc/ros2_learn/town_ws/build/village_zhang
[ 50%] [32mBuilding CXX object CMakeFiles/zhang3_node.dir/src/zhang3.cpp.o[0m
In file included from [01m[K/opt/ros/humble/include/rclcpp/rclcpp/logging.hpp:24[m[K,
                 from [01m[K/opt/ros/humble/include/rclcpp/rclcpp/client.hpp:40[m[K,
                 from [01m[K/opt/ros/humble/include/rclcpp/rclcpp/callback_group.hpp:24[m[K,
                 from [01m[K/opt/ros/humble/include/rclcpp/rclcpp/any_executable.hpp:20[m[K,
                 from [01m[K/opt/ros/humble/include/rclcpp/rclcpp/memory_strategy.hpp:25[m[K,
                 from [01m[K/opt/ros/humble/include/rclcpp/rclcpp/memory_strategies.hpp:18[m[K,
                 from [01m[K/opt/ros/humble/include/rclcpp/rclcpp/executor_options.hpp:20[m[K,
                 from [01m[K/opt/ros/humble/include/rclcpp/rclcpp/executor.hpp:37[m[K,
                 from [01m[K/opt/ros/humble/include/rclcpp/rclcpp/executors/multi_threaded_executor.hpp:25[m[K,
                 from [01m[K/opt/ros/humble/include/rclcpp/rclcpp/executors.hpp:21[m[K,
                 from [01m[K/opt/ros/humble/include/rclcpp/rclcpp/rclcpp.hpp:155[m[K,
                 from [01m[K/home/wuling/hpc/ros2_learn/town_ws/src/village_zhang/src/zhang3.cpp:1[m[K:
[01m[K/home/wuling/hpc/ros2_learn/town_ws/src/village_zhang/src/zhang3.cpp:[m[K In member function ‘[01m[Kvoid PoorManNode::novels_callback(rclcpp::Client<village_interface::srv::SellNovel>::SharedFuture)[m[K’:
[01m[K/home/wuling/hpc/ros2_learn/town_ws/src/village_zhang/src/zhang3.cpp:17:41:[m[K [01;35m[Kwarning: [m[Kformat ‘[01m[K%d[m[K’ expects argument of type ‘[01m[Kint[m[K’, but argument 5 has type ‘[01m[Kstd::vector<std::__cxx11::basic_string<char> >::size_type[m[K’ {aka ‘[01m[Klong unsigned int[m[K’} [[01;35m[K]8;;https://gcc.gnu.org/onlinedocs/gcc/Warning-Options.html#index-Wformat=-Wformat=]8;;[m[K]
   17 |         RCLCPP_INFO(this->get_logger(), [01;35m[K" Haved received %d chapter novels, now reading novels!"[m[K, [32m[Kresult->novels.size()[m[K);
      |                                         [01;35m[K^~~~~~~~~~~~~~~~~~~~~~~~~~~~~~~~~~~~~~~~~~~~~~~~~~~~~~~~[m[K  [32m[K~~~~~~~~~~~~~~~~~~~~~[m[K
      |                                                                                                                      [32m[K|[m[K
      |                                                                                                                      [32m[Kstd::vector<std::__cxx11::basic_string<char> >::size_type {aka long unsigned int}[m[K
[01m[K/home/wuling/hpc/ros2_learn/town_ws/src/village_zhang/src/zhang3.cpp:17:59:[m[K [01;36m[Knote: [m[Kformat string is defined here
   17 |         RCLCPP_INFO(this->get_logger(), " Haved received [01;36m[K%d[m[K chapter novels, now reading novels!", result->novels.size());
      |                                                          [01;36m[K~^[m[K
      |                                                           [01;36m[K|[m[K
      |                                                           [01;36m[Kint[m[K
      |                                                          [32m[K%ld[m[K
In file included from [01m[K/opt/ros/humble/include/rclcpp/rclcpp/logging.hpp:24[m[K,
                 from [01m[K/opt/ros/humble/include/rclcpp/rclcpp/client.hpp:40[m[K,
                 from [01m[K/opt/ros/humble/include/rclcpp/rclcpp/callback_group.hpp:24[m[K,
                 from [01m[K/opt/ros/humble/include/rclcpp/rclcpp/any_executable.hpp:20[m[K,
                 from [01m[K/opt/ros/humble/include/rclcpp/rclcpp/memory_strategy.hpp:25[m[K,
                 from [01m[K/opt/ros/humble/include/rclcpp/rclcpp/memory_strategies.hpp:18[m[K,
                 from [01m[K/opt/ros/humble/include/rclcpp/rclcpp/executor_options.hpp:20[m[K,
                 from [01m[K/opt/ros/humble/include/rclcpp/rclcpp/executor.hpp:37[m[K,
                 from [01m[K/opt/ros/humble/include/rclcpp/rclcpp/executors/multi_threaded_executor.hpp:25[m[K,
                 from [01m[K/opt/ros/humble/include/rclcpp/rclcpp/executors.hpp:21[m[K,
                 from [01m[K/opt/ros/humble/include/rclcpp/rclcpp/rclcpp.hpp:155[m[K,
                 from [01m[K/home/wuling/hpc/ros2_learn/town_ws/src/village_zhang/src/zhang3.cpp:1[m[K:
[01m[K/home/wuling/hpc/ros2_learn/town_ws/src/village_zhang/src/zhang3.cpp:21:45:[m[K [01;35m[Kwarning: [m[Kformat ‘[01m[K%s[m[K’ expects argument of type ‘[01m[Kchar*[m[K’, but argument 5 has type ‘[01m[Kstd::string[m[K’ {aka ‘[01m[Kstd::__cxx11::basic_string<char>[m[K’} [[01;35m[K]8;;https://gcc.gnu.org/onlinedocs/gcc/Warning-Options.html#index-Wformat=-Wformat=]8;;[m[K]
   21 |             RCLCPP_INFO(this->get_logger(), [01;35m[K"%s"[m[K, novel);
      |                                             [01;35m[K^~~~[m[K
[01m[K/home/wuling/hpc/ros2_learn/town_ws/src/village_zhang/src/zhang3.cpp:21:47:[m[K [01;36m[Knote: [m[Kformat string is defined here
   21 |             RCLCPP_INFO(this->get_logger(), "[01;36m[K%s[m[K", novel);
      |                                              [01;36m[K~^[m[K
      |                                               [01;36m[K|[m[K
      |                                               [01;36m[Kchar*[m[K
[100%] [32m[1mLinking CXX executable zhang3_node[0m
[100%] Built target zhang3_node
-- Install configuration: ""
-- Installing: /home/wuling/hpc/ros2_learn/town_ws/install/village_zhang/lib/village_zhang/zhang3_node
-- Set runtime path of "/home/wuling/hpc/ros2_learn/town_ws/install/village_zhang/lib/village_zhang/zhang3_node" to ""
-- Installing: /home/wuling/hpc/ros2_learn/town_ws/install/village_zhang/share/ament_index/resource_index/package_run_dependencies/village_zhang
-- Installing: /home/wuling/hpc/ros2_learn/town_ws/install/village_zhang/share/ament_index/resource_index/parent_prefix_path/village_zhang
-- Installing: /home/wuling/hpc/ros2_learn/town_ws/install/village_zhang/share/village_zhang/environment/ament_prefix_path.sh
-- Installing: /home/wuling/hpc/ros2_learn/town_ws/install/village_zhang/share/village_zhang/environment/ament_prefix_path.dsv
-- Installing: /home/wuling/hpc/ros2_learn/town_ws/install/village_zhang/share/village_zhang/environment/path.sh
-- Installing: /home/wuling/hpc/ros2_learn/town_ws/install/village_zhang/share/village_zhang/environment/path.dsv
-- Installing: /home/wuling/hpc/ros2_learn/town_ws/install/village_zhang/share/village_zhang/local_setup.bash
-- Installing: /home/wuling/hpc/ros2_learn/town_ws/install/village_zhang/share/village_zhang/local_setup.sh
-- Installing: /home/wuling/hpc/ros2_learn/town_ws/install/village_zhang/share/village_zhang/local_setup.zsh
-- Installing: /home/wuling/hpc/ros2_learn/town_ws/install/village_zhang/share/village_zhang/local_setup.dsv
-- Installing: /home/wuling/hpc/ros2_learn/town_ws/install/village_zhang/share/village_zhang/package.dsv
-- Installing: /home/wuling/hpc/ros2_learn/town_ws/install/village_zhang/share/ament_index/resource_index/packages/village_zhang
-- Installing: /home/wuling/hpc/ros2_learn/town_ws/install/village_zhang/share/village_zhang/cmake/village_zhangConfig.cmake
-- Installing: /home/wuling/hpc/ros2_learn/town_ws/install/village_zhang/share/village_zhang/cmake/village_zhangConfig-version.cmake
-- Installing: /home/wuling/hpc/ros2_learn/town_ws/install/village_zhang/share/village_zhang/package.xml
