[0.008s] Invoking command in '/home/wuling/hpc/ros2_learn/town_ws/build/village_zhang': AMENT_PREFIX_PATH=/home/wuling/hpc/ros2_learn/town_ws/install/village_interface:${AMENT_PREFIX_PATH} CMAKE_PREFIX_PATH=/home/wuling/hpc/ros2_learn/town_ws/install/village_interface:/opt/ros/humble LD_LIBRARY_PATH=/home/wuling/hpc/ros2_learn/town_ws/install/village_interface/lib:${LD_LIBRARY_PATH} PYTHONPATH=/home/wuling/hpc/ros2_learn/town_ws/install/village_interface/local/lib/python3.10/dist-packages:${PYTHONPATH} /usr/bin/cmake /home/wuling/hpc/ros2_learn/town_ws/src/village_zhang -DCMAKE_INSTALL_PREFIX=/home/wuling/hpc/ros2_learn/town_ws/install/village_zhang
[0.019s] -- Found ament_cmake: 1.3.5 (/opt/ros/humble/share/ament_cmake/cmake)
[0.112s] -- Found rclcpp: 16.0.5 (/opt/ros/humble/share/rclcpp/cmake)
[0.138s] -- Found rosidl_generator_c: 3.1.5 (/opt/ros/humble/share/rosidl_generator_c/cmake)
[0.140s] -- Found rosidl_adapter: 3.1.5 (/opt/ros/humble/share/rosidl_adapter/cmake)
[0.145s] -- Found rosidl_generator_cpp: 3.1.5 (/opt/ros/humble/share/rosidl_generator_cpp/cmake)
[0.155s] -- Using all available rosidl_typesupport_c: rosidl_typesupport_fastrtps_c;rosidl_typesupport_introspection_c
[0.169s] -- Using all available rosidl_typesupport_cpp: rosidl_typesupport_fastrtps_cpp;rosidl_typesupport_introspection_cpp
[0.223s] -- Found rmw_implementation_cmake: 6.1.1 (/opt/ros/humble/share/rmw_implementation_cmake/cmake)
[0.224s] -- Found rmw_fastrtps_cpp: 6.2.3 (/opt/ros/humble/share/rmw_fastrtps_cpp/cmake)
[0.294s] -- Using RMW implementation 'rmw_fastrtps_cpp' as default
[0.381s] -- Found village_interface: 0.0.0 (/home/wuling/hpc/ros2_learn/town_ws/install/village_interface/share/village_interface/cmake)
[0.506s] -- Found ament_lint_auto: 0.12.7 (/opt/ros/humble/share/ament_lint_auto/cmake)
[0.570s] -- Added test 'cppcheck' to perform static code analysis on C / C++ code
[0.571s] -- Configured cppcheck include dirs: 
[0.571s] -- Configured cppcheck exclude dirs and/or files: 
[0.571s] -- Added test 'lint_cmake' to check CMake code style
[0.571s] -- Added test 'uncrustify' to check C / C++ code style
[0.571s] -- Configured uncrustify additional arguments: 
[0.571s] -- Added test 'xmllint' to check XML markup files
[0.572s] -- Configuring done
[0.577s] -- Generating done
[0.578s] -- Build files have been written to: /home/wuling/hpc/ros2_learn/town_ws/build/village_zhang
[0.582s] Invoked command in '/home/wuling/hpc/ros2_learn/town_ws/build/village_zhang' returned '0': AMENT_PREFIX_PATH=/home/wuling/hpc/ros2_learn/town_ws/install/village_interface:${AMENT_PREFIX_PATH} CMAKE_PREFIX_PATH=/home/wuling/hpc/ros2_learn/town_ws/install/village_interface:/opt/ros/humble LD_LIBRARY_PATH=/home/wuling/hpc/ros2_learn/town_ws/install/village_interface/lib:${LD_LIBRARY_PATH} PYTHONPATH=/home/wuling/hpc/ros2_learn/town_ws/install/village_interface/local/lib/python3.10/dist-packages:${PYTHONPATH} /usr/bin/cmake /home/wuling/hpc/ros2_learn/town_ws/src/village_zhang -DCMAKE_INSTALL_PREFIX=/home/wuling/hpc/ros2_learn/town_ws/install/village_zhang
[0.583s] Invoking command in '/home/wuling/hpc/ros2_learn/town_ws/build/village_zhang': AMENT_PREFIX_PATH=/home/wuling/hpc/ros2_learn/town_ws/install/village_interface:${AMENT_PREFIX_PATH} CMAKE_PREFIX_PATH=/home/wuling/hpc/ros2_learn/town_ws/install/village_interface:/opt/ros/humble LD_LIBRARY_PATH=/home/wuling/hpc/ros2_learn/town_ws/install/village_interface/lib:${LD_LIBRARY_PATH} PYTHONPATH=/home/wuling/hpc/ros2_learn/town_ws/install/village_interface/local/lib/python3.10/dist-packages:${PYTHONPATH} /usr/bin/cmake --build /home/wuling/hpc/ros2_learn/town_ws/build/village_zhang -- -j24 -l24
[0.616s] [ 50%] [32mBuilding CXX object CMakeFiles/zhang3_node.dir/src/zhang3.cpp.o[0m
[1.853s] In file included from [01m[K/opt/ros/humble/include/rclcpp/rclcpp/logging.hpp:24[m[K,
[1.853s]                  from [01m[K/opt/ros/humble/include/rclcpp/rclcpp/client.hpp:40[m[K,
[1.853s]                  from [01m[K/opt/ros/humble/include/rclcpp/rclcpp/callback_group.hpp:24[m[K,
[1.853s]                  from [01m[K/opt/ros/humble/include/rclcpp/rclcpp/any_executable.hpp:20[m[K,
[1.853s]                  from [01m[K/opt/ros/humble/include/rclcpp/rclcpp/memory_strategy.hpp:25[m[K,
[1.853s]                  from [01m[K/opt/ros/humble/include/rclcpp/rclcpp/memory_strategies.hpp:18[m[K,
[1.853s]                  from [01m[K/opt/ros/humble/include/rclcpp/rclcpp/executor_options.hpp:20[m[K,
[1.853s]                  from [01m[K/opt/ros/humble/include/rclcpp/rclcpp/executor.hpp:37[m[K,
[1.853s]                  from [01m[K/opt/ros/humble/include/rclcpp/rclcpp/executors/multi_threaded_executor.hpp:25[m[K,
[1.854s]                  from [01m[K/opt/ros/humble/include/rclcpp/rclcpp/executors.hpp:21[m[K,
[1.854s]                  from [01m[K/opt/ros/humble/include/rclcpp/rclcpp/rclcpp.hpp:155[m[K,
[1.854s]                  from [01m[K/home/wuling/hpc/ros2_learn/town_ws/src/village_zhang/src/zhang3.cpp:1[m[K:
[1.854s] [01m[K/home/wuling/hpc/ros2_learn/town_ws/src/village_zhang/src/zhang3.cpp:[m[K In member function ‘[01m[Kvoid PoorManNode::novels_callback(rclcpp::Client<village_interface::srv::SellNovel>::SharedFuture)[m[K’:
[1.854s] [01m[K/home/wuling/hpc/ros2_learn/town_ws/src/village_zhang/src/zhang3.cpp:17:41:[m[K [01;35m[Kwarning: [m[Kformat ‘[01m[K%d[m[K’ expects argument of type ‘[01m[Kint[m[K’, but argument 5 has type ‘[01m[Kstd::vector<std::__cxx11::basic_string<char> >::size_type[m[K’ {aka ‘[01m[Klong unsigned int[m[K’} [[01;35m[K]8;;https://gcc.gnu.org/onlinedocs/gcc/Warning-Options.html#index-Wformat=-Wformat=]8;;[m[K]
[1.854s]    17 |         RCLCPP_INFO(this->get_logger(), [01;35m[K" Haved received %d chapter novels, now reading novels!"[m[K, [32m[Kresult->novels.size()[m[K);
[1.854s]       |                                         [01;35m[K^~~~~~~~~~~~~~~~~~~~~~~~~~~~~~~~~~~~~~~~~~~~~~~~~~~~~~~~[m[K  [32m[K~~~~~~~~~~~~~~~~~~~~~[m[K
[1.854s]       |                                                                                                                      [32m[K|[m[K
[1.854s]       |                                                                                                                      [32m[Kstd::vector<std::__cxx11::basic_string<char> >::size_type {aka long unsigned int}[m[K
[1.854s] [01m[K/home/wuling/hpc/ros2_learn/town_ws/src/village_zhang/src/zhang3.cpp:17:59:[m[K [01;36m[Knote: [m[Kformat string is defined here
[1.854s]    17 |         RCLCPP_INFO(this->get_logger(), " Haved received [01;36m[K%d[m[K chapter novels, now reading novels!", result->novels.size());
[1.854s]       |                                                          [01;36m[K~^[m[K
[1.854s]       |                                                           [01;36m[K|[m[K
[1.854s]       |                                                           [01;36m[Kint[m[K
[1.854s]       |                                                          [32m[K%ld[m[K
[1.854s] In file included from [01m[K/opt/ros/humble/include/rclcpp/rclcpp/logging.hpp:24[m[K,
[1.855s]                  from [01m[K/opt/ros/humble/include/rclcpp/rclcpp/client.hpp:40[m[K,
[1.855s]                  from [01m[K/opt/ros/humble/include/rclcpp/rclcpp/callback_group.hpp:24[m[K,
[1.855s]                  from [01m[K/opt/ros/humble/include/rclcpp/rclcpp/any_executable.hpp:20[m[K,
[1.855s]                  from [01m[K/opt/ros/humble/include/rclcpp/rclcpp/memory_strategy.hpp:25[m[K,
[1.855s]                  from [01m[K/opt/ros/humble/include/rclcpp/rclcpp/memory_strategies.hpp:18[m[K,
[1.855s]                  from [01m[K/opt/ros/humble/include/rclcpp/rclcpp/executor_options.hpp:20[m[K,
[1.855s]                  from [01m[K/opt/ros/humble/include/rclcpp/rclcpp/executor.hpp:37[m[K,
[1.855s]                  from [01m[K/opt/ros/humble/include/rclcpp/rclcpp/executors/multi_threaded_executor.hpp:25[m[K,
[1.855s]                  from [01m[K/opt/ros/humble/include/rclcpp/rclcpp/executors.hpp:21[m[K,
[1.855s]                  from [01m[K/opt/ros/humble/include/rclcpp/rclcpp/rclcpp.hpp:155[m[K,
[1.855s]                  from [01m[K/home/wuling/hpc/ros2_learn/town_ws/src/village_zhang/src/zhang3.cpp:1[m[K:
[1.855s] [01m[K/home/wuling/hpc/ros2_learn/town_ws/src/village_zhang/src/zhang3.cpp:21:45:[m[K [01;35m[Kwarning: [m[Kformat ‘[01m[K%s[m[K’ expects argument of type ‘[01m[Kchar*[m[K’, but argument 5 has type ‘[01m[Kstd::string[m[K’ {aka ‘[01m[Kstd::__cxx11::basic_string<char>[m[K’} [[01;35m[K]8;;https://gcc.gnu.org/onlinedocs/gcc/Warning-Options.html#index-Wformat=-Wformat=]8;;[m[K]
[1.855s]    21 |             RCLCPP_INFO(this->get_logger(), [01;35m[K"%s"[m[K, novel);
[1.855s]       |                                             [01;35m[K^~~~[m[K
[1.855s] [01m[K/home/wuling/hpc/ros2_learn/town_ws/src/village_zhang/src/zhang3.cpp:21:47:[m[K [01;36m[Knote: [m[Kformat string is defined here
[1.855s]    21 |             RCLCPP_INFO(this->get_logger(), "[01;36m[K%s[m[K", novel);
[1.855s]       |                                              [01;36m[K~^[m[K
[1.856s]       |                                               [01;36m[K|[m[K
[1.856s]       |                                               [01;36m[Kchar*[m[K
[2.488s] [100%] [32m[1mLinking CXX executable zhang3_node[0m
[2.577s] [100%] Built target zhang3_node
[2.582s] Invoked command in '/home/wuling/hpc/ros2_learn/town_ws/build/village_zhang' returned '0': AMENT_PREFIX_PATH=/home/wuling/hpc/ros2_learn/town_ws/install/village_interface:${AMENT_PREFIX_PATH} CMAKE_PREFIX_PATH=/home/wuling/hpc/ros2_learn/town_ws/install/village_interface:/opt/ros/humble LD_LIBRARY_PATH=/home/wuling/hpc/ros2_learn/town_ws/install/village_interface/lib:${LD_LIBRARY_PATH} PYTHONPATH=/home/wuling/hpc/ros2_learn/town_ws/install/village_interface/local/lib/python3.10/dist-packages:${PYTHONPATH} /usr/bin/cmake --build /home/wuling/hpc/ros2_learn/town_ws/build/village_zhang -- -j24 -l24
[2.599s] Invoking command in '/home/wuling/hpc/ros2_learn/town_ws/build/village_zhang': AMENT_PREFIX_PATH=/home/wuling/hpc/ros2_learn/town_ws/install/village_interface:${AMENT_PREFIX_PATH} CMAKE_PREFIX_PATH=/home/wuling/hpc/ros2_learn/town_ws/install/village_interface:/opt/ros/humble LD_LIBRARY_PATH=/home/wuling/hpc/ros2_learn/town_ws/install/village_interface/lib:${LD_LIBRARY_PATH} PYTHONPATH=/home/wuling/hpc/ros2_learn/town_ws/install/village_interface/local/lib/python3.10/dist-packages:${PYTHONPATH} /usr/bin/cmake --install /home/wuling/hpc/ros2_learn/town_ws/build/village_zhang
[2.606s] -- Install configuration: ""
[2.606s] -- Installing: /home/wuling/hpc/ros2_learn/town_ws/install/village_zhang/lib/village_zhang/zhang3_node
[2.607s] -- Set runtime path of "/home/wuling/hpc/ros2_learn/town_ws/install/village_zhang/lib/village_zhang/zhang3_node" to ""
[2.607s] -- Installing: /home/wuling/hpc/ros2_learn/town_ws/install/village_zhang/share/ament_index/resource_index/package_run_dependencies/village_zhang
[2.607s] -- Installing: /home/wuling/hpc/ros2_learn/town_ws/install/village_zhang/share/ament_index/resource_index/parent_prefix_path/village_zhang
[2.608s] -- Installing: /home/wuling/hpc/ros2_learn/town_ws/install/village_zhang/share/village_zhang/environment/ament_prefix_path.sh
[2.608s] -- Installing: /home/wuling/hpc/ros2_learn/town_ws/install/village_zhang/share/village_zhang/environment/ament_prefix_path.dsv
[2.608s] -- Installing: /home/wuling/hpc/ros2_learn/town_ws/install/village_zhang/share/village_zhang/environment/path.sh
[2.608s] -- Installing: /home/wuling/hpc/ros2_learn/town_ws/install/village_zhang/share/village_zhang/environment/path.dsv
[2.608s] -- Installing: /home/wuling/hpc/ros2_learn/town_ws/install/village_zhang/share/village_zhang/local_setup.bash
[2.608s] -- Installing: /home/wuling/hpc/ros2_learn/town_ws/install/village_zhang/share/village_zhang/local_setup.sh
[2.608s] -- Installing: /home/wuling/hpc/ros2_learn/town_ws/install/village_zhang/share/village_zhang/local_setup.zsh
[2.608s] -- Installing: /home/wuling/hpc/ros2_learn/town_ws/install/village_zhang/share/village_zhang/local_setup.dsv
[2.608s] -- Installing: /home/wuling/hpc/ros2_learn/town_ws/install/village_zhang/share/village_zhang/package.dsv
[2.609s] -- Installing: /home/wuling/hpc/ros2_learn/town_ws/install/village_zhang/share/ament_index/resource_index/packages/village_zhang
[2.609s] -- Installing: /home/wuling/hpc/ros2_learn/town_ws/install/village_zhang/share/village_zhang/cmake/village_zhangConfig.cmake
[2.609s] -- Installing: /home/wuling/hpc/ros2_learn/town_ws/install/village_zhang/share/village_zhang/cmake/village_zhangConfig-version.cmake
[2.609s] -- Installing: /home/wuling/hpc/ros2_learn/town_ws/install/village_zhang/share/village_zhang/package.xml
[2.611s] Invoked command in '/home/wuling/hpc/ros2_learn/town_ws/build/village_zhang' returned '0': AMENT_PREFIX_PATH=/home/wuling/hpc/ros2_learn/town_ws/install/village_interface:${AMENT_PREFIX_PATH} CMAKE_PREFIX_PATH=/home/wuling/hpc/ros2_learn/town_ws/install/village_interface:/opt/ros/humble LD_LIBRARY_PATH=/home/wuling/hpc/ros2_learn/town_ws/install/village_interface/lib:${LD_LIBRARY_PATH} PYTHONPATH=/home/wuling/hpc/ros2_learn/town_ws/install/village_interface/local/lib/python3.10/dist-packages:${PYTHONPATH} /usr/bin/cmake --install /home/wuling/hpc/ros2_learn/town_ws/build/village_zhang
