[0.009s] Invoking command in '/home/wuling/hpc/ros2_learn/town_ws/build/village_wang': CMAKE_PREFIX_PATH=/home/wuling/hpc/ros2_learn/town_ws/install/village_interface:/home/wuling/hpc/ros2_learn/town_ws/install/village_zhang:/home/wuling/hpc/ros2_learn/town_ws/install/village_wang:/home/wuling/hpc/ros2_learn/town_ws/install/village_li:/opt/ros/humble /usr/bin/cmake --build /home/wuling/hpc/ros2_learn/town_ws/build/village_wang -- -j24 -l24
[0.027s] -- Found ament_cmake: 1.3.5 (/opt/ros/humble/share/ament_cmake/cmake)
[0.162s] -- Found rclcpp: 16.0.5 (/opt/ros/humble/share/rclcpp/cmake)
[0.190s] -- Found rosidl_generator_c: 3.1.5 (/opt/ros/humble/share/rosidl_generator_c/cmake)
[0.192s] -- Found rosidl_adapter: 3.1.5 (/opt/ros/humble/share/rosidl_adapter/cmake)
[0.199s] -- Found rosidl_generator_cpp: 3.1.5 (/opt/ros/humble/share/rosidl_generator_cpp/cmake)
[0.210s] -- Using all available rosidl_typesupport_c: rosidl_typesupport_fastrtps_c;rosidl_typesupport_introspection_c
[0.220s] -- Using all available rosidl_typesupport_cpp: rosidl_typesupport_fastrtps_cpp;rosidl_typesupport_introspection_cpp
[0.260s] -- Found rmw_implementation_cmake: 6.1.1 (/opt/ros/humble/share/rmw_implementation_cmake/cmake)
[0.262s] -- Found rmw_fastrtps_cpp: 6.2.3 (/opt/ros/humble/share/rmw_fastrtps_cpp/cmake)
[0.342s] -- Using RMW implementation 'rmw_fastrtps_cpp' as default
[0.438s] -- Found village_interface: 0.0.0 (/home/wuling/hpc/ros2_learn/town_ws/install/village_interface/share/village_interface/cmake)
[0.569s] -- Found ament_lint_auto: 0.12.7 (/opt/ros/humble/share/ament_lint_auto/cmake)
[0.639s] -- Added test 'cppcheck' to perform static code analysis on C / C++ code
[0.639s] -- Configured cppcheck include dirs: 
[0.639s] -- Configured cppcheck exclude dirs and/or files: 
[0.639s] -- Added test 'flake8' to check Python code syntax and style conventions
[0.640s] -- Added test 'lint_cmake' to check CMake code style
[0.640s] -- Added test 'pep257' to check Python code against some of the docstring style conventions in PEP 257
[0.641s] -- Added test 'uncrustify' to check C / C++ code style
[0.641s] -- Configured uncrustify additional arguments: 
[0.642s] -- Added test 'xmllint' to check XML markup files
[0.643s] -- Configuring done
[0.653s] -- Generating done
[0.654s] -- Build files have been written to: /home/wuling/hpc/ros2_learn/town_ws/build/village_wang
[0.669s] [35m[1mConsolidate compiler generated dependencies of target wang2_node[0m
[0.681s] [100%] Built target wang2_node
[0.692s] Invoked command in '/home/wuling/hpc/ros2_learn/town_ws/build/village_wang' returned '0': CMAKE_PREFIX_PATH=/home/wuling/hpc/ros2_learn/town_ws/install/village_interface:/home/wuling/hpc/ros2_learn/town_ws/install/village_zhang:/home/wuling/hpc/ros2_learn/town_ws/install/village_wang:/home/wuling/hpc/ros2_learn/town_ws/install/village_li:/opt/ros/humble /usr/bin/cmake --build /home/wuling/hpc/ros2_learn/town_ws/build/village_wang -- -j24 -l24
[0.736s] Invoking command in '/home/wuling/hpc/ros2_learn/town_ws/build/village_wang': CMAKE_PREFIX_PATH=/home/wuling/hpc/ros2_learn/town_ws/install/village_interface:/home/wuling/hpc/ros2_learn/town_ws/install/village_zhang:/home/wuling/hpc/ros2_learn/town_ws/install/village_wang:/home/wuling/hpc/ros2_learn/town_ws/install/village_li:/opt/ros/humble /usr/bin/cmake --install /home/wuling/hpc/ros2_learn/town_ws/build/village_wang
[0.746s] -- Install configuration: ""
[0.746s] -- Up-to-date: /home/wuling/hpc/ros2_learn/town_ws/install/village_wang/lib/village_wang/wang2_node
[0.747s] -- Installing: /home/wuling/hpc/ros2_learn/town_ws/install/village_wang/share/village_wang/launch
[0.747s] -- Installing: /home/wuling/hpc/ros2_learn/town_ws/install/village_wang/share/village_wang/launch/villiage.launch.py
[0.747s] -- Up-to-date: /home/wuling/hpc/ros2_learn/town_ws/install/village_wang/share/ament_index/resource_index/package_run_dependencies/village_wang
[0.747s] -- Installing: /home/wuling/hpc/ros2_learn/town_ws/install/village_wang/share/ament_index/resource_index/parent_prefix_path/village_wang
[0.747s] -- Up-to-date: /home/wuling/hpc/ros2_learn/town_ws/install/village_wang/share/village_wang/environment/ament_prefix_path.sh
[0.748s] -- Installing: /home/wuling/hpc/ros2_learn/town_ws/install/village_wang/share/village_wang/environment/ament_prefix_path.dsv
[0.748s] -- Up-to-date: /home/wuling/hpc/ros2_learn/town_ws/install/village_wang/share/village_wang/environment/path.sh
[0.748s] -- Installing: /home/wuling/hpc/ros2_learn/town_ws/install/village_wang/share/village_wang/environment/path.dsv
[0.748s] -- Up-to-date: /home/wuling/hpc/ros2_learn/town_ws/install/village_wang/share/village_wang/local_setup.bash
[0.748s] -- Up-to-date: /home/wuling/hpc/ros2_learn/town_ws/install/village_wang/share/village_wang/local_setup.sh
[0.748s] -- Up-to-date: /home/wuling/hpc/ros2_learn/town_ws/install/village_wang/share/village_wang/local_setup.zsh
[0.748s] -- Installing: /home/wuling/hpc/ros2_learn/town_ws/install/village_wang/share/village_wang/local_setup.dsv
[0.749s] -- Installing: /home/wuling/hpc/ros2_learn/town_ws/install/village_wang/share/village_wang/package.dsv
[0.749s] -- Up-to-date: /home/wuling/hpc/ros2_learn/town_ws/install/village_wang/share/ament_index/resource_index/packages/village_wang
[0.749s] -- Up-to-date: /home/wuling/hpc/ros2_learn/town_ws/install/village_wang/share/village_wang/cmake/village_wangConfig.cmake
[0.749s] -- Up-to-date: /home/wuling/hpc/ros2_learn/town_ws/install/village_wang/share/village_wang/cmake/village_wangConfig-version.cmake
[0.749s] -- Up-to-date: /home/wuling/hpc/ros2_learn/town_ws/install/village_wang/share/village_wang/package.xml
[0.751s] Invoked command in '/home/wuling/hpc/ros2_learn/town_ws/build/village_wang' returned '0': CMAKE_PREFIX_PATH=/home/wuling/hpc/ros2_learn/town_ws/install/village_interface:/home/wuling/hpc/ros2_learn/town_ws/install/village_zhang:/home/wuling/hpc/ros2_learn/town_ws/install/village_wang:/home/wuling/hpc/ros2_learn/town_ws/install/village_li:/opt/ros/humble /usr/bin/cmake --install /home/wuling/hpc/ros2_learn/town_ws/build/village_wang
