[0.217s] DEBUG:colcon:Command line arguments: ['/usr/bin/colcon', 'build']
[0.217s] DEBUG:colcon:Parsed command line arguments: Namespace(log_base=None, log_level=None, verb_name='build', build_base='build', install_base='install', merge_install=False, symlink_install=False, test_result_base=None, continue_on_error=False, executor='parallel', parallel_workers=24, event_handlers=None, ignore_user_meta=False, metas=['./colcon.meta'], base_paths=['.'], packages_ignore=None, packages_ignore_regex=None, paths=None, packages_up_to=None, packages_up_to_regex=None, packages_above=None, packages_above_and_dependencies=None, packages_above_depth=None, packages_select_by_dep=None, packages_skip_by_dep=None, packages_skip_up_to=None, packages_select_build_failed=False, packages_skip_build_finished=False, packages_select_test_failures=False, packages_skip_test_passed=False, packages_select=None, packages_skip=None, packages_select_regex=None, packages_skip_regex=None, packages_start=None, packages_end=None, allow_overriding=[], cmake_args=None, cmake_target=None, cmake_target_skip_unavailable=False, cmake_clean_cache=False, cmake_clean_first=False, cmake_force_configure=False, ament_cmake_args=None, catkin_cmake_args=None, catkin_skip_building_tests=False, mixin_files=None, mixin=None, verb_parser=<colcon_mixin.mixin.mixin_argument.MixinArgumentDecorator object at 0x7f4a52af8610>, verb_extension=<colcon_core.verb.build.BuildVerb object at 0x7f4a5349fac0>, main=<bound method BuildVerb.main of <colcon_core.verb.build.BuildVerb object at 0x7f4a5349fac0>>, mixin_verb=('build',))
[0.231s] Level 1:colcon.colcon_core.package_discovery:discover_packages(colcon_meta) check parameters
[0.231s] Level 1:colcon.colcon_core.package_discovery:discover_packages(recursive) check parameters
[0.231s] Level 1:colcon.colcon_core.package_discovery:discover_packages(ignore) check parameters
[0.231s] Level 1:colcon.colcon_core.package_discovery:discover_packages(path) check parameters
[0.231s] Level 1:colcon.colcon_core.package_discovery:discover_packages(colcon_meta) discover
[0.231s] Level 1:colcon.colcon_core.package_discovery:discover_packages(recursive) discover
[0.231s] INFO:colcon.colcon_core.package_discovery:Crawling recursively for packages in '/home/wuling/hpc/ros2_learn/town_ws'
[0.232s] Level 1:colcon.colcon_core.package_identification:_identify(.) by extensions ['ignore', 'ignore_ament_install']
[0.232s] Level 1:colcon.colcon_core.package_identification:_identify(.) by extension 'ignore'
[0.232s] Level 1:colcon.colcon_core.package_identification:_identify(.) by extension 'ignore_ament_install'
[0.232s] Level 1:colcon.colcon_core.package_identification:_identify(.) by extensions ['colcon_pkg']
[0.232s] Level 1:colcon.colcon_core.package_identification:_identify(.) by extension 'colcon_pkg'
[0.232s] Level 1:colcon.colcon_core.package_identification:_identify(.) by extensions ['colcon_meta']
[0.232s] Level 1:colcon.colcon_core.package_identification:_identify(.) by extension 'colcon_meta'
[0.232s] Level 1:colcon.colcon_core.package_identification:_identify(.) by extensions ['ros']
[0.232s] Level 1:colcon.colcon_core.package_identification:_identify(.) by extension 'ros'
[0.239s] Level 1:colcon.colcon_core.package_identification:_identify(.) by extensions ['cmake', 'python']
[0.239s] Level 1:colcon.colcon_core.package_identification:_identify(.) by extension 'cmake'
[0.239s] Level 1:colcon.colcon_core.package_identification:_identify(.) by extension 'python'
[0.239s] Level 1:colcon.colcon_core.package_identification:_identify(.) by extensions ['python_setup_py']
[0.239s] Level 1:colcon.colcon_core.package_identification:_identify(.) by extension 'python_setup_py'
[0.239s] Level 1:colcon.colcon_core.package_identification:_identify(build) by extensions ['ignore', 'ignore_ament_install']
[0.239s] Level 1:colcon.colcon_core.package_identification:_identify(build) by extension 'ignore'
[0.239s] Level 1:colcon.colcon_core.package_identification:_identify(build) ignored
[0.239s] Level 1:colcon.colcon_core.package_identification:_identify(install) by extensions ['ignore', 'ignore_ament_install']
[0.239s] Level 1:colcon.colcon_core.package_identification:_identify(install) by extension 'ignore'
[0.239s] Level 1:colcon.colcon_core.package_identification:_identify(install) ignored
[0.239s] Level 1:colcon.colcon_core.package_identification:_identify(log) by extensions ['ignore', 'ignore_ament_install']
[0.239s] Level 1:colcon.colcon_core.package_identification:_identify(log) by extension 'ignore'
[0.239s] Level 1:colcon.colcon_core.package_identification:_identify(log) ignored
[0.239s] Level 1:colcon.colcon_core.package_identification:_identify(src) by extensions ['ignore', 'ignore_ament_install']
[0.239s] Level 1:colcon.colcon_core.package_identification:_identify(src) by extension 'ignore'
[0.239s] Level 1:colcon.colcon_core.package_identification:_identify(src) by extension 'ignore_ament_install'
[0.239s] Level 1:colcon.colcon_core.package_identification:_identify(src) by extensions ['colcon_pkg']
[0.239s] Level 1:colcon.colcon_core.package_identification:_identify(src) by extension 'colcon_pkg'
[0.239s] Level 1:colcon.colcon_core.package_identification:_identify(src) by extensions ['colcon_meta']
[0.239s] Level 1:colcon.colcon_core.package_identification:_identify(src) by extension 'colcon_meta'
[0.240s] Level 1:colcon.colcon_core.package_identification:_identify(src) by extensions ['ros']
[0.240s] Level 1:colcon.colcon_core.package_identification:_identify(src) by extension 'ros'
[0.240s] Level 1:colcon.colcon_core.package_identification:_identify(src) by extensions ['cmake', 'python']
[0.240s] Level 1:colcon.colcon_core.package_identification:_identify(src) by extension 'cmake'
[0.240s] Level 1:colcon.colcon_core.package_identification:_identify(src) by extension 'python'
[0.240s] Level 1:colcon.colcon_core.package_identification:_identify(src) by extensions ['python_setup_py']
[0.240s] Level 1:colcon.colcon_core.package_identification:_identify(src) by extension 'python_setup_py'
[0.240s] Level 1:colcon.colcon_core.package_identification:_identify(src/village_interface) by extensions ['ignore', 'ignore_ament_install']
[0.240s] Level 1:colcon.colcon_core.package_identification:_identify(src/village_interface) by extension 'ignore'
[0.240s] Level 1:colcon.colcon_core.package_identification:_identify(src/village_interface) by extension 'ignore_ament_install'
[0.240s] Level 1:colcon.colcon_core.package_identification:_identify(src/village_interface) by extensions ['colcon_pkg']
[0.240s] Level 1:colcon.colcon_core.package_identification:_identify(src/village_interface) by extension 'colcon_pkg'
[0.240s] Level 1:colcon.colcon_core.package_identification:_identify(src/village_interface) by extensions ['colcon_meta']
[0.240s] Level 1:colcon.colcon_core.package_identification:_identify(src/village_interface) by extension 'colcon_meta'
[0.240s] Level 1:colcon.colcon_core.package_identification:_identify(src/village_interface) by extensions ['ros']
[0.240s] Level 1:colcon.colcon_core.package_identification:_identify(src/village_interface) by extension 'ros'
[0.241s] DEBUG:colcon.colcon_core.package_identification:Package 'src/village_interface' with type 'ros.ament_cmake' and name 'village_interface'
[0.241s] Level 1:colcon.colcon_core.package_identification:_identify(src/village_li) by extensions ['ignore', 'ignore_ament_install']
[0.241s] Level 1:colcon.colcon_core.package_identification:_identify(src/village_li) by extension 'ignore'
[0.242s] Level 1:colcon.colcon_core.package_identification:_identify(src/village_li) by extension 'ignore_ament_install'
[0.242s] Level 1:colcon.colcon_core.package_identification:_identify(src/village_li) by extensions ['colcon_pkg']
[0.242s] Level 1:colcon.colcon_core.package_identification:_identify(src/village_li) by extension 'colcon_pkg'
[0.242s] Level 1:colcon.colcon_core.package_identification:_identify(src/village_li) by extensions ['colcon_meta']
[0.242s] Level 1:colcon.colcon_core.package_identification:_identify(src/village_li) by extension 'colcon_meta'
[0.242s] Level 1:colcon.colcon_core.package_identification:_identify(src/village_li) by extensions ['ros']
[0.242s] Level 1:colcon.colcon_core.package_identification:_identify(src/village_li) by extension 'ros'
[0.242s] DEBUG:colcon.colcon_core.package_identification:Package 'src/village_li' with type 'ros.ament_python' and name 'village_li'
[0.242s] Level 1:colcon.colcon_core.package_identification:_identify(src/village_wang) by extensions ['ignore', 'ignore_ament_install']
[0.242s] Level 1:colcon.colcon_core.package_identification:_identify(src/village_wang) by extension 'ignore'
[0.242s] Level 1:colcon.colcon_core.package_identification:_identify(src/village_wang) by extension 'ignore_ament_install'
[0.242s] Level 1:colcon.colcon_core.package_identification:_identify(src/village_wang) by extensions ['colcon_pkg']
[0.242s] Level 1:colcon.colcon_core.package_identification:_identify(src/village_wang) by extension 'colcon_pkg'
[0.242s] Level 1:colcon.colcon_core.package_identification:_identify(src/village_wang) by extensions ['colcon_meta']
[0.242s] Level 1:colcon.colcon_core.package_identification:_identify(src/village_wang) by extension 'colcon_meta'
[0.242s] Level 1:colcon.colcon_core.package_identification:_identify(src/village_wang) by extensions ['ros']
[0.242s] Level 1:colcon.colcon_core.package_identification:_identify(src/village_wang) by extension 'ros'
[0.243s] DEBUG:colcon.colcon_core.package_identification:Package 'src/village_wang' with type 'ros.ament_cmake' and name 'village_wang'
[0.243s] Level 1:colcon.colcon_core.package_discovery:discover_packages(recursive) using defaults
[0.243s] Level 1:colcon.colcon_core.package_discovery:discover_packages(ignore) discover
[0.243s] Level 1:colcon.colcon_core.package_discovery:discover_packages(ignore) using defaults
[0.243s] Level 1:colcon.colcon_core.package_discovery:discover_packages(path) discover
[0.243s] Level 1:colcon.colcon_core.package_discovery:discover_packages(path) using defaults
[0.258s] Level 1:colcon.colcon_core.package_discovery:discover_packages(prefix_path) check parameters
[0.258s] Level 1:colcon.colcon_core.package_discovery:discover_packages(prefix_path) discover
[0.259s] DEBUG:colcon.colcon_installed_package_information.package_discovery:Found 3 installed packages in /home/wuling/hpc/ros2_learn/town_ws/install
[0.260s] DEBUG:colcon.colcon_installed_package_information.package_discovery:Found 344 installed packages in /opt/ros/humble
[0.262s] Level 1:colcon.colcon_core.package_discovery:discover_packages(prefix_path) using defaults
[0.305s] Level 5:colcon.colcon_core.verb:set package 'village_interface' build argument 'cmake_args' from command line to 'None'
[0.305s] Level 5:colcon.colcon_core.verb:set package 'village_interface' build argument 'cmake_target' from command line to 'None'
[0.305s] Level 5:colcon.colcon_core.verb:set package 'village_interface' build argument 'cmake_target_skip_unavailable' from command line to 'False'
[0.305s] Level 5:colcon.colcon_core.verb:set package 'village_interface' build argument 'cmake_clean_cache' from command line to 'False'
[0.305s] Level 5:colcon.colcon_core.verb:set package 'village_interface' build argument 'cmake_clean_first' from command line to 'False'
[0.305s] Level 5:colcon.colcon_core.verb:set package 'village_interface' build argument 'cmake_force_configure' from command line to 'False'
[0.305s] Level 5:colcon.colcon_core.verb:set package 'village_interface' build argument 'ament_cmake_args' from command line to 'None'
[0.305s] Level 5:colcon.colcon_core.verb:set package 'village_interface' build argument 'catkin_cmake_args' from command line to 'None'
[0.305s] Level 5:colcon.colcon_core.verb:set package 'village_interface' build argument 'catkin_skip_building_tests' from command line to 'False'
[0.305s] DEBUG:colcon.colcon_core.verb:Building package 'village_interface' with the following arguments: {'ament_cmake_args': None, 'build_base': '/home/wuling/hpc/ros2_learn/town_ws/build/village_interface', 'catkin_cmake_args': None, 'catkin_skip_building_tests': False, 'cmake_args': None, 'cmake_clean_cache': False, 'cmake_clean_first': False, 'cmake_force_configure': False, 'cmake_target': None, 'cmake_target_skip_unavailable': False, 'install_base': '/home/wuling/hpc/ros2_learn/town_ws/install/village_interface', 'merge_install': False, 'path': '/home/wuling/hpc/ros2_learn/town_ws/src/village_interface', 'symlink_install': False, 'test_result_base': None}
[0.306s] Level 5:colcon.colcon_core.verb:set package 'village_wang' build argument 'cmake_args' from command line to 'None'
[0.306s] Level 5:colcon.colcon_core.verb:set package 'village_wang' build argument 'cmake_target' from command line to 'None'
[0.306s] Level 5:colcon.colcon_core.verb:set package 'village_wang' build argument 'cmake_target_skip_unavailable' from command line to 'False'
[0.306s] Level 5:colcon.colcon_core.verb:set package 'village_wang' build argument 'cmake_clean_cache' from command line to 'False'
[0.306s] Level 5:colcon.colcon_core.verb:set package 'village_wang' build argument 'cmake_clean_first' from command line to 'False'
[0.306s] Level 5:colcon.colcon_core.verb:set package 'village_wang' build argument 'cmake_force_configure' from command line to 'False'
[0.306s] Level 5:colcon.colcon_core.verb:set package 'village_wang' build argument 'ament_cmake_args' from command line to 'None'
[0.306s] Level 5:colcon.colcon_core.verb:set package 'village_wang' build argument 'catkin_cmake_args' from command line to 'None'
[0.306s] Level 5:colcon.colcon_core.verb:set package 'village_wang' build argument 'catkin_skip_building_tests' from command line to 'False'
[0.306s] DEBUG:colcon.colcon_core.verb:Building package 'village_wang' with the following arguments: {'ament_cmake_args': None, 'build_base': '/home/wuling/hpc/ros2_learn/town_ws/build/village_wang', 'catkin_cmake_args': None, 'catkin_skip_building_tests': False, 'cmake_args': None, 'cmake_clean_cache': False, 'cmake_clean_first': False, 'cmake_force_configure': False, 'cmake_target': None, 'cmake_target_skip_unavailable': False, 'install_base': '/home/wuling/hpc/ros2_learn/town_ws/install/village_wang', 'merge_install': False, 'path': '/home/wuling/hpc/ros2_learn/town_ws/src/village_wang', 'symlink_install': False, 'test_result_base': None}
[0.307s] Level 5:colcon.colcon_core.verb:set package 'village_li' build argument 'cmake_args' from command line to 'None'
[0.307s] Level 5:colcon.colcon_core.verb:set package 'village_li' build argument 'cmake_target' from command line to 'None'
[0.307s] Level 5:colcon.colcon_core.verb:set package 'village_li' build argument 'cmake_target_skip_unavailable' from command line to 'False'
[0.307s] Level 5:colcon.colcon_core.verb:set package 'village_li' build argument 'cmake_clean_cache' from command line to 'False'
[0.307s] Level 5:colcon.colcon_core.verb:set package 'village_li' build argument 'cmake_clean_first' from command line to 'False'
[0.307s] Level 5:colcon.colcon_core.verb:set package 'village_li' build argument 'cmake_force_configure' from command line to 'False'
[0.307s] Level 5:colcon.colcon_core.verb:set package 'village_li' build argument 'ament_cmake_args' from command line to 'None'
[0.307s] Level 5:colcon.colcon_core.verb:set package 'village_li' build argument 'catkin_cmake_args' from command line to 'None'
[0.307s] Level 5:colcon.colcon_core.verb:set package 'village_li' build argument 'catkin_skip_building_tests' from command line to 'False'
[0.307s] DEBUG:colcon.colcon_core.verb:Building package 'village_li' with the following arguments: {'ament_cmake_args': None, 'build_base': '/home/wuling/hpc/ros2_learn/town_ws/build/village_li', 'catkin_cmake_args': None, 'catkin_skip_building_tests': False, 'cmake_args': None, 'cmake_clean_cache': False, 'cmake_clean_first': False, 'cmake_force_configure': False, 'cmake_target': None, 'cmake_target_skip_unavailable': False, 'install_base': '/home/wuling/hpc/ros2_learn/town_ws/install/village_li', 'merge_install': False, 'path': '/home/wuling/hpc/ros2_learn/town_ws/src/village_li', 'symlink_install': False, 'test_result_base': None}
[0.307s] INFO:colcon.colcon_core.executor:Executing jobs using 'parallel' executor
[0.309s] DEBUG:colcon.colcon_parallel_executor.executor.parallel:run_until_complete
[0.309s] INFO:colcon.colcon_ros.task.ament_cmake.build:Building ROS package in '/home/wuling/hpc/ros2_learn/town_ws/src/village_interface' with build type 'ament_cmake'
[0.310s] INFO:colcon.colcon_cmake.task.cmake.build:Building CMake package in '/home/wuling/hpc/ros2_learn/town_ws/src/village_interface'
[0.312s] INFO:colcon.colcon_core.plugin_system:Skipping extension 'colcon_core.shell.bat': Not used on non-Windows systems
[0.312s] INFO:colcon.colcon_core.shell:Skip shell extension 'powershell' for command environment: Not usable outside of PowerShell
[0.312s] DEBUG:colcon.colcon_core.shell:Skip shell extension 'dsv' for command environment
[0.315s] INFO:colcon.colcon_ros.task.ament_cmake.build:Building ROS package in '/home/wuling/hpc/ros2_learn/town_ws/src/village_wang' with build type 'ament_cmake'
[0.315s] INFO:colcon.colcon_cmake.task.cmake.build:Building CMake package in '/home/wuling/hpc/ros2_learn/town_ws/src/village_wang'
[0.316s] INFO:colcon.colcon_core.shell:Skip shell extension 'powershell' for command environment: Not usable outside of PowerShell
[0.316s] DEBUG:colcon.colcon_core.shell:Skip shell extension 'dsv' for command environment
[0.321s] DEBUG:colcon.colcon_core.event_handler.log_command:Invoking command in '/home/wuling/hpc/ros2_learn/town_ws/build/village_interface': CMAKE_PREFIX_PATH=${CMAKE_PREFIX_PATH}:/home/wuling/hpc/ros2_learn/town_ws/install/village_li:/opt/ros/humble /usr/bin/cmake --build /home/wuling/hpc/ros2_learn/town_ws/build/village_interface -- -j24 -l24
[0.323s] DEBUG:colcon.colcon_core.event_handler.log_command:Invoking command in '/home/wuling/hpc/ros2_learn/town_ws/build/village_wang': CMAKE_PREFIX_PATH=${CMAKE_PREFIX_PATH}:/home/wuling/hpc/ros2_learn/town_ws/install/village_li:/opt/ros/humble /usr/bin/cmake --build /home/wuling/hpc/ros2_learn/town_ws/build/village_wang -- -j24 -l24
[0.546s] DEBUG:colcon.colcon_core.event_handler.log_command:Invoked command in '/home/wuling/hpc/ros2_learn/town_ws/build/village_interface' returned '0': CMAKE_PREFIX_PATH=${CMAKE_PREFIX_PATH}:/home/wuling/hpc/ros2_learn/town_ws/install/village_li:/opt/ros/humble /usr/bin/cmake --build /home/wuling/hpc/ros2_learn/town_ws/build/village_interface -- -j24 -l24
[0.594s] DEBUG:colcon.colcon_core.event_handler.log_command:Invoking command in '/home/wuling/hpc/ros2_learn/town_ws/build/village_interface': CMAKE_PREFIX_PATH=${CMAKE_PREFIX_PATH}:/home/wuling/hpc/ros2_learn/town_ws/install/village_li:/opt/ros/humble /usr/bin/cmake --install /home/wuling/hpc/ros2_learn/town_ws/build/village_interface
[0.624s] Level 1:colcon.colcon_core.environment:create_environment_scripts_only(village_interface)
[0.625s] DEBUG:colcon.colcon_core.event_handler.log_command:Invoked command in '/home/wuling/hpc/ros2_learn/town_ws/build/village_interface' returned '0': CMAKE_PREFIX_PATH=${CMAKE_PREFIX_PATH}:/home/wuling/hpc/ros2_learn/town_ws/install/village_li:/opt/ros/humble /usr/bin/cmake --install /home/wuling/hpc/ros2_learn/town_ws/build/village_interface
[0.627s] Level 1:colcon.colcon_core.environment:checking '/home/wuling/hpc/ros2_learn/town_ws/install/village_interface' for CMake module files
[0.628s] Level 1:colcon.colcon_core.environment:checking '/home/wuling/hpc/ros2_learn/town_ws/install/village_interface' for CMake config files
[0.628s] Level 1:colcon.colcon_core.shell:create_environment_hook('village_interface', 'cmake_prefix_path')
[0.629s] INFO:colcon.colcon_core.shell:Creating environment hook '/home/wuling/hpc/ros2_learn/town_ws/install/village_interface/share/village_interface/hook/cmake_prefix_path.ps1'
[0.629s] INFO:colcon.colcon_core.shell:Creating environment descriptor '/home/wuling/hpc/ros2_learn/town_ws/install/village_interface/share/village_interface/hook/cmake_prefix_path.dsv'
[0.629s] INFO:colcon.colcon_core.shell:Creating environment hook '/home/wuling/hpc/ros2_learn/town_ws/install/village_interface/share/village_interface/hook/cmake_prefix_path.sh'
[0.630s] Level 1:colcon.colcon_core.environment:checking '/home/wuling/hpc/ros2_learn/town_ws/install/village_interface/lib'
[0.630s] Level 1:colcon.colcon_core.shell:create_environment_hook('village_interface', 'ld_library_path_lib')
[0.631s] INFO:colcon.colcon_core.shell:Creating environment hook '/home/wuling/hpc/ros2_learn/town_ws/install/village_interface/share/village_interface/hook/ld_library_path_lib.ps1'
[0.631s] INFO:colcon.colcon_core.shell:Creating environment descriptor '/home/wuling/hpc/ros2_learn/town_ws/install/village_interface/share/village_interface/hook/ld_library_path_lib.dsv'
[0.631s] INFO:colcon.colcon_core.shell:Creating environment hook '/home/wuling/hpc/ros2_learn/town_ws/install/village_interface/share/village_interface/hook/ld_library_path_lib.sh'
[0.631s] Level 1:colcon.colcon_core.environment:checking '/home/wuling/hpc/ros2_learn/town_ws/install/village_interface/bin'
[0.631s] Level 1:colcon.colcon_core.environment:checking '/home/wuling/hpc/ros2_learn/town_ws/install/village_interface/lib/pkgconfig/village_interface.pc'
[0.632s] Level 1:colcon.colcon_core.environment:checking '/home/wuling/hpc/ros2_learn/town_ws/install/village_interface/lib/python3.10/site-packages'
[0.632s] Level 1:colcon.colcon_core.environment:checking '/home/wuling/hpc/ros2_learn/town_ws/install/village_interface/bin'
[0.633s] INFO:colcon.colcon_core.shell:Creating package script '/home/wuling/hpc/ros2_learn/town_ws/install/village_interface/share/village_interface/package.ps1'
[0.633s] INFO:colcon.colcon_core.shell:Creating package descriptor '/home/wuling/hpc/ros2_learn/town_ws/install/village_interface/share/village_interface/package.dsv'
[0.633s] INFO:colcon.colcon_core.shell:Creating package script '/home/wuling/hpc/ros2_learn/town_ws/install/village_interface/share/village_interface/package.sh'
[0.634s] INFO:colcon.colcon_core.shell:Creating package script '/home/wuling/hpc/ros2_learn/town_ws/install/village_interface/share/village_interface/package.bash'
[0.634s] INFO:colcon.colcon_core.shell:Creating package script '/home/wuling/hpc/ros2_learn/town_ws/install/village_interface/share/village_interface/package.zsh'
[0.634s] Level 1:colcon.colcon_core.environment:create_file_with_runtime_dependencies(/home/wuling/hpc/ros2_learn/town_ws/install/village_interface/share/colcon-core/packages/village_interface)
[0.681s] Level 1:colcon.colcon_core.environment:create_environment_scripts_only(village_interface)
[0.682s] Level 1:colcon.colcon_core.environment:checking '/home/wuling/hpc/ros2_learn/town_ws/install/village_interface' for CMake module files
[0.683s] Level 1:colcon.colcon_core.environment:checking '/home/wuling/hpc/ros2_learn/town_ws/install/village_interface' for CMake config files
[0.683s] Level 1:colcon.colcon_core.shell:create_environment_hook('village_interface', 'cmake_prefix_path')
[0.684s] INFO:colcon.colcon_core.shell:Creating environment hook '/home/wuling/hpc/ros2_learn/town_ws/install/village_interface/share/village_interface/hook/cmake_prefix_path.ps1'
[0.684s] INFO:colcon.colcon_core.shell:Creating environment descriptor '/home/wuling/hpc/ros2_learn/town_ws/install/village_interface/share/village_interface/hook/cmake_prefix_path.dsv'
[0.684s] INFO:colcon.colcon_core.shell:Creating environment hook '/home/wuling/hpc/ros2_learn/town_ws/install/village_interface/share/village_interface/hook/cmake_prefix_path.sh'
[0.684s] Level 1:colcon.colcon_core.environment:checking '/home/wuling/hpc/ros2_learn/town_ws/install/village_interface/lib'
[0.684s] Level 1:colcon.colcon_core.shell:create_environment_hook('village_interface', 'ld_library_path_lib')
[0.685s] INFO:colcon.colcon_core.shell:Creating environment hook '/home/wuling/hpc/ros2_learn/town_ws/install/village_interface/share/village_interface/hook/ld_library_path_lib.ps1'
[0.685s] INFO:colcon.colcon_core.shell:Creating environment descriptor '/home/wuling/hpc/ros2_learn/town_ws/install/village_interface/share/village_interface/hook/ld_library_path_lib.dsv'
[0.686s] INFO:colcon.colcon_core.shell:Creating environment hook '/home/wuling/hpc/ros2_learn/town_ws/install/village_interface/share/village_interface/hook/ld_library_path_lib.sh'
[0.686s] Level 1:colcon.colcon_core.environment:checking '/home/wuling/hpc/ros2_learn/town_ws/install/village_interface/bin'
[0.686s] Level 1:colcon.colcon_core.environment:checking '/home/wuling/hpc/ros2_learn/town_ws/install/village_interface/lib/pkgconfig/village_interface.pc'
[0.686s] Level 1:colcon.colcon_core.environment:checking '/home/wuling/hpc/ros2_learn/town_ws/install/village_interface/lib/python3.10/site-packages'
[0.686s] Level 1:colcon.colcon_core.environment:checking '/home/wuling/hpc/ros2_learn/town_ws/install/village_interface/bin'
[0.687s] INFO:colcon.colcon_core.shell:Creating package script '/home/wuling/hpc/ros2_learn/town_ws/install/village_interface/share/village_interface/package.ps1'
[0.687s] INFO:colcon.colcon_core.shell:Creating package descriptor '/home/wuling/hpc/ros2_learn/town_ws/install/village_interface/share/village_interface/package.dsv'
[0.687s] INFO:colcon.colcon_core.shell:Creating package script '/home/wuling/hpc/ros2_learn/town_ws/install/village_interface/share/village_interface/package.sh'
[0.688s] INFO:colcon.colcon_core.shell:Creating package script '/home/wuling/hpc/ros2_learn/town_ws/install/village_interface/share/village_interface/package.bash'
[0.688s] INFO:colcon.colcon_core.shell:Creating package script '/home/wuling/hpc/ros2_learn/town_ws/install/village_interface/share/village_interface/package.zsh'
[0.688s] Level 1:colcon.colcon_core.environment:create_file_with_runtime_dependencies(/home/wuling/hpc/ros2_learn/town_ws/install/village_interface/share/colcon-core/packages/village_interface)
[0.688s] INFO:colcon.colcon_ros.task.ament_python.build:Building ROS package in '/home/wuling/hpc/ros2_learn/town_ws/src/village_li' with build type 'ament_python'
[0.688s] Level 1:colcon.colcon_core.shell:create_environment_hook('village_li', 'ament_prefix_path')
[0.689s] INFO:colcon.colcon_core.shell:Creating environment hook '/home/wuling/hpc/ros2_learn/town_ws/install/village_li/share/village_li/hook/ament_prefix_path.ps1'
[0.689s] INFO:colcon.colcon_core.shell:Creating environment descriptor '/home/wuling/hpc/ros2_learn/town_ws/install/village_li/share/village_li/hook/ament_prefix_path.dsv'
[0.689s] INFO:colcon.colcon_core.shell:Creating environment hook '/home/wuling/hpc/ros2_learn/town_ws/install/village_li/share/village_li/hook/ament_prefix_path.sh'
[0.690s] INFO:colcon.colcon_core.shell:Skip shell extension 'powershell' for command environment: Not usable outside of PowerShell
[0.690s] DEBUG:colcon.colcon_core.shell:Skip shell extension 'dsv' for command environment
[0.861s] INFO:colcon.colcon_core.task.python.build:Building Python package in '/home/wuling/hpc/ros2_learn/town_ws/src/village_li'
[0.862s] INFO:colcon.colcon_core.shell:Skip shell extension 'powershell' for command environment: Not usable outside of PowerShell
[0.863s] DEBUG:colcon.colcon_core.shell:Skip shell extension 'dsv' for command environment
[1.096s] DEBUG:colcon.colcon_core.event_handler.log_command:Invoking command in '/home/wuling/hpc/ros2_learn/town_ws/src/village_li': CMAKE_PREFIX_PATH=/home/wuling/hpc/ros2_learn/town_ws/install/village_interface:/home/wuling/hpc/ros2_learn/town_ws/install/village_wang PYTHONPATH=/home/wuling/hpc/ros2_learn/town_ws/build/village_li/prefix_override:/home/wuling/hpc/ros2_learn/town_ws/install/village_li/lib/python3.10/site-packages:${PYTHONPATH} /usr/bin/python3 setup.py egg_info --egg-base ../../build/village_li build --build-base /home/wuling/hpc/ros2_learn/town_ws/build/village_li/build install --record /home/wuling/hpc/ros2_learn/town_ws/build/village_li/install.log --install-scripts $base/lib/village_li --single-version-externally-managed
[1.281s] Level 1:colcon.colcon_core.environment:checking '/home/wuling/hpc/ros2_learn/town_ws/install/village_li' for CMake module files
[1.281s] DEBUG:colcon.colcon_core.event_handler.log_command:Invoked command in '/home/wuling/hpc/ros2_learn/town_ws/src/village_li' returned '0': CMAKE_PREFIX_PATH=/home/wuling/hpc/ros2_learn/town_ws/install/village_interface:/home/wuling/hpc/ros2_learn/town_ws/install/village_wang PYTHONPATH=/home/wuling/hpc/ros2_learn/town_ws/build/village_li/prefix_override:/home/wuling/hpc/ros2_learn/town_ws/install/village_li/lib/python3.10/site-packages:${PYTHONPATH} /usr/bin/python3 setup.py egg_info --egg-base ../../build/village_li build --build-base /home/wuling/hpc/ros2_learn/town_ws/build/village_li/build install --record /home/wuling/hpc/ros2_learn/town_ws/build/village_li/install.log --install-scripts $base/lib/village_li --single-version-externally-managed
[1.281s] Level 1:colcon.colcon_core.environment:checking '/home/wuling/hpc/ros2_learn/town_ws/install/village_li' for CMake config files
[1.282s] Level 1:colcon.colcon_core.environment:checking '/home/wuling/hpc/ros2_learn/town_ws/install/village_li/lib'
[1.282s] Level 1:colcon.colcon_core.environment:checking '/home/wuling/hpc/ros2_learn/town_ws/install/village_li/bin'
[1.282s] Level 1:colcon.colcon_core.environment:checking '/home/wuling/hpc/ros2_learn/town_ws/install/village_li/lib/pkgconfig/village_li.pc'
[1.282s] Level 1:colcon.colcon_core.environment:checking '/home/wuling/hpc/ros2_learn/town_ws/install/village_li/lib/python3.10/site-packages'
[1.282s] Level 1:colcon.colcon_core.shell:create_environment_hook('village_li', 'pythonpath')
[1.284s] INFO:colcon.colcon_core.shell:Creating environment hook '/home/wuling/hpc/ros2_learn/town_ws/install/village_li/share/village_li/hook/pythonpath.ps1'
[1.284s] INFO:colcon.colcon_core.shell:Creating environment descriptor '/home/wuling/hpc/ros2_learn/town_ws/install/village_li/share/village_li/hook/pythonpath.dsv'
[1.284s] INFO:colcon.colcon_core.shell:Creating environment hook '/home/wuling/hpc/ros2_learn/town_ws/install/village_li/share/village_li/hook/pythonpath.sh'
[1.285s] Level 1:colcon.colcon_core.environment:checking '/home/wuling/hpc/ros2_learn/town_ws/install/village_li/bin'
[1.285s] Level 1:colcon.colcon_core.environment:create_environment_scripts_only(village_li)
[1.287s] INFO:colcon.colcon_core.shell:Creating package script '/home/wuling/hpc/ros2_learn/town_ws/install/village_li/share/village_li/package.ps1'
[1.287s] INFO:colcon.colcon_core.shell:Creating package descriptor '/home/wuling/hpc/ros2_learn/town_ws/install/village_li/share/village_li/package.dsv'
[1.287s] INFO:colcon.colcon_core.shell:Creating package script '/home/wuling/hpc/ros2_learn/town_ws/install/village_li/share/village_li/package.sh'
[1.288s] INFO:colcon.colcon_core.shell:Creating package script '/home/wuling/hpc/ros2_learn/town_ws/install/village_li/share/village_li/package.bash'
[1.288s] INFO:colcon.colcon_core.shell:Creating package script '/home/wuling/hpc/ros2_learn/town_ws/install/village_li/share/village_li/package.zsh'
[1.288s] Level 1:colcon.colcon_core.environment:create_file_with_runtime_dependencies(/home/wuling/hpc/ros2_learn/town_ws/install/village_li/share/colcon-core/packages/village_li)
[5.442s] DEBUG:colcon.colcon_core.event_handler.log_command:Invoked command in '/home/wuling/hpc/ros2_learn/town_ws/build/village_wang' returned '0': CMAKE_PREFIX_PATH=${CMAKE_PREFIX_PATH}:/home/wuling/hpc/ros2_learn/town_ws/install/village_li:/opt/ros/humble /usr/bin/cmake --build /home/wuling/hpc/ros2_learn/town_ws/build/village_wang -- -j24 -l24
[5.456s] DEBUG:colcon.colcon_core.event_handler.log_command:Invoking command in '/home/wuling/hpc/ros2_learn/town_ws/build/village_wang': CMAKE_PREFIX_PATH=${CMAKE_PREFIX_PATH}:/home/wuling/hpc/ros2_learn/town_ws/install/village_li:/opt/ros/humble /usr/bin/cmake --install /home/wuling/hpc/ros2_learn/town_ws/build/village_wang
[5.467s] Level 1:colcon.colcon_core.environment:create_environment_scripts_only(village_wang)
[5.469s] Level 1:colcon.colcon_core.environment:checking '/home/wuling/hpc/ros2_learn/town_ws/install/village_wang' for CMake module files
[5.470s] DEBUG:colcon.colcon_core.event_handler.log_command:Invoked command in '/home/wuling/hpc/ros2_learn/town_ws/build/village_wang' returned '0': CMAKE_PREFIX_PATH=${CMAKE_PREFIX_PATH}:/home/wuling/hpc/ros2_learn/town_ws/install/village_li:/opt/ros/humble /usr/bin/cmake --install /home/wuling/hpc/ros2_learn/town_ws/build/village_wang
[5.470s] Level 1:colcon.colcon_core.environment:checking '/home/wuling/hpc/ros2_learn/town_ws/install/village_wang' for CMake config files
[5.470s] Level 1:colcon.colcon_core.shell:create_environment_hook('village_wang', 'cmake_prefix_path')
[5.471s] INFO:colcon.colcon_core.shell:Creating environment hook '/home/wuling/hpc/ros2_learn/town_ws/install/village_wang/share/village_wang/hook/cmake_prefix_path.ps1'
[5.472s] INFO:colcon.colcon_core.shell:Creating environment descriptor '/home/wuling/hpc/ros2_learn/town_ws/install/village_wang/share/village_wang/hook/cmake_prefix_path.dsv'
[5.472s] INFO:colcon.colcon_core.shell:Creating environment hook '/home/wuling/hpc/ros2_learn/town_ws/install/village_wang/share/village_wang/hook/cmake_prefix_path.sh'
[5.473s] Level 1:colcon.colcon_core.environment:checking '/home/wuling/hpc/ros2_learn/town_ws/install/village_wang/lib'
[5.473s] Level 1:colcon.colcon_core.environment:checking '/home/wuling/hpc/ros2_learn/town_ws/install/village_wang/bin'
[5.473s] Level 1:colcon.colcon_core.environment:checking '/home/wuling/hpc/ros2_learn/town_ws/install/village_wang/lib/pkgconfig/village_wang.pc'
[5.473s] Level 1:colcon.colcon_core.environment:checking '/home/wuling/hpc/ros2_learn/town_ws/install/village_wang/lib/python3.10/site-packages'
[5.473s] Level 1:colcon.colcon_core.environment:checking '/home/wuling/hpc/ros2_learn/town_ws/install/village_wang/bin'
[5.475s] INFO:colcon.colcon_core.shell:Creating package script '/home/wuling/hpc/ros2_learn/town_ws/install/village_wang/share/village_wang/package.ps1'
[5.475s] INFO:colcon.colcon_core.shell:Creating package descriptor '/home/wuling/hpc/ros2_learn/town_ws/install/village_wang/share/village_wang/package.dsv'
[5.475s] INFO:colcon.colcon_core.shell:Creating package script '/home/wuling/hpc/ros2_learn/town_ws/install/village_wang/share/village_wang/package.sh'
[5.476s] INFO:colcon.colcon_core.shell:Creating package script '/home/wuling/hpc/ros2_learn/town_ws/install/village_wang/share/village_wang/package.bash'
[5.476s] INFO:colcon.colcon_core.shell:Creating package script '/home/wuling/hpc/ros2_learn/town_ws/install/village_wang/share/village_wang/package.zsh'
[5.476s] Level 1:colcon.colcon_core.environment:create_file_with_runtime_dependencies(/home/wuling/hpc/ros2_learn/town_ws/install/village_wang/share/colcon-core/packages/village_wang)
[5.489s] Level 1:colcon.colcon_core.environment:create_environment_scripts_only(village_wang)
[5.491s] Level 1:colcon.colcon_core.environment:checking '/home/wuling/hpc/ros2_learn/town_ws/install/village_wang' for CMake module files
[5.492s] Level 1:colcon.colcon_core.environment:checking '/home/wuling/hpc/ros2_learn/town_ws/install/village_wang' for CMake config files
[5.492s] Level 1:colcon.colcon_core.shell:create_environment_hook('village_wang', 'cmake_prefix_path')
[5.493s] INFO:colcon.colcon_core.shell:Creating environment hook '/home/wuling/hpc/ros2_learn/town_ws/install/village_wang/share/village_wang/hook/cmake_prefix_path.ps1'
[5.494s] INFO:colcon.colcon_core.shell:Creating environment descriptor '/home/wuling/hpc/ros2_learn/town_ws/install/village_wang/share/village_wang/hook/cmake_prefix_path.dsv'
[5.494s] INFO:colcon.colcon_core.shell:Creating environment hook '/home/wuling/hpc/ros2_learn/town_ws/install/village_wang/share/village_wang/hook/cmake_prefix_path.sh'
[5.495s] Level 1:colcon.colcon_core.environment:checking '/home/wuling/hpc/ros2_learn/town_ws/install/village_wang/lib'
[5.495s] Level 1:colcon.colcon_core.environment:checking '/home/wuling/hpc/ros2_learn/town_ws/install/village_wang/bin'
[5.495s] Level 1:colcon.colcon_core.environment:checking '/home/wuling/hpc/ros2_learn/town_ws/install/village_wang/lib/pkgconfig/village_wang.pc'
[5.495s] Level 1:colcon.colcon_core.environment:checking '/home/wuling/hpc/ros2_learn/town_ws/install/village_wang/lib/python3.10/site-packages'
[5.495s] Level 1:colcon.colcon_core.environment:checking '/home/wuling/hpc/ros2_learn/town_ws/install/village_wang/bin'
[5.497s] INFO:colcon.colcon_core.shell:Creating package script '/home/wuling/hpc/ros2_learn/town_ws/install/village_wang/share/village_wang/package.ps1'
[5.497s] INFO:colcon.colcon_core.shell:Creating package descriptor '/home/wuling/hpc/ros2_learn/town_ws/install/village_wang/share/village_wang/package.dsv'
[5.497s] INFO:colcon.colcon_core.shell:Creating package script '/home/wuling/hpc/ros2_learn/town_ws/install/village_wang/share/village_wang/package.sh'
[5.498s] INFO:colcon.colcon_core.shell:Creating package script '/home/wuling/hpc/ros2_learn/town_ws/install/village_wang/share/village_wang/package.bash'
[5.498s] INFO:colcon.colcon_core.shell:Creating package script '/home/wuling/hpc/ros2_learn/town_ws/install/village_wang/share/village_wang/package.zsh'
[5.499s] Level 1:colcon.colcon_core.environment:create_file_with_runtime_dependencies(/home/wuling/hpc/ros2_learn/town_ws/install/village_wang/share/colcon-core/packages/village_wang)
[5.499s] DEBUG:colcon.colcon_parallel_executor.executor.parallel:closing loop
[5.499s] DEBUG:colcon.colcon_parallel_executor.executor.parallel:loop closed
[5.499s] DEBUG:colcon.colcon_parallel_executor.executor.parallel:run_until_complete finished with '0'
[5.499s] DEBUG:colcon.colcon_core.event_reactor:joining thread
[5.504s] INFO:colcon.colcon_core.plugin_system:Skipping extension 'colcon_notification.desktop_notification.notify_send': Could not find 'notify-send'
[5.504s] INFO:colcon.colcon_core.plugin_system:Skipping extension 'colcon_notification.desktop_notification.terminal_notifier': Not used on non-Darwin systems
[5.504s] INFO:colcon.colcon_core.plugin_system:Skipping extension 'colcon_notification.desktop_notification.win32': Not used on non-Windows systems
[5.505s] INFO:colcon.colcon_notification.desktop_notification:Sending desktop notification using 'notify2'
[5.506s] DEBUG:colcon.colcon_notification.desktop_notification.notify2:Failed to initialize notify2: org.freedesktop.DBus.Error.Spawn.ExecFailed: /usr/bin/dbus-launch terminated abnormally without any error message
[5.507s] DEBUG:colcon.colcon_core.event_reactor:joined thread
[5.508s] INFO:colcon.colcon_core.shell:Creating prefix script '/home/wuling/hpc/ros2_learn/town_ws/install/local_setup.ps1'
[5.510s] INFO:colcon.colcon_core.shell:Creating prefix util module '/home/wuling/hpc/ros2_learn/town_ws/install/_local_setup_util_ps1.py'
[5.511s] INFO:colcon.colcon_core.shell:Creating prefix chain script '/home/wuling/hpc/ros2_learn/town_ws/install/setup.ps1'
[5.512s] INFO:colcon.colcon_core.shell:Creating prefix script '/home/wuling/hpc/ros2_learn/town_ws/install/local_setup.sh'
[5.513s] INFO:colcon.colcon_core.shell:Creating prefix util module '/home/wuling/hpc/ros2_learn/town_ws/install/_local_setup_util_sh.py'
[5.513s] INFO:colcon.colcon_core.shell:Creating prefix chain script '/home/wuling/hpc/ros2_learn/town_ws/install/setup.sh'
[5.515s] INFO:colcon.colcon_core.shell:Creating prefix script '/home/wuling/hpc/ros2_learn/town_ws/install/local_setup.bash'
[5.515s] INFO:colcon.colcon_core.shell:Creating prefix chain script '/home/wuling/hpc/ros2_learn/town_ws/install/setup.bash'
[5.517s] INFO:colcon.colcon_core.shell:Creating prefix script '/home/wuling/hpc/ros2_learn/town_ws/install/local_setup.zsh'
[5.517s] INFO:colcon.colcon_core.shell:Creating prefix chain script '/home/wuling/hpc/ros2_learn/town_ws/install/setup.zsh'
