[0.011s] Invoking command in '/home/wuling/hpc/ros2_learn/town_ws/build/village_interface': CMAKE_PREFIX_PATH=${CMAKE_PREFIX_PATH}:/home/wuling/hpc/ros2_learn/town_ws/install/village_li:/opt/ros/humble /usr/bin/cmake --build /home/wuling/hpc/ros2_learn/town_ws/build/village_interface -- -j24 -l24
[0.046s] [  2%] Built target village_interface__cpp
[0.048s] [ 12%] Built target village_interface__rosidl_generator_c
[0.060s] [ 12%] Built target ament_cmake_python_copy_village_interface
[0.062s] [ 23%] Built target village_interface__rosidl_typesupport_introspection_cpp
[0.063s] [ 44%] Built target village_interface__rosidl_typesupport_cpp
[0.063s] [ 44%] Built target village_interface__rosidl_typesupport_introspection_c
[0.063s] [ 55%] Built target village_interface__rosidl_typesupport_fastrtps_cpp
[0.064s] [ 74%] Built target village_interface__rosidl_typesupport_c
[0.064s] [ 76%] Built target village_interface__rosidl_typesupport_fastrtps_c
[0.076s] [ 76%] Built target village_interface
[0.086s] [ 78%] Built target village_interface__py
[0.098s] [ 87%] Built target village_interface__rosidl_generator_py
[0.110s] [ 91%] Built target village_interface__rosidl_typesupport_introspection_c__pyext
[0.111s] [ 95%] Built target village_interface__rosidl_typesupport_fastrtps_c__pyext
[0.111s] [100%] Built target village_interface__rosidl_typesupport_c__pyext
[0.222s] running egg_info
[0.223s] writing village_interface.egg-info/PKG-INFO
[0.223s] writing dependency_links to village_interface.egg-info/dependency_links.txt
[0.223s] writing top-level names to village_interface.egg-info/top_level.txt
[0.224s] reading manifest file 'village_interface.egg-info/SOURCES.txt'
[0.225s] writing manifest file 'village_interface.egg-info/SOURCES.txt'
[0.239s] [100%] Built target ament_cmake_python_build_village_interface_egg
[0.244s] Invoked command in '/home/wuling/hpc/ros2_learn/town_ws/build/village_interface' returned '0': CMAKE_PREFIX_PATH=${CMAKE_PREFIX_PATH}:/home/wuling/hpc/ros2_learn/town_ws/install/village_li:/opt/ros/humble /usr/bin/cmake --build /home/wuling/hpc/ros2_learn/town_ws/build/village_interface -- -j24 -l24
[0.291s] Invoking command in '/home/wuling/hpc/ros2_learn/town_ws/build/village_interface': CMAKE_PREFIX_PATH=${CMAKE_PREFIX_PATH}:/home/wuling/hpc/ros2_learn/town_ws/install/village_li:/opt/ros/humble /usr/bin/cmake --install /home/wuling/hpc/ros2_learn/town_ws/build/village_interface
[0.295s] -- Install configuration: ""
[0.295s] -- Up-to-date: /home/wuling/hpc/ros2_learn/town_ws/install/village_interface/share/ament_index/resource_index/rosidl_interfaces/village_interface
[0.295s] -- Up-to-date: /home/wuling/hpc/ros2_learn/town_ws/install/village_interface/include/village_interface/village_interface
[0.295s] -- Up-to-date: /home/wuling/hpc/ros2_learn/town_ws/install/village_interface/include/village_interface/village_interface/srv
[0.295s] -- Up-to-date: /home/wuling/hpc/ros2_learn/town_ws/install/village_interface/include/village_interface/village_interface/srv/borrow_money.h
[0.295s] -- Up-to-date: /home/wuling/hpc/ros2_learn/town_ws/install/village_interface/include/village_interface/village_interface/srv/sell_novel.h
[0.295s] -- Up-to-date: /home/wuling/hpc/ros2_learn/town_ws/install/village_interface/include/village_interface/village_interface/srv/detail
[0.295s] -- Up-to-date: /home/wuling/hpc/ros2_learn/town_ws/install/village_interface/include/village_interface/village_interface/srv/detail/borrow_money__functions.c
[0.295s] -- Up-to-date: /home/wuling/hpc/ros2_learn/town_ws/install/village_interface/include/village_interface/village_interface/srv/detail/borrow_money__struct.h
[0.295s] -- Up-to-date: /home/wuling/hpc/ros2_learn/town_ws/install/village_interface/include/village_interface/village_interface/srv/detail/sell_novel__functions.h
[0.296s] -- Up-to-date: /home/wuling/hpc/ros2_learn/town_ws/install/village_interface/include/village_interface/village_interface/srv/detail/sell_novel__functions.c
[0.296s] -- Up-to-date: /home/wuling/hpc/ros2_learn/town_ws/install/village_interface/include/village_interface/village_interface/srv/detail/sell_novel__struct.h
[0.296s] -- Up-to-date: /home/wuling/hpc/ros2_learn/town_ws/install/village_interface/include/village_interface/village_interface/srv/detail/borrow_money__type_support.h
[0.296s] -- Up-to-date: /home/wuling/hpc/ros2_learn/town_ws/install/village_interface/include/village_interface/village_interface/srv/detail/sell_novel__type_support.h
[0.296s] -- Up-to-date: /home/wuling/hpc/ros2_learn/town_ws/install/village_interface/include/village_interface/village_interface/srv/detail/borrow_money__functions.h
[0.296s] -- Up-to-date: /home/wuling/hpc/ros2_learn/town_ws/install/village_interface/include/village_interface/village_interface/msg
[0.296s] -- Up-to-date: /home/wuling/hpc/ros2_learn/town_ws/install/village_interface/include/village_interface/village_interface/msg/rosidl_generator_c__visibility_control.h
[0.296s] -- Up-to-date: /home/wuling/hpc/ros2_learn/town_ws/install/village_interface/include/village_interface/village_interface/msg/detail
[0.296s] -- Up-to-date: /home/wuling/hpc/ros2_learn/town_ws/install/village_interface/include/village_interface/village_interface/msg/detail/novel__functions.c
[0.296s] -- Up-to-date: /home/wuling/hpc/ros2_learn/town_ws/install/village_interface/include/village_interface/village_interface/msg/detail/novel__functions.h
[0.296s] -- Up-to-date: /home/wuling/hpc/ros2_learn/town_ws/install/village_interface/include/village_interface/village_interface/msg/detail/novel__struct.h
[0.297s] -- Up-to-date: /home/wuling/hpc/ros2_learn/town_ws/install/village_interface/include/village_interface/village_interface/msg/detail/novel__type_support.h
[0.297s] -- Up-to-date: /home/wuling/hpc/ros2_learn/town_ws/install/village_interface/include/village_interface/village_interface/msg/novel.h
[0.297s] -- Up-to-date: /home/wuling/hpc/ros2_learn/town_ws/install/village_interface/share/village_interface/environment/library_path.sh
[0.297s] -- Up-to-date: /home/wuling/hpc/ros2_learn/town_ws/install/village_interface/share/village_interface/environment/library_path.dsv
[0.297s] -- Up-to-date: /home/wuling/hpc/ros2_learn/town_ws/install/village_interface/lib/libvillage_interface__rosidl_generator_c.so
[0.297s] -- Up-to-date: /home/wuling/hpc/ros2_learn/town_ws/install/village_interface/include/village_interface/village_interface
[0.297s] -- Up-to-date: /home/wuling/hpc/ros2_learn/town_ws/install/village_interface/include/village_interface/village_interface/srv
[0.297s] -- Up-to-date: /home/wuling/hpc/ros2_learn/town_ws/install/village_interface/include/village_interface/village_interface/srv/detail
[0.297s] -- Up-to-date: /home/wuling/hpc/ros2_learn/town_ws/install/village_interface/include/village_interface/village_interface/srv/detail/sell_novel__rosidl_typesupport_fastrtps_c.h
[0.297s] -- Up-to-date: /home/wuling/hpc/ros2_learn/town_ws/install/village_interface/include/village_interface/village_interface/srv/detail/borrow_money__rosidl_typesupport_fastrtps_c.h
[0.297s] -- Up-to-date: /home/wuling/hpc/ros2_learn/town_ws/install/village_interface/include/village_interface/village_interface/msg
[0.297s] -- Up-to-date: /home/wuling/hpc/ros2_learn/town_ws/install/village_interface/include/village_interface/village_interface/msg/rosidl_typesupport_fastrtps_c__visibility_control.h
[0.297s] -- Up-to-date: /home/wuling/hpc/ros2_learn/town_ws/install/village_interface/include/village_interface/village_interface/msg/detail
[0.298s] -- Up-to-date: /home/wuling/hpc/ros2_learn/town_ws/install/village_interface/include/village_interface/village_interface/msg/detail/novel__rosidl_typesupport_fastrtps_c.h
[0.298s] -- Up-to-date: /home/wuling/hpc/ros2_learn/town_ws/install/village_interface/lib/libvillage_interface__rosidl_typesupport_fastrtps_c.so
[0.298s] -- Up-to-date: /home/wuling/hpc/ros2_learn/town_ws/install/village_interface/include/village_interface/village_interface
[0.298s] -- Up-to-date: /home/wuling/hpc/ros2_learn/town_ws/install/village_interface/include/village_interface/village_interface/srv
[0.298s] -- Up-to-date: /home/wuling/hpc/ros2_learn/town_ws/install/village_interface/include/village_interface/village_interface/srv/sell_novel.hpp
[0.298s] -- Up-to-date: /home/wuling/hpc/ros2_learn/town_ws/install/village_interface/include/village_interface/village_interface/srv/borrow_money.hpp
[0.298s] -- Up-to-date: /home/wuling/hpc/ros2_learn/town_ws/install/village_interface/include/village_interface/village_interface/srv/detail
[0.298s] -- Up-to-date: /home/wuling/hpc/ros2_learn/town_ws/install/village_interface/include/village_interface/village_interface/srv/detail/borrow_money__builder.hpp
[0.298s] -- Up-to-date: /home/wuling/hpc/ros2_learn/town_ws/install/village_interface/include/village_interface/village_interface/srv/detail/borrow_money__traits.hpp
[0.298s] -- Up-to-date: /home/wuling/hpc/ros2_learn/town_ws/install/village_interface/include/village_interface/village_interface/srv/detail/sell_novel__struct.hpp
[0.298s] -- Up-to-date: /home/wuling/hpc/ros2_learn/town_ws/install/village_interface/include/village_interface/village_interface/srv/detail/borrow_money__struct.hpp
[0.298s] -- Up-to-date: /home/wuling/hpc/ros2_learn/town_ws/install/village_interface/include/village_interface/village_interface/srv/detail/sell_novel__builder.hpp
[0.298s] -- Up-to-date: /home/wuling/hpc/ros2_learn/town_ws/install/village_interface/include/village_interface/village_interface/srv/detail/sell_novel__traits.hpp
[0.298s] -- Up-to-date: /home/wuling/hpc/ros2_learn/town_ws/install/village_interface/include/village_interface/village_interface/msg
[0.298s] -- Up-to-date: /home/wuling/hpc/ros2_learn/town_ws/install/village_interface/include/village_interface/village_interface/msg/novel.hpp
[0.298s] -- Up-to-date: /home/wuling/hpc/ros2_learn/town_ws/install/village_interface/include/village_interface/village_interface/msg/detail
[0.299s] -- Up-to-date: /home/wuling/hpc/ros2_learn/town_ws/install/village_interface/include/village_interface/village_interface/msg/detail/novel__traits.hpp
[0.299s] -- Up-to-date: /home/wuling/hpc/ros2_learn/town_ws/install/village_interface/include/village_interface/village_interface/msg/detail/novel__struct.hpp
[0.299s] -- Up-to-date: /home/wuling/hpc/ros2_learn/town_ws/install/village_interface/include/village_interface/village_interface/msg/detail/novel__builder.hpp
[0.299s] -- Up-to-date: /home/wuling/hpc/ros2_learn/town_ws/install/village_interface/include/village_interface/village_interface
[0.299s] -- Up-to-date: /home/wuling/hpc/ros2_learn/town_ws/install/village_interface/include/village_interface/village_interface/srv
[0.299s] -- Up-to-date: /home/wuling/hpc/ros2_learn/town_ws/install/village_interface/include/village_interface/village_interface/srv/detail
[0.299s] -- Up-to-date: /home/wuling/hpc/ros2_learn/town_ws/install/village_interface/include/village_interface/village_interface/srv/detail/borrow_money__rosidl_typesupport_fastrtps_cpp.hpp
[0.299s] -- Up-to-date: /home/wuling/hpc/ros2_learn/town_ws/install/village_interface/include/village_interface/village_interface/srv/detail/sell_novel__rosidl_typesupport_fastrtps_cpp.hpp
[0.299s] -- Up-to-date: /home/wuling/hpc/ros2_learn/town_ws/install/village_interface/include/village_interface/village_interface/srv/detail/dds_fastrtps
[0.299s] -- Up-to-date: /home/wuling/hpc/ros2_learn/town_ws/install/village_interface/include/village_interface/village_interface/msg
[0.299s] -- Up-to-date: /home/wuling/hpc/ros2_learn/town_ws/install/village_interface/include/village_interface/village_interface/msg/rosidl_typesupport_fastrtps_cpp__visibility_control.h
[0.299s] -- Up-to-date: /home/wuling/hpc/ros2_learn/town_ws/install/village_interface/include/village_interface/village_interface/msg/detail
[0.299s] -- Up-to-date: /home/wuling/hpc/ros2_learn/town_ws/install/village_interface/include/village_interface/village_interface/msg/detail/novel__rosidl_typesupport_fastrtps_cpp.hpp
[0.299s] -- Up-to-date: /home/wuling/hpc/ros2_learn/town_ws/install/village_interface/include/village_interface/village_interface/msg/detail/dds_fastrtps
[0.299s] -- Up-to-date: /home/wuling/hpc/ros2_learn/town_ws/install/village_interface/lib/libvillage_interface__rosidl_typesupport_fastrtps_cpp.so
[0.299s] -- Up-to-date: /home/wuling/hpc/ros2_learn/town_ws/install/village_interface/include/village_interface/village_interface
[0.300s] -- Up-to-date: /home/wuling/hpc/ros2_learn/town_ws/install/village_interface/include/village_interface/village_interface/srv
[0.300s] -- Up-to-date: /home/wuling/hpc/ros2_learn/town_ws/install/village_interface/include/village_interface/village_interface/srv/detail
[0.300s] -- Up-to-date: /home/wuling/hpc/ros2_learn/town_ws/install/village_interface/include/village_interface/village_interface/srv/detail/sell_novel__rosidl_typesupport_introspection_c.h
[0.300s] -- Up-to-date: /home/wuling/hpc/ros2_learn/town_ws/install/village_interface/include/village_interface/village_interface/srv/detail/borrow_money__type_support.c
[0.300s] -- Up-to-date: /home/wuling/hpc/ros2_learn/town_ws/install/village_interface/include/village_interface/village_interface/srv/detail/sell_novel__type_support.c
[0.300s] -- Up-to-date: /home/wuling/hpc/ros2_learn/town_ws/install/village_interface/include/village_interface/village_interface/srv/detail/borrow_money__rosidl_typesupport_introspection_c.h
[0.300s] -- Up-to-date: /home/wuling/hpc/ros2_learn/town_ws/install/village_interface/include/village_interface/village_interface/msg
[0.300s] -- Up-to-date: /home/wuling/hpc/ros2_learn/town_ws/install/village_interface/include/village_interface/village_interface/msg/detail
[0.300s] -- Up-to-date: /home/wuling/hpc/ros2_learn/town_ws/install/village_interface/include/village_interface/village_interface/msg/detail/novel__type_support.c
[0.300s] -- Up-to-date: /home/wuling/hpc/ros2_learn/town_ws/install/village_interface/include/village_interface/village_interface/msg/detail/novel__rosidl_typesupport_introspection_c.h
[0.300s] -- Up-to-date: /home/wuling/hpc/ros2_learn/town_ws/install/village_interface/include/village_interface/village_interface/msg/rosidl_typesupport_introspection_c__visibility_control.h
[0.300s] -- Up-to-date: /home/wuling/hpc/ros2_learn/town_ws/install/village_interface/lib/libvillage_interface__rosidl_typesupport_introspection_c.so
[0.300s] -- Up-to-date: /home/wuling/hpc/ros2_learn/town_ws/install/village_interface/lib/libvillage_interface__rosidl_typesupport_c.so
[0.300s] -- Up-to-date: /home/wuling/hpc/ros2_learn/town_ws/install/village_interface/include/village_interface/village_interface
[0.301s] -- Up-to-date: /home/wuling/hpc/ros2_learn/town_ws/install/village_interface/include/village_interface/village_interface/srv
[0.301s] -- Up-to-date: /home/wuling/hpc/ros2_learn/town_ws/install/village_interface/include/village_interface/village_interface/srv/detail
[0.301s] -- Up-to-date: /home/wuling/hpc/ros2_learn/town_ws/install/village_interface/include/village_interface/village_interface/srv/detail/sell_novel__rosidl_typesupport_introspection_cpp.hpp
[0.301s] -- Up-to-date: /home/wuling/hpc/ros2_learn/town_ws/install/village_interface/include/village_interface/village_interface/srv/detail/borrow_money__rosidl_typesupport_introspection_cpp.hpp
[0.301s] -- Up-to-date: /home/wuling/hpc/ros2_learn/town_ws/install/village_interface/include/village_interface/village_interface/srv/detail/sell_novel__type_support.cpp
[0.301s] -- Up-to-date: /home/wuling/hpc/ros2_learn/town_ws/install/village_interface/include/village_interface/village_interface/srv/detail/borrow_money__type_support.cpp
[0.301s] -- Up-to-date: /home/wuling/hpc/ros2_learn/town_ws/install/village_interface/include/village_interface/village_interface/msg
[0.301s] -- Up-to-date: /home/wuling/hpc/ros2_learn/town_ws/install/village_interface/include/village_interface/village_interface/msg/detail
[0.301s] -- Up-to-date: /home/wuling/hpc/ros2_learn/town_ws/install/village_interface/include/village_interface/village_interface/msg/detail/novel__rosidl_typesupport_introspection_cpp.hpp
[0.301s] -- Up-to-date: /home/wuling/hpc/ros2_learn/town_ws/install/village_interface/include/village_interface/village_interface/msg/detail/novel__type_support.cpp
[0.301s] -- Up-to-date: /home/wuling/hpc/ros2_learn/town_ws/install/village_interface/lib/libvillage_interface__rosidl_typesupport_introspection_cpp.so
[0.301s] -- Up-to-date: /home/wuling/hpc/ros2_learn/town_ws/install/village_interface/lib/libvillage_interface__rosidl_typesupport_cpp.so
[0.301s] -- Up-to-date: /home/wuling/hpc/ros2_learn/town_ws/install/village_interface/share/village_interface/environment/pythonpath.sh
[0.301s] -- Up-to-date: /home/wuling/hpc/ros2_learn/town_ws/install/village_interface/share/village_interface/environment/pythonpath.dsv
[0.301s] -- Up-to-date: /home/wuling/hpc/ros2_learn/town_ws/install/village_interface/local/lib/python3.10/dist-packages/village_interface-0.0.0-py3.10.egg-info
[0.301s] -- Installing: /home/wuling/hpc/ros2_learn/town_ws/install/village_interface/local/lib/python3.10/dist-packages/village_interface-0.0.0-py3.10.egg-info/top_level.txt
[0.302s] -- Installing: /home/wuling/hpc/ros2_learn/town_ws/install/village_interface/local/lib/python3.10/dist-packages/village_interface-0.0.0-py3.10.egg-info/dependency_links.txt
[0.302s] -- Installing: /home/wuling/hpc/ros2_learn/town_ws/install/village_interface/local/lib/python3.10/dist-packages/village_interface-0.0.0-py3.10.egg-info/PKG-INFO
[0.302s] -- Installing: /home/wuling/hpc/ros2_learn/town_ws/install/village_interface/local/lib/python3.10/dist-packages/village_interface-0.0.0-py3.10.egg-info/SOURCES.txt
[0.302s] -- Up-to-date: /home/wuling/hpc/ros2_learn/town_ws/install/village_interface/local/lib/python3.10/dist-packages/village_interface
[0.302s] -- Up-to-date: /home/wuling/hpc/ros2_learn/town_ws/install/village_interface/local/lib/python3.10/dist-packages/village_interface/_village_interface_s.ep.rosidl_typesupport_c.c
[0.302s] -- Up-to-date: /home/wuling/hpc/ros2_learn/town_ws/install/village_interface/local/lib/python3.10/dist-packages/village_interface/village_interface_s__rosidl_typesupport_introspection_c.cpython-310-x86_64-linux-gnu.so
[0.302s] -- Up-to-date: /home/wuling/hpc/ros2_learn/town_ws/install/village_interface/local/lib/python3.10/dist-packages/village_interface/srv
[0.302s] -- Up-to-date: /home/wuling/hpc/ros2_learn/town_ws/install/village_interface/local/lib/python3.10/dist-packages/village_interface/srv/_borrow_money_s.c
[0.302s] -- Up-to-date: /home/wuling/hpc/ros2_learn/town_ws/install/village_interface/local/lib/python3.10/dist-packages/village_interface/srv/_sell_novel.py
[0.302s] -- Up-to-date: /home/wuling/hpc/ros2_learn/town_ws/install/village_interface/local/lib/python3.10/dist-packages/village_interface/srv/_borrow_money.py
[0.302s] -- Up-to-date: /home/wuling/hpc/ros2_learn/town_ws/install/village_interface/local/lib/python3.10/dist-packages/village_interface/srv/__init__.py
[0.302s] -- Up-to-date: /home/wuling/hpc/ros2_learn/town_ws/install/village_interface/local/lib/python3.10/dist-packages/village_interface/srv/_sell_novel_s.c
[0.302s] -- Up-to-date: /home/wuling/hpc/ros2_learn/town_ws/install/village_interface/local/lib/python3.10/dist-packages/village_interface/libvillage_interface__rosidl_generator_py.so
[0.302s] -- Up-to-date: /home/wuling/hpc/ros2_learn/town_ws/install/village_interface/local/lib/python3.10/dist-packages/village_interface/village_interface_s__rosidl_typesupport_c.cpython-310-x86_64-linux-gnu.so
[0.302s] -- Up-to-date: /home/wuling/hpc/ros2_learn/town_ws/install/village_interface/local/lib/python3.10/dist-packages/village_interface/_village_interface_s.ep.rosidl_typesupport_fastrtps_c.c
[0.302s] -- Up-to-date: /home/wuling/hpc/ros2_learn/town_ws/install/village_interface/local/lib/python3.10/dist-packages/village_interface/__init__.py
[0.303s] -- Up-to-date: /home/wuling/hpc/ros2_learn/town_ws/install/village_interface/local/lib/python3.10/dist-packages/village_interface/msg
[0.303s] -- Up-to-date: /home/wuling/hpc/ros2_learn/town_ws/install/village_interface/local/lib/python3.10/dist-packages/village_interface/msg/_novel_s.c
[0.303s] -- Up-to-date: /home/wuling/hpc/ros2_learn/town_ws/install/village_interface/local/lib/python3.10/dist-packages/village_interface/msg/_novel.py
[0.303s] -- Up-to-date: /home/wuling/hpc/ros2_learn/town_ws/install/village_interface/local/lib/python3.10/dist-packages/village_interface/msg/__init__.py
[0.303s] -- Up-to-date: /home/wuling/hpc/ros2_learn/town_ws/install/village_interface/local/lib/python3.10/dist-packages/village_interface/_village_interface_s.ep.rosidl_typesupport_introspection_c.c
[0.303s] -- Up-to-date: /home/wuling/hpc/ros2_learn/town_ws/install/village_interface/local/lib/python3.10/dist-packages/village_interface/village_interface_s__rosidl_typesupport_fastrtps_c.cpython-310-x86_64-linux-gnu.so
[0.316s] Listing '/home/wuling/hpc/ros2_learn/town_ws/install/village_interface/local/lib/python3.10/dist-packages/village_interface'...
[0.316s] Listing '/home/wuling/hpc/ros2_learn/town_ws/install/village_interface/local/lib/python3.10/dist-packages/village_interface/msg'...
[0.316s] Listing '/home/wuling/hpc/ros2_learn/town_ws/install/village_interface/local/lib/python3.10/dist-packages/village_interface/srv'...
[0.319s] -- Up-to-date: /home/wuling/hpc/ros2_learn/town_ws/install/village_interface/local/lib/python3.10/dist-packages/village_interface/village_interface_s__rosidl_typesupport_fastrtps_c.cpython-310-x86_64-linux-gnu.so
[0.319s] -- Up-to-date: /home/wuling/hpc/ros2_learn/town_ws/install/village_interface/local/lib/python3.10/dist-packages/village_interface/village_interface_s__rosidl_typesupport_introspection_c.cpython-310-x86_64-linux-gnu.so
[0.319s] -- Up-to-date: /home/wuling/hpc/ros2_learn/town_ws/install/village_interface/local/lib/python3.10/dist-packages/village_interface/village_interface_s__rosidl_typesupport_c.cpython-310-x86_64-linux-gnu.so
[0.319s] -- Up-to-date: /home/wuling/hpc/ros2_learn/town_ws/install/village_interface/lib/libvillage_interface__rosidl_generator_py.so
[0.319s] -- Up-to-date: /home/wuling/hpc/ros2_learn/town_ws/install/village_interface/share/village_interface/msg/Novel.idl
[0.319s] -- Up-to-date: /home/wuling/hpc/ros2_learn/town_ws/install/village_interface/share/village_interface/srv/BorrowMoney.idl
[0.319s] -- Up-to-date: /home/wuling/hpc/ros2_learn/town_ws/install/village_interface/share/village_interface/srv/SellNovel.idl
[0.320s] -- Up-to-date: /home/wuling/hpc/ros2_learn/town_ws/install/village_interface/share/village_interface/msg/Novel.msg
[0.320s] -- Up-to-date: /home/wuling/hpc/ros2_learn/town_ws/install/village_interface/share/village_interface/srv/BorrowMoney.srv
[0.320s] -- Up-to-date: /home/wuling/hpc/ros2_learn/town_ws/install/village_interface/share/village_interface/srv/BorrowMoney_Request.msg
[0.320s] -- Up-to-date: /home/wuling/hpc/ros2_learn/town_ws/install/village_interface/share/village_interface/srv/BorrowMoney_Response.msg
[0.320s] -- Up-to-date: /home/wuling/hpc/ros2_learn/town_ws/install/village_interface/share/village_interface/srv/SellNovel.srv
[0.320s] -- Up-to-date: /home/wuling/hpc/ros2_learn/town_ws/install/village_interface/share/village_interface/srv/SellNovel_Request.msg
[0.320s] -- Up-to-date: /home/wuling/hpc/ros2_learn/town_ws/install/village_interface/share/village_interface/srv/SellNovel_Response.msg
[0.320s] -- Up-to-date: /home/wuling/hpc/ros2_learn/town_ws/install/village_interface/share/ament_index/resource_index/package_run_dependencies/village_interface
[0.320s] -- Up-to-date: /home/wuling/hpc/ros2_learn/town_ws/install/village_interface/share/ament_index/resource_index/parent_prefix_path/village_interface
[0.320s] -- Up-to-date: /home/wuling/hpc/ros2_learn/town_ws/install/village_interface/share/village_interface/environment/ament_prefix_path.sh
[0.321s] -- Up-to-date: /home/wuling/hpc/ros2_learn/town_ws/install/village_interface/share/village_interface/environment/ament_prefix_path.dsv
[0.321s] -- Up-to-date: /home/wuling/hpc/ros2_learn/town_ws/install/village_interface/share/village_interface/environment/path.sh
[0.321s] -- Up-to-date: /home/wuling/hpc/ros2_learn/town_ws/install/village_interface/share/village_interface/environment/path.dsv
[0.321s] -- Up-to-date: /home/wuling/hpc/ros2_learn/town_ws/install/village_interface/share/village_interface/local_setup.bash
[0.321s] -- Up-to-date: /home/wuling/hpc/ros2_learn/town_ws/install/village_interface/share/village_interface/local_setup.sh
[0.321s] -- Up-to-date: /home/wuling/hpc/ros2_learn/town_ws/install/village_interface/share/village_interface/local_setup.zsh
[0.321s] -- Up-to-date: /home/wuling/hpc/ros2_learn/town_ws/install/village_interface/share/village_interface/local_setup.dsv
[0.321s] -- Installing: /home/wuling/hpc/ros2_learn/town_ws/install/village_interface/share/village_interface/package.dsv
[0.321s] -- Up-to-date: /home/wuling/hpc/ros2_learn/town_ws/install/village_interface/share/ament_index/resource_index/packages/village_interface
[0.321s] -- Up-to-date: /home/wuling/hpc/ros2_learn/town_ws/install/village_interface/share/village_interface/cmake/export_village_interface__rosidl_generator_cExport.cmake
[0.321s] -- Up-to-date: /home/wuling/hpc/ros2_learn/town_ws/install/village_interface/share/village_interface/cmake/export_village_interface__rosidl_generator_cExport-noconfig.cmake
[0.321s] -- Up-to-date: /home/wuling/hpc/ros2_learn/town_ws/install/village_interface/share/village_interface/cmake/export_village_interface__rosidl_typesupport_fastrtps_cExport.cmake
[0.321s] -- Up-to-date: /home/wuling/hpc/ros2_learn/town_ws/install/village_interface/share/village_interface/cmake/export_village_interface__rosidl_typesupport_fastrtps_cExport-noconfig.cmake
[0.321s] -- Up-to-date: /home/wuling/hpc/ros2_learn/town_ws/install/village_interface/share/village_interface/cmake/export_village_interface__rosidl_generator_cppExport.cmake
[0.321s] -- Up-to-date: /home/wuling/hpc/ros2_learn/town_ws/install/village_interface/share/village_interface/cmake/export_village_interface__rosidl_typesupport_fastrtps_cppExport.cmake
[0.322s] -- Up-to-date: /home/wuling/hpc/ros2_learn/town_ws/install/village_interface/share/village_interface/cmake/export_village_interface__rosidl_typesupport_fastrtps_cppExport-noconfig.cmake
[0.324s] -- Up-to-date: /home/wuling/hpc/ros2_learn/town_ws/install/village_interface/share/village_interface/cmake/village_interface__rosidl_typesupport_introspection_cExport.cmake
[0.325s] -- Up-to-date: /home/wuling/hpc/ros2_learn/town_ws/install/village_interface/share/village_interface/cmake/village_interface__rosidl_typesupport_introspection_cExport-noconfig.cmake
[0.325s] -- Up-to-date: /home/wuling/hpc/ros2_learn/town_ws/install/village_interface/share/village_interface/cmake/village_interface__rosidl_typesupport_cExport.cmake
[0.325s] -- Up-to-date: /home/wuling/hpc/ros2_learn/town_ws/install/village_interface/share/village_interface/cmake/village_interface__rosidl_typesupport_cExport-noconfig.cmake
[0.325s] -- Up-to-date: /home/wuling/hpc/ros2_learn/town_ws/install/village_interface/share/village_interface/cmake/village_interface__rosidl_typesupport_introspection_cppExport.cmake
[0.325s] -- Up-to-date: /home/wuling/hpc/ros2_learn/town_ws/install/village_interface/share/village_interface/cmake/village_interface__rosidl_typesupport_introspection_cppExport-noconfig.cmake
[0.325s] -- Up-to-date: /home/wuling/hpc/ros2_learn/town_ws/install/village_interface/share/village_interface/cmake/village_interface__rosidl_typesupport_cppExport.cmake
[0.325s] -- Up-to-date: /home/wuling/hpc/ros2_learn/town_ws/install/village_interface/share/village_interface/cmake/village_interface__rosidl_typesupport_cppExport-noconfig.cmake
[0.326s] -- Up-to-date: /home/wuling/hpc/ros2_learn/town_ws/install/village_interface/share/village_interface/cmake/export_village_interface__rosidl_generator_pyExport.cmake
[0.326s] -- Up-to-date: /home/wuling/hpc/ros2_learn/town_ws/install/village_interface/share/village_interface/cmake/export_village_interface__rosidl_generator_pyExport-noconfig.cmake
[0.326s] -- Up-to-date: /home/wuling/hpc/ros2_learn/town_ws/install/village_interface/share/village_interface/cmake/rosidl_cmake-extras.cmake
[0.326s] -- Up-to-date: /home/wuling/hpc/ros2_learn/town_ws/install/village_interface/share/village_interface/cmake/ament_cmake_export_dependencies-extras.cmake
[0.326s] -- Up-to-date: /home/wuling/hpc/ros2_learn/town_ws/install/village_interface/share/village_interface/cmake/ament_cmake_export_include_directories-extras.cmake
[0.326s] -- Up-to-date: /home/wuling/hpc/ros2_learn/town_ws/install/village_interface/share/village_interface/cmake/ament_cmake_export_libraries-extras.cmake
[0.326s] -- Up-to-date: /home/wuling/hpc/ros2_learn/town_ws/install/village_interface/share/village_interface/cmake/ament_cmake_export_targets-extras.cmake
[0.326s] -- Up-to-date: /home/wuling/hpc/ros2_learn/town_ws/install/village_interface/share/village_interface/cmake/rosidl_cmake_export_typesupport_targets-extras.cmake
[0.327s] -- Up-to-date: /home/wuling/hpc/ros2_learn/town_ws/install/village_interface/share/village_interface/cmake/rosidl_cmake_export_typesupport_libraries-extras.cmake
[0.327s] -- Up-to-date: /home/wuling/hpc/ros2_learn/town_ws/install/village_interface/share/village_interface/cmake/village_interfaceConfig.cmake
[0.327s] -- Up-to-date: /home/wuling/hpc/ros2_learn/town_ws/install/village_interface/share/village_interface/cmake/village_interfaceConfig-version.cmake
[0.327s] -- Up-to-date: /home/wuling/hpc/ros2_learn/town_ws/install/village_interface/share/village_interface/package.xml
[0.327s] Invoked command in '/home/wuling/hpc/ros2_learn/town_ws/build/village_interface' returned '0': CMAKE_PREFIX_PATH=${CMAKE_PREFIX_PATH}:/home/wuling/hpc/ros2_learn/town_ws/install/village_li:/opt/ros/humble /usr/bin/cmake --install /home/wuling/hpc/ros2_learn/town_ws/build/village_interface
