[0.521s] Invoking command in '/home/wuling/hpc/ros2_learn/town_ws/src/village_li': AMENT_PREFIX_PATH=/home/wuling/hpc/ros2_learn/town_ws/install/village_interface:${AMENT_PREFIX_PATH} CMAKE_PREFIX_PATH=/home/wuling/hpc/ros2_learn/town_ws/install/village_interface LD_LIBRARY_PATH=/home/wuling/hpc/ros2_learn/town_ws/install/village_interface/lib:${LD_LIBRARY_PATH} PYTHONPATH=/home/wuling/hpc/ros2_learn/town_ws/build/village_li/prefix_override:/home/wuling/hpc/ros2_learn/town_ws/install/village_li/lib/python3.10/site-packages:/home/wuling/hpc/ros2_learn/town_ws/install/village_interface/local/lib/python3.10/dist-packages:${PYTHONPATH} /usr/bin/python3 setup.py egg_info --egg-base ../../build/village_li build --build-base /home/wuling/hpc/ros2_learn/town_ws/build/village_li/build install --record /home/wuling/hpc/ros2_learn/town_ws/build/village_li/install.log --install-scripts $base/lib/village_li --single-version-externally-managed
[0.672s] /usr/lib/python3/dist-packages/setuptools/dist.py:723: UserWarning: Usage of dash-separated 'script-dir' will not be supported in future versions. Please use the underscore name 'script_dir' instead
[0.672s]   warnings.warn(
[0.678s] running egg_info
[0.678s] writing ../../build/village_li/village_li.egg-info/PKG-INFO
[0.678s] writing dependency_links to ../../build/village_li/village_li.egg-info/dependency_links.txt
[0.678s] writing entry points to ../../build/village_li/village_li.egg-info/entry_points.txt
[0.678s] writing requirements to ../../build/village_li/village_li.egg-info/requires.txt
[0.678s] writing top-level names to ../../build/village_li/village_li.egg-info/top_level.txt
[0.680s] reading manifest file '../../build/village_li/village_li.egg-info/SOURCES.txt'
[0.680s] writing manifest file '../../build/village_li/village_li.egg-info/SOURCES.txt'
[0.680s] running build
[0.680s] running build_py
[0.680s] running install
[0.681s] /usr/lib/python3/dist-packages/setuptools/command/install.py:34: SetuptoolsDeprecationWarning: setup.py install is deprecated. Use build and pip and other standards-based tools.
[0.681s]   warnings.warn(
[0.681s] running install_lib
[0.682s] running install_data
[0.682s] running install_egg_info
[0.683s] removing '/home/wuling/hpc/ros2_learn/town_ws/install/village_li/lib/python3.10/site-packages/village_li-0.0.0-py3.10.egg-info' (and everything under it)
[0.684s] Copying ../../build/village_li/village_li.egg-info to /home/wuling/hpc/ros2_learn/town_ws/install/village_li/lib/python3.10/site-packages/village_li-0.0.0-py3.10.egg-info
[0.684s] running install_scripts
[0.698s] Installing li3_node script to /home/wuling/hpc/ros2_learn/town_ws/install/village_li/lib/village_li
[0.698s] Installing li4_node script to /home/wuling/hpc/ros2_learn/town_ws/install/village_li/lib/village_li
[0.698s] writing list of installed files to '/home/wuling/hpc/ros2_learn/town_ws/build/village_li/install.log'
[0.715s] Invoked command in '/home/wuling/hpc/ros2_learn/town_ws/src/village_li' returned '0': AMENT_PREFIX_PATH=/home/wuling/hpc/ros2_learn/town_ws/install/village_interface:${AMENT_PREFIX_PATH} CMAKE_PREFIX_PATH=/home/wuling/hpc/ros2_learn/town_ws/install/village_interface LD_LIBRARY_PATH=/home/wuling/hpc/ros2_learn/town_ws/install/village_interface/lib:${LD_LIBRARY_PATH} PYTHONPATH=/home/wuling/hpc/ros2_learn/town_ws/build/village_li/prefix_override:/home/wuling/hpc/ros2_learn/town_ws/install/village_li/lib/python3.10/site-packages:/home/wuling/hpc/ros2_learn/town_ws/install/village_interface/local/lib/python3.10/dist-packages:${PYTHONPATH} /usr/bin/python3 setup.py egg_info --egg-base ../../build/village_li build --build-base /home/wuling/hpc/ros2_learn/town_ws/build/village_li/build install --record /home/wuling/hpc/ros2_learn/town_ws/build/village_li/install.log --install-scripts $base/lib/village_li --single-version-externally-managed
