[0.431s] Invoking command in '/home/wuling/hpc/ros2_learn/town_ws/src/village_li': CMAKE_PREFIX_PATH=/home/wuling/hpc/ros2_learn/town_ws/install/village_interface:/home/wuling/hpc/ros2_learn/town_ws/install/village_wang PYTHONPATH=/home/wuling/hpc/ros2_learn/town_ws/build/village_li/prefix_override:/home/wuling/hpc/ros2_learn/town_ws/install/village_li/lib/python3.10/site-packages:${PYTHONPATH} /usr/bin/python3 setup.py egg_info --egg-base ../../build/village_li build --build-base /home/wuling/hpc/ros2_learn/town_ws/build/village_li/build install --record /home/wuling/hpc/ros2_learn/town_ws/build/village_li/install.log --install-scripts $base/lib/village_li --single-version-externally-managed
[0.578s] /usr/lib/python3/dist-packages/setuptools/dist.py:723: UserWarning: Usage of dash-separated 'script-dir' will not be supported in future versions. Please use the underscore name 'script_dir' instead
[0.579s]   warnings.warn(
[0.584s] running egg_info
[0.584s] writing ../../build/village_li/village_li.egg-info/PKG-INFO
[0.584s] writing dependency_links to ../../build/village_li/village_li.egg-info/dependency_links.txt
[0.584s] writing entry points to ../../build/village_li/village_li.egg-info/entry_points.txt
[0.584s] writing requirements to ../../build/village_li/village_li.egg-info/requires.txt
[0.585s] writing top-level names to ../../build/village_li/village_li.egg-info/top_level.txt
[0.586s] reading manifest file '../../build/village_li/village_li.egg-info/SOURCES.txt'
[0.586s] writing manifest file '../../build/village_li/village_li.egg-info/SOURCES.txt'
[0.586s] running build
[0.586s] running build_py
[0.587s] copying village_li/li3.py -> /home/wuling/hpc/ros2_learn/town_ws/build/village_li/build/lib/village_li
[0.587s] running install
[0.587s] /usr/lib/python3/dist-packages/setuptools/command/install.py:34: SetuptoolsDeprecationWarning: setup.py install is deprecated. Use build and pip and other standards-based tools.
[0.587s]   warnings.warn(
[0.587s] running install_lib
[0.587s] copying /home/wuling/hpc/ros2_learn/town_ws/build/village_li/build/lib/village_li/li3.py -> /home/wuling/hpc/ros2_learn/town_ws/install/village_li/lib/python3.10/site-packages/village_li
[0.587s] byte-compiling /home/wuling/hpc/ros2_learn/town_ws/install/village_li/lib/python3.10/site-packages/village_li/li3.py to li3.cpython-310.pyc
[0.588s] running install_data
[0.588s] running install_egg_info
[0.590s] removing '/home/wuling/hpc/ros2_learn/town_ws/install/village_li/lib/python3.10/site-packages/village_li-0.0.0-py3.10.egg-info' (and everything under it)
[0.590s] Copying ../../build/village_li/village_li.egg-info to /home/wuling/hpc/ros2_learn/town_ws/install/village_li/lib/python3.10/site-packages/village_li-0.0.0-py3.10.egg-info
[0.590s] running install_scripts
[0.603s] Installing li3_node script to /home/wuling/hpc/ros2_learn/town_ws/install/village_li/lib/village_li
[0.603s] Installing li4_node script to /home/wuling/hpc/ros2_learn/town_ws/install/village_li/lib/village_li
[0.603s] writing list of installed files to '/home/wuling/hpc/ros2_learn/town_ws/build/village_li/install.log'
[0.620s] Invoked command in '/home/wuling/hpc/ros2_learn/town_ws/src/village_li' returned '0': CMAKE_PREFIX_PATH=/home/wuling/hpc/ros2_learn/town_ws/install/village_interface:/home/wuling/hpc/ros2_learn/town_ws/install/village_wang PYTHONPATH=/home/wuling/hpc/ros2_learn/town_ws/build/village_li/prefix_override:/home/wuling/hpc/ros2_learn/town_ws/install/village_li/lib/python3.10/site-packages:${PYTHONPATH} /usr/bin/python3 setup.py egg_info --egg-base ../../build/village_li build --build-base /home/wuling/hpc/ros2_learn/town_ws/build/village_li/build install --record /home/wuling/hpc/ros2_learn/town_ws/build/village_li/install.log --install-scripts $base/lib/village_li --single-version-externally-managed
