-- Found ament_cmake: 1.3.5 (/opt/ros/humble/share/ament_cmake/cmake)
-- Found rclcpp: 16.0.5 (/opt/ros/humble/share/rclcpp/cmake)
-- Found rosidl_generator_c: 3.1.5 (/opt/ros/humble/share/rosidl_generator_c/cmake)
-- Found rosidl_adapter: 3.1.5 (/opt/ros/humble/share/rosidl_adapter/cmake)
-- Found rosidl_generator_cpp: 3.1.5 (/opt/ros/humble/share/rosidl_generator_cpp/cmake)
-- Using all available rosidl_typesupport_c: rosidl_typesupport_fastrtps_c;rosidl_typesupport_introspection_c
-- Using all available rosidl_typesupport_cpp: rosidl_typesupport_fastrtps_cpp;rosidl_typesupport_introspection_cpp
-- Found rmw_implementation_cmake: 6.1.1 (/opt/ros/humble/share/rmw_implementation_cmake/cmake)
-- Found rmw_fastrtps_cpp: 6.2.3 (/opt/ros/humble/share/rmw_fastrtps_cpp/cmake)
-- Using RMW implementation 'rmw_fastrtps_cpp' as default
-- Found std_srvs: 4.2.3 (/opt/ros/humble/share/std_srvs/cmake)
-- Found rclcpp_components: 16.0.5 (/opt/ros/humble/share/rclcpp_components/cmake)
-- Found ament_lint_auto: 0.12.7 (/opt/ros/humble/share/ament_lint_auto/cmake)
-- Added test 'cppcheck' to perform static code analysis on C / C++ code
-- Configured cppcheck include dirs: /home/wuling/hpc/ros2_learn/Tutorials/src/my_composition/include
-- Configured cppcheck exclude dirs and/or files: 
-- Added test 'lint_cmake' to check CMake code style
-- Added test 'uncrustify' to check C / C++ code style
-- Configured uncrustify additional arguments: 
-- Added test 'xmllint' to check XML markup files
-- Configuring done
-- Generating done
-- Build files have been written to: /home/wuling/hpc/ros2_learn/Tutorials/build/my_composition
[ 50%] [32mBuilding CXX object CMakeFiles/my_node_like_listener_component.dir/src/my_node_like_listener_component.cpp.o[0m
[100%] [32m[1mLinking CXX shared library libmy_node_like_listener_component.so[0m
[100%] Built target my_node_like_listener_component
-- Install configuration: ""
-- Up-to-date: /home/wuling/hpc/ros2_learn/Tutorials/install/my_composition/share/ament_index/resource_index/package_run_dependencies/my_composition
-- Installing: /home/wuling/hpc/ros2_learn/Tutorials/install/my_composition/share/ament_index/resource_index/parent_prefix_path/my_composition
-- Up-to-date: /home/wuling/hpc/ros2_learn/Tutorials/install/my_composition/share/my_composition/environment/ament_prefix_path.sh
-- Installing: /home/wuling/hpc/ros2_learn/Tutorials/install/my_composition/share/my_composition/environment/ament_prefix_path.dsv
-- Up-to-date: /home/wuling/hpc/ros2_learn/Tutorials/install/my_composition/share/my_composition/environment/path.sh
-- Installing: /home/wuling/hpc/ros2_learn/Tutorials/install/my_composition/share/my_composition/environment/path.dsv
-- Up-to-date: /home/wuling/hpc/ros2_learn/Tutorials/install/my_composition/share/my_composition/local_setup.bash
-- Up-to-date: /home/wuling/hpc/ros2_learn/Tutorials/install/my_composition/share/my_composition/local_setup.sh
-- Up-to-date: /home/wuling/hpc/ros2_learn/Tutorials/install/my_composition/share/my_composition/local_setup.zsh
-- Installing: /home/wuling/hpc/ros2_learn/Tutorials/install/my_composition/share/my_composition/local_setup.dsv
-- Installing: /home/wuling/hpc/ros2_learn/Tutorials/install/my_composition/share/my_composition/package.dsv
-- Up-to-date: /home/wuling/hpc/ros2_learn/Tutorials/install/my_composition/share/ament_index/resource_index/packages/my_composition
-- Installing: /home/wuling/hpc/ros2_learn/Tutorials/install/my_composition/share/ament_index/resource_index/rclcpp_components/my_composition
-- Up-to-date: /home/wuling/hpc/ros2_learn/Tutorials/install/my_composition/share/my_composition/cmake/my_compositionConfig.cmake
-- Up-to-date: /home/wuling/hpc/ros2_learn/Tutorials/install/my_composition/share/my_composition/cmake/my_compositionConfig-version.cmake
-- Up-to-date: /home/wuling/hpc/ros2_learn/Tutorials/install/my_composition/share/my_composition/package.xml
