[0.007s] Invoking command in '/home/wuling/hpc/ros2_learn/town_ws/build/village_interface': CMAKE_PREFIX_PATH=/opt/ros/humble /usr/bin/cmake /home/wuling/hpc/ros2_learn/town_ws/src/village_interface -DCMAKE_INSTALL_PREFIX=/home/wuling/hpc/ros2_learn/town_ws/install/village_interface
[0.012s] -- Found ament_cmake: 1.3.5 (/opt/ros/humble/share/ament_cmake/cmake)
[0.115s] -- Found sensor_msgs: 4.2.3 (/opt/ros/humble/share/sensor_msgs/cmake)
[0.128s] -- Found rosidl_generator_c: 3.1.5 (/opt/ros/humble/share/rosidl_generator_c/cmake)
[0.129s] -- Found rosidl_adapter: 3.1.5 (/opt/ros/humble/share/rosidl_adapter/cmake)
[0.132s] -- Found rosidl_generator_cpp: 3.1.5 (/opt/ros/humble/share/rosidl_generator_cpp/cmake)
[0.138s] -- Using all available rosidl_typesupport_c: rosidl_typesupport_fastrtps_c;rosidl_typesupport_introspection_c
[0.147s] -- Using all available rosidl_typesupport_cpp: rosidl_typesupport_fastrtps_cpp;rosidl_typesupport_introspection_cpp
[0.260s] -- Found rosidl_default_generators: 1.2.0 (/opt/ros/humble/share/rosidl_default_generators/cmake)
[0.264s] -- Found ament_lint_auto: 0.12.7 (/opt/ros/humble/share/ament_lint_auto/cmake)
[0.362s] [31mCMake Error at /opt/ros/humble/share/rosidl_adapter/cmake/rosidl_adapt_interfaces.cmake:59 (message):
[0.362s]   execute_process(/usr/bin/python3.10 -m rosidl_adapter --package-name
[0.362s]   village_interface --arguments-file
[0.362s]   /home/wuling/hpc/ros2_learn/town_ws/build/village_interface/rosidl_adapter__arguments__village_interface.json
[0.362s]   --output-dir
[0.362s]   /home/wuling/hpc/ros2_learn/town_ws/build/village_interface/rosidl_adapter/village_interface
[0.362s]   --output-file
[0.362s]   /home/wuling/hpc/ros2_learn/town_ws/build/village_interface/rosidl_adapter/village_interface.idls)
[0.362s]   returned error code 1:
[0.362s] 
[0.362s]   Error processing 'sensor_msgs/msg/Image image' of
[0.362s]   'village_interface/Novel': 'sensor_msgs/msg/Image'
[0.363s] 
[0.363s]   Traceback (most recent call last):
[0.363s] 
[0.363s]     File "/usr/lib/python3.10/runpy.py", line 196, in _run_module_as_main
[0.363s]       return _run_code(code, main_globals, None,
[0.363s]     File "/usr/lib/python3.10/runpy.py", line 86, in _run_code
[0.363s]       exec(code, run_globals)
[0.363s]     File "/opt/ros/humble/local/lib/python3.10/dist-packages/rosidl_adapter/__main__.py", line 19, in <module>
[0.363s]       sys.exit(main())
[0.363s]     File "/opt/ros/humble/local/lib/python3.10/dist-packages/rosidl_adapter/main.py", line 53, in main
[0.363s]       abs_idl_file = convert_to_idl(
[0.363s]     File "/opt/ros/humble/local/lib/python3.10/dist-packages/rosidl_adapter/__init__.py", line 19, in convert_to_idl
[0.363s]       return convert_msg_to_idl(
[0.363s]     File "/opt/ros/humble/local/lib/python3.10/dist-packages/rosidl_adapter/msg/__init__.py", line 28, in convert_msg_to_idl
[0.363s]       msg = parse_message_string(package_name, input_file.stem, content)
[0.363s]     File "/opt/ros/humble/local/lib/python3.10/dist-packages/rosidl_adapter/parser.py", line 520, in parse_message_string
[0.363s]       Type(type_string, context_package_name=pkg_name),
[0.364s]     File "/opt/ros/humble/local/lib/python3.10/dist-packages/rosidl_adapter/parser.py", line 277, in __init__
[0.364s]       super(Type, self).__init__(
[0.364s]     File "/opt/ros/humble/local/lib/python3.10/dist-packages/rosidl_adapter/parser.py", line 190, in __init__
[0.364s]       raise InvalidResourceName(type_string)
[0.364s] 
[0.364s]   rosidl_adapter.parser.InvalidResourceName: sensor_msgs/msg/Image
[0.364s] 
[0.364s] Call Stack (most recent call first):
[0.364s]   /opt/ros/humble/share/rosidl_cmake/cmake/rosidl_generate_interfaces.cmake:130 (rosidl_adapt_interfaces)
[0.364s]   CMakeLists.txt:29 (rosidl_generate_interfaces)
[0.364s] 
[0.364s] [0m
[0.364s] -- Configuring incomplete, errors occurred!
[0.364s] See also "/home/wuling/hpc/ros2_learn/town_ws/build/village_interface/CMakeFiles/CMakeOutput.log".
[0.365s] Invoked command in '/home/wuling/hpc/ros2_learn/town_ws/build/village_interface' returned '1': CMAKE_PREFIX_PATH=/opt/ros/humble /usr/bin/cmake /home/wuling/hpc/ros2_learn/town_ws/src/village_interface -DCMAKE_INSTALL_PREFIX=/home/wuling/hpc/ros2_learn/town_ws/install/village_interface
