[0.007s] Invoking command in '/home/wuling/hpc/ros2_learn/town_ws/build/village_interface': CMAKE_PREFIX_PATH=/opt/ros/humble /usr/bin/cmake /home/wuling/hpc/ros2_learn/town_ws/src/village_interface -DCMAKE_INSTALL_PREFIX=/home/wuling/hpc/ros2_learn/town_ws/install/village_interface
[0.013s] -- Found ament_cmake: 1.3.5 (/opt/ros/humble/share/ament_cmake/cmake)
[0.112s] -- Found sensor_msgs: 4.2.3 (/opt/ros/humble/share/sensor_msgs/cmake)
[0.133s] -- Found rosidl_generator_c: 3.1.5 (/opt/ros/humble/share/rosidl_generator_c/cmake)
[0.135s] -- Found rosidl_adapter: 3.1.5 (/opt/ros/humble/share/rosidl_adapter/cmake)
[0.140s] -- Found rosidl_generator_cpp: 3.1.5 (/opt/ros/humble/share/rosidl_generator_cpp/cmake)
[0.151s] -- Using all available rosidl_typesupport_c: rosidl_typesupport_fastrtps_c;rosidl_typesupport_introspection_c
[0.161s] -- Using all available rosidl_typesupport_cpp: rosidl_typesupport_fastrtps_cpp;rosidl_typesupport_introspection_cpp
[0.275s] -- Found rosidl_default_generators: 1.2.0 (/opt/ros/humble/share/rosidl_default_generators/cmake)
[0.279s] -- Found ament_lint_auto: 0.12.7 (/opt/ros/humble/share/ament_lint_auto/cmake)
[0.489s] -- Found ament_cmake_ros: 0.10.0 (/opt/ros/humble/share/ament_cmake_ros/cmake)
[0.813s] -- Using all available rosidl_typesupport_c: rosidl_typesupport_fastrtps_c;rosidl_typesupport_introspection_c
[0.924s] -- Using all available rosidl_typesupport_cpp: rosidl_typesupport_fastrtps_cpp;rosidl_typesupport_introspection_cpp
[0.939s] -- Found PythonInterp: /usr/bin/python3 (found suitable version "3.10.12", minimum required is "3.6") 
[0.940s] -- Found python_cmake_module: 0.10.0 (/opt/ros/humble/share/python_cmake_module/cmake)
[0.957s] -- Found PythonLibs: /usr/lib/x86_64-linux-gnu/libpython3.10.so (found suitable version "3.10.12", minimum required is "3.5") 
[0.957s] -- Using PYTHON_EXECUTABLE: /usr/bin/python3
[0.957s] -- Using PYTHON_INCLUDE_DIRS: /usr/include/python3.10
[0.957s] -- Using PYTHON_LIBRARIES: /usr/lib/x86_64-linux-gnu/libpython3.10.so
[0.971s] -- Found PythonExtra: .so  
[1.011s] -- Added test 'lint_cmake' to check CMake code style
[1.011s] -- Added test 'xmllint' to check XML markup files
[1.015s] -- Configuring done
[1.033s] -- Generating done
[1.034s] -- Build files have been written to: /home/wuling/hpc/ros2_learn/town_ws/build/village_interface
[1.039s] Invoked command in '/home/wuling/hpc/ros2_learn/town_ws/build/village_interface' returned '0': CMAKE_PREFIX_PATH=/opt/ros/humble /usr/bin/cmake /home/wuling/hpc/ros2_learn/town_ws/src/village_interface -DCMAKE_INSTALL_PREFIX=/home/wuling/hpc/ros2_learn/town_ws/install/village_interface
[1.040s] Invoking command in '/home/wuling/hpc/ros2_learn/town_ws/build/village_interface': CMAKE_PREFIX_PATH=/opt/ros/humble /usr/bin/cmake --build /home/wuling/hpc/ros2_learn/town_ws/build/village_interface -- -j24 -l24
[1.059s] [  3%] [34m[1mGenerating C code for ROS interfaces[0m
[1.063s] [  6%] [34m[1mGenerating C++ code for ROS interfaces[0m
[1.067s] [  6%] Built target ament_cmake_python_copy_village_interface
[1.222s] running egg_info
[1.222s] creating village_interface.egg-info
[1.222s] writing village_interface.egg-info/PKG-INFO
[1.223s] writing dependency_links to village_interface.egg-info/dependency_links.txt
[1.223s] writing top-level names to village_interface.egg-info/top_level.txt
[1.223s] writing manifest file 'village_interface.egg-info/SOURCES.txt'
[1.224s] reading manifest file 'village_interface.egg-info/SOURCES.txt'
[1.225s] writing manifest file 'village_interface.egg-info/SOURCES.txt'
[1.238s] [  9%] [32mBuilding C object CMakeFiles/village_interface__rosidl_generator_c.dir/rosidl_generator_c/village_interface/msg/detail/novel__functions.c.o[0m
[1.241s] [  9%] Built target ament_cmake_python_build_village_interface_egg
[1.257s] [  9%] Built target village_interface__cpp
[1.262s] [ 12%] [34m[1mGenerating C++ type support for eProsima Fast-RTPS[0m
[1.262s] [ 16%] [34m[1mGenerating C++ introspection for ROS interfaces[0m
[1.262s] [ 19%] [34m[1mGenerating C++ type support dispatch for ROS interfaces[0m
[1.269s] [ 22%] [32m[1mLinking C shared library libvillage_interface__rosidl_generator_c.so[0m
[1.291s] [ 22%] Built target village_interface__rosidl_generator_c
[1.297s] [ 25%] [34m[1mGenerating C type support for eProsima Fast-RTPS[0m
[1.297s] [ 29%] [34m[1mGenerating C introspection for ROS interfaces[0m
[1.298s] [ 32%] [34m[1mGenerating C type support dispatch for ROS interfaces[0m
[1.446s] [ 35%] [32mBuilding CXX object CMakeFiles/village_interface__rosidl_typesupport_introspection_cpp.dir/rosidl_typesupport_introspection_cpp/village_interface/msg/detail/novel__type_support.cpp.o[0m
[1.457s] [ 38%] [32mBuilding CXX object CMakeFiles/village_interface__rosidl_typesupport_c.dir/rosidl_typesupport_c/village_interface/msg/novel__type_support.cpp.o[0m
[1.472s] [ 41%] [32mBuilding C object CMakeFiles/village_interface__rosidl_typesupport_introspection_c.dir/rosidl_typesupport_introspection_c/village_interface/msg/detail/novel__type_support.c.o[0m
[1.480s] [ 45%] [32m[1mLinking CXX shared library libvillage_interface__rosidl_typesupport_c.so[0m
[1.482s] [ 48%] [32mBuilding CXX object CMakeFiles/village_interface__rosidl_typesupport_fastrtps_c.dir/rosidl_typesupport_fastrtps_c/village_interface/msg/detail/novel__type_support_c.cpp.o[0m
[1.494s] [ 51%] [32m[1mLinking C shared library libvillage_interface__rosidl_typesupport_introspection_c.so[0m
[1.503s] [ 54%] [32mBuilding CXX object CMakeFiles/village_interface__rosidl_typesupport_cpp.dir/rosidl_typesupport_cpp/village_interface/msg/novel__type_support.cpp.o[0m
[1.504s] [ 54%] Built target village_interface__rosidl_typesupport_c
[1.511s] [ 54%] Built target village_interface__rosidl_typesupport_introspection_c
[1.523s] [ 58%] [32mBuilding CXX object CMakeFiles/village_interface__rosidl_typesupport_fastrtps_cpp.dir/rosidl_typesupport_fastrtps_cpp/village_interface/msg/detail/dds_fastrtps/novel__type_support.cpp.o[0m
[1.646s] [ 61%] [32m[1mLinking CXX shared library libvillage_interface__rosidl_typesupport_introspection_cpp.so[0m
[1.654s] [ 64%] [32m[1mLinking CXX shared library libvillage_interface__rosidl_typesupport_fastrtps_c.so[0m
[1.655s] [ 67%] [32m[1mLinking CXX shared library libvillage_interface__rosidl_typesupport_cpp.so[0m
[1.681s] [ 67%] Built target village_interface__rosidl_typesupport_cpp
[1.701s] [ 67%] Built target village_interface__rosidl_typesupport_introspection_cpp
[1.707s] [ 67%] Built target village_interface__rosidl_typesupport_fastrtps_c
[1.717s] [ 70%] [32m[1mLinking CXX shared library libvillage_interface__rosidl_typesupport_fastrtps_cpp.so[0m
[1.757s] [ 70%] Built target village_interface__rosidl_typesupport_fastrtps_cpp
[1.766s] [ 70%] Built target village_interface
[1.775s] [ 74%] [34m[1mGenerating Python code for ROS interfaces[0m
[2.011s] [ 74%] Built target village_interface__py
[2.022s] [ 77%] [32mBuilding C object CMakeFiles/village_interface__rosidl_generator_py.dir/rosidl_generator_py/village_interface/msg/_novel_s.c.o[0m
[2.093s] [ 80%] [32m[1mLinking C shared library rosidl_generator_py/village_interface/libvillage_interface__rosidl_generator_py.so[0m
[2.130s] [ 80%] Built target village_interface__rosidl_generator_py
[2.148s] [ 83%] [32mBuilding C object CMakeFiles/village_interface__rosidl_typesupport_introspection_c__pyext.dir/rosidl_generator_py/village_interface/_village_interface_s.ep.rosidl_typesupport_introspection_c.c.o[0m
[2.148s] [ 87%] [32mBuilding C object CMakeFiles/village_interface__rosidl_typesupport_fastrtps_c__pyext.dir/rosidl_generator_py/village_interface/_village_interface_s.ep.rosidl_typesupport_fastrtps_c.c.o[0m
[2.148s] [ 90%] [32mBuilding C object CMakeFiles/village_interface__rosidl_typesupport_c__pyext.dir/rosidl_generator_py/village_interface/_village_interface_s.ep.rosidl_typesupport_c.c.o[0m
[2.211s] [ 93%] [32m[1mLinking C shared library rosidl_generator_py/village_interface/village_interface_s__rosidl_typesupport_introspection_c.cpython-310-x86_64-linux-gnu.so[0m
[2.225s] [ 96%] [32m[1mLinking C shared library rosidl_generator_py/village_interface/village_interface_s__rosidl_typesupport_fastrtps_c.cpython-310-x86_64-linux-gnu.so[0m
[2.242s] [ 96%] Built target village_interface__rosidl_typesupport_introspection_c__pyext
[2.242s] [100%] [32m[1mLinking C shared library rosidl_generator_py/village_interface/village_interface_s__rosidl_typesupport_c.cpython-310-x86_64-linux-gnu.so[0m
[2.247s] [100%] Built target village_interface__rosidl_typesupport_fastrtps_c__pyext
[2.273s] [100%] Built target village_interface__rosidl_typesupport_c__pyext
[2.278s] Invoked command in '/home/wuling/hpc/ros2_learn/town_ws/build/village_interface' returned '0': CMAKE_PREFIX_PATH=/opt/ros/humble /usr/bin/cmake --build /home/wuling/hpc/ros2_learn/town_ws/build/village_interface -- -j24 -l24
[2.385s] Invoking command in '/home/wuling/hpc/ros2_learn/town_ws/build/village_interface': CMAKE_PREFIX_PATH=/opt/ros/humble /usr/bin/cmake --install /home/wuling/hpc/ros2_learn/town_ws/build/village_interface
[2.396s] -- Install configuration: ""
[2.396s] -- Installing: /home/wuling/hpc/ros2_learn/town_ws/install/village_interface/share/ament_index/resource_index/rosidl_interfaces/village_interface
[2.396s] -- Installing: /home/wuling/hpc/ros2_learn/town_ws/install/village_interface/include/village_interface/village_interface
[2.396s] -- Installing: /home/wuling/hpc/ros2_learn/town_ws/install/village_interface/include/village_interface/village_interface/msg
[2.397s] -- Installing: /home/wuling/hpc/ros2_learn/town_ws/install/village_interface/include/village_interface/village_interface/msg/rosidl_generator_c__visibility_control.h
[2.397s] -- Installing: /home/wuling/hpc/ros2_learn/town_ws/install/village_interface/include/village_interface/village_interface/msg/detail
[2.397s] -- Installing: /home/wuling/hpc/ros2_learn/town_ws/install/village_interface/include/village_interface/village_interface/msg/detail/novel__functions.c
[2.397s] -- Installing: /home/wuling/hpc/ros2_learn/town_ws/install/village_interface/include/village_interface/village_interface/msg/detail/novel__functions.h
[2.397s] -- Installing: /home/wuling/hpc/ros2_learn/town_ws/install/village_interface/include/village_interface/village_interface/msg/detail/novel__struct.h
[2.397s] -- Installing: /home/wuling/hpc/ros2_learn/town_ws/install/village_interface/include/village_interface/village_interface/msg/detail/novel__type_support.h
[2.397s] -- Installing: /home/wuling/hpc/ros2_learn/town_ws/install/village_interface/include/village_interface/village_interface/msg/novel.h
[2.397s] -- Installing: /home/wuling/hpc/ros2_learn/town_ws/install/village_interface/share/village_interface/environment/library_path.sh
[2.397s] -- Installing: /home/wuling/hpc/ros2_learn/town_ws/install/village_interface/share/village_interface/environment/library_path.dsv
[2.397s] -- Installing: /home/wuling/hpc/ros2_learn/town_ws/install/village_interface/lib/libvillage_interface__rosidl_generator_c.so
[2.397s] -- Set runtime path of "/home/wuling/hpc/ros2_learn/town_ws/install/village_interface/lib/libvillage_interface__rosidl_generator_c.so" to ""
[2.398s] -- Up-to-date: /home/wuling/hpc/ros2_learn/town_ws/install/village_interface/include/village_interface/village_interface
[2.398s] -- Up-to-date: /home/wuling/hpc/ros2_learn/town_ws/install/village_interface/include/village_interface/village_interface/msg
[2.398s] -- Installing: /home/wuling/hpc/ros2_learn/town_ws/install/village_interface/include/village_interface/village_interface/msg/rosidl_typesupport_fastrtps_c__visibility_control.h
[2.398s] -- Up-to-date: /home/wuling/hpc/ros2_learn/town_ws/install/village_interface/include/village_interface/village_interface/msg/detail
[2.398s] -- Installing: /home/wuling/hpc/ros2_learn/town_ws/install/village_interface/include/village_interface/village_interface/msg/detail/novel__rosidl_typesupport_fastrtps_c.h
[2.398s] -- Installing: /home/wuling/hpc/ros2_learn/town_ws/install/village_interface/lib/libvillage_interface__rosidl_typesupport_fastrtps_c.so
[2.398s] -- Set runtime path of "/home/wuling/hpc/ros2_learn/town_ws/install/village_interface/lib/libvillage_interface__rosidl_typesupport_fastrtps_c.so" to ""
[2.398s] -- Up-to-date: /home/wuling/hpc/ros2_learn/town_ws/install/village_interface/include/village_interface/village_interface
[2.398s] -- Up-to-date: /home/wuling/hpc/ros2_learn/town_ws/install/village_interface/include/village_interface/village_interface/msg
[2.398s] -- Installing: /home/wuling/hpc/ros2_learn/town_ws/install/village_interface/include/village_interface/village_interface/msg/novel.hpp
[2.398s] -- Up-to-date: /home/wuling/hpc/ros2_learn/town_ws/install/village_interface/include/village_interface/village_interface/msg/detail
[2.398s] -- Installing: /home/wuling/hpc/ros2_learn/town_ws/install/village_interface/include/village_interface/village_interface/msg/detail/novel__traits.hpp
[2.398s] -- Installing: /home/wuling/hpc/ros2_learn/town_ws/install/village_interface/include/village_interface/village_interface/msg/detail/novel__struct.hpp
[2.398s] -- Installing: /home/wuling/hpc/ros2_learn/town_ws/install/village_interface/include/village_interface/village_interface/msg/detail/novel__builder.hpp
[2.398s] -- Up-to-date: /home/wuling/hpc/ros2_learn/town_ws/install/village_interface/include/village_interface/village_interface
[2.398s] -- Up-to-date: /home/wuling/hpc/ros2_learn/town_ws/install/village_interface/include/village_interface/village_interface/msg
[2.398s] -- Installing: /home/wuling/hpc/ros2_learn/town_ws/install/village_interface/include/village_interface/village_interface/msg/rosidl_typesupport_fastrtps_cpp__visibility_control.h
[2.399s] -- Up-to-date: /home/wuling/hpc/ros2_learn/town_ws/install/village_interface/include/village_interface/village_interface/msg/detail
[2.399s] -- Installing: /home/wuling/hpc/ros2_learn/town_ws/install/village_interface/include/village_interface/village_interface/msg/detail/novel__rosidl_typesupport_fastrtps_cpp.hpp
[2.399s] -- Installing: /home/wuling/hpc/ros2_learn/town_ws/install/village_interface/include/village_interface/village_interface/msg/detail/dds_fastrtps
[2.399s] -- Installing: /home/wuling/hpc/ros2_learn/town_ws/install/village_interface/lib/libvillage_interface__rosidl_typesupport_fastrtps_cpp.so
[2.399s] -- Set runtime path of "/home/wuling/hpc/ros2_learn/town_ws/install/village_interface/lib/libvillage_interface__rosidl_typesupport_fastrtps_cpp.so" to ""
[2.399s] -- Up-to-date: /home/wuling/hpc/ros2_learn/town_ws/install/village_interface/include/village_interface/village_interface
[2.399s] -- Up-to-date: /home/wuling/hpc/ros2_learn/town_ws/install/village_interface/include/village_interface/village_interface/msg
[2.399s] -- Up-to-date: /home/wuling/hpc/ros2_learn/town_ws/install/village_interface/include/village_interface/village_interface/msg/detail
[2.399s] -- Installing: /home/wuling/hpc/ros2_learn/town_ws/install/village_interface/include/village_interface/village_interface/msg/detail/novel__type_support.c
[2.399s] -- Installing: /home/wuling/hpc/ros2_learn/town_ws/install/village_interface/include/village_interface/village_interface/msg/detail/novel__rosidl_typesupport_introspection_c.h
[2.399s] -- Installing: /home/wuling/hpc/ros2_learn/town_ws/install/village_interface/include/village_interface/village_interface/msg/rosidl_typesupport_introspection_c__visibility_control.h
[2.399s] -- Installing: /home/wuling/hpc/ros2_learn/town_ws/install/village_interface/lib/libvillage_interface__rosidl_typesupport_introspection_c.so
[2.399s] -- Set runtime path of "/home/wuling/hpc/ros2_learn/town_ws/install/village_interface/lib/libvillage_interface__rosidl_typesupport_introspection_c.so" to ""
[2.399s] -- Installing: /home/wuling/hpc/ros2_learn/town_ws/install/village_interface/lib/libvillage_interface__rosidl_typesupport_c.so
[2.399s] -- Set runtime path of "/home/wuling/hpc/ros2_learn/town_ws/install/village_interface/lib/libvillage_interface__rosidl_typesupport_c.so" to ""
[2.399s] -- Up-to-date: /home/wuling/hpc/ros2_learn/town_ws/install/village_interface/include/village_interface/village_interface
[2.399s] -- Up-to-date: /home/wuling/hpc/ros2_learn/town_ws/install/village_interface/include/village_interface/village_interface/msg
[2.399s] -- Up-to-date: /home/wuling/hpc/ros2_learn/town_ws/install/village_interface/include/village_interface/village_interface/msg/detail
[2.399s] -- Installing: /home/wuling/hpc/ros2_learn/town_ws/install/village_interface/include/village_interface/village_interface/msg/detail/novel__rosidl_typesupport_introspection_cpp.hpp
[2.400s] -- Installing: /home/wuling/hpc/ros2_learn/town_ws/install/village_interface/include/village_interface/village_interface/msg/detail/novel__type_support.cpp
[2.400s] -- Installing: /home/wuling/hpc/ros2_learn/town_ws/install/village_interface/lib/libvillage_interface__rosidl_typesupport_introspection_cpp.so
[2.400s] -- Set runtime path of "/home/wuling/hpc/ros2_learn/town_ws/install/village_interface/lib/libvillage_interface__rosidl_typesupport_introspection_cpp.so" to ""
[2.400s] -- Installing: /home/wuling/hpc/ros2_learn/town_ws/install/village_interface/lib/libvillage_interface__rosidl_typesupport_cpp.so
[2.400s] -- Set runtime path of "/home/wuling/hpc/ros2_learn/town_ws/install/village_interface/lib/libvillage_interface__rosidl_typesupport_cpp.so" to ""
[2.400s] -- Installing: /home/wuling/hpc/ros2_learn/town_ws/install/village_interface/share/village_interface/environment/pythonpath.sh
[2.400s] -- Installing: /home/wuling/hpc/ros2_learn/town_ws/install/village_interface/share/village_interface/environment/pythonpath.dsv
[2.400s] -- Installing: /home/wuling/hpc/ros2_learn/town_ws/install/village_interface/local/lib/python3.10/dist-packages/village_interface-0.0.0-py3.10.egg-info
[2.400s] -- Installing: /home/wuling/hpc/ros2_learn/town_ws/install/village_interface/local/lib/python3.10/dist-packages/village_interface-0.0.0-py3.10.egg-info/top_level.txt
[2.400s] -- Installing: /home/wuling/hpc/ros2_learn/town_ws/install/village_interface/local/lib/python3.10/dist-packages/village_interface-0.0.0-py3.10.egg-info/dependency_links.txt
[2.400s] -- Installing: /home/wuling/hpc/ros2_learn/town_ws/install/village_interface/local/lib/python3.10/dist-packages/village_interface-0.0.0-py3.10.egg-info/PKG-INFO
[2.400s] -- Installing: /home/wuling/hpc/ros2_learn/town_ws/install/village_interface/local/lib/python3.10/dist-packages/village_interface-0.0.0-py3.10.egg-info/SOURCES.txt
[2.400s] -- Installing: /home/wuling/hpc/ros2_learn/town_ws/install/village_interface/local/lib/python3.10/dist-packages/village_interface
[2.400s] -- Installing: /home/wuling/hpc/ros2_learn/town_ws/install/village_interface/local/lib/python3.10/dist-packages/village_interface/_village_interface_s.ep.rosidl_typesupport_c.c
[2.400s] -- Installing: /home/wuling/hpc/ros2_learn/town_ws/install/village_interface/local/lib/python3.10/dist-packages/village_interface/village_interface_s__rosidl_typesupport_introspection_c.cpython-310-x86_64-linux-gnu.so
[2.400s] -- Installing: /home/wuling/hpc/ros2_learn/town_ws/install/village_interface/local/lib/python3.10/dist-packages/village_interface/libvillage_interface__rosidl_generator_py.so
[2.400s] -- Installing: /home/wuling/hpc/ros2_learn/town_ws/install/village_interface/local/lib/python3.10/dist-packages/village_interface/village_interface_s__rosidl_typesupport_c.cpython-310-x86_64-linux-gnu.so
[2.400s] -- Installing: /home/wuling/hpc/ros2_learn/town_ws/install/village_interface/local/lib/python3.10/dist-packages/village_interface/_village_interface_s.ep.rosidl_typesupport_fastrtps_c.c
[2.400s] -- Installing: /home/wuling/hpc/ros2_learn/town_ws/install/village_interface/local/lib/python3.10/dist-packages/village_interface/__init__.py
[2.400s] -- Installing: /home/wuling/hpc/ros2_learn/town_ws/install/village_interface/local/lib/python3.10/dist-packages/village_interface/msg
[2.401s] -- Installing: /home/wuling/hpc/ros2_learn/town_ws/install/village_interface/local/lib/python3.10/dist-packages/village_interface/msg/_novel_s.c
[2.401s] -- Installing: /home/wuling/hpc/ros2_learn/town_ws/install/village_interface/local/lib/python3.10/dist-packages/village_interface/msg/_novel.py
[2.401s] -- Installing: /home/wuling/hpc/ros2_learn/town_ws/install/village_interface/local/lib/python3.10/dist-packages/village_interface/msg/__init__.py
[2.401s] -- Installing: /home/wuling/hpc/ros2_learn/town_ws/install/village_interface/local/lib/python3.10/dist-packages/village_interface/_village_interface_s.ep.rosidl_typesupport_introspection_c.c
[2.401s] -- Installing: /home/wuling/hpc/ros2_learn/town_ws/install/village_interface/local/lib/python3.10/dist-packages/village_interface/village_interface_s__rosidl_typesupport_fastrtps_c.cpython-310-x86_64-linux-gnu.so
[2.420s] Listing '/home/wuling/hpc/ros2_learn/town_ws/install/village_interface/local/lib/python3.10/dist-packages/village_interface'...
[2.420s] Compiling '/home/wuling/hpc/ros2_learn/town_ws/install/village_interface/local/lib/python3.10/dist-packages/village_interface/__init__.py'...
[2.420s] Listing '/home/wuling/hpc/ros2_learn/town_ws/install/village_interface/local/lib/python3.10/dist-packages/village_interface/msg'...
[2.420s] Compiling '/home/wuling/hpc/ros2_learn/town_ws/install/village_interface/local/lib/python3.10/dist-packages/village_interface/msg/__init__.py'...
[2.420s] Compiling '/home/wuling/hpc/ros2_learn/town_ws/install/village_interface/local/lib/python3.10/dist-packages/village_interface/msg/_novel.py'...
[2.423s] -- Installing: /home/wuling/hpc/ros2_learn/town_ws/install/village_interface/local/lib/python3.10/dist-packages/village_interface/village_interface_s__rosidl_typesupport_fastrtps_c.cpython-310-x86_64-linux-gnu.so
[2.423s] -- Set runtime path of "/home/wuling/hpc/ros2_learn/town_ws/install/village_interface/local/lib/python3.10/dist-packages/village_interface/village_interface_s__rosidl_typesupport_fastrtps_c.cpython-310-x86_64-linux-gnu.so" to ""
[2.423s] -- Installing: /home/wuling/hpc/ros2_learn/town_ws/install/village_interface/local/lib/python3.10/dist-packages/village_interface/village_interface_s__rosidl_typesupport_introspection_c.cpython-310-x86_64-linux-gnu.so
[2.423s] -- Set runtime path of "/home/wuling/hpc/ros2_learn/town_ws/install/village_interface/local/lib/python3.10/dist-packages/village_interface/village_interface_s__rosidl_typesupport_introspection_c.cpython-310-x86_64-linux-gnu.so" to ""
[2.423s] -- Installing: /home/wuling/hpc/ros2_learn/town_ws/install/village_interface/local/lib/python3.10/dist-packages/village_interface/village_interface_s__rosidl_typesupport_c.cpython-310-x86_64-linux-gnu.so
[2.423s] -- Set runtime path of "/home/wuling/hpc/ros2_learn/town_ws/install/village_interface/local/lib/python3.10/dist-packages/village_interface/village_interface_s__rosidl_typesupport_c.cpython-310-x86_64-linux-gnu.so" to ""
[2.423s] -- Installing: /home/wuling/hpc/ros2_learn/town_ws/install/village_interface/lib/libvillage_interface__rosidl_generator_py.so
[2.424s] -- Set runtime path of "/home/wuling/hpc/ros2_learn/town_ws/install/village_interface/lib/libvillage_interface__rosidl_generator_py.so" to ""
[2.424s] -- Installing: /home/wuling/hpc/ros2_learn/town_ws/install/village_interface/share/village_interface/msg/Novel.idl
[2.424s] -- Installing: /home/wuling/hpc/ros2_learn/town_ws/install/village_interface/share/village_interface/msg/Novel.msg
[2.424s] -- Installing: /home/wuling/hpc/ros2_learn/town_ws/install/village_interface/share/ament_index/resource_index/package_run_dependencies/village_interface
[2.424s] -- Installing: /home/wuling/hpc/ros2_learn/town_ws/install/village_interface/share/ament_index/resource_index/parent_prefix_path/village_interface
[2.424s] -- Installing: /home/wuling/hpc/ros2_learn/town_ws/install/village_interface/share/village_interface/environment/ament_prefix_path.sh
[2.424s] -- Installing: /home/wuling/hpc/ros2_learn/town_ws/install/village_interface/share/village_interface/environment/ament_prefix_path.dsv
[2.424s] -- Installing: /home/wuling/hpc/ros2_learn/town_ws/install/village_interface/share/village_interface/environment/path.sh
[2.424s] -- Installing: /home/wuling/hpc/ros2_learn/town_ws/install/village_interface/share/village_interface/environment/path.dsv
[2.424s] -- Installing: /home/wuling/hpc/ros2_learn/town_ws/install/village_interface/share/village_interface/local_setup.bash
[2.424s] -- Installing: /home/wuling/hpc/ros2_learn/town_ws/install/village_interface/share/village_interface/local_setup.sh
[2.424s] -- Installing: /home/wuling/hpc/ros2_learn/town_ws/install/village_interface/share/village_interface/local_setup.zsh
[2.424s] -- Installing: /home/wuling/hpc/ros2_learn/town_ws/install/village_interface/share/village_interface/local_setup.dsv
[2.424s] -- Installing: /home/wuling/hpc/ros2_learn/town_ws/install/village_interface/share/village_interface/package.dsv
[2.424s] -- Installing: /home/wuling/hpc/ros2_learn/town_ws/install/village_interface/share/ament_index/resource_index/packages/village_interface
[2.425s] -- Installing: /home/wuling/hpc/ros2_learn/town_ws/install/village_interface/share/village_interface/cmake/export_village_interface__rosidl_generator_cExport.cmake
[2.425s] -- Installing: /home/wuling/hpc/ros2_learn/town_ws/install/village_interface/share/village_interface/cmake/export_village_interface__rosidl_generator_cExport-noconfig.cmake
[2.425s] -- Installing: /home/wuling/hpc/ros2_learn/town_ws/install/village_interface/share/village_interface/cmake/export_village_interface__rosidl_typesupport_fastrtps_cExport.cmake
[2.425s] -- Installing: /home/wuling/hpc/ros2_learn/town_ws/install/village_interface/share/village_interface/cmake/export_village_interface__rosidl_typesupport_fastrtps_cExport-noconfig.cmake
[2.425s] -- Installing: /home/wuling/hpc/ros2_learn/town_ws/install/village_interface/share/village_interface/cmake/export_village_interface__rosidl_generator_cppExport.cmake
[2.425s] -- Installing: /home/wuling/hpc/ros2_learn/town_ws/install/village_interface/share/village_interface/cmake/export_village_interface__rosidl_typesupport_fastrtps_cppExport.cmake
[2.425s] -- Installing: /home/wuling/hpc/ros2_learn/town_ws/install/village_interface/share/village_interface/cmake/export_village_interface__rosidl_typesupport_fastrtps_cppExport-noconfig.cmake
[2.425s] -- Installing: /home/wuling/hpc/ros2_learn/town_ws/install/village_interface/share/village_interface/cmake/village_interface__rosidl_typesupport_introspection_cExport.cmake
[2.425s] -- Installing: /home/wuling/hpc/ros2_learn/town_ws/install/village_interface/share/village_interface/cmake/village_interface__rosidl_typesupport_introspection_cExport-noconfig.cmake
[2.425s] -- Installing: /home/wuling/hpc/ros2_learn/town_ws/install/village_interface/share/village_interface/cmake/village_interface__rosidl_typesupport_cExport.cmake
[2.425s] -- Installing: /home/wuling/hpc/ros2_learn/town_ws/install/village_interface/share/village_interface/cmake/village_interface__rosidl_typesupport_cExport-noconfig.cmake
[2.425s] -- Installing: /home/wuling/hpc/ros2_learn/town_ws/install/village_interface/share/village_interface/cmake/village_interface__rosidl_typesupport_introspection_cppExport.cmake
[2.426s] -- Installing: /home/wuling/hpc/ros2_learn/town_ws/install/village_interface/share/village_interface/cmake/village_interface__rosidl_typesupport_introspection_cppExport-noconfig.cmake
[2.426s] -- Installing: /home/wuling/hpc/ros2_learn/town_ws/install/village_interface/share/village_interface/cmake/village_interface__rosidl_typesupport_cppExport.cmake
[2.426s] -- Installing: /home/wuling/hpc/ros2_learn/town_ws/install/village_interface/share/village_interface/cmake/village_interface__rosidl_typesupport_cppExport-noconfig.cmake
[2.426s] -- Installing: /home/wuling/hpc/ros2_learn/town_ws/install/village_interface/share/village_interface/cmake/export_village_interface__rosidl_generator_pyExport.cmake
[2.426s] -- Installing: /home/wuling/hpc/ros2_learn/town_ws/install/village_interface/share/village_interface/cmake/export_village_interface__rosidl_generator_pyExport-noconfig.cmake
[2.426s] -- Installing: /home/wuling/hpc/ros2_learn/town_ws/install/village_interface/share/village_interface/cmake/rosidl_cmake-extras.cmake
[2.426s] -- Installing: /home/wuling/hpc/ros2_learn/town_ws/install/village_interface/share/village_interface/cmake/ament_cmake_export_dependencies-extras.cmake
[2.426s] -- Installing: /home/wuling/hpc/ros2_learn/town_ws/install/village_interface/share/village_interface/cmake/ament_cmake_export_include_directories-extras.cmake
[2.426s] -- Installing: /home/wuling/hpc/ros2_learn/town_ws/install/village_interface/share/village_interface/cmake/ament_cmake_export_libraries-extras.cmake
[2.426s] -- Installing: /home/wuling/hpc/ros2_learn/town_ws/install/village_interface/share/village_interface/cmake/ament_cmake_export_targets-extras.cmake
[2.426s] -- Installing: /home/wuling/hpc/ros2_learn/town_ws/install/village_interface/share/village_interface/cmake/rosidl_cmake_export_typesupport_targets-extras.cmake
[2.426s] -- Installing: /home/wuling/hpc/ros2_learn/town_ws/install/village_interface/share/village_interface/cmake/rosidl_cmake_export_typesupport_libraries-extras.cmake
[2.426s] -- Installing: /home/wuling/hpc/ros2_learn/town_ws/install/village_interface/share/village_interface/cmake/village_interfaceConfig.cmake
[2.426s] -- Installing: /home/wuling/hpc/ros2_learn/town_ws/install/village_interface/share/village_interface/cmake/village_interfaceConfig-version.cmake
[2.426s] -- Installing: /home/wuling/hpc/ros2_learn/town_ws/install/village_interface/share/village_interface/package.xml
[2.428s] Invoked command in '/home/wuling/hpc/ros2_learn/town_ws/build/village_interface' returned '0': CMAKE_PREFIX_PATH=/opt/ros/humble /usr/bin/cmake --install /home/wuling/hpc/ros2_learn/town_ws/build/village_interface
