[0.185s] Invoking command in '/home/wuling/hpc/ros2_learn/town_ws/build/village_wang': AMENT_PREFIX_PATH=/home/wuling/hpc/ros2_learn/town_ws/install/village_interface:${AMENT_PREFIX_PATH} CMAKE_PREFIX_PATH=/home/wuling/hpc/ros2_learn/town_ws/install/village_interface:/opt/ros/humble LD_LIBRARY_PATH=/home/wuling/hpc/ros2_learn/town_ws/install/village_interface/lib:${LD_LIBRARY_PATH} PYTHONPATH=/home/wuling/hpc/ros2_learn/town_ws/install/village_interface/local/lib/python3.10/dist-packages:${PYTHONPATH} /usr/bin/cmake --build /home/wuling/hpc/ros2_learn/town_ws/build/village_wang -- -j24 -l24
[0.213s] [100%] Built target wang2_node
[0.217s] Invoked command in '/home/wuling/hpc/ros2_learn/town_ws/build/village_wang' returned '0': AMENT_PREFIX_PATH=/home/wuling/hpc/ros2_learn/town_ws/install/village_interface:${AMENT_PREFIX_PATH} CMAKE_PREFIX_PATH=/home/wuling/hpc/ros2_learn/town_ws/install/village_interface:/opt/ros/humble LD_LIBRARY_PATH=/home/wuling/hpc/ros2_learn/town_ws/install/village_interface/lib:${LD_LIBRARY_PATH} PYTHONPATH=/home/wuling/hpc/ros2_learn/town_ws/install/village_interface/local/lib/python3.10/dist-packages:${PYTHONPATH} /usr/bin/cmake --build /home/wuling/hpc/ros2_learn/town_ws/build/village_wang -- -j24 -l24
[0.229s] Invoking command in '/home/wuling/hpc/ros2_learn/town_ws/build/village_wang': AMENT_PREFIX_PATH=/home/wuling/hpc/ros2_learn/town_ws/install/village_interface:${AMENT_PREFIX_PATH} CMAKE_PREFIX_PATH=/home/wuling/hpc/ros2_learn/town_ws/install/village_interface:/opt/ros/humble LD_LIBRARY_PATH=/home/wuling/hpc/ros2_learn/town_ws/install/village_interface/lib:${LD_LIBRARY_PATH} PYTHONPATH=/home/wuling/hpc/ros2_learn/town_ws/install/village_interface/local/lib/python3.10/dist-packages:${PYTHONPATH} /usr/bin/cmake --install /home/wuling/hpc/ros2_learn/town_ws/build/village_wang
[0.234s] -- Install configuration: ""
[0.234s] -- Up-to-date: /home/wuling/hpc/ros2_learn/town_ws/install/village_wang/share/ament_index/resource_index/package_run_dependencies/village_wang
[0.234s] -- Up-to-date: /home/wuling/hpc/ros2_learn/town_ws/install/village_wang/share/ament_index/resource_index/parent_prefix_path/village_wang
[0.235s] -- Up-to-date: /home/wuling/hpc/ros2_learn/town_ws/install/village_wang/share/village_wang/environment/ament_prefix_path.sh
[0.235s] -- Up-to-date: /home/wuling/hpc/ros2_learn/town_ws/install/village_wang/share/village_wang/environment/ament_prefix_path.dsv
[0.235s] -- Up-to-date: /home/wuling/hpc/ros2_learn/town_ws/install/village_wang/share/village_wang/environment/path.sh
[0.235s] -- Up-to-date: /home/wuling/hpc/ros2_learn/town_ws/install/village_wang/share/village_wang/environment/path.dsv
[0.235s] -- Up-to-date: /home/wuling/hpc/ros2_learn/town_ws/install/village_wang/share/village_wang/local_setup.bash
[0.235s] -- Up-to-date: /home/wuling/hpc/ros2_learn/town_ws/install/village_wang/share/village_wang/local_setup.sh
[0.235s] -- Up-to-date: /home/wuling/hpc/ros2_learn/town_ws/install/village_wang/share/village_wang/local_setup.zsh
[0.235s] -- Up-to-date: /home/wuling/hpc/ros2_learn/town_ws/install/village_wang/share/village_wang/local_setup.dsv
[0.235s] -- Installing: /home/wuling/hpc/ros2_learn/town_ws/install/village_wang/share/village_wang/package.dsv
[0.235s] -- Up-to-date: /home/wuling/hpc/ros2_learn/town_ws/install/village_wang/share/ament_index/resource_index/packages/village_wang
[0.235s] -- Up-to-date: /home/wuling/hpc/ros2_learn/town_ws/install/village_wang/share/village_wang/cmake/village_wangConfig.cmake
[0.235s] -- Up-to-date: /home/wuling/hpc/ros2_learn/town_ws/install/village_wang/share/village_wang/cmake/village_wangConfig-version.cmake
[0.235s] -- Up-to-date: /home/wuling/hpc/ros2_learn/town_ws/install/village_wang/share/village_wang/package.xml
[0.235s] -- Up-to-date: /home/wuling/hpc/ros2_learn/town_ws/install/village_wang/lib/village_wang/wang2_node
[0.247s] Invoked command in '/home/wuling/hpc/ros2_learn/town_ws/build/village_wang' returned '0': AMENT_PREFIX_PATH=/home/wuling/hpc/ros2_learn/town_ws/install/village_interface:${AMENT_PREFIX_PATH} CMAKE_PREFIX_PATH=/home/wuling/hpc/ros2_learn/town_ws/install/village_interface:/opt/ros/humble LD_LIBRARY_PATH=/home/wuling/hpc/ros2_learn/town_ws/install/village_interface/lib:${LD_LIBRARY_PATH} PYTHONPATH=/home/wuling/hpc/ros2_learn/town_ws/install/village_interface/local/lib/python3.10/dist-packages:${PYTHONPATH} /usr/bin/cmake --install /home/wuling/hpc/ros2_learn/town_ws/build/village_wang
