[0.424s] Invoking command in '/home/wuling/hpc/ros2_learn/town_ws/src/village_li': AMENT_PREFIX_PATH=/home/wuling/hpc/ros2_learn/town_ws/install/village_interface:${AMENT_PREFIX_PATH} CMAKE_PREFIX_PATH=/home/wuling/hpc/ros2_learn/town_ws/install/village_interface LD_LIBRARY_PATH=/home/wuling/hpc/ros2_learn/town_ws/install/village_interface/lib:${LD_LIBRARY_PATH} PYTHONPATH=/home/wuling/hpc/ros2_learn/town_ws/build/village_li/prefix_override:/home/wuling/hpc/ros2_learn/town_ws/install/village_li/lib/python3.10/site-packages:/home/wuling/hpc/ros2_learn/town_ws/install/village_interface/local/lib/python3.10/dist-packages:${PYTHONPATH} /usr/bin/python3 setup.py egg_info --egg-base ../../build/village_li build --build-base /home/wuling/hpc/ros2_learn/town_ws/build/village_li/build install --record /home/wuling/hpc/ros2_learn/town_ws/build/village_li/install.log --single-version-externally-managed
[0.611s] running egg_info
[0.612s] writing ../../build/village_li/village_li.egg-info/PKG-INFO
[0.612s] writing dependency_links to ../../build/village_li/village_li.egg-info/dependency_links.txt
[0.612s] writing entry points to ../../build/village_li/village_li.egg-info/entry_points.txt
[0.612s] writing requirements to ../../build/village_li/village_li.egg-info/requires.txt
[0.612s] writing top-level names to ../../build/village_li/village_li.egg-info/top_level.txt
[0.613s] reading manifest file '../../build/village_li/village_li.egg-info/SOURCES.txt'
[0.613s] writing manifest file '../../build/village_li/village_li.egg-info/SOURCES.txt'
[0.613s] running build
[0.613s] running build_py
[0.614s] running install
[0.614s] running install_lib
[0.614s] running install_data
[0.615s] copying launch/villiage.launch.py -> /home/wuling/hpc/ros2_learn/town_ws/install/village_li/share/village_li/launch
[0.615s] running install_egg_info
[0.616s] removing '/home/wuling/hpc/ros2_learn/town_ws/install/village_li/lib/python3.10/site-packages/village_li-0.0.0-py3.10.egg-info' (and everything under it)
[0.616s] Copying ../../build/village_li/village_li.egg-info to /home/wuling/hpc/ros2_learn/town_ws/install/village_li/lib/python3.10/site-packages/village_li-0.0.0-py3.10.egg-info
[0.616s] running install_scripts
[0.628s] Installing li3_node script to /home/wuling/hpc/ros2_learn/town_ws/install/village_li/lib/village_li
[0.628s] Installing li4_node script to /home/wuling/hpc/ros2_learn/town_ws/install/village_li/lib/village_li
[0.628s] writing list of installed files to '/home/wuling/hpc/ros2_learn/town_ws/build/village_li/install.log'
[0.644s] Invoked command in '/home/wuling/hpc/ros2_learn/town_ws/src/village_li' returned '0': AMENT_PREFIX_PATH=/home/wuling/hpc/ros2_learn/town_ws/install/village_interface:${AMENT_PREFIX_PATH} CMAKE_PREFIX_PATH=/home/wuling/hpc/ros2_learn/town_ws/install/village_interface LD_LIBRARY_PATH=/home/wuling/hpc/ros2_learn/town_ws/install/village_interface/lib:${LD_LIBRARY_PATH} PYTHONPATH=/home/wuling/hpc/ros2_learn/town_ws/build/village_li/prefix_override:/home/wuling/hpc/ros2_learn/town_ws/install/village_li/lib/python3.10/site-packages:/home/wuling/hpc/ros2_learn/town_ws/install/village_interface/local/lib/python3.10/dist-packages:${PYTHONPATH} /usr/bin/python3 setup.py egg_info --egg-base ../../build/village_li build --build-base /home/wuling/hpc/ros2_learn/town_ws/build/village_li/build install --record /home/wuling/hpc/ros2_learn/town_ws/build/village_li/install.log --single-version-externally-managed
